#
# There is insufficient memory for the Java Runtime Environment to continue.
# Native memory allocation (mmap) failed to map 17825792 bytes. Error detail: G1 virtual space
# Possible reasons:
#   The system is out of physical RAM or swap space
#   This process is running with CompressedOops enabled, and the Java Heap may be blocking the growth of the native heap
# Possible solutions:
#   Reduce memory load on the system
#   Increase physical memory or swap space
#   Check if swap backing store is full
#   Decrease Java heap size (-Xmx/-Xms)
#   Decrease number of Java threads
#   Decrease Java thread stack sizes (-Xss)
#   Set larger code cache with -XX:ReservedCodeCacheSize=
#   JVM is running with Unscaled Compressed Oops mode in which the Java heap is
#     placed in the first 4GB address space. The Java Heap base address is the
#     maximum limit for the native heap growth. Please use -XX:HeapBaseMinAddress
#     to set the Java Heap base and to place the Java Heap above 4GB virtual address.
# This output file may be truncated or incomplete.
#
#  Out of Memory Error (os_windows.cpp:3825), pid=3320, tid=12700
#
# JRE version: OpenJDK Runtime Environment (17.0.11) (build 17.0.11+0--11852314)
# Java VM: OpenJDK 64-Bit Server VM (17.0.11+0--11852314, mixed mode, tiered, compressed oops, compressed class ptrs, g1 gc, windows-amd64)
# No core dump will be written. Minidumps are not enabled by default on client versions of Windows
#

---------------  S U M M A R Y ------------

Command Line: --add-opens=java.base/java.util=ALL-UNNAMED --add-opens=java.base/java.lang=ALL-UNNAMED --add-opens=java.base/java.lang.invoke=ALL-UNNAMED --add-opens=java.prefs/java.util.prefs=ALL-UNNAMED --add-opens=java.base/java.nio.charset=ALL-UNNAMED --add-opens=java.base/java.net=ALL-UNNAMED --add-opens=java.base/java.util.concurrent.atomic=ALL-UNNAMED -Xmx2048m -Dfile.encoding=UTF-8 -Duser.country=US -Duser.language=en -Duser.variant -javaagent:C:\Users\Com\Downloads\gradle-8.10-bin\gradle-8.10\wrapper\dists\gradle-8.7-bin\bhs2wmbdwecv87pi65oeuq5iu\gradle-8.7\lib\agents\gradle-instrumentation-agent-8.7.jar org.gradle.launcher.daemon.bootstrap.GradleDaemon 8.7

Host: Intel(R) Core(TM) i5-4210M CPU @ 2.60GHz, 4 cores, 3G,  Windows 10 , 64 bit Build 19041 (10.0.19041.4842)
Time: Sun Sep 22 23:57:42 2024 Pacific Daylight Time elapsed time: 29.835963 seconds (0d 0h 0m 29s)

---------------  T H R E A D  ---------------

Current thread (0x000001f6b655ab00):  VMThread "VM Thread" [stack: 0x000000a97f100000,0x000000a97f200000] [id=12700]

Stack: [0x000000a97f100000,0x000000a97f200000]
Native frames: (J=compiled Java code, j=interpreted, Vv=VM code, C=native code)
V  [jvm.dll+0x687bb9]
V  [jvm.dll+0x84142a]
V  [jvm.dll+0x8430ae]
V  [jvm.dll+0x843713]
V  [jvm.dll+0x24a35f]
V  [jvm.dll+0x684989]
V  [jvm.dll+0x67923a]
V  [jvm.dll+0x30af0b]
V  [jvm.dll+0x3123b6]
V  [jvm.dll+0x361dfe]
V  [jvm.dll+0x36202f]
V  [jvm.dll+0x2e0d38]
V  [jvm.dll+0x2e3e26]
V  [jvm.dll+0x2ee63a]
V  [jvm.dll+0x323270]
V  [jvm.dll+0x847e0b]
V  [jvm.dll+0x848b42]
V  [jvm.dll+0x84905d]
V  [jvm.dll+0x849434]
V  [jvm.dll+0x849500]
V  [jvm.dll+0x7efa4a]
V  [jvm.dll+0x686a35]
C  [ucrtbase.dll+0x21bb2]
C  [KERNEL32.DLL+0x17374]
C  [ntdll.dll+0x4cc91]

VM_Operation (0x000000a97edff940): G1PauseRemark, mode: safepoint, requested by thread 0x000001f69cffafe0


---------------  P R O C E S S  ---------------

Threads class SMR info:
_java_thread_list=0x000001f6c8890780, length=48, elements={
0x000001f69cf8de40, 0x000001f6b6544fe0, 0x000001f6b655afd0, 0x000001f6b65684d0,
0x000001f6b65a1410, 0x000001f6b65a2480, 0x000001f6b65a34f0, 0x000001f6b67d0080,
0x000001f6b67d3950, 0x000001f6b67d4a00, 0x000001f6b6920030, 0x000001f6b6a985b0,
0x000001f6bb3c2150, 0x000001f6bc5a53c0, 0x000001f6bc4c3a40, 0x000001f6bc857130,
0x000001f6bc8ff360, 0x000001f6bc6d0150, 0x000001f6bca7f420, 0x000001f6bc718090,
0x000001f6bc71a910, 0x000001f6bc718fc0, 0x000001f6bc71ae20, 0x000001f6bc71b330,
0x000001f6bc717b80, 0x000001f6bc7185a0, 0x000001f6bc71a400, 0x000001f6bc7194d0,
0x000001f6bc7199e0, 0x000001f6bc719ef0, 0x000001f6bd221030, 0x000001f6bd222470,
0x000001f6bd221540, 0x000001f6bd222980, 0x000001f6bd225200, 0x000001f6bd222e90,
0x000001f6bd2233a0, 0x000001f6bd226b50, 0x000001f6bd2247e0, 0x000001f6bd226130,
0x000001f6bd225c20, 0x000001f6bb9778e0, 0x000001f6bb97a160, 0x000001f6bb979c50,
0x000001f6bb977df0, 0x000001f6bb97a670, 0x000001f6bb978d20, 0x000001f6bb979740
}

Java Threads: ( => current thread )
  0x000001f69cf8de40 JavaThread "main" [_thread_blocked, id=6480, stack(0x000000a97eb00000,0x000000a97ec00000)]
  0x000001f6b6544fe0 JavaThread "Reference Handler" daemon [_thread_blocked, id=1852, stack(0x000000a97f200000,0x000000a97f300000)]
  0x000001f6b655afd0 JavaThread "Finalizer" daemon [_thread_blocked, id=7772, stack(0x000000a97f300000,0x000000a97f400000)]
  0x000001f6b65684d0 JavaThread "Signal Dispatcher" daemon [_thread_blocked, id=6152, stack(0x000000a97f400000,0x000000a97f500000)]
  0x000001f6b65a1410 JavaThread "Attach Listener" daemon [_thread_blocked, id=9652, stack(0x000000a97f500000,0x000000a97f600000)]
  0x000001f6b65a2480 JavaThread "Service Thread" daemon [_thread_blocked, id=14796, stack(0x000000a97f600000,0x000000a97f700000)]
  0x000001f6b65a34f0 JavaThread "Monitor Deflation Thread" daemon [_thread_blocked, id=10092, stack(0x000000a97f700000,0x000000a97f800000)]
  0x000001f6b67d0080 JavaThread "C2 CompilerThread0" daemon [_thread_blocked, id=15144, stack(0x000000a97f800000,0x000000a97f900000)]
  0x000001f6b67d3950 JavaThread "C1 CompilerThread0" daemon [_thread_blocked, id=3944, stack(0x000000a97f900000,0x000000a97fa00000)]
  0x000001f6b67d4a00 JavaThread "Sweeper thread" daemon [_thread_blocked, id=11636, stack(0x000000a97fa00000,0x000000a97fb00000)]
  0x000001f6b6920030 JavaThread "Common-Cleaner" daemon [_thread_blocked, id=13136, stack(0x000000a97fb00000,0x000000a97fc00000)]
  0x000001f6b6a985b0 JavaThread "Notification Thread" daemon [_thread_blocked, id=12132, stack(0x000000a97fc00000,0x000000a97fd00000)]
  0x000001f6bb3c2150 JavaThread "Daemon health stats" [_thread_blocked, id=7560, stack(0x000000a900100000,0x000000a900200000)]
  0x000001f6bc5a53c0 JavaThread "Incoming local TCP Connector on port 52383" [_thread_in_native, id=7260, stack(0x000000a900200000,0x000000a900300000)]
  0x000001f6bc4c3a40 JavaThread "Daemon periodic checks" [_thread_blocked, id=2972, stack(0x000000a900300000,0x000000a900400000)]
  0x000001f6bc857130 JavaThread "Daemon" [_thread_blocked, id=9572, stack(0x000000a900400000,0x000000a900500000)]
  0x000001f6bc8ff360 JavaThread "Handler for socket connection from /127.0.0.1:52383 to /127.0.0.1:52384" [_thread_in_native, id=1952, stack(0x000000a900500000,0x000000a900600000)]
  0x000001f6bc6d0150 JavaThread "Cancel handler" [_thread_blocked, id=12768, stack(0x000000a900600000,0x000000a900700000)]
  0x000001f6bca7f420 JavaThread "Daemon worker" [_thread_blocked, id=14628, stack(0x000000a900700000,0x000000a900800000)]
  0x000001f6bc718090 JavaThread "Asynchronous log dispatcher for DefaultDaemonConnection: socket connection from /127.0.0.1:52383 to /127.0.0.1:52384" [_thread_blocked, id=7836, stack(0x000000a900800000,0x000000a900900000)]
  0x000001f6bc71a910 JavaThread "Stdin handler" [_thread_blocked, id=10328, stack(0x000000a900900000,0x000000a900a00000)]
  0x000001f6bc718fc0 JavaThread "Daemon client event forwarder" [_thread_blocked, id=8048, stack(0x000000a900a00000,0x000000a900b00000)]
  0x000001f6bc71ae20 JavaThread "Cache worker for journal cache (C:\Users\Com\Downloads\gradle-8.10-bin\gradle-8.10\caches\journal-1)" [_thread_blocked, id=6868, stack(0x000000a900b00000,0x000000a900c00000)]
  0x000001f6bc71b330 JavaThread "File lock request listener" [_thread_in_native, id=13176, stack(0x000000a900c00000,0x000000a900d00000)]
  0x000001f6bc717b80 JavaThread "Cache worker for file hash cache (C:\Users\Com\Downloads\gradle-8.10-bin\gradle-8.10\caches\8.7\fileHashes)" [_thread_blocked, id=4000, stack(0x000000a900d00000,0x000000a900e00000)]
  0x000001f6bc7185a0 JavaThread "Cache worker for file hash cache (D:\DemoApi\.gradle\8.7\fileHashes)" [_thread_blocked, id=8012, stack(0x000000a900e00000,0x000000a900f00000)]
  0x000001f6bc71a400 JavaThread "File watcher server" daemon [_thread_blocked, id=940, stack(0x000000a900f00000,0x000000a901000000)]
  0x000001f6bc7194d0 JavaThread "File watcher consumer" daemon [_thread_blocked, id=9764, stack(0x000000a901000000,0x000000a901100000)]
  0x000001f6bc7199e0 JavaThread "jar transforms" [_thread_blocked, id=8316, stack(0x000000a901100000,0x000000a901200000)]
  0x000001f6bc719ef0 JavaThread "jar transforms Thread 2" [_thread_blocked, id=14880, stack(0x000000a901200000,0x000000a901300000)]
  0x000001f6bd221030 JavaThread "jar transforms Thread 3" [_thread_blocked, id=10824, stack(0x000000a901300000,0x000000a901400000)]
  0x000001f6bd222470 JavaThread "jar transforms Thread 4" [_thread_blocked, id=12664, stack(0x000000a901400000,0x000000a901500000)]
  0x000001f6bd221540 JavaThread "Cache worker for checksums cache (D:\DemoApi\.gradle\8.7\checksums)" [_thread_blocked, id=4488, stack(0x000000a901500000,0x000000a901600000)]
  0x000001f6bd222980 JavaThread "Cache worker for cache directory md-supplier (C:\Users\Com\Downloads\gradle-8.10-bin\gradle-8.10\caches\8.7\md-supplier)" [_thread_blocked, id=9680, stack(0x000000a901600000,0x000000a901700000)]
  0x000001f6bd225200 JavaThread "Cache worker for cache directory md-rule (C:\Users\Com\Downloads\gradle-8.10-bin\gradle-8.10\caches\8.7\md-rule)" [_thread_blocked, id=7356, stack(0x000000a901700000,0x000000a901800000)]
  0x000001f6bd222e90 JavaThread "Cache worker for file content cache (C:\Users\Com\Downloads\gradle-8.10-bin\gradle-8.10\caches\8.7\fileContent)" [_thread_blocked, id=6836, stack(0x000000a901800000,0x000000a901900000)]
  0x000001f6bd2233a0 JavaThread "Unconstrained build operations" [_thread_blocked, id=1668, stack(0x000000a901900000,0x000000a901a00000)]
  0x000001f6bd226b50 JavaThread "Unconstrained build operations Thread 2" [_thread_blocked, id=13896, stack(0x000000a901a00000,0x000000a901b00000)]
  0x000001f6bd2247e0 JavaThread "Unconstrained build operations Thread 3" [_thread_blocked, id=1172, stack(0x000000a901b00000,0x000000a901c00000)]
  0x000001f6bd226130 JavaThread "Unconstrained build operations Thread 4" [_thread_blocked, id=9608, stack(0x000000a901c00000,0x000000a901d00000)]
  0x000001f6bd225c20 JavaThread "Unconstrained build operations Thread 5" [_thread_blocked, id=11676, stack(0x000000a901d00000,0x000000a901e00000)]
  0x000001f6bb9778e0 JavaThread "Cache worker for Build Output Cleanup Cache (D:\DemoApi\.gradle\buildOutputCleanup)" [_thread_blocked, id=8292, stack(0x000000a902100000,0x000000a902200000)]
  0x000001f6bb97a160 JavaThread "Unconstrained build operations Thread 6" [_thread_blocked, id=13072, stack(0x000000a902200000,0x000000a902300000)]
  0x000001f6bb979c50 JavaThread "Unconstrained build operations Thread 7" [_thread_blocked, id=10416, stack(0x000000a902300000,0x000000a902400000)]
  0x000001f6bb977df0 JavaThread "Unconstrained build operations Thread 8" [_thread_blocked, id=6916, stack(0x000000a902400000,0x000000a902500000)]
  0x000001f6bb97a670 JavaThread "Unconstrained build operations Thread 9" [_thread_blocked, id=5848, stack(0x000000a902500000,0x000000a902600000)]
  0x000001f6bb978d20 JavaThread "Unconstrained build operations Thread 10" [_thread_blocked, id=1700, stack(0x000000a902600000,0x000000a902700000)]
  0x000001f6bb979740 JavaThread "Unconstrained build operations Thread 11" [_thread_blocked, id=12676, stack(0x000000a902700000,0x000000a902800000)]

Other Threads:
=>0x000001f6b655ab00 VMThread "VM Thread" [stack: 0x000000a97f100000,0x000000a97f200000] [id=12700]
  0x000001f6b6a994b0 WatcherThread [stack: 0x000000a97fd00000,0x000000a97fe00000] [id=5292]
  0x000001f69cfea180 GCTaskThread "GC Thread#0" [stack: 0x000000a97ec00000,0x000000a97ed00000] [id=3560]
  0x000001f6b6b439e0 GCTaskThread "GC Thread#1" [stack: 0x000000a97fe00000,0x000000a97ff00000] [id=13364]
  0x000001f6bb3d89a0 GCTaskThread "GC Thread#2" [stack: 0x000000a97ff00000,0x000000a980000000] [id=3176]
  0x000001f6bb68f860 GCTaskThread "GC Thread#3" [stack: 0x000000a900000000,0x000000a900100000] [id=1272]
  0x000001f69cffafe0 ConcurrentGCThread "G1 Main Marker" [stack: 0x000000a97ed00000,0x000000a97ee00000] [id=14636]
  0x000001f69cffb910 ConcurrentGCThread "G1 Conc#0" [stack: 0x000000a97ee00000,0x000000a97ef00000] [id=1480]
  0x000001f69d048520 ConcurrentGCThread "G1 Refine#0" [stack: 0x000000a97ef00000,0x000000a97f000000] [id=11568]
  0x000001f6be58c220 ConcurrentGCThread "G1 Refine#1" [stack: 0x000000a901e00000,0x000000a901f00000] [id=1576]
  0x000001f6be58c510 ConcurrentGCThread "G1 Refine#2" [stack: 0x000000a901f00000,0x000000a902000000] [id=8812]
  0x000001f6be58c800 ConcurrentGCThread "G1 Refine#3" [stack: 0x000000a902000000,0x000000a902100000] [id=3068]
  0x000001f69d04a610 ConcurrentGCThread "G1 Service" [stack: 0x000000a97f000000,0x000000a97f100000] [id=7368]

Threads with active compile tasks:
C2 CompilerThread0    29885 10469       4       org.jetbrains.kotlin.com.intellij.openapi.vfs.impl.ZipEntryMap::isTheOne (139 bytes)

VM state: at safepoint (normal execution)

VM Mutex/Monitor currently owned by a thread:  ([mutex/lock_event])
[0x000001f69cf8a980] Threads_lock - owner thread: 0x000001f6b655ab00
[0x000001f69cf896f0] Heap_lock - owner thread: 0x000001f69cffafe0

Heap address: 0x0000000080000000, size: 2048 MB, Compressed Oops mode: 32-bit

CDS archive(s) not mapped
Compressed class space mapped at: 0x0000000100000000-0x0000000140000000, reserved size: 1073741824
Narrow klass base: 0x0000000000000000, Narrow klass shift: 3, Narrow klass range: 0x140000000

GC Precious Log:
 CPUs: 4 total, 4 available
 Memory: 4009M
 Large Page Support: Disabled
 NUMA Support: Disabled
 Compressed Oops: Enabled (32-bit)
 Heap Region Size: 1M
 Heap Min Capacity: 8M
 Heap Initial Capacity: 64M
 Heap Max Capacity: 2G
 Pre-touch: Disabled
 Parallel Workers: 4
 Concurrent Workers: 1
 Concurrent Refinement Workers: 4
 Periodic GC: Disabled

Heap:
 garbage-first heap   total 206848K, used 132365K [0x0000000080000000, 0x0000000100000000)
  region size 1024K, 16 young (16384K), 1 survivors (1024K)
 Metaspace       used 122266K, committed 123072K, reserved 1179648K
  class space    used 15951K, committed 16320K, reserved 1048576K

Heap Regions: E=young(eden), S=young(survivor), O=old, HS=humongous(starts), HC=humongous(continues), CS=collection set, F=free, OA=open archive, CA=closed archive, TAMS=top-at-mark-start (previous, next)
|   0|0x0000000080000000, 0x0000000080100000, 0x0000000080100000|100%|HS|  |TAMS 0x0000000080100000, 0x0000000080000000| Complete 
|   1|0x0000000080100000, 0x0000000080200000, 0x0000000080200000|100%|HC|  |TAMS 0x0000000080200000, 0x0000000080100000| Complete 
|   2|0x0000000080200000, 0x0000000080300000, 0x0000000080300000|100%|HC|  |TAMS 0x0000000080300000, 0x0000000080200000| Complete 
|   3|0x0000000080300000, 0x0000000080400000, 0x0000000080400000|100%|HC|  |TAMS 0x0000000080400000, 0x0000000080300000| Complete 
|   4|0x0000000080400000, 0x0000000080500000, 0x0000000080500000|100%| O|  |TAMS 0x0000000080500000, 0x0000000080400000| Untracked 
|   5|0x0000000080500000, 0x0000000080600000, 0x0000000080600000|100%| O|  |TAMS 0x0000000080600000, 0x0000000080500000| Updating 
|   6|0x0000000080600000, 0x0000000080700000, 0x0000000080700000|100%| O|  |TAMS 0x0000000080700000, 0x0000000080600000| Untracked 
|   7|0x0000000080700000, 0x0000000080800000, 0x0000000080800000|100%| O|  |TAMS 0x0000000080800000, 0x0000000080700000| Untracked 
|   8|0x0000000080800000, 0x0000000080900000, 0x0000000080900000|100%| O|  |TAMS 0x0000000080900000, 0x0000000080800000| Untracked 
|   9|0x0000000080900000, 0x0000000080a00000, 0x0000000080a00000|100%| O|  |TAMS 0x0000000080a00000, 0x0000000080900000| Untracked 
|  10|0x0000000080a00000, 0x0000000080b00000, 0x0000000080b00000|100%| O|  |TAMS 0x0000000080b00000, 0x0000000080a00000| Updating 
|  11|0x0000000080b00000, 0x0000000080c00000, 0x0000000080c00000|100%|HS|  |TAMS 0x0000000080b00000, 0x0000000080b00000| Complete 
|  12|0x0000000080c00000, 0x0000000080d00000, 0x0000000080d00000|100%| O|  |TAMS 0x0000000080d00000, 0x0000000080c00000| Untracked 
|  13|0x0000000080d00000, 0x0000000080e00000, 0x0000000080e00000|100%| O|  |TAMS 0x0000000080e00000, 0x0000000080d00000| Untracked 
|  14|0x0000000080e00000, 0x0000000080f00000, 0x0000000080f00000|100%| O|  |TAMS 0x0000000080f00000, 0x0000000080e00000| Untracked 
|  15|0x0000000080f00000, 0x0000000081000000, 0x0000000081000000|100%| O|  |TAMS 0x0000000081000000, 0x0000000080f00000| Untracked 
|  16|0x0000000081000000, 0x0000000081100000, 0x0000000081100000|100%| O|  |TAMS 0x0000000081100000, 0x0000000081000000| Untracked 
|  17|0x0000000081100000, 0x0000000081200000, 0x0000000081200000|100%| O|  |TAMS 0x0000000081200000, 0x0000000081100000| Updating 
|  18|0x0000000081200000, 0x0000000081300000, 0x0000000081300000|100%| O|  |TAMS 0x0000000081300000, 0x0000000081200000| Updating 
|  19|0x0000000081300000, 0x0000000081400000, 0x0000000081400000|100%|HS|  |TAMS 0x0000000081400000, 0x0000000081300000| Complete 
|  20|0x0000000081400000, 0x0000000081500000, 0x0000000081500000|100%|HC|  |TAMS 0x0000000081500000, 0x0000000081400000| Complete 
|  21|0x0000000081500000, 0x0000000081600000, 0x0000000081600000|100%|HC|  |TAMS 0x0000000081600000, 0x0000000081500000| Complete 
|  22|0x0000000081600000, 0x0000000081700000, 0x0000000081700000|100%|HC|  |TAMS 0x0000000081700000, 0x0000000081600000| Complete 
|  23|0x0000000081700000, 0x0000000081800000, 0x0000000081800000|100%|HC|  |TAMS 0x0000000081800000, 0x0000000081700000| Complete 
|  24|0x0000000081800000, 0x0000000081900000, 0x0000000081900000|100%|HS|  |TAMS 0x0000000081900000, 0x0000000081800000| Complete 
|  25|0x0000000081900000, 0x0000000081a00000, 0x0000000081a00000|100%|HC|  |TAMS 0x0000000081a00000, 0x0000000081900000| Complete 
|  26|0x0000000081a00000, 0x0000000081b00000, 0x0000000081b00000|100%|HC|  |TAMS 0x0000000081b00000, 0x0000000081a00000| Complete 
|  27|0x0000000081b00000, 0x0000000081c00000, 0x0000000081c00000|100%| O|  |TAMS 0x0000000081c00000, 0x0000000081b00000| Untracked 
|  28|0x0000000081c00000, 0x0000000081d00000, 0x0000000081d00000|100%| O|  |TAMS 0x0000000081d00000, 0x0000000081c00000| Untracked 
|  29|0x0000000081d00000, 0x0000000081e00000, 0x0000000081e00000|100%| O|  |TAMS 0x0000000081e00000, 0x0000000081d00000| Updating 
|  30|0x0000000081e00000, 0x0000000081f00000, 0x0000000081f00000|100%| O|  |TAMS 0x0000000081f00000, 0x0000000081e00000| Updating 
|  31|0x0000000081f00000, 0x0000000082000000, 0x0000000082000000|100%| O|  |TAMS 0x0000000082000000, 0x0000000081f00000| Updating 
|  32|0x0000000082000000, 0x0000000082100000, 0x0000000082100000|100%|HS|  |TAMS 0x0000000082100000, 0x0000000082000000| Complete 
|  33|0x0000000082100000, 0x0000000082200000, 0x0000000082200000|100%|HC|  |TAMS 0x0000000082200000, 0x0000000082100000| Complete 
|  34|0x0000000082200000, 0x0000000082300000, 0x0000000082300000|100%|HC|  |TAMS 0x0000000082300000, 0x0000000082200000| Complete 
|  35|0x0000000082300000, 0x0000000082400000, 0x0000000082400000|100%| O|  |TAMS 0x0000000082400000, 0x0000000082300000| Untracked 
|  36|0x0000000082400000, 0x0000000082500000, 0x0000000082500000|100%| O|  |TAMS 0x0000000082500000, 0x0000000082400000| Untracked 
|  37|0x0000000082500000, 0x0000000082600000, 0x0000000082600000|100%|HS|  |TAMS 0x0000000082600000, 0x0000000082500000| Complete 
|  38|0x0000000082600000, 0x0000000082700000, 0x0000000082700000|100%| O|  |TAMS 0x0000000082700000, 0x0000000082600000| Untracked 
|  39|0x0000000082700000, 0x0000000082800000, 0x0000000082800000|100%| O|  |TAMS 0x0000000082800000, 0x0000000082700000| Untracked 
|  40|0x0000000082800000, 0x0000000082900000, 0x0000000082900000|100%| O|  |TAMS 0x0000000082900000, 0x0000000082800000| Untracked 
|  41|0x0000000082900000, 0x0000000082a00000, 0x0000000082a00000|100%| O|  |TAMS 0x0000000082a00000, 0x0000000082900000| Untracked 
|  42|0x0000000082a00000, 0x0000000082b00000, 0x0000000082b00000|100%| O|  |TAMS 0x0000000082b00000, 0x0000000082a00000| Untracked 
|  43|0x0000000082b00000, 0x0000000082c00000, 0x0000000082c00000|100%| O|  |TAMS 0x0000000082c00000, 0x0000000082b00000| Untracked 
|  44|0x0000000082c00000, 0x0000000082d00000, 0x0000000082d00000|100%| O|  |TAMS 0x0000000082d00000, 0x0000000082c00000| Untracked 
|  45|0x0000000082d00000, 0x0000000082e00000, 0x0000000082e00000|100%| O|  |TAMS 0x0000000082e00000, 0x0000000082d00000| Updating 
|  46|0x0000000082e00000, 0x0000000082f00000, 0x0000000082f00000|100%| O|  |TAMS 0x0000000082f00000, 0x0000000082e00000| Updating 
|  47|0x0000000082f00000, 0x0000000083000000, 0x0000000083000000|100%|HS|  |TAMS 0x0000000083000000, 0x0000000082f00000| Complete 
|  48|0x0000000083000000, 0x0000000083100000, 0x0000000083100000|100%|HC|  |TAMS 0x0000000083100000, 0x0000000083000000| Complete 
|  49|0x0000000083100000, 0x0000000083200000, 0x0000000083200000|100%|HC|  |TAMS 0x0000000083200000, 0x0000000083100000| Complete 
|  50|0x0000000083200000, 0x0000000083300000, 0x0000000083300000|100%|HS|  |TAMS 0x0000000083300000, 0x0000000083200000| Complete 
|  51|0x0000000083300000, 0x0000000083400000, 0x0000000083400000|100%|HC|  |TAMS 0x0000000083400000, 0x0000000083300000| Complete 
|  52|0x0000000083400000, 0x0000000083500000, 0x0000000083500000|100%|HC|  |TAMS 0x0000000083500000, 0x0000000083400000| Complete 
|  53|0x0000000083500000, 0x0000000083600000, 0x0000000083600000|100%|HC|  |TAMS 0x0000000083600000, 0x0000000083500000| Complete 
|  54|0x0000000083600000, 0x0000000083700000, 0x0000000083700000|100%|HC|  |TAMS 0x0000000083700000, 0x0000000083600000| Complete 
|  55|0x0000000083700000, 0x0000000083800000, 0x0000000083800000|100%| O|  |TAMS 0x0000000083800000, 0x0000000083700000| Updating 
|  56|0x0000000083800000, 0x0000000083900000, 0x0000000083900000|100%| O|  |TAMS 0x0000000083900000, 0x0000000083800000| Updating 
|  57|0x0000000083900000, 0x0000000083a00000, 0x0000000083a00000|100%| O|  |TAMS 0x0000000083a00000, 0x0000000083900000| Updating 
|  58|0x0000000083a00000, 0x0000000083b00000, 0x0000000083b00000|100%|HS|  |TAMS 0x0000000083b00000, 0x0000000083a00000| Complete 
|  59|0x0000000083b00000, 0x0000000083c00000, 0x0000000083c00000|100%|HC|  |TAMS 0x0000000083c00000, 0x0000000083b00000| Complete 
|  60|0x0000000083c00000, 0x0000000083d00000, 0x0000000083d00000|100%|HC|  |TAMS 0x0000000083d00000, 0x0000000083c00000| Complete 
|  61|0x0000000083d00000, 0x0000000083e00000, 0x0000000083e00000|100%|HC|  |TAMS 0x0000000083e00000, 0x0000000083d00000| Complete 
|  62|0x0000000083e00000, 0x0000000083f00000, 0x0000000083f00000|100%|HC|  |TAMS 0x0000000083f00000, 0x0000000083e00000| Complete 
|  63|0x0000000083f00000, 0x0000000084000000, 0x0000000084000000|100%| O|  |TAMS 0x0000000084000000, 0x0000000083f00000| Untracked 
|  64|0x0000000084000000, 0x0000000084100000, 0x0000000084100000|100%| O|  |TAMS 0x0000000084100000, 0x0000000084000000| Updating 
|  65|0x0000000084100000, 0x0000000084200000, 0x0000000084200000|100%| O|  |TAMS 0x0000000084200000, 0x0000000084100000| Untracked 
|  66|0x0000000084200000, 0x0000000084300000, 0x0000000084300000|100%| O|  |TAMS 0x0000000084300000, 0x0000000084200000| Untracked 
|  67|0x0000000084300000, 0x0000000084400000, 0x0000000084400000|100%| O|  |TAMS 0x0000000084400000, 0x0000000084300000| Untracked 
|  68|0x0000000084400000, 0x0000000084500000, 0x0000000084500000|100%| O|  |TAMS 0x0000000084500000, 0x0000000084400000| Updating 
|  69|0x0000000084500000, 0x0000000084600000, 0x0000000084600000|100%| O|  |TAMS 0x0000000084600000, 0x0000000084500000| Untracked 
|  70|0x0000000084600000, 0x0000000084700000, 0x0000000084700000|100%| O|  |TAMS 0x0000000084700000, 0x0000000084600000| Untracked 
|  71|0x0000000084700000, 0x0000000084800000, 0x0000000084800000|100%| O|  |TAMS 0x0000000084800000, 0x0000000084700000| Untracked 
|  72|0x0000000084800000, 0x0000000084900000, 0x0000000084900000|100%| O|  |TAMS 0x0000000084900000, 0x0000000084800000| Untracked 
|  73|0x0000000084900000, 0x0000000084a00000, 0x0000000084a00000|100%| O|  |TAMS 0x0000000084a00000, 0x0000000084900000| Untracked 
|  74|0x0000000084a00000, 0x0000000084b00000, 0x0000000084b00000|100%| O|  |TAMS 0x0000000084b00000, 0x0000000084a00000| Updating 
|  75|0x0000000084b00000, 0x0000000084c00000, 0x0000000084c00000|100%|HS|  |TAMS 0x0000000084c00000, 0x0000000084b00000| Complete 
|  76|0x0000000084c00000, 0x0000000084d00000, 0x0000000084d00000|100%| O|  |TAMS 0x0000000084d00000, 0x0000000084c00000| Untracked 
|  77|0x0000000084d00000, 0x0000000084e00000, 0x0000000084e00000|100%| O|  |TAMS 0x0000000084e00000, 0x0000000084d00000| Untracked 
|  78|0x0000000084e00000, 0x0000000084f00000, 0x0000000084f00000|100%| O|  |TAMS 0x0000000084f00000, 0x0000000084e00000| Untracked 
|  79|0x0000000084f00000, 0x0000000085000000, 0x0000000085000000|100%| O|  |TAMS 0x0000000085000000, 0x0000000084f00000| Untracked 
|  80|0x0000000085000000, 0x0000000085100000, 0x0000000085100000|100%| O|  |TAMS 0x0000000085100000, 0x0000000085000000| Untracked 
|  81|0x0000000085100000, 0x0000000085200000, 0x0000000085200000|100%|HS|  |TAMS 0x0000000085200000, 0x0000000085100000| Complete 
|  82|0x0000000085200000, 0x0000000085300000, 0x0000000085300000|100%|HC|  |TAMS 0x0000000085300000, 0x0000000085200000| Complete 
|  83|0x0000000085300000, 0x0000000085400000, 0x0000000085400000|100%|HC|  |TAMS 0x0000000085400000, 0x0000000085300000| Complete 
|  84|0x0000000085400000, 0x0000000085500000, 0x0000000085500000|100%|HC|  |TAMS 0x0000000085500000, 0x0000000085400000| Complete 
|  85|0x0000000085500000, 0x0000000085600000, 0x0000000085600000|100%|HC|  |TAMS 0x0000000085600000, 0x0000000085500000| Complete 
|  86|0x0000000085600000, 0x0000000085700000, 0x0000000085700000|100%|HC|  |TAMS 0x0000000085700000, 0x0000000085600000| Complete 
|  87|0x0000000085700000, 0x0000000085800000, 0x0000000085800000|100%| O|  |TAMS 0x0000000085800000, 0x0000000085700000| Updating 
|  88|0x0000000085800000, 0x0000000085900000, 0x0000000085900000|100%| O|  |TAMS 0x0000000085900000, 0x0000000085800000| Updating 
|  89|0x0000000085900000, 0x0000000085a00000, 0x0000000085a00000|100%| O|  |TAMS 0x0000000085a00000, 0x0000000085900000| Updating 
|  90|0x0000000085a00000, 0x0000000085b00000, 0x0000000085b00000|100%| O|  |TAMS 0x0000000085b00000, 0x0000000085a00000| Updating 
|  91|0x0000000085b00000, 0x0000000085c00000, 0x0000000085c00000|100%| O|  |TAMS 0x0000000085c00000, 0x0000000085b00000| Untracked 
|  92|0x0000000085c00000, 0x0000000085d00000, 0x0000000085d00000|100%| O|  |TAMS 0x0000000085d00000, 0x0000000085c00000| Updating 
|  93|0x0000000085d00000, 0x0000000085e00000, 0x0000000085e00000|100%| O|  |TAMS 0x0000000085e00000, 0x0000000085d00000| Updating 
|  94|0x0000000085e00000, 0x0000000085f00000, 0x0000000085f00000|100%| O|  |TAMS 0x0000000085f00000, 0x0000000085e00000| Updating 
|  95|0x0000000085f00000, 0x0000000086000000, 0x0000000086000000|100%| O|  |TAMS 0x0000000086000000, 0x0000000085f00000| Updating 
|  96|0x0000000086000000, 0x0000000086100000, 0x0000000086100000|100%| O|  |TAMS 0x0000000086100000, 0x0000000086000000| Updating 
|  97|0x0000000086100000, 0x0000000086200000, 0x0000000086200000|100%| O|  |TAMS 0x0000000086200000, 0x0000000086100000| Updating 
|  98|0x0000000086200000, 0x0000000086300000, 0x0000000086300000|100%| O|  |TAMS 0x0000000086300000, 0x0000000086200000| Updating 
|  99|0x0000000086300000, 0x0000000086400000, 0x0000000086400000|100%| O|  |TAMS 0x0000000086400000, 0x0000000086300000| Updating 
| 100|0x0000000086400000, 0x0000000086500000, 0x0000000086500000|100%| O|  |TAMS 0x0000000086500000, 0x0000000086400000| Updating 
| 101|0x0000000086500000, 0x0000000086600000, 0x0000000086600000|100%| O|  |TAMS 0x0000000086600000, 0x0000000086500000| Updating 
| 102|0x0000000086600000, 0x0000000086700000, 0x0000000086700000|100%| O|  |TAMS 0x0000000086700000, 0x0000000086600000| Updating 
| 103|0x0000000086700000, 0x0000000086800000, 0x0000000086800000|100%| O|  |TAMS 0x0000000086800000, 0x0000000086700000| Updating 
| 104|0x0000000086800000, 0x0000000086900000, 0x0000000086900000|100%| O|  |TAMS 0x0000000086900000, 0x0000000086800000| Untracked 
| 105|0x0000000086900000, 0x0000000086a00000, 0x0000000086a00000|100%| O|  |TAMS 0x0000000086a00000, 0x0000000086900000| Untracked 
| 106|0x0000000086a00000, 0x0000000086b00000, 0x0000000086b00000|100%| O|  |TAMS 0x0000000086b00000, 0x0000000086a00000| Untracked 
| 107|0x0000000086b00000, 0x0000000086c00000, 0x0000000086c00000|100%| O|  |TAMS 0x0000000086c00000, 0x0000000086b00000| Untracked 
| 108|0x0000000086c00000, 0x0000000086d00000, 0x0000000086d00000|100%| O|  |TAMS 0x0000000086d00000, 0x0000000086c00000| Untracked 
| 109|0x0000000086d00000, 0x0000000086e00000, 0x0000000086e00000|100%| O|  |TAMS 0x0000000086e00000, 0x0000000086d00000| Untracked 
| 110|0x0000000086e00000, 0x0000000086f00000, 0x0000000086f00000|100%| O|  |TAMS 0x0000000086f00000, 0x0000000086e00000| Untracked 
| 111|0x0000000086f00000, 0x0000000087000000, 0x0000000087000000|100%| O|  |TAMS 0x0000000087000000, 0x0000000086f00000| Untracked 
| 112|0x0000000087000000, 0x0000000087100000, 0x0000000087100000|100%| O|  |TAMS 0x0000000087100000, 0x0000000087000000| Untracked 
| 113|0x0000000087100000, 0x00000000871bee00, 0x0000000087200000| 74%| O|  |TAMS 0x00000000871bee00, 0x0000000087100000| Updating 
| 114|0x0000000087200000, 0x0000000087300000, 0x0000000087300000|100%|HS|  |TAMS 0x0000000087200000, 0x0000000087200000| Complete 
| 115|0x0000000087300000, 0x0000000087300000, 0x0000000087400000|  0%| F|  |TAMS 0x0000000087300000, 0x0000000087300000| Untracked 
| 116|0x0000000087400000, 0x0000000087400000, 0x0000000087500000|  0%| F|  |TAMS 0x0000000087400000, 0x0000000087400000| Untracked 
| 117|0x0000000087500000, 0x0000000087500000, 0x0000000087600000|  0%| F|  |TAMS 0x0000000087500000, 0x0000000087500000| Untracked 
| 118|0x0000000087600000, 0x0000000087600000, 0x0000000087700000|  0%| F|  |TAMS 0x0000000087600000, 0x0000000087600000| Untracked 
| 119|0x0000000087700000, 0x0000000087700000, 0x0000000087800000|  0%| F|  |TAMS 0x0000000087700000, 0x0000000087700000| Untracked 
| 120|0x0000000087800000, 0x0000000087800000, 0x0000000087900000|  0%| F|  |TAMS 0x0000000087800000, 0x0000000087800000| Untracked 
| 121|0x0000000087900000, 0x0000000087900000, 0x0000000087a00000|  0%| F|  |TAMS 0x0000000087900000, 0x0000000087900000| Untracked 
| 122|0x0000000087a00000, 0x0000000087a00000, 0x0000000087b00000|  0%| F|  |TAMS 0x0000000087a00000, 0x0000000087a00000| Untracked 
| 123|0x0000000087b00000, 0x0000000087b00000, 0x0000000087c00000|  0%| F|  |TAMS 0x0000000087b00000, 0x0000000087b00000| Untracked 
| 124|0x0000000087c00000, 0x0000000087c00000, 0x0000000087d00000|  0%| F|  |TAMS 0x0000000087c00000, 0x0000000087c00000| Untracked 
| 125|0x0000000087d00000, 0x0000000087d00000, 0x0000000087e00000|  0%| F|  |TAMS 0x0000000087d00000, 0x0000000087d00000| Untracked 
| 126|0x0000000087e00000, 0x0000000087e00000, 0x0000000087f00000|  0%| F|  |TAMS 0x0000000087e00000, 0x0000000087e00000| Untracked 
| 127|0x0000000087f00000, 0x0000000087f00000, 0x0000000088000000|  0%| F|  |TAMS 0x0000000087f00000, 0x0000000087f00000| Untracked 
| 128|0x0000000088000000, 0x0000000088000000, 0x0000000088100000|  0%| F|  |TAMS 0x0000000088000000, 0x0000000088000000| Untracked 
| 129|0x0000000088100000, 0x0000000088100000, 0x0000000088200000|  0%| F|  |TAMS 0x0000000088100000, 0x0000000088100000| Untracked 
| 130|0x0000000088200000, 0x0000000088200000, 0x0000000088300000|  0%| F|  |TAMS 0x0000000088200000, 0x0000000088200000| Untracked 
| 131|0x0000000088300000, 0x0000000088300000, 0x0000000088400000|  0%| F|  |TAMS 0x0000000088300000, 0x0000000088300000| Untracked 
| 132|0x0000000088400000, 0x0000000088400000, 0x0000000088500000|  0%| F|  |TAMS 0x0000000088400000, 0x0000000088400000| Untracked 
| 133|0x0000000088500000, 0x0000000088500000, 0x0000000088600000|  0%| F|  |TAMS 0x0000000088500000, 0x0000000088500000| Untracked 
| 134|0x0000000088600000, 0x0000000088600000, 0x0000000088700000|  0%| F|  |TAMS 0x0000000088600000, 0x0000000088600000| Untracked 
| 135|0x0000000088700000, 0x0000000088700000, 0x0000000088800000|  0%| F|  |TAMS 0x0000000088700000, 0x0000000088700000| Untracked 
| 136|0x0000000088800000, 0x0000000088800000, 0x0000000088900000|  0%| F|  |TAMS 0x0000000088800000, 0x0000000088800000| Untracked 
| 137|0x0000000088900000, 0x0000000088900000, 0x0000000088a00000|  0%| F|  |TAMS 0x0000000088900000, 0x0000000088900000| Untracked 
| 138|0x0000000088a00000, 0x0000000088a00000, 0x0000000088b00000|  0%| F|  |TAMS 0x0000000088a00000, 0x0000000088a00000| Untracked 
| 139|0x0000000088b00000, 0x0000000088b00000, 0x0000000088c00000|  0%| F|  |TAMS 0x0000000088b00000, 0x0000000088b00000| Untracked 
| 140|0x0000000088c00000, 0x0000000088c00000, 0x0000000088d00000|  0%| F|  |TAMS 0x0000000088c00000, 0x0000000088c00000| Untracked 
| 141|0x0000000088d00000, 0x0000000088d00000, 0x0000000088e00000|  0%| F|  |TAMS 0x0000000088d00000, 0x0000000088d00000| Untracked 
| 142|0x0000000088e00000, 0x0000000088e00000, 0x0000000088f00000|  0%| F|  |TAMS 0x0000000088e00000, 0x0000000088e00000| Untracked 
| 143|0x0000000088f00000, 0x0000000088f00000, 0x0000000089000000|  0%| F|  |TAMS 0x0000000088f00000, 0x0000000088f00000| Untracked 
| 144|0x0000000089000000, 0x0000000089000000, 0x0000000089100000|  0%| F|  |TAMS 0x0000000089000000, 0x0000000089000000| Untracked 
| 145|0x0000000089100000, 0x0000000089100000, 0x0000000089200000|  0%| F|  |TAMS 0x0000000089100000, 0x0000000089100000| Untracked 
| 146|0x0000000089200000, 0x0000000089200000, 0x0000000089300000|  0%| F|  |TAMS 0x0000000089200000, 0x0000000089200000| Untracked 
| 147|0x0000000089300000, 0x0000000089300000, 0x0000000089400000|  0%| F|  |TAMS 0x0000000089300000, 0x0000000089300000| Untracked 
| 148|0x0000000089400000, 0x0000000089400000, 0x0000000089500000|  0%| F|  |TAMS 0x0000000089400000, 0x0000000089400000| Untracked 
| 149|0x0000000089500000, 0x0000000089500000, 0x0000000089600000|  0%| F|  |TAMS 0x0000000089500000, 0x0000000089500000| Untracked 
| 150|0x0000000089600000, 0x0000000089600000, 0x0000000089700000|  0%| F|  |TAMS 0x0000000089600000, 0x0000000089600000| Untracked 
| 151|0x0000000089700000, 0x0000000089700000, 0x0000000089800000|  0%| F|  |TAMS 0x0000000089700000, 0x0000000089700000| Untracked 
| 152|0x0000000089800000, 0x0000000089800000, 0x0000000089900000|  0%| F|  |TAMS 0x0000000089800000, 0x0000000089800000| Untracked 
| 153|0x0000000089900000, 0x0000000089900000, 0x0000000089a00000|  0%| F|  |TAMS 0x0000000089900000, 0x0000000089900000| Untracked 
| 154|0x0000000089a00000, 0x0000000089a00000, 0x0000000089b00000|  0%| F|  |TAMS 0x0000000089a00000, 0x0000000089a00000| Untracked 
| 155|0x0000000089b00000, 0x0000000089b00000, 0x0000000089c00000|  0%| F|  |TAMS 0x0000000089b00000, 0x0000000089b00000| Untracked 
| 156|0x0000000089c00000, 0x0000000089c00000, 0x0000000089d00000|  0%| F|  |TAMS 0x0000000089c00000, 0x0000000089c00000| Untracked 
| 157|0x0000000089d00000, 0x0000000089d00000, 0x0000000089e00000|  0%| F|  |TAMS 0x0000000089d00000, 0x0000000089d00000| Untracked 
| 158|0x0000000089e00000, 0x0000000089e00000, 0x0000000089f00000|  0%| F|  |TAMS 0x0000000089e00000, 0x0000000089e00000| Untracked 
| 159|0x0000000089f00000, 0x0000000089f00000, 0x000000008a000000|  0%| F|  |TAMS 0x0000000089f00000, 0x0000000089f00000| Untracked 
| 160|0x000000008a000000, 0x000000008a000000, 0x000000008a100000|  0%| F|  |TAMS 0x000000008a000000, 0x000000008a000000| Untracked 
| 161|0x000000008a100000, 0x000000008a100000, 0x000000008a200000|  0%| F|  |TAMS 0x000000008a100000, 0x000000008a100000| Untracked 
| 162|0x000000008a200000, 0x000000008a200000, 0x000000008a300000|  0%| F|  |TAMS 0x000000008a200000, 0x000000008a200000| Untracked 
| 163|0x000000008a300000, 0x000000008a300000, 0x000000008a400000|  0%| F|  |TAMS 0x000000008a300000, 0x000000008a300000| Untracked 
| 164|0x000000008a400000, 0x000000008a400000, 0x000000008a500000|  0%| F|  |TAMS 0x000000008a400000, 0x000000008a400000| Untracked 
| 165|0x000000008a500000, 0x000000008a500000, 0x000000008a600000|  0%| F|  |TAMS 0x000000008a500000, 0x000000008a500000| Untracked 
| 166|0x000000008a600000, 0x000000008a600000, 0x000000008a700000|  0%| F|  |TAMS 0x000000008a600000, 0x000000008a600000| Untracked 
| 167|0x000000008a700000, 0x000000008a700000, 0x000000008a800000|  0%| F|  |TAMS 0x000000008a700000, 0x000000008a700000| Untracked 
| 168|0x000000008a800000, 0x000000008a800000, 0x000000008a900000|  0%| F|  |TAMS 0x000000008a800000, 0x000000008a800000| Untracked 
| 169|0x000000008a900000, 0x000000008a900000, 0x000000008aa00000|  0%| F|  |TAMS 0x000000008a900000, 0x000000008a900000| Untracked 
| 170|0x000000008aa00000, 0x000000008aa00000, 0x000000008ab00000|  0%| F|  |TAMS 0x000000008aa00000, 0x000000008aa00000| Untracked 
| 171|0x000000008ab00000, 0x000000008ab00000, 0x000000008ac00000|  0%| F|  |TAMS 0x000000008ab00000, 0x000000008ab00000| Untracked 
| 172|0x000000008ac00000, 0x000000008ac00000, 0x000000008ad00000|  0%| F|  |TAMS 0x000000008ac00000, 0x000000008ac00000| Untracked 
| 173|0x000000008ad00000, 0x000000008ad00000, 0x000000008ae00000|  0%| F|  |TAMS 0x000000008ad00000, 0x000000008ad00000| Untracked 
| 174|0x000000008ae00000, 0x000000008ae00000, 0x000000008af00000|  0%| F|  |TAMS 0x000000008ae00000, 0x000000008ae00000| Untracked 
| 175|0x000000008af00000, 0x000000008af00000, 0x000000008b000000|  0%| F|  |TAMS 0x000000008af00000, 0x000000008af00000| Untracked 
| 176|0x000000008b000000, 0x000000008b000000, 0x000000008b100000|  0%| F|  |TAMS 0x000000008b000000, 0x000000008b000000| Untracked 
| 177|0x000000008b100000, 0x000000008b100000, 0x000000008b200000|  0%| F|  |TAMS 0x000000008b100000, 0x000000008b100000| Untracked 
| 178|0x000000008b200000, 0x000000008b200000, 0x000000008b300000|  0%| F|  |TAMS 0x000000008b200000, 0x000000008b200000| Untracked 
| 179|0x000000008b300000, 0x000000008b300000, 0x000000008b400000|  0%| F|  |TAMS 0x000000008b300000, 0x000000008b300000| Untracked 
| 180|0x000000008b400000, 0x000000008b400000, 0x000000008b500000|  0%| F|  |TAMS 0x000000008b400000, 0x000000008b400000| Untracked 
| 181|0x000000008b500000, 0x000000008b500000, 0x000000008b600000|  0%| F|  |TAMS 0x000000008b500000, 0x000000008b500000| Untracked 
| 182|0x000000008b600000, 0x000000008b600000, 0x000000008b700000|  0%| F|  |TAMS 0x000000008b600000, 0x000000008b600000| Untracked 
| 183|0x000000008b700000, 0x000000008b700000, 0x000000008b800000|  0%| F|  |TAMS 0x000000008b700000, 0x000000008b700000| Untracked 
| 184|0x000000008b800000, 0x000000008b800000, 0x000000008b900000|  0%| F|  |TAMS 0x000000008b800000, 0x000000008b800000| Untracked 
| 185|0x000000008b900000, 0x000000008b900000, 0x000000008ba00000|  0%| F|  |TAMS 0x000000008b900000, 0x000000008b900000| Untracked 
| 186|0x000000008ba00000, 0x000000008ba80800, 0x000000008bb00000| 50%| E|  |TAMS 0x000000008ba00000, 0x000000008ba00000| Complete 
| 187|0x000000008bb00000, 0x000000008bc00000, 0x000000008bc00000|100%| E|CS|TAMS 0x000000008bb00000, 0x000000008bb00000| Complete 
| 188|0x000000008bc00000, 0x000000008bd00000, 0x000000008bd00000|100%| E|CS|TAMS 0x000000008bc00000, 0x000000008bc00000| Complete 
| 189|0x000000008bd00000, 0x000000008be00000, 0x000000008be00000|100%| E|CS|TAMS 0x000000008bd00000, 0x000000008bd00000| Complete 
| 190|0x000000008be00000, 0x000000008bf00000, 0x000000008bf00000|100%| E|CS|TAMS 0x000000008be00000, 0x000000008be00000| Complete 
| 191|0x000000008bf00000, 0x000000008c000000, 0x000000008c000000|100%| E|CS|TAMS 0x000000008bf00000, 0x000000008bf00000| Complete 
| 192|0x000000008c000000, 0x000000008c100000, 0x000000008c100000|100%| E|CS|TAMS 0x000000008c000000, 0x000000008c000000| Complete 
| 193|0x000000008c100000, 0x000000008c184648, 0x000000008c200000| 51%| S|CS|TAMS 0x000000008c100000, 0x000000008c100000| Complete 
| 194|0x000000008c200000, 0x000000008c300000, 0x000000008c300000|100%| E|CS|TAMS 0x000000008c200000, 0x000000008c200000| Complete 
| 195|0x000000008c300000, 0x000000008c400000, 0x000000008c400000|100%| E|CS|TAMS 0x000000008c300000, 0x000000008c300000| Complete 
| 196|0x000000008c400000, 0x000000008c500000, 0x000000008c500000|100%| E|CS|TAMS 0x000000008c400000, 0x000000008c400000| Complete 
| 197|0x000000008c500000, 0x000000008c600000, 0x000000008c600000|100%| E|CS|TAMS 0x000000008c500000, 0x000000008c500000| Complete 
| 198|0x000000008c600000, 0x000000008c700000, 0x000000008c700000|100%| E|CS|TAMS 0x000000008c600000, 0x000000008c600000| Complete 
| 199|0x000000008c700000, 0x000000008c800000, 0x000000008c800000|100%| E|CS|TAMS 0x000000008c700000, 0x000000008c700000| Complete 
| 200|0x000000008c800000, 0x000000008c900000, 0x000000008c900000|100%| E|CS|TAMS 0x000000008c800000, 0x000000008c800000| Complete 
| 201|0x000000008c900000, 0x000000008ca00000, 0x000000008ca00000|100%| E|CS|TAMS 0x000000008c900000, 0x000000008c900000| Complete 

Card table byte_map: [0x000001f6af870000,0x000001f6afc70000] _byte_map_base: 0x000001f6af470000

Marking Bits (Prev, Next): (CMBitMap*) 0x000001f69cfea6b0, (CMBitMap*) 0x000001f69cfea6f0
 Prev Bits: [0x000001f6b0070000, 0x000001f6b2070000)
 Next Bits: [0x000001f6b2070000, 0x000001f6b4070000)

Polling page: 0x000001f69ae50000

Metaspace:

Usage:
  Non-class:    103.82 MB used.
      Class:     15.58 MB used.
       Both:    119.40 MB used.

Virtual space:
  Non-class space:      128.00 MB reserved,     104.25 MB ( 81%) committed,  2 nodes.
      Class space:        1.00 GB reserved,      15.94 MB (  2%) committed,  1 nodes.
             Both:        1.12 GB reserved,     120.19 MB ( 10%) committed. 

Chunk freelists:
   Non-Class:  7.67 MB
       Class:  15.91 MB
        Both:  23.58 MB

MaxMetaspaceSize: unlimited
CompressedClassSpaceSize: 1.00 GB
Initial GC threshold: 21.00 MB
Current GC threshold: 194.94 MB
CDS: off
MetaspaceReclaimPolicy: balanced
 - commit_granule_bytes: 65536.
 - commit_granule_words: 8192.
 - virtual_space_node_default_size: 8388608.
 - enlarge_chunks_in_place: 1.
 - new_chunks_are_fully_committed: 0.
 - uncommit_free_chunks: 1.
 - use_allocation_guard: 0.
 - handle_deallocations: 1.


Internal statistics:

num_allocs_failed_limit: 3.
num_arena_births: 872.
num_arena_deaths: 0.
num_vsnodes_births: 3.
num_vsnodes_deaths: 0.
num_space_committed: 1921.
num_space_uncommitted: 0.
num_chunks_returned_to_freelist: 3.
num_chunks_taken_from_freelist: 5028.
num_chunk_merges: 3.
num_chunk_splits: 3844.
num_chunks_enlarged: 3109.
num_inconsistent_stats: 0.

CodeHeap 'non-profiled nmethods': size=120000Kb used=4650Kb max_used=4650Kb free=115349Kb
 bounds [0x000001f6a7f40000, 0x000001f6a83d0000, 0x000001f6af470000]
CodeHeap 'profiled nmethods': size=120000Kb used=18745Kb max_used=18745Kb free=101254Kb
 bounds [0x000001f6a0470000, 0x000001f6a16c0000, 0x000001f6a79a0000]
CodeHeap 'non-nmethods': size=5760Kb used=2517Kb max_used=2559Kb free=3242Kb
 bounds [0x000001f6a79a0000, 0x000001f6a7c30000, 0x000001f6a7f40000]
 total_blobs=10620 nmethods=9545 adapters=986
 compilation: enabled
              stopped_count=0, restarted_count=0
 full_count=0

Compilation events (20 events):
Event: 29.696 Thread 0x000001f6b67d3950 10458       3       java.util.zip.ZipUtils::unixTimeToFileTime (8 bytes)
Event: 29.696 Thread 0x000001f6b67d3950 nmethod 10458 0x000001f6a16b8e10 code [0x000001f6a16b8fa0, 0x000001f6a16b90c8]
Event: 29.699 Thread 0x000001f6b67d3950 10461       3       org.jetbrains.kotlin.com.intellij.openapi.vfs.impl.ZipEntryMap::put (80 bytes)
Event: 29.700 Thread 0x000001f6b67d3950 nmethod 10461 0x000001f6a16b9190 code [0x000001f6a16b93c0, 0x000001f6a16b9b68]
Event: 29.700 Thread 0x000001f6b67d3950 10462       3       org.jetbrains.kotlin.com.intellij.openapi.vfs.impl.ZipEntryMap::get (82 bytes)
Event: 29.701 Thread 0x000001f6b67d3950 nmethod 10462 0x000001f6a16b9e90 code [0x000001f6a16ba0c0, 0x000001f6a16ba768]
Event: 29.708 Thread 0x000001f6b67d3950 10464       3       org.jetbrains.kotlin.com.intellij.openapi.vfs.impl.ZipEntryMap::isTheOne (139 bytes)
Event: 29.709 Thread 0x000001f6b67d3950 nmethod 10464 0x000001f6a16baa10 code [0x000001f6a16bac60, 0x000001f6a16bb5e8]
Event: 29.750 Thread 0x000001f6b67d3950 10466   !   3       java.util.zip.ZipFile$CleanableResource::run (251 bytes)
Event: 29.751 Thread 0x000001f6b67d3950 nmethod 10466 0x000001f6a16bb890 code [0x000001f6a16bbb40, 0x000001f6a16bcbb8]
Event: 29.751 Thread 0x000001f6b67d3950 10467       3       java.util.Collections$SetFromMap::isEmpty (10 bytes)
Event: 29.752 Thread 0x000001f6b67d3950 nmethod 10467 0x000001f6a16bd390 code [0x000001f6a16bd540, 0x000001f6a16bd708]
Event: 29.752 Thread 0x000001f6b67d3950 10468   !   3       java.util.zip.ZipFile$Source::release (50 bytes)
Event: 29.752 Thread 0x000001f6b67d3950 nmethod 10468 0x000001f6a16bd810 code [0x000001f6a16bd9e0, 0x000001f6a16bdd58]
Event: 29.800 Thread 0x000001f6b67d0080 nmethod 10442 0x000001f6a83c4610 code [0x000001f6a83c4900, 0x000001f6a83c7de0]
Event: 29.800 Thread 0x000001f6b67d0080 10450       4       java.util.HashMap::resize (356 bytes)
Event: 29.818 Thread 0x000001f6b67d0080 nmethod 10450 0x000001f6a83c9a10 code [0x000001f6a83c9be0, 0x000001f6a83ca8c8]
Event: 29.818 Thread 0x000001f6b67d0080 10469       4       org.jetbrains.kotlin.com.intellij.openapi.vfs.impl.ZipEntryMap::isTheOne (139 bytes)
Event: 29.818 Thread 0x000001f6b67d3950 10470       3       org.jetbrains.kotlin.com.intellij.reference.SoftReference::<init> (6 bytes)
Event: 29.818 Thread 0x000001f6b67d3950 nmethod 10470 0x000001f6a16bdf10 code [0x000001f6a16be0e0, 0x000001f6a16be478]

GC Heap History (20 events):
Event: 20.432 GC heap before
{Heap before GC invocations=52 (full 0):
 garbage-first heap   total 168960K, used 101086K [0x0000000080000000, 0x0000000100000000)
  region size 1024K, 8 young (8192K), 4 survivors (4096K)
 Metaspace       used 89812K, committed 90432K, reserved 1179648K
  class space    used 12075K, committed 12352K, reserved 1048576K
}
Event: 20.439 GC heap after
{Heap after GC invocations=53 (full 0):
 garbage-first heap   total 168960K, used 97103K [0x0000000080000000, 0x0000000100000000)
  region size 1024K, 1 young (1024K), 1 survivors (1024K)
 Metaspace       used 89812K, committed 90432K, reserved 1179648K
  class space    used 12075K, committed 12352K, reserved 1048576K
}
Event: 20.574 GC heap before
{Heap before GC invocations=53 (full 0):
 garbage-first heap   total 168960K, used 102223K [0x0000000080000000, 0x0000000100000000)
  region size 1024K, 7 young (7168K), 1 survivors (1024K)
 Metaspace       used 90535K, committed 91136K, reserved 1179648K
  class space    used 12161K, committed 12480K, reserved 1048576K
}
Event: 20.577 GC heap after
{Heap after GC invocations=54 (full 0):
 garbage-first heap   total 206848K, used 97215K [0x0000000080000000, 0x0000000100000000)
  region size 1024K, 1 young (1024K), 1 survivors (1024K)
 Metaspace       used 90535K, committed 91136K, reserved 1179648K
  class space    used 12161K, committed 12480K, reserved 1048576K
}
Event: 21.598 GC heap before
{Heap before GC invocations=55 (full 0):
 garbage-first heap   total 206848K, used 164799K [0x0000000080000000, 0x0000000100000000)
  region size 1024K, 66 young (67584K), 1 survivors (1024K)
 Metaspace       used 93044K, committed 93632K, reserved 1179648K
  class space    used 12427K, committed 12736K, reserved 1048576K
}
Event: 21.608 GC heap after
{Heap after GC invocations=56 (full 0):
 garbage-first heap   total 206848K, used 101710K [0x0000000080000000, 0x0000000100000000)
  region size 1024K, 6 young (6144K), 6 survivors (6144K)
 Metaspace       used 93044K, committed 93632K, reserved 1179648K
  class space    used 12427K, committed 12736K, reserved 1048576K
}
Event: 21.715 GC heap before
{Heap before GC invocations=56 (full 0):
 garbage-first heap   total 206848K, used 104782K [0x0000000080000000, 0x0000000100000000)
  region size 1024K, 10 young (10240K), 6 survivors (6144K)
 Metaspace       used 93545K, committed 94208K, reserved 1179648K
  class space    used 12484K, committed 12800K, reserved 1048576K
}
Event: 21.725 GC heap after
{Heap after GC invocations=57 (full 0):
 garbage-first heap   total 206848K, used 102198K [0x0000000080000000, 0x0000000100000000)
  region size 1024K, 1 young (1024K), 1 survivors (1024K)
 Metaspace       used 93545K, committed 94208K, reserved 1179648K
  class space    used 12484K, committed 12800K, reserved 1048576K
}
Event: 23.665 GC heap before
{Heap before GC invocations=57 (full 0):
 garbage-first heap   total 206848K, used 168758K [0x0000000080000000, 0x0000000100000000)
  region size 1024K, 66 young (67584K), 1 survivors (1024K)
 Metaspace       used 101096K, committed 101760K, reserved 1179648K
  class space    used 13309K, committed 13632K, reserved 1048576K
}
Event: 23.673 GC heap after
{Heap after GC invocations=58 (full 0):
 garbage-first heap   total 206848K, used 105813K [0x0000000080000000, 0x0000000100000000)
  region size 1024K, 5 young (5120K), 5 survivors (5120K)
 Metaspace       used 101096K, committed 101760K, reserved 1179648K
  class space    used 13309K, committed 13632K, reserved 1048576K
}
Event: 24.995 GC heap before
{Heap before GC invocations=59 (full 0):
 garbage-first heap   total 206848K, used 169301K [0x0000000080000000, 0x0000000100000000)
  region size 1024K, 67 young (68608K), 5 survivors (5120K)
 Metaspace       used 110318K, committed 110912K, reserved 1179648K
  class space    used 14332K, committed 14592K, reserved 1048576K
}
Event: 25.010 GC heap after
{Heap after GC invocations=60 (full 0):
 garbage-first heap   total 206848K, used 107331K [0x0000000080000000, 0x0000000100000000)
  region size 1024K, 6 young (6144K), 6 survivors (6144K)
 Metaspace       used 110318K, committed 110912K, reserved 1179648K
  class space    used 14332K, committed 14592K, reserved 1048576K
}
Event: 26.735 GC heap before
{Heap before GC invocations=60 (full 0):
 garbage-first heap   total 206848K, used 171843K [0x0000000080000000, 0x0000000100000000)
  region size 1024K, 69 young (70656K), 6 survivors (6144K)
 Metaspace       used 118379K, committed 119040K, reserved 1179648K
  class space    used 15412K, committed 15744K, reserved 1048576K
}
Event: 26.763 GC heap after
{Heap after GC invocations=61 (full 0):
 garbage-first heap   total 206848K, used 109689K [0x0000000080000000, 0x0000000100000000)
  region size 1024K, 5 young (5120K), 5 survivors (5120K)
 Metaspace       used 118379K, committed 119040K, reserved 1179648K
  class space    used 15412K, committed 15744K, reserved 1048576K
}
Event: 29.433 GC heap before
{Heap before GC invocations=62 (full 0):
 garbage-first heap   total 206848K, used 172153K [0x0000000080000000, 0x0000000100000000)
  region size 1024K, 67 young (68608K), 5 survivors (5120K)
 Metaspace       used 121754K, committed 122496K, reserved 1179648K
  class space    used 15876K, committed 16256K, reserved 1048576K
}
Event: 29.451 GC heap after
{Heap after GC invocations=63 (full 0):
 garbage-first heap   total 206848K, used 115581K [0x0000000080000000, 0x0000000100000000)
  region size 1024K, 9 young (9216K), 9 survivors (9216K)
 Metaspace       used 121754K, committed 122496K, reserved 1179648K
  class space    used 15876K, committed 16256K, reserved 1048576K
}
Event: 29.476 GC heap before
{Heap before GC invocations=63 (full 0):
 garbage-first heap   total 206848K, used 116605K [0x0000000080000000, 0x0000000100000000)
  region size 1024K, 10 young (10240K), 9 survivors (9216K)
 Metaspace       used 121758K, committed 122496K, reserved 1179648K
  class space    used 15876K, committed 16256K, reserved 1048576K
}
Event: 29.513 GC heap after
{Heap after GC invocations=64 (full 0):
 garbage-first heap   total 206848K, used 116870K [0x0000000080000000, 0x0000000100000000)
  region size 1024K, 2 young (2048K), 2 survivors (2048K)
 Metaspace       used 121758K, committed 122496K, reserved 1179648K
  class space    used 15876K, committed 16256K, reserved 1048576K
}
Event: 29.640 GC heap before
{Heap before GC invocations=64 (full 0):
 garbage-first heap   total 206848K, used 120966K [0x0000000080000000, 0x0000000100000000)
  region size 1024K, 8 young (8192K), 2 survivors (2048K)
 Metaspace       used 122254K, committed 123008K, reserved 1179648K
  class space    used 15950K, committed 16320K, reserved 1048576K
}
Event: 29.642 GC heap after
{Heap after GC invocations=65 (full 0):
 garbage-first heap   total 206848K, used 115981K [0x0000000080000000, 0x0000000100000000)
  region size 1024K, 1 young (1024K), 1 survivors (1024K)
 Metaspace       used 122254K, committed 123008K, reserved 1179648K
  class space    used 15950K, committed 16320K, reserved 1048576K
}

Dll operation events (3 events):
Event: 0.024 Loaded shared library C:\Program Files\Android\Android Studio\jbr\bin\java.dll
Event: 0.214 Loaded shared library C:\Program Files\Android\Android Studio\jbr\bin\zip.dll
Event: 0.797 Loaded shared library C:\Program Files\Android\Android Studio\jbr\bin\verify.dll

Deoptimization events (20 events):
Event: 29.562 Thread 0x000001f6bca7f420 DEOPT PACKING pc=0x000001f6a7ff7c04 sp=0x000000a9007f6470
Event: 29.562 Thread 0x000001f6bca7f420 DEOPT UNPACKING pc=0x000001f6a79f69a3 sp=0x000000a9007f63e0 mode 2
Event: 29.632 Thread 0x000001f6bca7f420 Uncommon trap: trap_request=0xffffff45 fr.pc=0x000001f6a8058be4 relative=0x0000000000000884
Event: 29.632 Thread 0x000001f6bca7f420 Uncommon trap: reason=unstable_if action=reinterpret pc=0x000001f6a8058be4 method=jdk.internal.jrtfs.JrtPath.getFileName()Ljdk/internal/jrtfs/JrtPath; @ 50 c2
Event: 29.632 Thread 0x000001f6bca7f420 DEOPT PACKING pc=0x000001f6a8058be4 sp=0x000000a9007f4d00
Event: 29.632 Thread 0x000001f6bca7f420 DEOPT UNPACKING pc=0x000001f6a79f69a3 sp=0x000000a9007f4c88 mode 2
Event: 29.647 Thread 0x000001f6bca7f420 DEOPT PACKING pc=0x000001f6a054d73d sp=0x000000a9007f3fd0
Event: 29.647 Thread 0x000001f6bca7f420 DEOPT UNPACKING pc=0x000001f6a79f7143 sp=0x000000a9007f3468 mode 0
Event: 29.699 Thread 0x000001f6bca7f420 Uncommon trap: trap_request=0xffffff45 fr.pc=0x000001f6a82094c0 relative=0x0000000000000840
Event: 29.699 Thread 0x000001f6bca7f420 Uncommon trap: reason=unstable_if action=reinterpret pc=0x000001f6a82094c0 method=org.jetbrains.kotlin.com.intellij.openapi.vfs.impl.ZipEntryMap.isTheOne(Lorg/jetbrains/kotlin/com/intellij/openapi/vfs/impl/ArchiveHandler$EntryInfo;Ljava/lang/CharSequence;
Event: 29.699 Thread 0x000001f6bca7f420 DEOPT PACKING pc=0x000001f6a82094c0 sp=0x000000a9007f4530
Event: 29.699 Thread 0x000001f6bca7f420 DEOPT UNPACKING pc=0x000001f6a79f69a3 sp=0x000000a9007f4488 mode 2
Event: 29.699 Thread 0x000001f6bca7f420 Uncommon trap: trap_request=0xffffff45 fr.pc=0x000001f6a81ecf1c relative=0x000000000000099c
Event: 29.699 Thread 0x000001f6bca7f420 Uncommon trap: reason=unstable_if action=reinterpret pc=0x000001f6a81ecf1c method=org.jetbrains.kotlin.com.intellij.openapi.vfs.impl.ZipEntryMap.isTheOne(Lorg/jetbrains/kotlin/com/intellij/openapi/vfs/impl/ArchiveHandler$EntryInfo;Ljava/lang/CharSequence;
Event: 29.699 Thread 0x000001f6bca7f420 DEOPT PACKING pc=0x000001f6a81ecf1c sp=0x000000a9007f4500
Event: 29.699 Thread 0x000001f6bca7f420 DEOPT UNPACKING pc=0x000001f6a79f69a3 sp=0x000000a9007f4488 mode 2
Event: 29.708 Thread 0x000001f6bca7f420 Uncommon trap: trap_request=0xffffff45 fr.pc=0x000001f6a81fc2d8 relative=0x0000000000000478
Event: 29.708 Thread 0x000001f6bca7f420 Uncommon trap: reason=unstable_if action=reinterpret pc=0x000001f6a81fc2d8 method=org.jetbrains.kotlin.com.intellij.openapi.vfs.impl.ZipEntryMap.isTheOne(Lorg/jetbrains/kotlin/com/intellij/openapi/vfs/impl/ArchiveHandler$EntryInfo;Ljava/lang/CharSequence;
Event: 29.708 Thread 0x000001f6bca7f420 DEOPT PACKING pc=0x000001f6a81fc2d8 sp=0x000000a9007f44d0
Event: 29.708 Thread 0x000001f6bca7f420 DEOPT UNPACKING pc=0x000001f6a79f69a3 sp=0x000000a9007f4490 mode 2

Classes unloaded (0 events):
No events

Classes redefined (0 events):
No events

Internal exceptions (20 events):
Event: 27.109 Thread 0x000001f6bca7f420 Exception <a 'java/lang/NoSuchMethodError'{0x000000008c3a93c8}: 'java.lang.Object java.lang.invoke.DirectMethodHandle$Holder.invokeSpecial(java.lang.Object, java.lang.Object, java.lang.Object, java.lang.Object, java.lang.Object, java.lang.Object, java.lang.Object, java.lang.Object, java.lang.Object, java.lang.Object, java.lang.Object, java.lang.Object, java.lang.Object, java.lang.Object, java.lang.Object, java.lang.Object, java.lang.Object, java.lang.Object, java.lang.Object, java.lang.Object, java.lang.Ob
Event: 27.110 Thread 0x000001f6bca7f420 Exception <a 'java/lang/NoSuchMethodError'{0x000000008c3af8d8}: 'java.lang.Object java.lang.invoke.DelegatingMethodHandle$Holder.reinvoke_L(java.lang.Object, java.lang.Object, java.lang.Object, java.lang.Object, java.lang.Object, java.lang.Object, java.lang.Object, java.lang.Object, java.lang.Object, java.lang.Object, java.lang.Object, java.lang.Object, java.lang.Object, java.lang.Object, java.lang.Object, java.lang.Object, java.lang.Object, java.lang.Object, java.lang.Object, java.lang.Object, java.lang.O
Event: 27.112 Thread 0x000001f6bca7f420 Exception <a 'java/lang/NoSuchMethodError'{0x000000008c3bb320}: 'java.lang.Object java.lang.invoke.Invokers$Holder.invoker(java.lang.Object, java.lang.Object, java.lang.Object, java.lang.Object, java.lang.Object, java.lang.Object, java.lang.Object, java.lang.Object, java.lang.Object, java.lang.Object, java.lang.Object, java.lang.Object, java.lang.Object, java.lang.Object, java.lang.Object, java.lang.Object, java.lang.Object, java.lang.Object, java.lang.Object, java.lang.Object, java.lang.Object, java.lang.
Event: 27.112 Thread 0x000001f6bca7f420 Exception <a 'java/lang/NoSuchMethodError'{0x000000008c3c1f20}: 'java.lang.Object java.lang.invoke.DelegatingMethodHandle$Holder.delegate(java.lang.Object, java.lang.Object, java.lang.Object, java.lang.Object, java.lang.Object, java.lang.Object, java.lang.Object, java.lang.Object, java.lang.Object, java.lang.Object, java.lang.Object, java.lang.Object, java.lang.Object, java.lang.Object, java.lang.Object, java.lang.Object, java.lang.Object, java.lang.Object, java.lang.Object, java.lang.Object, java.lang.Obj
Event: 27.136 Thread 0x000001f6bca7f420 Exception <a 'java/lang/NoSuchMethodError'{0x000000008c2d82a8}: 'java.lang.Object java.lang.invoke.DirectMethodHandle$Holder.invokeStatic(java.lang.Object, java.lang.Object, java.lang.Object, java.lang.Object, java.lang.Object, java.lang.Object, java.lang.Object, java.lang.Object, java.lang.Object, java.lang.Object, java.lang.Object, java.lang.Object, java.lang.Object, java.lang.Object, java.lang.Object, java.lang.Object, java.lang.Object, java.lang.Object, java.lang.Object, java.lang.Object, java.lang.Obj
Event: 27.470 Thread 0x000001f6bca7f420 Exception <a 'java/lang/NoSuchMethodError'{0x000000008bd58fa8}: static Lorg/gradle/api/internal/catalog/DefaultVersionCatalog;.<clinit>()V> (0x000000008bd58fa8) 
thrown [s\src\hotspot\share\prims\jni.cpp, line 1127]
Event: 27.546 Thread 0x000001f6bca7f420 Exception <a 'java/lang/NoSuchMethodError'{0x000000008bdab978}: static [Ljava/lang/Object;.<clinit>()V> (0x000000008bdab978) 
thrown [s\src\hotspot\share\prims\jni.cpp, line 1127]
Event: 27.553 Thread 0x000001f6bca7f420 Exception <a 'java/lang/NoSuchMethodError'{0x000000008bde1250}: static Lorg/gradle/api/internal/catalog/DependencyModel;.<clinit>()V> (0x000000008bde1250) 
thrown [s\src\hotspot\share\prims\jni.cpp, line 1127]
Event: 27.554 Thread 0x000001f6bca7f420 Exception <a 'java/lang/NoSuchMethodError'{0x000000008bde4c48}: static Lorg/gradle/api/internal/catalog/AbstractContextAwareModel;.<clinit>()V> (0x000000008bde4c48) 
thrown [s\src\hotspot\share\prims\jni.cpp, line 1127]
Event: 27.557 Thread 0x000001f6bca7f420 Exception <a 'java/lang/NoSuchMethodError'{0x000000008bdfe598}: static Lorg/gradle/api/internal/artifacts/dependencies/AbstractVersionConstraint;.<clinit>()V> (0x000000008bdfe598) 
thrown [s\src\hotspot\share\prims\jni.cpp, line 1127]
Event: 27.640 Thread 0x000001f6bca7f420 Exception <a 'java/lang/NoSuchMethodError'{0x000000008bcb4de0}: static Lorg/gradle/api/internal/catalog/PluginModel;.<clinit>()V> (0x000000008bcb4de0) 
thrown [s\src\hotspot\share\prims\jni.cpp, line 1127]
Event: 27.650 Thread 0x000001f6bca7f420 Exception <a 'java/lang/NoSuchMethodError'{0x000000008bccc150}: static Lorg/gradle/api/internal/catalog/VersionModel;.<clinit>()V> (0x000000008bccc150) 
thrown [s\src\hotspot\share\prims\jni.cpp, line 1127]
Event: 27.793 Thread 0x000001f6bca7f420 Exception <a 'java/lang/NoSuchMethodError'{0x000000008b83d4d0}: 'int java.lang.invoke.DirectMethodHandle$Holder.invokeSpecialIFC(java.lang.Object, java.lang.Object, java.lang.Object)'> (0x000000008b83d4d0) 
thrown [s\src\hotspot\share\interpreter\linkResolver.cpp, line 771]
Event: 27.889 Thread 0x000001f6bca7f420 Exception <a 'java/lang/NoSuchMethodError'{0x000000008b5f2f10}: 'java.lang.Object java.lang.invoke.DirectMethodHandle$Holder.newInvokeSpecial(java.lang.Object, java.lang.Object, java.lang.Object, java.lang.Object, java.lang.Object, int)'> (0x000000008b5f2f10) 
thrown [s\src\hotspot\share\interpreter\linkResolver.cpp, line 771]
Event: 27.890 Thread 0x000001f6bca7f420 Exception <a 'java/lang/NoSuchMethodError'{0x000000008b5f8628}: 'java.lang.Object java.lang.invoke.DirectMethodHandle$Holder.invokeSpecial(java.lang.Object, java.lang.Object, java.lang.Object, java.lang.Object, java.lang.Object, java.lang.Object, int)'> (0x000000008b5f8628) 
thrown [s\src\hotspot\share\interpreter\linkResolver.cpp, line 771]
Event: 27.890 Thread 0x000001f6bca7f420 Exception <a 'java/lang/NoSuchMethodError'{0x000000008b5fd668}: 'java.lang.Object java.lang.invoke.Invokers$Holder.linkToTargetMethod(java.lang.Object, java.lang.Object, java.lang.Object, java.lang.Object, int, java.lang.Object)'> (0x000000008b5fd668) 
thrown [s\src\hotspot\share\interpreter\linkResolver.cpp, line 771]
Event: 27.895 Thread 0x000001f6bca7f420 Exception <a 'java/lang/NoSuchMethodError'{0x000000008b42fa00}: 'java.lang.Object java.lang.invoke.DirectMethodHandle$Holder.invokeSpecial(java.lang.Object, java.lang.Object, java.lang.Object, java.lang.Object, java.lang.Object, long)'> (0x000000008b42fa00) 
thrown [s\src\hotspot\share\interpreter\linkResolver.cpp, line 771]
Event: 27.900 Thread 0x000001f6bca7f420 Exception <a 'java/lang/NoSuchMethodError'{0x000000008b452640}: 'void java.lang.invoke.DirectMethodHandle$Holder.invokeStatic(java.lang.Object, java.lang.Object, java.lang.Object, int, java.lang.Object)'> (0x000000008b452640) 
thrown [s\src\hotspot\share\interpreter\linkResolver.cpp, line 771]
Event: 29.625 Thread 0x000001f6bca7f420 Exception <a 'sun/nio/fs/WindowsException'{0x000000008c2d0e10}> (0x000000008c2d0e10) 
thrown [s\src\hotspot\share\prims\jni.cpp, line 531]
Event: 29.626 Thread 0x000001f6bca7f420 Exception <a 'sun/nio/fs/WindowsException'{0x000000008c2d2bc8}> (0x000000008c2d2bc8) 
thrown [s\src\hotspot\share\prims\jni.cpp, line 531]

VM Operations (20 events):
Event: 26.998 Executing VM operation: G1PauseRemark done
Event: 27.102 Executing VM operation: G1PauseCleanup
Event: 27.102 Executing VM operation: G1PauseCleanup done
Event: 27.800 Executing VM operation: HandshakeAllThreads
Event: 27.800 Executing VM operation: HandshakeAllThreads done
Event: 28.217 Executing VM operation: ICBufferFull
Event: 28.217 Executing VM operation: ICBufferFull done
Event: 28.536 Executing VM operation: HandshakeAllThreads
Event: 28.536 Executing VM operation: HandshakeAllThreads done
Event: 28.627 Executing VM operation: ICBufferFull
Event: 28.627 Executing VM operation: ICBufferFull done
Event: 29.120 Executing VM operation: ICBufferFull
Event: 29.121 Executing VM operation: ICBufferFull done
Event: 29.432 Executing VM operation: G1CollectForAllocation
Event: 29.451 Executing VM operation: G1CollectForAllocation done
Event: 29.476 Executing VM operation: G1CollectForAllocation
Event: 29.513 Executing VM operation: G1CollectForAllocation done
Event: 29.640 Executing VM operation: G1TryInitiateConcMark
Event: 29.642 Executing VM operation: G1TryInitiateConcMark done
Event: 29.821 Executing VM operation: G1PauseRemark

Events (20 events):
Event: 26.833 loading class java/util/function/LongUnaryOperator done
Event: 27.086 Thread 0x000001f6bb9778e0 Thread added: 0x000001f6bb9778e0
Event: 27.130 loading class java/lang/invoke/BoundMethodHandle$Species_LLLLLLLLLLLLLLLLLLLLLLLL
Event: 27.130 loading class java/lang/invoke/BoundMethodHandle$Species_LLLLLLLLLLLLLLLLLLLLLLLL done
Event: 27.463 loading class java/io/ObjectOutputStream$BlockDataOutputStream
Event: 27.464 loading class java/io/ObjectOutputStream$BlockDataOutputStream done
Event: 27.464 loading class java/io/ObjectOutputStream$HandleTable
Event: 27.464 loading class java/io/ObjectOutputStream$HandleTable done
Event: 27.464 loading class java/io/ObjectOutputStream$ReplaceTable
Event: 27.464 loading class java/io/ObjectOutputStream$ReplaceTable done
Event: 28.415 loading class java/util/Collections$ReverseComparator
Event: 28.416 loading class java/util/Collections$ReverseComparator done
Event: 28.416 loading class java/util/Collections$ReverseComparator2
Event: 28.416 loading class java/util/Collections$ReverseComparator2 done
Event: 28.631 Thread 0x000001f6bb97a160 Thread added: 0x000001f6bb97a160
Event: 28.631 Thread 0x000001f6bb979c50 Thread added: 0x000001f6bb979c50
Event: 28.631 Thread 0x000001f6bb977df0 Thread added: 0x000001f6bb977df0
Event: 28.773 Thread 0x000001f6bb97a670 Thread added: 0x000001f6bb97a670
Event: 28.775 Thread 0x000001f6bb978d20 Thread added: 0x000001f6bb978d20
Event: 28.778 Thread 0x000001f6bb979740 Thread added: 0x000001f6bb979740


Dynamic libraries:
0x00007ff6cb310000 - 0x00007ff6cb31a000 	C:\Program Files\Android\Android Studio\jbr\bin\java.exe
0x00007fffd4530000 - 0x00007fffd4728000 	C:\Windows\SYSTEM32\ntdll.dll
0x00007fffd2ca0000 - 0x00007fffd2d61000 	C:\Windows\System32\KERNEL32.DLL
0x00007fffd1be0000 - 0x00007fffd1edd000 	C:\Windows\System32\KERNELBASE.dll
0x00007fffd1ee0000 - 0x00007fffd1fe0000 	C:\Windows\System32\ucrtbase.dll
0x00007fffc8f90000 - 0x00007fffc8fa7000 	C:\Program Files\Android\Android Studio\jbr\bin\jli.dll
0x00007fffbc130000 - 0x00007fffbc14b000 	C:\Program Files\Android\Android Studio\jbr\bin\VCRUNTIME140.dll
0x00007fffd41f0000 - 0x00007fffd438d000 	C:\Windows\System32\USER32.dll
0x00007fffd1fe0000 - 0x00007fffd2002000 	C:\Windows\System32\win32u.dll
0x00007fffd2580000 - 0x00007fffd25ab000 	C:\Windows\System32\GDI32.dll
0x00007fffd2010000 - 0x00007fffd2127000 	C:\Windows\System32\gdi32full.dll
0x00007fffc62b0000 - 0x00007fffc654a000 	C:\Windows\WinSxS\amd64_microsoft.windows.common-controls_6595b64144ccf1df_6.0.19041.4355_none_60b8b9eb71f62e16\COMCTL32.dll
0x00007fffd2390000 - 0x00007fffd242d000 	C:\Windows\System32\msvcp_win.dll
0x00007fffd2d70000 - 0x00007fffd2e0e000 	C:\Windows\System32\msvcrt.dll
0x00007fffd2750000 - 0x00007fffd277f000 	C:\Windows\System32\IMM32.DLL
0x00007fffcc230000 - 0x00007fffcc23c000 	C:\Program Files\Android\Android Studio\jbr\bin\vcruntime140_1.dll
0x00007fffb19e0000 - 0x00007fffb1a6d000 	C:\Program Files\Android\Android Studio\jbr\bin\msvcp140.dll
0x00007fff919c0000 - 0x00007fff92643000 	C:\Program Files\Android\Android Studio\jbr\bin\server\jvm.dll
0x00007fffd2780000 - 0x00007fffd2830000 	C:\Windows\System32\ADVAPI32.dll
0x00007fffd2e10000 - 0x00007fffd2eb0000 	C:\Windows\System32\sechost.dll
0x00007fffd2620000 - 0x00007fffd2743000 	C:\Windows\System32\RPCRT4.dll
0x00007fffd24c0000 - 0x00007fffd24e7000 	C:\Windows\System32\bcrypt.dll
0x00007fffd1510000 - 0x00007fffd155b000 	C:\Windows\SYSTEM32\POWRPROF.dll
0x00007fffcc1d0000 - 0x00007fffcc1f7000 	C:\Windows\SYSTEM32\WINMM.dll
0x00007fffcc510000 - 0x00007fffcc519000 	C:\Windows\SYSTEM32\WSOCK32.dll
0x00007fffd4480000 - 0x00007fffd44eb000 	C:\Windows\System32\WS2_32.dll
0x00007fffc1aa0000 - 0x00007fffc1aaa000 	C:\Windows\SYSTEM32\VERSION.dll
0x00007fffd14c0000 - 0x00007fffd14d2000 	C:\Windows\SYSTEM32\UMPDC.dll
0x00007fffcfa20000 - 0x00007fffcfa32000 	C:\Windows\SYSTEM32\kernel.appcore.dll
0x00007fffcabd0000 - 0x00007fffcabda000 	C:\Program Files\Android\Android Studio\jbr\bin\jimage.dll
0x00007fffba3f0000 - 0x00007fffba5d4000 	C:\Windows\SYSTEM32\DBGHELP.DLL
0x00007fffba3b0000 - 0x00007fffba3e4000 	C:\Windows\SYSTEM32\dbgcore.DLL
0x00007fffd2430000 - 0x00007fffd24b2000 	C:\Windows\System32\bcryptPrimitives.dll
0x00007fffc8fb0000 - 0x00007fffc8fbe000 	C:\Program Files\Android\Android Studio\jbr\bin\instrument.dll
0x00007fffbc100000 - 0x00007fffbc125000 	C:\Program Files\Android\Android Studio\jbr\bin\java.dll
0x00007fffbc0e0000 - 0x00007fffbc0f8000 	C:\Program Files\Android\Android Studio\jbr\bin\zip.dll
0x00007fffd3790000 - 0x00007fffd3eff000 	C:\Windows\System32\SHELL32.dll
0x00007fffcfc20000 - 0x00007fffd03c3000 	C:\Windows\SYSTEM32\windows.storage.dll
0x00007fffd2eb0000 - 0x00007fffd3203000 	C:\Windows\System32\combase.dll
0x00007fffd14e0000 - 0x00007fffd150e000 	C:\Windows\SYSTEM32\Wldp.dll
0x00007fffd3470000 - 0x00007fffd353d000 	C:\Windows\System32\OLEAUT32.dll
0x00007fffd3210000 - 0x00007fffd32bd000 	C:\Windows\System32\SHCORE.dll
0x00007fffd3550000 - 0x00007fffd35a5000 	C:\Windows\System32\shlwapi.dll
0x00007fffd1b10000 - 0x00007fffd1b34000 	C:\Windows\SYSTEM32\profapi.dll
0x00007fffbc0c0000 - 0x00007fffbc0d9000 	C:\Program Files\Android\Android Studio\jbr\bin\net.dll
0x00007fffc9ab0000 - 0x00007fffc9bbd000 	C:\Windows\SYSTEM32\WINHTTP.dll
0x00007fffd12a0000 - 0x00007fffd130a000 	C:\Windows\system32\mswsock.dll
0x00007fffbc0a0000 - 0x00007fffbc0b6000 	C:\Program Files\Android\Android Studio\jbr\bin\nio.dll
0x00007fffca4e0000 - 0x00007fffca4f0000 	C:\Program Files\Android\Android Studio\jbr\bin\verify.dll
0x00007fffca510000 - 0x00007fffca537000 	C:\Users\Com\Downloads\gradle-8.10-bin\gradle-8.10\native\c067742578af261105cb4f569cf0c3c89f3d7b1fecec35dd04571415982c5e48\windows-amd64\native-platform.dll
0x00007fffc6bf0000 - 0x00007fffc6d34000 	C:\Users\Com\Downloads\gradle-8.10-bin\gradle-8.10\native\38dada09dfb8b06ba9b0570ebf7e218e3eb74d4ef43ca46872605cf95ebc2f47\windows-amd64\native-platform-file-events.dll
0x00007fffcc530000 - 0x00007fffcc539000 	C:\Program Files\Android\Android Studio\jbr\bin\management.dll
0x00007fffcc520000 - 0x00007fffcc52b000 	C:\Program Files\Android\Android Studio\jbr\bin\management_ext.dll
0x00007fffd25b0000 - 0x00007fffd25b8000 	C:\Windows\System32\PSAPI.DLL
0x00007fffd1880000 - 0x00007fffd1898000 	C:\Windows\SYSTEM32\CRYPTSP.dll
0x00007fffd0b80000 - 0x00007fffd0bb4000 	C:\Windows\system32\rsaenh.dll
0x00007fffd1a90000 - 0x00007fffd1abe000 	C:\Windows\SYSTEM32\USERENV.dll
0x00007fffd1430000 - 0x00007fffd143c000 	C:\Windows\SYSTEM32\CRYPTBASE.dll
0x00007fffd0f40000 - 0x00007fffd0f7b000 	C:\Windows\SYSTEM32\IPHLPAPI.DLL
0x00007fffd3f00000 - 0x00007fffd3f08000 	C:\Windows\System32\NSI.dll
0x00007fffcb7e0000 - 0x00007fffcb7f7000 	C:\Windows\SYSTEM32\dhcpcsvc6.DLL
0x00007fffcb350000 - 0x00007fffcb36d000 	C:\Windows\SYSTEM32\dhcpcsvc.DLL
0x00007fffd0f80000 - 0x00007fffd104a000 	C:\Windows\SYSTEM32\DNSAPI.dll
0x00007fffcc540000 - 0x00007fffcc549000 	C:\Program Files\Android\Android Studio\jbr\bin\extnet.dll
0x00007fffc6ad0000 - 0x00007fffc6ad7000 	C:\Windows\system32\wshunix.dll

dbghelp: loaded successfully - version: 4.0.5 - missing functions: none
symbol engine: initialized successfully - sym options: 0x614 - pdb path: .;C:\Program Files\Android\Android Studio\jbr\bin;C:\Windows\SYSTEM32;C:\Windows\WinSxS\amd64_microsoft.windows.common-controls_6595b64144ccf1df_6.0.19041.4355_none_60b8b9eb71f62e16;C:\Program Files\Android\Android Studio\jbr\bin\server;C:\Users\Com\Downloads\gradle-8.10-bin\gradle-8.10\native\c067742578af261105cb4f569cf0c3c89f3d7b1fecec35dd04571415982c5e48\windows-amd64;C:\Users\Com\Downloads\gradle-8.10-bin\gradle-8.10\native\38dada09dfb8b06ba9b0570ebf7e218e3eb74d4ef43ca46872605cf95ebc2f47\windows-amd64

VM Arguments:
jvm_args: --add-opens=java.base/java.util=ALL-UNNAMED --add-opens=java.base/java.lang=ALL-UNNAMED --add-opens=java.base/java.lang.invoke=ALL-UNNAMED --add-opens=java.prefs/java.util.prefs=ALL-UNNAMED --add-opens=java.base/java.nio.charset=ALL-UNNAMED --add-opens=java.base/java.net=ALL-UNNAMED --add-opens=java.base/java.util.concurrent.atomic=ALL-UNNAMED -Xmx2048m -Dfile.encoding=UTF-8 -Duser.country=US -Duser.language=en -Duser.variant -javaagent:C:\Users\Com\Downloads\gradle-8.10-bin\gradle-8.10\wrapper\dists\gradle-8.7-bin\bhs2wmbdwecv87pi65oeuq5iu\gradle-8.7\lib\agents\gradle-instrumentation-agent-8.7.jar 
java_command: org.gradle.launcher.daemon.bootstrap.GradleDaemon 8.7
java_class_path (initial): C:\Users\Com\Downloads\gradle-8.10-bin\gradle-8.10\wrapper\dists\gradle-8.7-bin\bhs2wmbdwecv87pi65oeuq5iu\gradle-8.7\lib\gradle-launcher-8.7.jar
Launcher Type: SUN_STANDARD

[Global flags]
     intx CICompilerCount                          = 3                                         {product} {ergonomic}
     uint ConcGCThreads                            = 1                                         {product} {ergonomic}
     uint G1ConcRefinementThreads                  = 4                                         {product} {ergonomic}
   size_t G1HeapRegionSize                         = 1048576                                   {product} {ergonomic}
    uintx GCDrainStackTargetSize                   = 64                                        {product} {ergonomic}
   size_t InitialHeapSize                          = 67108864                                  {product} {ergonomic}
   size_t MarkStackSize                            = 4194304                                   {product} {ergonomic}
   size_t MaxHeapSize                              = 2147483648                                {product} {command line}
   size_t MaxNewSize                               = 1287651328                                {product} {ergonomic}
   size_t MinHeapDeltaBytes                        = 1048576                                   {product} {ergonomic}
   size_t MinHeapSize                              = 8388608                                   {product} {ergonomic}
    uintx NonNMethodCodeHeapSize                   = 5832780                                {pd product} {ergonomic}
    uintx NonProfiledCodeHeapSize                  = 122912730                              {pd product} {ergonomic}
    uintx ProfiledCodeHeapSize                     = 122912730                              {pd product} {ergonomic}
    uintx ReservedCodeCacheSize                    = 251658240                              {pd product} {ergonomic}
     bool SegmentedCodeCache                       = true                                      {product} {ergonomic}
   size_t SoftMaxHeapSize                          = 2147483648                             {manageable} {ergonomic}
     bool UseCompressedClassPointers               = true                           {product lp64_product} {ergonomic}
     bool UseCompressedOops                        = true                           {product lp64_product} {ergonomic}
     bool UseG1GC                                  = true                                      {product} {ergonomic}
     bool UseLargePagesIndividualAllocation        = false                                  {pd product} {ergonomic}

Logging:
Log output configuration:
 #0: stdout all=warning uptime,level,tags
 #1: stderr all=off uptime,level,tags

Environment Variables:
PATH=C:\Program Files\Common Files\Oracle\Java\javapath;C:\Windows\system32;C:\Windows;C:\Windows\System32\Wbem;C:\Windows\System32\WindowsPowerShell\v1.0\;C:\Windows\System32\OpenSSH\;C:\Program Files\Git\cmd;C:\Users\Com\AppData\Local\Microsoft\WindowsApps;C:\Users\Com\AppData\Local\Programs\Microsoft VS Code\bin;C:\Program Files\JetBrains\IntelliJ IDEA 2024.1.4\bin;
USERNAME=Com
OS=Windows_NT
PROCESSOR_IDENTIFIER=Intel64 Family 6 Model 60 Stepping 3, GenuineIntel
TMP=C:\Users\Com\AppData\Local\Temp
TEMP=C:\Users\Com\AppData\Local\Temp



Periodic native trim disabled

JNI global refs:
JNI global refs: 26, weak refs: 3

JNI global refs memory usage: 843, weak refs: 841

Process memory usage:
Resident Set Size: 387076K (9% of 4105324K total physical memory with 362988K free physical memory)

OOME stack traces (most recent first):
Classloader memory used:
Loader org.gradle.internal.classloader.VisitableURLClassLoader                         : 11230K
Loader bootstrap                                                                       : 2544K
Loader org.gradle.initialization.MixInLegacyTypesClassLoader                           : 1119K
Loader org.gradle.internal.classloader.VisitableURLClassLoader                         : 115K
Loader org.gradle.internal.classloader.VisitableURLClassLoader$InstrumentingVisitableURLClassLoader: 90422B
Loader jdk.internal.loader.ClassLoaders$PlatformClassLoader                            : 65978B
Loader jdk.internal.jrtfs.JrtFileSystemProvider$JrtFsLoader                            : 41329B
Loader jdk.internal.reflect.DelegatingClassLoader                                      : 36922B
Loader jdk.internal.loader.ClassLoaders$AppClassLoader                                 : 28754B
Loader org.gradle.groovy.scripts.internal.DefaultScriptCompilationHandler$ScriptClassLoader: 10734B
Loader org.codehaus.groovy.runtime.callsite.CallSiteClassLoader                        : 5853B

Classes loaded by more than one classloader:
Class org.gradle.internal.Cast                                                        : loaded 3 times (x 69B)
Class Program                                                                         : loaded 3 times (x 70B)
Class org.gradle.api.GradleException                                                  : loaded 3 times (x 80B)
Class org.gradle.internal.classpath.ClassPath                                         : loaded 2 times (x 68B)
Class org.gradle.api.internal.classpath.DefaultModuleRegistry                         : loaded 2 times (x 84B)
Class org.gradle.internal.exceptions.NonGradleCauseExceptionsHolder                   : loaded 2 times (x 68B)
Class Settings_gradle$1$1                                                             : loaded 2 times (x 72B)
Class jdk.internal.jimage.BasicImageReader$1                                          : loaded 2 times (x 75B)
Class org.gradle.api.Action                                                           : loaded 2 times (x 68B)
Class org.jetbrains.kotlin.idea.gradleTooling.model.samWithReceiver.SamWithReceiverModel: loaded 2 times (x 68B)
Class org.jetbrains.plugins.gradle.model.ExternalProject                              : loaded 2 times (x 68B)
Class org.jetbrains.plugins.gradle.model.IntelliJSettings                             : loaded 2 times (x 68B)
Class jdk.internal.jimage.ImageBufferCache$1                                          : loaded 2 times (x 78B)
Class jdk.internal.jimage.ImageBufferCache$2                                          : loaded 2 times (x 89B)
Class org.jetbrains.kotlin.idea.gradleTooling.KotlinMPPGradleModel                    : loaded 2 times (x 68B)
Class org.gradle.api.internal.DefaultClassPathProvider                                : loaded 2 times (x 74B)
Class org.gradle.internal.installation.GradleInstallation$1                           : loaded 2 times (x 73B)
Class jdk.internal.jrtfs.SystemImage$1                                                : loaded 2 times (x 76B)
Class jdk.internal.jrtfs.SystemImage$2                                                : loaded 2 times (x 74B)
Class org.gradle.internal.exceptions.DefaultMultiCauseException                       : loaded 2 times (x 93B)
Class org.gradle.tooling.model.UnsupportedMethodException                             : loaded 2 times (x 80B)
Class org.gradle.internal.time.MonotonicClock                                         : loaded 2 times (x 75B)
Class org.gradle.internal.classloader.FilteringClassLoader                            : loaded 2 times (x 103B)
Class jdk.internal.jimage.ImageReader$Resource                                        : loaded 2 times (x 82B)
Class jdk.internal.jrtfs.SystemImage                                                  : loaded 2 times (x 72B)
Class org.gradle.tooling.model.Model                                                  : loaded 2 times (x 68B)
Class org.gradle.internal.classpath.DefaultClassPath$ImmutableUniqueList$Builder      : loaded 2 times (x 73B)
Class org.jetbrains.kotlin.idea.gradleTooling.KotlinSourceSetContainer                : loaded 2 times (x 68B)
Class jdk.internal.jrtfs.JrtDirectoryStream$1                                         : loaded 2 times (x 81B)
Class org.gradle.internal.classloader.ClassLoaderVisitor                              : loaded 2 times (x 74B)
Class org.gradle.internal.time.DefaultCountdownTimer                                  : loaded 2 times (x 86B)
Class org.gradle.internal.service.DefaultServiceLocator                               : loaded 2 times (x 81B)
Class org.jetbrains.plugins.gradle.model.jar.JarTaskManifestConfiguration             : loaded 2 times (x 68B)
Class org.gradle.internal.service.UnknownServiceException                             : loaded 2 times (x 81B)
Class sync_studio_tooling450_erormwf308x7wga2g7qql233u                                : loaded 2 times (x 177B)
Class org.jetbrains.plugins.gradle.model.DependencyAccessorsModel                     : loaded 2 times (x 68B)
Class org.gradle.internal.classloader.DefaultClassLoaderFactory                       : loaded 2 times (x 80B)
Class jdk.internal.jimage.ImageReader$SharedImageReader                               : loaded 2 times (x 93B)
Class org.jetbrains.plugins.gradle.model.GradleExtensions                             : loaded 2 times (x 68B)
Class ijInit1_hlxn2fwbzuh880dv45wee00c                                                : loaded 2 times (x 177B)
Class jdk.internal.jimage.decompressor.ZipDecompressorFactory                         : loaded 2 times (x 72B)
Class org.jetbrains.plugins.gradle.model.VersionCatalogsModel                         : loaded 2 times (x 68B)
Class org.gradle.internal.classloader.VisitableURLClassLoader$Spec                    : loaded 2 times (x 72B)
Class org.gradle.tooling.model.ProjectModel                                           : loaded 2 times (x 68B)
Class org.jetbrains.plugins.gradle.model.MavenRepositoryModel                         : loaded 2 times (x 68B)
Class org.gradle.tooling.internal.gradle.DefaultProjectIdentifier                     : loaded 2 times (x 84B)
Class org.gradle.util.GradleVersion                                                   : loaded 2 times (x 81B)
Class org.jetbrains.plugins.gradle.model.RepositoriesModel                            : loaded 2 times (x 68B)
Class kotlin.jvm.internal.markers.KMappedMarker                                       : loaded 2 times (x 68B)
Class org.gradle.api.internal.ClassPathProvider                                       : loaded 2 times (x 68B)
Class org.gradle.internal.classloader.ClasspathUtil$1                                 : loaded 2 times (x 74B)
Class org.gradle.internal.classloader.ClassLoaderFactory                              : loaded 2 times (x 68B)
Class jdk.internal.jimage.ImageHeader                                                 : loaded 2 times (x 69B)
Class org.gradle.api.internal.classpath.ManifestUtil                                  : loaded 2 times (x 69B)
Class org.gradle.api.specs.Spec                                                       : loaded 2 times (x 68B)
Class org.gradle.tooling.internal.gradle.GradleBuildIdentity                          : loaded 2 times (x 68B)
Class org.gradle.internal.IoActions                                                   : loaded 2 times (x 69B)
Class jdk.internal.jimage.decompressor.StringSharingDecompressorFactory               : loaded 2 times (x 72B)
Class org.gradle.api.internal.classpath.EffectiveClassPath                            : loaded 2 times (x 88B)
Class kotlin.jvm.internal.DefaultConstructorMarker                                    : loaded 2 times (x 69B)
Class org.gradle.internal.exceptions.ResolutionProvider                               : loaded 2 times (x 68B)
Class org.jetbrains.kotlin.idea.gradleTooling.model.annotation.AnnotationBasedPluginModel: loaded 2 times (x 68B)
Class org.jetbrains.kotlin.idea.gradleTooling.model.assignment.AssignmentModel        : loaded 2 times (x 68B)
Class org.gradle.internal.installation.CurrentGradleInstallation                      : loaded 2 times (x 71B)
Class org.gradle.internal.agents.InstrumentingClassLoader                             : loaded 2 times (x 68B)
Class org.gradle.internal.installation.CurrentGradleInstallationLocator               : loaded 2 times (x 69B)
Class org.gradle.api.internal.classpath.Module                                        : loaded 2 times (x 68B)
Class org.gradle.internal.service.CachingServiceLocator                               : loaded 2 times (x 80B)
Class org.gradle.internal.time.Timer                                                  : loaded 2 times (x 68B)
Class org.jetbrains.plugins.gradle.model.tests.ExternalTestsModel                     : loaded 2 times (x 68B)
Class org.jetbrains.kotlin.idea.gradleTooling.KotlinDslScriptAdditionalTask           : loaded 2 times (x 68B)
Class org.gradle.internal.classpath.DefaultClassPath                                  : loaded 2 times (x 88B)
Class jdk.internal.jimage.BasicImageReader                                            : loaded 2 times (x 93B)
Class com.intellij.openapi.externalSystem.model.project.dependencies.ProjectDependencies: loaded 2 times (x 68B)
Class org.jetbrains.kotlin.idea.gradleTooling.PrepareKotlinIdeImportTaskModel         : loaded 2 times (x 68B)
Class jdk.internal.jimage.ImageLocation                                               : loaded 2 times (x 88B)
Class org.gradle.internal.impldep.com.google.common.base.Preconditions                : loaded 2 times (x 69B)
Class kotlin.jvm.functions.Function1                                                  : loaded 2 times (x 68B)
Class jdk.internal.jimage.ImageReader$Node                                            : loaded 2 times (x 82B)
Class org.gradle.internal.time.Time                                                   : loaded 2 times (x 69B)
Class jdk.internal.jimage.decompressor.CompressedResourceHeader                       : loaded 2 times (x 69B)
Class org.gradle.internal.time.TimeSource$1                                           : loaded 2 times (x 75B)
Class jdk.internal.jrtfs.JrtPath                                                      : loaded 2 times (x 116B)
Class jdk.internal.jimage.ImageStrings                                                : loaded 2 times (x 68B)
Class jdk.internal.jrtfs.JrtFileAttributes                                            : loaded 2 times (x 81B)
Class org.gradle.internal.classloader.SystemClassLoaderSpec                           : loaded 2 times (x 69B)
Class jdk.internal.jimage.decompressor.ResourceDecompressorRepository                 : loaded 2 times (x 69B)
Class sync_studio_tooling450_erormwf308x7wga2g7qql233u$_run_closure1                  : loaded 2 times (x 137B)
Class kotlin.Function                                                                 : loaded 2 times (x 68B)
Class org.gradle.api.UncheckedIOException                                             : loaded 2 times (x 80B)
Class jdk.internal.jimage.decompressor.ResourceDecompressor$StringsProvider           : loaded 2 times (x 68B)
Class org.gradle.api.internal.classpath.ModuleRegistry                                : loaded 2 times (x 68B)
Class jdk.internal.jimage.decompressor.Decompressor                                   : loaded 2 times (x 70B)
Class jdk.internal.jrtfs.JrtFileSystem                                                : loaded 2 times (x 100B)
Class org.gradle.tooling.internal.gradle.GradleProjectIdentity                        : loaded 2 times (x 68B)
Class jdk.internal.jrtfs.JrtFileSystemProvider                                        : loaded 2 times (x 97B)
Class org.gradle.internal.time.CountdownTimer                                         : loaded 2 times (x 68B)
Class org.gradle.internal.time.Clock                                                  : loaded 2 times (x 68B)
Class org.gradle.internal.classloader.ClasspathUtil                                   : loaded 2 times (x 69B)
Class jdk.internal.jrtfs.JrtDirectoryStream                                           : loaded 2 times (x 87B)
Class org.gradle.tooling.model.BuildIdentifier                                        : loaded 2 times (x 68B)
Class jdk.internal.jimage.decompressor.ResourceDecompressor                           : loaded 2 times (x 68B)
Class org.gradle.api.internal.DefaultClassPathRegistry                                : loaded 2 times (x 74B)
Class org.gradle.api.internal.classpath.DefaultModuleRegistry$DefaultModule           : loaded 2 times (x 84B)
Class org.gradle.internal.time.TimeSource                                             : loaded 2 times (x 68B)
Class org.jetbrains.kotlin.android.synthetic.idea.AndroidExtensionsGradleModel        : loaded 2 times (x 68B)
Class org.gradle.api.internal.classpath.UnknownModuleException                        : loaded 2 times (x 80B)
Class org.jetbrains.plugins.gradle.model.IntelliJProjectSettings                      : loaded 2 times (x 68B)
Class org.gradle.internal.service.ServiceLookupException                              : loaded 2 times (x 80B)
Class jdk.internal.jimage.ImageStringsReader                                          : loaded 2 times (x 78B)
Class org.gradle.cache.GlobalCache                                                    : loaded 2 times (x 68B)
Class jdk.internal.jimage.decompressor.ResourceDecompressorFactory                    : loaded 2 times (x 72B)
Class org.jetbrains.kotlin.idea.gradleTooling.model.lombok.LombokModel                : loaded 2 times (x 68B)
Class org.gradle.tooling.model.ProjectIdentifier                                      : loaded 2 times (x 68B)
Class [Lorg.gradle.api.internal.ClassPathProvider;                                    : loaded 2 times (x 67B)
Class jdk.internal.jimage.ImageReader$SharedImageReader$LocationVisitor               : loaded 2 times (x 68B)
Class org.gradle.internal.operations.MultipleBuildOperationFailures                   : loaded 2 times (x 93B)
Class org.gradle.util.internal.GUtil                                                  : loaded 2 times (x 69B)
Class jdk.internal.jimage.decompressor.ZipDecompressor                                : loaded 2 times (x 73B)
Class org.jetbrains.plugins.gradle.model.AnnotationProcessingModel                    : loaded 2 times (x 68B)
Class org.gradle.internal.classloader.ClassLoaderSpec                                 : loaded 2 times (x 69B)
Class org.gradle.internal.classloader.VisitableURLClassLoader                         : loaded 2 times (x 115B)
Class org.gradle.internal.installation.GradleInstallation                             : loaded 2 times (x 73B)
Class org.gradle.api.internal.ClassPathRegistry                                       : loaded 2 times (x 68B)
Class org.gradle.internal.classloader.VisitableURLClassLoader$InstrumentingVisitableURLClassLoader: loaded 2 times (x 121B)
Class org.gradle.internal.classloader.ClassLoaderHierarchy                            : loaded 2 times (x 68B)
Class org.gradle.internal.exceptions.MultiCauseException                              : loaded 2 times (x 68B)
Class jdk.internal.jimage.ImageReader                                                 : loaded 2 times (x 73B)
Class org.jetbrains.kotlin.idea.gradleTooling.model.parcelize.ParcelizeGradleModel    : loaded 2 times (x 68B)
Class org.gradle.internal.InternalTransformer                                         : loaded 2 times (x 68B)
Class org.jetbrains.kotlin.idea.gradleTooling.model.noarg.NoArgModel                  : loaded 2 times (x 68B)
Class org.jetbrains.kotlin.idea.gradleTooling.KotlinGradleModel                       : loaded 2 times (x 68B)
Class org.gradle.tooling.internal.gradle.DefaultBuildIdentifier                       : loaded 2 times (x 77B)
Class org.gradle.internal.service.ServiceLocator                                      : loaded 2 times (x 68B)
Class Settings_gradle$1                                                               : loaded 2 times (x 72B)
Class org.jetbrains.kotlin.idea.gradleTooling.model.allopen.AllOpenModel              : loaded 2 times (x 68B)
Class org.gradle.internal.classpath.DefaultClassPath$ImmutableUniqueList              : loaded 2 times (x 159B)
Class jdk.internal.jimage.ImageBufferCache                                            : loaded 2 times (x 69B)
Class org.gradle.internal.time.DefaultTimer                                           : loaded 2 times (x 78B)
Class org.gradle.internal.classpath.TransformedClassPath                              : loaded 2 times (x 94B)
Class Settings_gradle                                                                 : loaded 2 times (x 126B)
Class jdk.internal.jimage.ImageReader$Directory                                       : loaded 2 times (x 82B)


---------------  S Y S T E M  ---------------

OS:
 Windows 10 , 64 bit Build 19041 (10.0.19041.4842)
OS uptime: 2 days 23:09 hours
Hyper-V role detected

CPU: total 4 (initial active 4) (2 cores per cpu, 2 threads per core) family 6 model 60 stepping 3 microcode 0x27, cx8, cmov, fxsr, ht, mmx, sse, sse2, sse3, ssse3, sse4.1, sse4.2, popcnt, lzcnt, tsc, tscinvbit, avx, avx2, aes, erms, clmul, bmi1, bmi2, fma, vzeroupper, clflush, hv
Processor Information for all 4 processors :
  Max Mhz: 2601, Current Mhz: 2600, Mhz Limit: 2574

Memory: 4k page, system-wide physical 4009M (354M free)
TotalPageFile size 12686M (AvailPageFile size 17M)
current process WorkingSet (physical memory assigned to process): 378M, peak: 378M
current process commit charge ("private bytes"): 503M, peak: 521M

vm_info: OpenJDK 64-Bit Server VM (17.0.11+0--11852314) for windows-amd64 JRE (17.0.11+0--11852314), built on May 16 2024 21:29:20 by "androidbuild" with MS VC++ 16.10 / 16.11 (VS2019)

END.
