#
# There is insufficient memory for the Java Runtime Environment to continue.
# Native memory allocation (mmap) failed to map 84934656 bytes. Error detail: G1 virtual space
# Possible reasons:
#   The system is out of physical RAM or swap space
#   This process is running with CompressedOops enabled, and the Java Heap may be blocking the growth of the native heap
# Possible solutions:
#   Reduce memory load on the system
#   Increase physical memory or swap space
#   Check if swap backing store is full
#   Decrease Java heap size (-Xmx/-Xms)
#   Decrease number of Java threads
#   Decrease Java thread stack sizes (-Xss)
#   Set larger code cache with -XX:ReservedCodeCacheSize=
#   JVM is running with Unscaled Compressed Oops mode in which the Java heap is
#     placed in the first 4GB address space. The Java Heap base address is the
#     maximum limit for the native heap growth. Please use -XX:HeapBaseMinAddress
#     to set the Java Heap base and to place the Java Heap above 4GB virtual address.
# This output file may be truncated or incomplete.
#
#  Out of Memory Error (os_windows.cpp:3825), pid=4276, tid=14568
#
# JRE version: OpenJDK Runtime Environment (17.0.11) (build 17.0.11+0--11852314)
# Java VM: OpenJDK 64-Bit Server VM (17.0.11+0--11852314, mixed mode, tiered, compressed oops, compressed class ptrs, g1 gc, windows-amd64)
# No core dump will be written. Minidumps are not enabled by default on client versions of Windows
#

---------------  S U M M A R Y ------------

Command Line: --add-opens=java.base/java.util=ALL-UNNAMED --add-opens=java.base/java.lang=ALL-UNNAMED --add-opens=java.base/java.lang.invoke=ALL-UNNAMED --add-opens=java.prefs/java.util.prefs=ALL-UNNAMED --add-opens=java.base/java.nio.charset=ALL-UNNAMED --add-opens=java.base/java.net=ALL-UNNAMED --add-opens=java.base/java.util.concurrent.atomic=ALL-UNNAMED -Xmx2048m -Dfile.encoding=UTF-8 -Duser.country=US -Duser.language=en -Duser.variant -javaagent:C:\Users\Com\Downloads\gradle-8.10-bin\gradle-8.10\wrapper\dists\gradle-8.7-bin\bhs2wmbdwecv87pi65oeuq5iu\gradle-8.7\lib\agents\gradle-instrumentation-agent-8.7.jar org.gradle.launcher.daemon.bootstrap.GradleDaemon 8.7

Host: Intel(R) Core(TM) i5-4210M CPU @ 2.60GHz, 4 cores, 3G,  Windows 10 , 64 bit Build 19041 (10.0.19041.4842)
Time: Mon Sep 23 00:24:48 2024 Pacific Daylight Time elapsed time: 19.639510 seconds (0d 0h 0m 19s)

---------------  T H R E A D  ---------------

Current thread (0x000001a443b93100):  VMThread "VM Thread" [stack: 0x00000075cae00000,0x00000075caf00000] [id=14568]

Stack: [0x00000075cae00000,0x00000075caf00000]
Native frames: (J=compiled Java code, j=interpreted, Vv=VM code, C=native code)
V  [jvm.dll+0x687bb9]
V  [jvm.dll+0x84142a]
V  [jvm.dll+0x8430ae]
V  [jvm.dll+0x843713]
V  [jvm.dll+0x24a35f]
V  [jvm.dll+0x684989]
V  [jvm.dll+0x67923a]
V  [jvm.dll+0x30af0b]
V  [jvm.dll+0x3123b6]
V  [jvm.dll+0x361dfe]
V  [jvm.dll+0x36202f]
V  [jvm.dll+0x2e0d38]
V  [jvm.dll+0x2df144]
V  [jvm.dll+0x2de74c]
V  [jvm.dll+0x32305b]
V  [jvm.dll+0x847e0b]
V  [jvm.dll+0x848b42]
V  [jvm.dll+0x84905d]
V  [jvm.dll+0x849434]
V  [jvm.dll+0x849500]
V  [jvm.dll+0x7efa4a]
V  [jvm.dll+0x686a35]
C  [ucrtbase.dll+0x21bb2]
C  [KERNEL32.DLL+0x17374]
C  [ntdll.dll+0x4cc91]

VM_Operation (0x00000075cc5ee170): G1CollectForAllocation, mode: safepoint, requested by thread 0x000001a449850b60


---------------  P R O C E S S  ---------------

Threads class SMR info:
_java_thread_list=0x000001a44b9d6610, length=48, elements={
0x000001a42a5de970, 0x000001a443b968d0, 0x000001a443bcbba0, 0x000001a443bf0c40,
0x000001a443bf3230, 0x000001a443bf3710, 0x000001a443bf3bf0, 0x000001a443bf4810,
0x000001a443bfc170, 0x000001a443bfce30, 0x000001a448131b80, 0x000001a4482d1d70,
0x000001a448ab5050, 0x000001a44900cc00, 0x000001a44a1c5080, 0x000001a449c15030,
0x000001a44a93b960, 0x000001a4498d78a0, 0x000001a449850b60, 0x000001a448f0ff60,
0x000001a448f0fa50, 0x000001a448f127e0, 0x000001a448f10470, 0x000001a448f10e90,
0x000001a448f10980, 0x000001a448f113a0, 0x000001a448f0f030, 0x000001a448f118b0,
0x000001a448f11dc0, 0x000001a448f122d0, 0x000001a44a857ef0, 0x000001a44a8579e0,
0x000001a44a859330, 0x000001a44a858400, 0x000001a44a85c0c0, 0x000001a44a85b6a0,
0x000001a44a85a770, 0x000001a44a858e20, 0x000001a44a859d50, 0x000001a44a85bbb0,
0x000001a44a85c5d0, 0x000001a44a85cae0, 0x000001a44a856fc0, 0x000001a44a85cff0,
0x000001a44a85a260, 0x000001a44a85ac80, 0x000001a44a85d500, 0x000001a44a85b190
}

Java Threads: ( => current thread )
  0x000001a42a5de970 JavaThread "main" [_thread_blocked, id=4548, stack(0x00000075ca800000,0x00000075ca900000)]
  0x000001a443b968d0 JavaThread "Reference Handler" daemon [_thread_blocked, id=2248, stack(0x00000075caf00000,0x00000075cb000000)]
  0x000001a443bcbba0 JavaThread "Finalizer" daemon [_thread_blocked, id=76, stack(0x00000075cb000000,0x00000075cb100000)]
  0x000001a443bf0c40 JavaThread "Signal Dispatcher" daemon [_thread_blocked, id=6792, stack(0x00000075cb100000,0x00000075cb200000)]
  0x000001a443bf3230 JavaThread "Attach Listener" daemon [_thread_blocked, id=11800, stack(0x00000075cb200000,0x00000075cb300000)]
  0x000001a443bf3710 JavaThread "Service Thread" daemon [_thread_blocked, id=7540, stack(0x00000075cb300000,0x00000075cb400000)]
  0x000001a443bf3bf0 JavaThread "Monitor Deflation Thread" daemon [_thread_blocked, id=13660, stack(0x00000075cb400000,0x00000075cb500000)]
  0x000001a443bf4810 JavaThread "C2 CompilerThread0" daemon [_thread_blocked, id=12132, stack(0x00000075cb500000,0x00000075cb600000)]
  0x000001a443bfc170 JavaThread "C1 CompilerThread0" daemon [_thread_blocked, id=5292, stack(0x00000075cb600000,0x00000075cb700000)]
  0x000001a443bfce30 JavaThread "Sweeper thread" daemon [_thread_blocked, id=11768, stack(0x00000075cb700000,0x00000075cb800000)]
  0x000001a448131b80 JavaThread "Common-Cleaner" daemon [_thread_blocked, id=4140, stack(0x00000075cb800000,0x00000075cb900000)]
  0x000001a4482d1d70 JavaThread "Notification Thread" daemon [_thread_blocked, id=7368, stack(0x00000075cba00000,0x00000075cbb00000)]
  0x000001a448ab5050 JavaThread "Daemon health stats" [_thread_blocked, id=10680, stack(0x00000075cbf00000,0x00000075cc000000)]
  0x000001a44900cc00 JavaThread "Incoming local TCP Connector on port 52563" [_thread_in_native, id=7884, stack(0x00000075cc000000,0x00000075cc100000)]
  0x000001a44a1c5080 JavaThread "Daemon periodic checks" [_thread_blocked, id=12304, stack(0x00000075cc100000,0x00000075cc200000)]
  0x000001a449c15030 JavaThread "Daemon" [_thread_blocked, id=6532, stack(0x00000075cc200000,0x00000075cc300000)]
  0x000001a44a93b960 JavaThread "Handler for socket connection from /127.0.0.1:52563 to /127.0.0.1:52564" [_thread_in_native, id=7800, stack(0x00000075cc300000,0x00000075cc400000)]
  0x000001a4498d78a0 JavaThread "Cancel handler" [_thread_blocked, id=13268, stack(0x00000075cc400000,0x00000075cc500000)]
  0x000001a449850b60 JavaThread "Daemon worker" [_thread_blocked, id=13688, stack(0x00000075cc500000,0x00000075cc600000)]
  0x000001a448f0ff60 JavaThread "Asynchronous log dispatcher for DefaultDaemonConnection: socket connection from /127.0.0.1:52563 to /127.0.0.1:52564" [_thread_blocked, id=456, stack(0x00000075cc600000,0x00000075cc700000)]
  0x000001a448f0fa50 JavaThread "Stdin handler" [_thread_blocked, id=13824, stack(0x00000075cc700000,0x00000075cc800000)]
  0x000001a448f127e0 JavaThread "Daemon client event forwarder" [_thread_blocked, id=7536, stack(0x00000075cc800000,0x00000075cc900000)]
  0x000001a448f10470 JavaThread "Cache worker for journal cache (C:\Users\Com\Downloads\gradle-8.10-bin\gradle-8.10\caches\journal-1)" [_thread_blocked, id=13832, stack(0x00000075cc900000,0x00000075cca00000)]
  0x000001a448f10e90 JavaThread "File lock request listener" [_thread_in_native, id=13300, stack(0x00000075cca00000,0x00000075ccb00000)]
  0x000001a448f10980 JavaThread "Cache worker for file hash cache (C:\Users\Com\Downloads\gradle-8.10-bin\gradle-8.10\caches\8.7\fileHashes)" [_thread_blocked, id=6628, stack(0x00000075ccb00000,0x00000075ccc00000)]
  0x000001a448f113a0 JavaThread "Cache worker for file hash cache (D:\DemoApi\.gradle\8.7\fileHashes)" [_thread_blocked, id=15120, stack(0x00000075ccc00000,0x00000075ccd00000)]
  0x000001a448f0f030 JavaThread "File watcher server" daemon [_thread_blocked, id=12188, stack(0x00000075ccd00000,0x00000075cce00000)]
  0x000001a448f118b0 JavaThread "File watcher consumer" daemon [_thread_blocked, id=2196, stack(0x00000075cce00000,0x00000075ccf00000)]
  0x000001a448f11dc0 JavaThread "jar transforms" [_thread_blocked, id=5024, stack(0x00000075ccf00000,0x00000075cd000000)]
  0x000001a448f122d0 JavaThread "jar transforms Thread 2" [_thread_blocked, id=10164, stack(0x00000075cd000000,0x00000075cd100000)]
  0x000001a44a857ef0 JavaThread "jar transforms Thread 3" [_thread_blocked, id=6840, stack(0x00000075cd100000,0x00000075cd200000)]
  0x000001a44a8579e0 JavaThread "jar transforms Thread 4" [_thread_blocked, id=3832, stack(0x00000075cd200000,0x00000075cd300000)]
  0x000001a44a859330 JavaThread "Cache worker for checksums cache (D:\DemoApi\.gradle\8.7\checksums)" [_thread_blocked, id=5852, stack(0x00000075cd300000,0x00000075cd400000)]
  0x000001a44a858400 JavaThread "Cache worker for cache directory md-supplier (C:\Users\Com\Downloads\gradle-8.10-bin\gradle-8.10\caches\8.7\md-supplier)" [_thread_blocked, id=14312, stack(0x00000075cd400000,0x00000075cd500000)]
  0x000001a44a85c0c0 JavaThread "Cache worker for cache directory md-rule (C:\Users\Com\Downloads\gradle-8.10-bin\gradle-8.10\caches\8.7\md-rule)" [_thread_blocked, id=4524, stack(0x00000075cd500000,0x00000075cd600000)]
  0x000001a44a85b6a0 JavaThread "Cache worker for file content cache (C:\Users\Com\Downloads\gradle-8.10-bin\gradle-8.10\caches\8.7\fileContent)" [_thread_blocked, id=380, stack(0x00000075cd600000,0x00000075cd700000)]
  0x000001a44a85a770 JavaThread "Unconstrained build operations" [_thread_blocked, id=11680, stack(0x00000075cd700000,0x00000075cd800000)]
  0x000001a44a858e20 JavaThread "Unconstrained build operations Thread 2" [_thread_blocked, id=9608, stack(0x00000075cd800000,0x00000075cd900000)]
  0x000001a44a859d50 JavaThread "Unconstrained build operations Thread 3" [_thread_blocked, id=7332, stack(0x00000075cd900000,0x00000075cda00000)]
  0x000001a44a85bbb0 JavaThread "Unconstrained build operations Thread 4" [_thread_blocked, id=7440, stack(0x00000075cda00000,0x00000075cdb00000)]
  0x000001a44a85c5d0 JavaThread "Unconstrained build operations Thread 5" [_thread_blocked, id=2892, stack(0x00000075cdb00000,0x00000075cdc00000)]
  0x000001a44a85cae0 JavaThread "Cache worker for Build Output Cleanup Cache (D:\DemoApi\.gradle\buildOutputCleanup)" [_thread_blocked, id=5832, stack(0x00000075cdc00000,0x00000075cdd00000)]
  0x000001a44a856fc0 JavaThread "Unconstrained build operations Thread 6" [_thread_blocked, id=4176, stack(0x00000075cdd00000,0x00000075cde00000)]
  0x000001a44a85cff0 JavaThread "Unconstrained build operations Thread 7" [_thread_blocked, id=9764, stack(0x00000075cde00000,0x00000075cdf00000)]
  0x000001a44a85a260 JavaThread "Unconstrained build operations Thread 8" [_thread_blocked, id=13872, stack(0x00000075cdf00000,0x00000075ce000000)]
  0x000001a44a85ac80 JavaThread "Unconstrained build operations Thread 9" [_thread_blocked, id=12212, stack(0x00000075ce000000,0x00000075ce100000)]
  0x000001a44a85d500 JavaThread "Unconstrained build operations Thread 10" [_thread_blocked, id=8320, stack(0x00000075ce100000,0x00000075ce200000)]
  0x000001a44a85b190 JavaThread "Unconstrained build operations Thread 11" [_thread_blocked, id=11012, stack(0x00000075ce200000,0x00000075ce300000)]

Other Threads:
=>0x000001a443b93100 VMThread "VM Thread" [stack: 0x00000075cae00000,0x00000075caf00000] [id=14568]
  0x000001a4482d3660 WatcherThread [stack: 0x00000075cbb00000,0x00000075cbc00000] [id=10416]
  0x000001a42a63ad90 GCTaskThread "GC Thread#0" [stack: 0x00000075ca900000,0x00000075caa00000] [id=11636]
  0x000001a44869ec90 GCTaskThread "GC Thread#1" [stack: 0x00000075cbc00000,0x00000075cbd00000] [id=1480]
  0x000001a4483fe8e0 GCTaskThread "GC Thread#2" [stack: 0x00000075cbd00000,0x00000075cbe00000] [id=10752]
  0x000001a4483fe340 GCTaskThread "GC Thread#3" [stack: 0x00000075cbe00000,0x00000075cbf00000] [id=1268]
  0x000001a42a64bbf0 ConcurrentGCThread "G1 Main Marker" [stack: 0x00000075caa00000,0x00000075cab00000] [id=8316]
  0x000001a42a64c520 ConcurrentGCThread "G1 Conc#0" [stack: 0x00000075cab00000,0x00000075cac00000] [id=10512]
  0x000001a42a69a790 ConcurrentGCThread "G1 Refine#0" [stack: 0x00000075cac00000,0x00000075cad00000] [id=13416]
  0x000001a42a69c0e0 ConcurrentGCThread "G1 Service" [stack: 0x00000075cad00000,0x00000075cae00000] [id=6756]

Threads with active compile tasks:

VM state: at safepoint (normal execution)

VM Mutex/Monitor currently owned by a thread:  ([mutex/lock_event])
[0x000001a42a5db5d0] Threads_lock - owner thread: 0x000001a443b93100
[0x000001a42a5db8a0] Heap_lock - owner thread: 0x000001a449850b60

Heap address: 0x0000000080000000, size: 2048 MB, Compressed Oops mode: 32-bit

CDS archive(s) not mapped
Compressed class space mapped at: 0x0000000100000000-0x0000000140000000, reserved size: 1073741824
Narrow klass base: 0x0000000000000000, Narrow klass shift: 3, Narrow klass range: 0x140000000

GC Precious Log:
 CPUs: 4 total, 4 available
 Memory: 4009M
 Large Page Support: Disabled
 NUMA Support: Disabled
 Compressed Oops: Enabled (32-bit)
 Heap Region Size: 1M
 Heap Min Capacity: 8M
 Heap Initial Capacity: 64M
 Heap Max Capacity: 2G
 Pre-touch: Disabled
 Parallel Workers: 4
 Concurrent Workers: 1
 Concurrent Refinement Workers: 4
 Periodic GC: Disabled

Heap:
 garbage-first heap   total 147456K, used 79872K [0x0000000080000000, 0x0000000100000000)
  region size 1024K, 1 young (1024K), 1 survivors (1024K)
 Metaspace       used 77099K, committed 77760K, reserved 1179648K
  class space    used 10918K, committed 11200K, reserved 1048576K

Heap Regions: E=young(eden), S=young(survivor), O=old, HS=humongous(starts), HC=humongous(continues), CS=collection set, F=free, OA=open archive, CA=closed archive, TAMS=top-at-mark-start (previous, next)
|   0|0x0000000080000000, 0x0000000080100000, 0x0000000080100000|100%|HS|  |TAMS 0x0000000080100000, 0x0000000080100000| Complete 
|   1|0x0000000080100000, 0x0000000080200000, 0x0000000080200000|100%|HC|  |TAMS 0x0000000080200000, 0x0000000080200000| Complete 
|   2|0x0000000080200000, 0x0000000080300000, 0x0000000080300000|100%|HC|  |TAMS 0x0000000080300000, 0x0000000080300000| Complete 
|   3|0x0000000080300000, 0x0000000080400000, 0x0000000080400000|100%|HC|  |TAMS 0x0000000080400000, 0x0000000080400000| Complete 
|   4|0x0000000080400000, 0x0000000080500000, 0x0000000080500000|100%| O|  |TAMS 0x0000000080500000, 0x0000000080500000| Untracked 
|   5|0x0000000080500000, 0x0000000080600000, 0x0000000080600000|100%| O|  |TAMS 0x0000000080600000, 0x0000000080600000| Untracked 
|   6|0x0000000080600000, 0x0000000080700000, 0x0000000080700000|100%| O|  |TAMS 0x0000000080700000, 0x0000000080700000| Untracked 
|   7|0x0000000080700000, 0x0000000080800000, 0x0000000080800000|100%| O|  |TAMS 0x0000000080800000, 0x0000000080800000| Untracked 
|   8|0x0000000080800000, 0x0000000080900000, 0x0000000080900000|100%| O|  |TAMS 0x0000000080900000, 0x0000000080900000| Untracked 
|   9|0x0000000080900000, 0x0000000080a00000, 0x0000000080a00000|100%| O|  |TAMS 0x0000000080a00000, 0x0000000080a00000| Untracked 
|  10|0x0000000080a00000, 0x0000000080b00000, 0x0000000080b00000|100%| O|  |TAMS 0x0000000080b00000, 0x0000000080b00000| Untracked 
|  11|0x0000000080b00000, 0x0000000080c00000, 0x0000000080c00000|100%| O|  |TAMS 0x0000000080c00000, 0x0000000080c00000| Untracked 
|  12|0x0000000080c00000, 0x0000000080d00000, 0x0000000080d00000|100%| O|  |TAMS 0x0000000080d00000, 0x0000000080d00000| Untracked 
|  13|0x0000000080d00000, 0x0000000080e00000, 0x0000000080e00000|100%| O|  |TAMS 0x0000000080e00000, 0x0000000080e00000| Untracked 
|  14|0x0000000080e00000, 0x0000000080f00000, 0x0000000080f00000|100%| O|  |TAMS 0x0000000080f00000, 0x0000000080f00000| Untracked 
|  15|0x0000000080f00000, 0x0000000081000000, 0x0000000081000000|100%| O|  |TAMS 0x0000000081000000, 0x0000000081000000| Untracked 
|  16|0x0000000081000000, 0x0000000081100000, 0x0000000081100000|100%| O|  |TAMS 0x0000000081100000, 0x0000000081100000| Untracked 
|  17|0x0000000081100000, 0x0000000081200000, 0x0000000081200000|100%| O|  |TAMS 0x0000000081200000, 0x0000000081200000| Untracked 
|  18|0x0000000081200000, 0x0000000081300000, 0x0000000081300000|100%| O|  |TAMS 0x0000000081300000, 0x0000000081300000| Untracked 
|  19|0x0000000081300000, 0x0000000081400000, 0x0000000081400000|100%| O|  |TAMS 0x0000000081400000, 0x0000000081400000| Untracked 
|  20|0x0000000081400000, 0x0000000081500000, 0x0000000081500000|100%| O|  |TAMS 0x0000000081500000, 0x0000000081500000| Untracked 
|  21|0x0000000081500000, 0x0000000081600000, 0x0000000081600000|100%|HS|  |TAMS 0x0000000081600000, 0x0000000081600000| Complete 
|  22|0x0000000081600000, 0x0000000081700000, 0x0000000081700000|100%|HC|  |TAMS 0x0000000081700000, 0x0000000081700000| Complete 
|  23|0x0000000081700000, 0x0000000081800000, 0x0000000081800000|100%|HC|  |TAMS 0x0000000081800000, 0x0000000081800000| Complete 
|  24|0x0000000081800000, 0x0000000081900000, 0x0000000081900000|100%|HC|  |TAMS 0x0000000081900000, 0x0000000081900000| Complete 
|  25|0x0000000081900000, 0x0000000081a00000, 0x0000000081a00000|100%|HC|  |TAMS 0x0000000081a00000, 0x0000000081a00000| Complete 
|  26|0x0000000081a00000, 0x0000000081b00000, 0x0000000081b00000|100%|HS|  |TAMS 0x0000000081b00000, 0x0000000081b00000| Complete 
|  27|0x0000000081b00000, 0x0000000081c00000, 0x0000000081c00000|100%|HC|  |TAMS 0x0000000081c00000, 0x0000000081c00000| Complete 
|  28|0x0000000081c00000, 0x0000000081d00000, 0x0000000081d00000|100%|HC|  |TAMS 0x0000000081d00000, 0x0000000081d00000| Complete 
|  29|0x0000000081d00000, 0x0000000081e00000, 0x0000000081e00000|100%| O|  |TAMS 0x0000000081e00000, 0x0000000081e00000| Untracked 
|  30|0x0000000081e00000, 0x0000000081f00000, 0x0000000081f00000|100%| O|  |TAMS 0x0000000081f00000, 0x0000000081f00000| Untracked 
|  31|0x0000000081f00000, 0x0000000082000000, 0x0000000082000000|100%| O|  |TAMS 0x0000000082000000, 0x0000000082000000| Untracked 
|  32|0x0000000082000000, 0x0000000082100000, 0x0000000082100000|100%| O|  |TAMS 0x0000000082100000, 0x0000000082100000| Untracked 
|  33|0x0000000082100000, 0x0000000082200000, 0x0000000082200000|100%|HS|  |TAMS 0x0000000082200000, 0x0000000082200000| Complete 
|  34|0x0000000082200000, 0x0000000082300000, 0x0000000082300000|100%|HC|  |TAMS 0x0000000082300000, 0x0000000082300000| Complete 
|  35|0x0000000082300000, 0x0000000082400000, 0x0000000082400000|100%|HC|  |TAMS 0x0000000082400000, 0x0000000082400000| Complete 
|  36|0x0000000082400000, 0x0000000082500000, 0x0000000082500000|100%|HS|  |TAMS 0x0000000082500000, 0x0000000082500000| Complete 
|  37|0x0000000082500000, 0x0000000082600000, 0x0000000082600000|100%| O|  |TAMS 0x0000000082600000, 0x0000000082600000| Untracked 
|  38|0x0000000082600000, 0x0000000082700000, 0x0000000082700000|100%| O|  |TAMS 0x0000000082700000, 0x0000000082700000| Untracked 
|  39|0x0000000082700000, 0x0000000082800000, 0x0000000082800000|100%| O|  |TAMS 0x0000000082800000, 0x0000000082800000| Untracked 
|  40|0x0000000082800000, 0x0000000082900000, 0x0000000082900000|100%| O|  |TAMS 0x0000000082900000, 0x0000000082900000| Untracked 
|  41|0x0000000082900000, 0x0000000082a00000, 0x0000000082a00000|100%| O|  |TAMS 0x0000000082a00000, 0x0000000082a00000| Untracked 
|  42|0x0000000082a00000, 0x0000000082b00000, 0x0000000082b00000|100%| O|  |TAMS 0x0000000082b00000, 0x0000000082b00000| Untracked 
|  43|0x0000000082b00000, 0x0000000082c00000, 0x0000000082c00000|100%| O|  |TAMS 0x0000000082c00000, 0x0000000082c00000| Untracked 
|  44|0x0000000082c00000, 0x0000000082d00000, 0x0000000082d00000|100%| O|  |TAMS 0x0000000082d00000, 0x0000000082d00000| Untracked 
|  45|0x0000000082d00000, 0x0000000082e00000, 0x0000000082e00000|100%|HS|  |TAMS 0x0000000082e00000, 0x0000000082e00000| Complete 
|  46|0x0000000082e00000, 0x0000000082f00000, 0x0000000082f00000|100%|HC|  |TAMS 0x0000000082f00000, 0x0000000082f00000| Complete 
|  47|0x0000000082f00000, 0x0000000083000000, 0x0000000083000000|100%|HC|  |TAMS 0x0000000083000000, 0x0000000083000000| Complete 
|  48|0x0000000083000000, 0x0000000083100000, 0x0000000083100000|100%| O|  |TAMS 0x0000000083100000, 0x0000000083100000| Untracked 
|  49|0x0000000083100000, 0x0000000083200000, 0x0000000083200000|100%| O|  |TAMS 0x0000000083200000, 0x0000000083200000| Untracked 
|  50|0x0000000083200000, 0x0000000083300000, 0x0000000083300000|100%| O|  |TAMS 0x0000000083300000, 0x0000000083300000| Untracked 
|  51|0x0000000083300000, 0x0000000083400000, 0x0000000083400000|100%|HS|  |TAMS 0x0000000083400000, 0x0000000083400000| Complete 
|  52|0x0000000083400000, 0x0000000083500000, 0x0000000083500000|100%|HC|  |TAMS 0x0000000083500000, 0x0000000083500000| Complete 
|  53|0x0000000083500000, 0x0000000083600000, 0x0000000083600000|100%|HC|  |TAMS 0x0000000083600000, 0x0000000083600000| Complete 
|  54|0x0000000083600000, 0x0000000083700000, 0x0000000083700000|100%|HC|  |TAMS 0x0000000083700000, 0x0000000083700000| Complete 
|  55|0x0000000083700000, 0x0000000083800000, 0x0000000083800000|100%|HC|  |TAMS 0x0000000083800000, 0x0000000083800000| Complete 
|  56|0x0000000083800000, 0x0000000083900000, 0x0000000083900000|100%|HS|  |TAMS 0x0000000083900000, 0x0000000083900000| Complete 
|  57|0x0000000083900000, 0x0000000083a00000, 0x0000000083a00000|100%|HC|  |TAMS 0x0000000083a00000, 0x0000000083a00000| Complete 
|  58|0x0000000083a00000, 0x0000000083b00000, 0x0000000083b00000|100%|HC|  |TAMS 0x0000000083b00000, 0x0000000083b00000| Complete 
|  59|0x0000000083b00000, 0x0000000083c00000, 0x0000000083c00000|100%|HC|  |TAMS 0x0000000083c00000, 0x0000000083c00000| Complete 
|  60|0x0000000083c00000, 0x0000000083d00000, 0x0000000083d00000|100%|HC|  |TAMS 0x0000000083d00000, 0x0000000083d00000| Complete 
|  61|0x0000000083d00000, 0x0000000083e00000, 0x0000000083e00000|100%| O|  |TAMS 0x0000000083e00000, 0x0000000083e00000| Untracked 
|  62|0x0000000083e00000, 0x0000000083f00000, 0x0000000083f00000|100%| O|  |TAMS 0x0000000083f00000, 0x0000000083f00000| Untracked 
|  63|0x0000000083f00000, 0x0000000084000000, 0x0000000084000000|100%| O|  |TAMS 0x0000000084000000, 0x0000000084000000| Untracked 
|  64|0x0000000084000000, 0x0000000084000000, 0x0000000084100000|  0%| F|  |TAMS 0x0000000084000000, 0x0000000084000000| Untracked 
|  65|0x0000000084100000, 0x0000000084200000, 0x0000000084200000|100%| O|  |TAMS 0x0000000084200000, 0x0000000084200000| Untracked 
|  66|0x0000000084200000, 0x0000000084300000, 0x0000000084300000|100%| O|  |TAMS 0x0000000084300000, 0x0000000084300000| Untracked 
|  67|0x0000000084300000, 0x0000000084400000, 0x0000000084400000|100%| O|  |TAMS 0x0000000084400000, 0x0000000084400000| Untracked 
|  68|0x0000000084400000, 0x0000000084500000, 0x0000000084500000|100%| O|  |TAMS 0x0000000084500000, 0x0000000084500000| Untracked 
|  69|0x0000000084500000, 0x0000000084600000, 0x0000000084600000|100%| O|  |TAMS 0x0000000084507200, 0x0000000084600000| Untracked 
|  70|0x0000000084600000, 0x0000000084700000, 0x0000000084700000|100%| O|  |TAMS 0x0000000084600000, 0x0000000084700000| Untracked 
|  71|0x0000000084700000, 0x0000000084800000, 0x0000000084800000|100%| O|  |TAMS 0x0000000084700000, 0x0000000084800000| Untracked 
|  72|0x0000000084800000, 0x0000000084900000, 0x0000000084900000|100%| O|  |TAMS 0x0000000084800000, 0x0000000084900000| Untracked 
|  73|0x0000000084900000, 0x0000000084a00000, 0x0000000084a00000|100%| O|  |TAMS 0x0000000084900000, 0x0000000084a00000| Untracked 
|  74|0x0000000084a00000, 0x0000000084b00000, 0x0000000084b00000|100%| O|  |TAMS 0x0000000084a00000, 0x0000000084b00000| Untracked 
|  75|0x0000000084b00000, 0x0000000084c00000, 0x0000000084c00000|100%| O|  |TAMS 0x0000000084b00000, 0x0000000084c00000| Untracked 
|  76|0x0000000084c00000, 0x0000000084d00000, 0x0000000084d00000|100%| O|  |TAMS 0x0000000084c00000, 0x0000000084d00000| Untracked 
|  77|0x0000000084d00000, 0x0000000084e00000, 0x0000000084e00000|100%| O|  |TAMS 0x0000000084d00000, 0x0000000084e00000| Untracked 
|  78|0x0000000084e00000, 0x0000000084e00000, 0x0000000084f00000|  0%| F|  |TAMS 0x0000000084e00000, 0x0000000084e00000| Untracked 
|  79|0x0000000084f00000, 0x0000000084f00000, 0x0000000085000000|  0%| F|  |TAMS 0x0000000084f00000, 0x0000000084f00000| Untracked 
|  80|0x0000000085000000, 0x0000000085000000, 0x0000000085100000|  0%| F|  |TAMS 0x0000000085000000, 0x0000000085000000| Untracked 
|  81|0x0000000085100000, 0x0000000085100000, 0x0000000085200000|  0%| F|  |TAMS 0x0000000085100000, 0x0000000085100000| Untracked 
|  82|0x0000000085200000, 0x0000000085200000, 0x0000000085300000|  0%| F|  |TAMS 0x0000000085200000, 0x0000000085200000| Untracked 
|  83|0x0000000085300000, 0x0000000085300000, 0x0000000085400000|  0%| F|  |TAMS 0x0000000085300000, 0x0000000085300000| Untracked 
|  84|0x0000000085400000, 0x0000000085400000, 0x0000000085500000|  0%| F|  |TAMS 0x0000000085400000, 0x0000000085400000| Untracked 
|  85|0x0000000085500000, 0x0000000085500000, 0x0000000085600000|  0%| F|  |TAMS 0x0000000085500000, 0x0000000085500000| Untracked 
|  86|0x0000000085600000, 0x0000000085600000, 0x0000000085700000|  0%| F|  |TAMS 0x0000000085600000, 0x0000000085600000| Untracked 
|  87|0x0000000085700000, 0x0000000085700000, 0x0000000085800000|  0%| F|  |TAMS 0x0000000085700000, 0x0000000085700000| Untracked 
|  88|0x0000000085800000, 0x0000000085800000, 0x0000000085900000|  0%| F|  |TAMS 0x0000000085800000, 0x0000000085800000| Untracked 
|  89|0x0000000085900000, 0x0000000085900000, 0x0000000085a00000|  0%| F|  |TAMS 0x0000000085900000, 0x0000000085900000| Untracked 
|  90|0x0000000085a00000, 0x0000000085a00000, 0x0000000085b00000|  0%| F|  |TAMS 0x0000000085a00000, 0x0000000085a00000| Untracked 
|  91|0x0000000085b00000, 0x0000000085b00000, 0x0000000085c00000|  0%| F|  |TAMS 0x0000000085b00000, 0x0000000085b00000| Untracked 
|  92|0x0000000085c00000, 0x0000000085c00000, 0x0000000085d00000|  0%| F|  |TAMS 0x0000000085c00000, 0x0000000085c00000| Untracked 
|  93|0x0000000085d00000, 0x0000000085d00000, 0x0000000085e00000|  0%| F|  |TAMS 0x0000000085d00000, 0x0000000085d00000| Untracked 
|  94|0x0000000085e00000, 0x0000000085e00000, 0x0000000085f00000|  0%| F|  |TAMS 0x0000000085e00000, 0x0000000085e00000| Untracked 
|  95|0x0000000085f00000, 0x0000000085f00000, 0x0000000086000000|  0%| F|  |TAMS 0x0000000085f00000, 0x0000000085f00000| Untracked 
|  96|0x0000000086000000, 0x0000000086000000, 0x0000000086100000|  0%| F|  |TAMS 0x0000000086000000, 0x0000000086000000| Untracked 
|  97|0x0000000086100000, 0x0000000086100000, 0x0000000086200000|  0%| F|  |TAMS 0x0000000086100000, 0x0000000086100000| Untracked 
|  98|0x0000000086200000, 0x0000000086200000, 0x0000000086300000|  0%| F|  |TAMS 0x0000000086200000, 0x0000000086200000| Untracked 
|  99|0x0000000086300000, 0x0000000086300000, 0x0000000086400000|  0%| F|  |TAMS 0x0000000086300000, 0x0000000086300000| Untracked 
| 100|0x0000000086400000, 0x0000000086400000, 0x0000000086500000|  0%| F|  |TAMS 0x0000000086400000, 0x0000000086400000| Untracked 
| 101|0x0000000086500000, 0x0000000086500000, 0x0000000086600000|  0%| F|  |TAMS 0x0000000086500000, 0x0000000086500000| Untracked 
| 102|0x0000000086600000, 0x0000000086600000, 0x0000000086700000|  0%| F|  |TAMS 0x0000000086600000, 0x0000000086600000| Untracked 
| 103|0x0000000086700000, 0x0000000086700000, 0x0000000086800000|  0%| F|  |TAMS 0x0000000086700000, 0x0000000086700000| Untracked 
| 104|0x0000000086800000, 0x0000000086900000, 0x0000000086900000|100%| S|CS|TAMS 0x0000000086800000, 0x0000000086800000| Complete 
| 105|0x0000000086900000, 0x0000000086900000, 0x0000000086a00000|  0%| F|  |TAMS 0x0000000086900000, 0x0000000086900000| Untracked 
| 106|0x0000000086a00000, 0x0000000086a00000, 0x0000000086b00000|  0%| F|  |TAMS 0x0000000086a00000, 0x0000000086a00000| Untracked 
| 107|0x0000000086b00000, 0x0000000086b00000, 0x0000000086c00000|  0%| F|  |TAMS 0x0000000086b00000, 0x0000000086b00000| Untracked 
| 108|0x0000000086c00000, 0x0000000086c00000, 0x0000000086d00000|  0%| F|  |TAMS 0x0000000086c00000, 0x0000000086c00000| Untracked 
| 109|0x0000000086d00000, 0x0000000086d00000, 0x0000000086e00000|  0%| F|  |TAMS 0x0000000086d00000, 0x0000000086d00000| Untracked 
| 110|0x0000000086e00000, 0x0000000086e00000, 0x0000000086f00000|  0%| F|  |TAMS 0x0000000086e00000, 0x0000000086e00000| Untracked 
| 111|0x0000000086f00000, 0x0000000086f00000, 0x0000000087000000|  0%| F|  |TAMS 0x0000000086f00000, 0x0000000086f00000| Untracked 
| 112|0x0000000087000000, 0x0000000087000000, 0x0000000087100000|  0%| F|  |TAMS 0x0000000087000000, 0x0000000087000000| Untracked 
| 113|0x0000000087100000, 0x0000000087100000, 0x0000000087200000|  0%| F|  |TAMS 0x0000000087100000, 0x0000000087100000| Untracked 
| 114|0x0000000087200000, 0x0000000087200000, 0x0000000087300000|  0%| F|  |TAMS 0x0000000087200000, 0x0000000087200000| Untracked 
| 115|0x0000000087300000, 0x0000000087300000, 0x0000000087400000|  0%| F|  |TAMS 0x0000000087300000, 0x0000000087300000| Untracked 
| 116|0x0000000087400000, 0x0000000087400000, 0x0000000087500000|  0%| F|  |TAMS 0x0000000087400000, 0x0000000087400000| Untracked 
| 117|0x0000000087500000, 0x0000000087500000, 0x0000000087600000|  0%| F|  |TAMS 0x0000000087500000, 0x0000000087500000| Untracked 
| 118|0x0000000087600000, 0x0000000087600000, 0x0000000087700000|  0%| F|  |TAMS 0x0000000087600000, 0x0000000087600000| Untracked 
| 119|0x0000000087700000, 0x0000000087700000, 0x0000000087800000|  0%| F|  |TAMS 0x0000000087700000, 0x0000000087700000| Untracked 
| 120|0x0000000087800000, 0x0000000087800000, 0x0000000087900000|  0%| F|  |TAMS 0x0000000087800000, 0x0000000087800000| Untracked 
| 121|0x0000000087900000, 0x0000000087900000, 0x0000000087a00000|  0%| F|  |TAMS 0x0000000087900000, 0x0000000087900000| Untracked 
| 122|0x0000000087a00000, 0x0000000087a00000, 0x0000000087b00000|  0%| F|  |TAMS 0x0000000087a00000, 0x0000000087a00000| Untracked 
| 123|0x0000000087b00000, 0x0000000087b00000, 0x0000000087c00000|  0%| F|  |TAMS 0x0000000087b00000, 0x0000000087b00000| Untracked 
| 124|0x0000000087c00000, 0x0000000087c00000, 0x0000000087d00000|  0%| F|  |TAMS 0x0000000087c00000, 0x0000000087c00000| Untracked 
| 125|0x0000000087d00000, 0x0000000087d00000, 0x0000000087e00000|  0%| F|  |TAMS 0x0000000087d00000, 0x0000000087d00000| Untracked 
| 126|0x0000000087e00000, 0x0000000087e00000, 0x0000000087f00000|  0%| F|  |TAMS 0x0000000087e00000, 0x0000000087e00000| Untracked 
| 127|0x0000000087f00000, 0x0000000087f00000, 0x0000000088000000|  0%| F|  |TAMS 0x0000000087f00000, 0x0000000087f00000| Untracked 
| 128|0x0000000088000000, 0x0000000088000000, 0x0000000088100000|  0%| F|  |TAMS 0x0000000088000000, 0x0000000088000000| Untracked 
| 129|0x0000000088100000, 0x0000000088100000, 0x0000000088200000|  0%| F|  |TAMS 0x0000000088100000, 0x0000000088100000| Untracked 
| 130|0x0000000088200000, 0x0000000088200000, 0x0000000088300000|  0%| F|  |TAMS 0x0000000088200000, 0x0000000088200000| Untracked 
| 131|0x0000000088300000, 0x0000000088300000, 0x0000000088400000|  0%| F|  |TAMS 0x0000000088300000, 0x0000000088300000| Untracked 
| 132|0x0000000088400000, 0x0000000088400000, 0x0000000088500000|  0%| F|  |TAMS 0x0000000088400000, 0x0000000088400000| Untracked 
| 133|0x0000000088500000, 0x0000000088500000, 0x0000000088600000|  0%| F|  |TAMS 0x0000000088500000, 0x0000000088500000| Untracked 
| 134|0x0000000088600000, 0x0000000088600000, 0x0000000088700000|  0%| F|  |TAMS 0x0000000088600000, 0x0000000088600000| Untracked 
| 135|0x0000000088700000, 0x0000000088700000, 0x0000000088800000|  0%| F|  |TAMS 0x0000000088700000, 0x0000000088700000| Untracked 
| 136|0x0000000088800000, 0x0000000088800000, 0x0000000088900000|  0%| F|  |TAMS 0x0000000088800000, 0x0000000088800000| Untracked 
| 137|0x0000000088900000, 0x0000000088900000, 0x0000000088a00000|  0%| F|  |TAMS 0x0000000088900000, 0x0000000088900000| Untracked 
| 138|0x0000000088a00000, 0x0000000088a00000, 0x0000000088b00000|  0%| F|  |TAMS 0x0000000088a00000, 0x0000000088a00000| Untracked 
| 139|0x0000000088b00000, 0x0000000088b00000, 0x0000000088c00000|  0%| F|  |TAMS 0x0000000088b00000, 0x0000000088b00000| Untracked 
| 140|0x0000000088c00000, 0x0000000088c00000, 0x0000000088d00000|  0%| F|  |TAMS 0x0000000088c00000, 0x0000000088c00000| Untracked 
| 141|0x0000000088d00000, 0x0000000088d00000, 0x0000000088e00000|  0%| F|  |TAMS 0x0000000088d00000, 0x0000000088d00000| Untracked 
| 142|0x0000000088e00000, 0x0000000088e00000, 0x0000000088f00000|  0%| F|  |TAMS 0x0000000088e00000, 0x0000000088e00000| Untracked 
| 143|0x0000000088f00000, 0x0000000088f00000, 0x0000000089000000|  0%| F|  |TAMS 0x0000000088f00000, 0x0000000088f00000| Untracked 

Card table byte_map: [0x000001a43cec0000,0x000001a43d2c0000] _byte_map_base: 0x000001a43cac0000

Marking Bits (Prev, Next): (CMBitMap*) 0x000001a42a63b300, (CMBitMap*) 0x000001a42a63b2c0
 Prev Bits: [0x000001a43f6c0000, 0x000001a4416c0000)
 Next Bits: [0x000001a43d6c0000, 0x000001a43f6c0000)

Polling page: 0x000001a429da0000

Metaspace:

Usage:
  Non-class:     64.63 MB used.
      Class:     10.66 MB used.
       Both:     75.29 MB used.

Virtual space:
  Non-class space:      128.00 MB reserved,      65.00 MB ( 51%) committed,  2 nodes.
      Class space:        1.00 GB reserved,      10.94 MB (  1%) committed,  1 nodes.
             Both:        1.12 GB reserved,      75.94 MB (  7%) committed. 

Chunk freelists:
   Non-Class:  14.67 MB
       Class:  5.06 MB
        Both:  19.73 MB

MaxMetaspaceSize: unlimited
CompressedClassSpaceSize: 1.00 GB
Initial GC threshold: 21.00 MB
Current GC threshold: 110.62 MB
CDS: off
MetaspaceReclaimPolicy: balanced
 - commit_granule_bytes: 65536.
 - commit_granule_words: 8192.
 - virtual_space_node_default_size: 8388608.
 - enlarge_chunks_in_place: 1.
 - new_chunks_are_fully_committed: 0.
 - uncommit_free_chunks: 1.
 - use_allocation_guard: 0.
 - handle_deallocations: 1.


Internal statistics:

num_allocs_failed_limit: 3.
num_arena_births: 838.
num_arena_deaths: 0.
num_vsnodes_births: 3.
num_vsnodes_deaths: 0.
num_space_committed: 1215.
num_space_uncommitted: 0.
num_chunks_returned_to_freelist: 3.
num_chunks_taken_from_freelist: 3562.
num_chunk_merges: 3.
num_chunk_splits: 2431.
num_chunks_enlarged: 1728.
num_inconsistent_stats: 0.

CodeHeap 'non-profiled nmethods': size=120000Kb used=2712Kb max_used=3249Kb free=117287Kb
 bounds [0x000001a435590000, 0x000001a4358c0000, 0x000001a43cac0000]
CodeHeap 'profiled nmethods': size=120000Kb used=11693Kb max_used=12711Kb free=108306Kb
 bounds [0x000001a42dac0000, 0x000001a42e740000, 0x000001a434ff0000]
CodeHeap 'non-nmethods': size=5760Kb used=2366Kb max_used=2400Kb free=3393Kb
 bounds [0x000001a434ff0000, 0x000001a435260000, 0x000001a435590000]
 total_blobs=7408 nmethods=6511 adapters=807
 compilation: enabled
              stopped_count=0, restarted_count=0
 full_count=0

Compilation events (20 events):
Event: 19.333 Thread 0x000001a443bfc170 7399       3       java.lang.invoke.MethodHandles::constant (88 bytes)
Event: 19.334 Thread 0x000001a443bfc170 nmethod 7399 0x000001a42dae9390 code [0x000001a42dae9680, 0x000001a42daea598]
Event: 19.335 Thread 0x000001a443bfc170 7400       3       java.lang.reflect.ProxyGenerator::computeUniqueCatchList (163 bytes)
Event: 19.336 Thread 0x000001a443bfc170 nmethod 7400 0x000001a42db5f790 code [0x000001a42db5fae0, 0x000001a42db61438]
Event: 19.400 Thread 0x000001a443bf4810 7401       4       jdk.internal.loader.Resource::getByteBuffer (24 bytes)
Event: 19.404 Thread 0x000001a443bf4810 nmethod 7401 0x000001a435612910 code [0x000001a435612ac0, 0x000001a4356131f8]
Event: 19.479 Thread 0x000001a443bf4810 7402       4       java.lang.invoke.LambdaForm::uncustomize (57 bytes)
Event: 19.480 Thread 0x000001a443bf4810 nmethod 7402 0x000001a435612510 code [0x000001a435612680, 0x000001a435612718]
Event: 19.563 Thread 0x000001a443bf4810 7403       4       org.jetbrains.kotlin.it.unimi.dsi.fastutil.HashCommon::mix (12 bytes)
Event: 19.564 Thread 0x000001a443bf4810 nmethod 7403 0x000001a4355bdb90 code [0x000001a4355bdd00, 0x000001a4355bdd78]
Event: 19.588 Thread 0x000001a443bfc170 7404       3       java.lang.invoke.SimpleMethodHandle::speciesData (4 bytes)
Event: 19.588 Thread 0x000001a443bfc170 nmethod 7404 0x000001a42e1d6310 code [0x000001a42e1d64a0, 0x000001a42e1d65b8]
Event: 19.588 Thread 0x000001a443bfc170 7405       3       java.lang.invoke.SimpleMethodHandle::copyWithExtendL (7 bytes)
Event: 19.589 Thread 0x000001a443bfc170 nmethod 7405 0x000001a42dae5610 code [0x000001a42dae57c0, 0x000001a42dae5968]
Event: 19.599 Thread 0x000001a443bf4810 7406       4       java.util.HashMap::getNode (150 bytes)
Event: 19.602 Thread 0x000001a443bf4810 nmethod 7406 0x000001a4355bd390 code [0x000001a4355bd520, 0x000001a4355bd7e8]
Event: 19.602 Thread 0x000001a443bf4810 7407       4       java.util.jar.Attributes$Name::hash (148 bytes)
Event: 19.606 Thread 0x000001a443bf4810 nmethod 7407 0x000001a4355ccf90 code [0x000001a4355cd120, 0x000001a4355cd3e8]
Event: 19.613 Thread 0x000001a443bfc170 7408       1       org.jetbrains.kotlin.cli.jvm.config.JvmClasspathRoot::getFile (5 bytes)
Event: 19.613 Thread 0x000001a443bfc170 nmethod 7408 0x000001a4355ccc90 code [0x000001a4355cce20, 0x000001a4355ccef8]

GC Heap History (20 events):
Event: 12.209 GC heap after
{Heap after GC invocations=29 (full 0):
 garbage-first heap   total 102400K, used 61012K [0x0000000080000000, 0x0000000100000000)
  region size 1024K, 4 young (4096K), 4 survivors (4096K)
 Metaspace       used 50966K, committed 51456K, reserved 1114112K
  class space    used 6894K, committed 7104K, reserved 1048576K
}
Event: 12.530 GC heap before
{Heap before GC invocations=30 (full 0):
 garbage-first heap   total 112640K, used 70228K [0x0000000080000000, 0x0000000100000000)
  region size 1024K, 9 young (9216K), 4 survivors (4096K)
 Metaspace       used 51322K, committed 51776K, reserved 1114112K
  class space    used 6919K, committed 7104K, reserved 1048576K
}
Event: 12.536 GC heap after
{Heap after GC invocations=31 (full 0):
 garbage-first heap   total 112640K, used 67585K [0x0000000080000000, 0x0000000100000000)
  region size 1024K, 2 young (2048K), 2 survivors (2048K)
 Metaspace       used 51322K, committed 51776K, reserved 1114112K
  class space    used 6919K, committed 7104K, reserved 1048576K
}
Event: 12.993 GC heap before
{Heap before GC invocations=32 (full 0):
 garbage-first heap   total 122880K, used 84993K [0x0000000080000000, 0x0000000100000000)
  region size 1024K, 17 young (17408K), 2 survivors (2048K)
 Metaspace       used 53415K, committed 54016K, reserved 1114112K
  class space    used 7133K, committed 7424K, reserved 1048576K
}
Event: 12.998 GC heap after
{Heap after GC invocations=33 (full 0):
 garbage-first heap   total 122880K, used 67561K [0x0000000080000000, 0x0000000100000000)
  region size 1024K, 2 young (2048K), 2 survivors (2048K)
 Metaspace       used 53415K, committed 54016K, reserved 1114112K
  class space    used 7133K, committed 7424K, reserved 1048576K
}
Event: 13.343 GC heap before
{Heap before GC invocations=33 (full 0):
 garbage-first heap   total 122880K, used 89065K [0x0000000080000000, 0x0000000100000000)
  region size 1024K, 23 young (23552K), 2 survivors (2048K)
 Metaspace       used 54268K, committed 54848K, reserved 1114112K
  class space    used 7280K, committed 7552K, reserved 1048576K
}
Event: 13.348 GC heap after
{Heap after GC invocations=34 (full 0):
 garbage-first heap   total 122880K, used 68835K [0x0000000080000000, 0x0000000100000000)
  region size 1024K, 2 young (2048K), 2 survivors (2048K)
 Metaspace       used 54268K, committed 54848K, reserved 1114112K
  class space    used 7280K, committed 7552K, reserved 1048576K
}
Event: 13.961 GC heap before
{Heap before GC invocations=35 (full 0):
 garbage-first heap   total 122880K, used 91363K [0x0000000080000000, 0x0000000100000000)
  region size 1024K, 24 young (24576K), 2 survivors (2048K)
 Metaspace       used 57196K, committed 57792K, reserved 1114112K
  class space    used 7744K, committed 8064K, reserved 1048576K
}
Event: 13.969 GC heap after
{Heap after GC invocations=36 (full 0):
 garbage-first heap   total 147456K, used 70059K [0x0000000080000000, 0x0000000100000000)
  region size 1024K, 2 young (2048K), 2 survivors (2048K)
 Metaspace       used 57196K, committed 57792K, reserved 1114112K
  class space    used 7744K, committed 8064K, reserved 1048576K
}
Event: 15.647 GC heap before
{Heap before GC invocations=36 (full 0):
 garbage-first heap   total 147456K, used 106923K [0x0000000080000000, 0x0000000100000000)
  region size 1024K, 38 young (38912K), 2 survivors (2048K)
 Metaspace       used 60686K, committed 61312K, reserved 1114112K
  class space    used 8336K, committed 8640K, reserved 1048576K
}
Event: 15.665 GC heap after
{Heap after GC invocations=37 (full 0):
 garbage-first heap   total 147456K, used 72585K [0x0000000080000000, 0x0000000100000000)
  region size 1024K, 5 young (5120K), 5 survivors (5120K)
 Metaspace       used 60686K, committed 61312K, reserved 1114112K
  class space    used 8336K, committed 8640K, reserved 1048576K
}
Event: 17.106 GC heap before
{Heap before GC invocations=38 (full 0):
 garbage-first heap   total 147456K, used 109449K [0x0000000080000000, 0x0000000100000000)
  region size 1024K, 42 young (43008K), 5 survivors (5120K)
 Metaspace       used 62018K, committed 62656K, reserved 1114112K
  class space    used 8477K, committed 8768K, reserved 1048576K
}
Event: 17.141 GC heap after
{Heap after GC invocations=39 (full 0):
 garbage-first heap   total 147456K, used 76828K [0x0000000080000000, 0x0000000100000000)
  region size 1024K, 6 young (6144K), 6 survivors (6144K)
 Metaspace       used 62018K, committed 62656K, reserved 1114112K
  class space    used 8477K, committed 8768K, reserved 1048576K
}
Event: 18.153 GC heap before
{Heap before GC invocations=39 (full 0):
 garbage-first heap   total 147456K, used 113692K [0x0000000080000000, 0x0000000100000000)
  region size 1024K, 42 young (43008K), 6 survivors (6144K)
 Metaspace       used 66838K, committed 67456K, reserved 1114112K
  class space    used 9559K, committed 9856K, reserved 1048576K
}
Event: 18.171 GC heap after
{Heap after GC invocations=40 (full 0):
 garbage-first heap   total 147456K, used 78875K [0x0000000080000000, 0x0000000100000000)
  region size 1024K, 3 young (3072K), 3 survivors (3072K)
 Metaspace       used 66838K, committed 67456K, reserved 1114112K
  class space    used 9559K, committed 9856K, reserved 1048576K
}
Event: 18.772 GC heap before
{Heap before GC invocations=41 (full 0):
 garbage-first heap   total 147456K, used 115739K [0x0000000080000000, 0x0000000100000000)
  region size 1024K, 39 young (39936K), 3 survivors (3072K)
 Metaspace       used 71058K, committed 71744K, reserved 1114112K
  class space    used 10168K, committed 10496K, reserved 1048576K
}
Event: 18.781 GC heap after
{Heap after GC invocations=42 (full 0):
 garbage-first heap   total 147456K, used 79616K [0x0000000080000000, 0x0000000100000000)
  region size 1024K, 3 young (3072K), 3 survivors (3072K)
 Metaspace       used 71058K, committed 71744K, reserved 1114112K
  class space    used 10168K, committed 10496K, reserved 1048576K
}
Event: 18.847 GC heap before
{Heap before GC invocations=42 (full 0):
 garbage-first heap   total 147456K, used 82688K [0x0000000080000000, 0x0000000100000000)
  region size 1024K, 7 young (7168K), 3 survivors (3072K)
 Metaspace       used 71583K, committed 72256K, reserved 1114112K
  class space    used 10232K, committed 10560K, reserved 1048576K
}
Event: 18.859 GC heap after
{Heap after GC invocations=43 (full 0):
 garbage-first heap   total 147456K, used 79405K [0x0000000080000000, 0x0000000100000000)
  region size 1024K, 1 young (1024K), 1 survivors (1024K)
 Metaspace       used 71583K, committed 72256K, reserved 1114112K
  class space    used 10232K, committed 10560K, reserved 1048576K
}
Event: 19.628 GC heap before
{Heap before GC invocations=43 (full 0):
 garbage-first heap   total 147456K, used 118317K [0x0000000080000000, 0x0000000100000000)
  region size 1024K, 39 young (39936K), 1 survivors (1024K)
 Metaspace       used 77099K, committed 77760K, reserved 1179648K
  class space    used 10918K, committed 11200K, reserved 1048576K
}

Dll operation events (3 events):
Event: 0.047 Loaded shared library C:\Program Files\Android\Android Studio\jbr\bin\java.dll
Event: 0.430 Loaded shared library C:\Program Files\Android\Android Studio\jbr\bin\zip.dll
Event: 1.233 Loaded shared library C:\Program Files\Android\Android Studio\jbr\bin\verify.dll

Deoptimization events (20 events):
Event: 17.974 Thread 0x000001a449850b60 Uncommon trap: trap_request=0xffffff45 fr.pc=0x000001a435681b84 relative=0x0000000000000084
Event: 17.974 Thread 0x000001a449850b60 Uncommon trap: reason=unstable_if action=reinterpret pc=0x000001a435681b84 method=java.lang.CharacterDataLatin1.isWhitespace(I)Z @ 14 c2
Event: 17.974 Thread 0x000001a449850b60 DEOPT PACKING pc=0x000001a435681b84 sp=0x00000075cc5f6550
Event: 17.974 Thread 0x000001a449850b60 DEOPT UNPACKING pc=0x000001a4350469a3 sp=0x00000075cc5f64c0 mode 2
Event: 18.140 Thread 0x000001a449850b60 Uncommon trap: trap_request=0xffffff45 fr.pc=0x000001a4355ec234 relative=0x00000000000008b4
Event: 18.140 Thread 0x000001a449850b60 Uncommon trap: reason=unstable_if action=reinterpret pc=0x000001a4355ec234 method=java.util.jar.JarFile.getEntry(Ljava/lang/String;)Ljava/util/zip/ZipEntry; @ 15 c2
Event: 18.140 Thread 0x000001a449850b60 DEOPT PACKING pc=0x000001a4355ec234 sp=0x00000075cc5f4ab0
Event: 18.140 Thread 0x000001a449850b60 DEOPT UNPACKING pc=0x000001a4350469a3 sp=0x00000075cc5f4a98 mode 2
Event: 18.360 Thread 0x000001a449850b60 Uncommon trap: trap_request=0xffffff45 fr.pc=0x000001a4355d82e0 relative=0x0000000000000620
Event: 18.360 Thread 0x000001a449850b60 Uncommon trap: reason=unstable_if action=reinterpret pc=0x000001a4355d82e0 method=java.lang.AbstractStringBuilder.append(Ljava/lang/String;)Ljava/lang/AbstractStringBuilder; @ 1 c2
Event: 18.360 Thread 0x000001a449850b60 DEOPT PACKING pc=0x000001a4355d82e0 sp=0x00000075cc5f4da0
Event: 18.360 Thread 0x000001a449850b60 DEOPT UNPACKING pc=0x000001a4350469a3 sp=0x00000075cc5f4d20 mode 2
Event: 18.491 Thread 0x000001a449850b60 Uncommon trap: trap_request=0xffffff45 fr.pc=0x000001a4355d9770 relative=0x0000000000000630
Event: 18.491 Thread 0x000001a449850b60 Uncommon trap: reason=unstable_if action=reinterpret pc=0x000001a4355d9770 method=java.lang.AbstractStringBuilder.append(Ljava/lang/String;)Ljava/lang/AbstractStringBuilder; @ 1 c2
Event: 18.491 Thread 0x000001a449850b60 DEOPT PACKING pc=0x000001a4355d9770 sp=0x00000075cc5f5380
Event: 18.491 Thread 0x000001a449850b60 DEOPT UNPACKING pc=0x000001a4350469a3 sp=0x00000075cc5f5368 mode 2
Event: 18.701 Thread 0x000001a449850b60 Uncommon trap: trap_request=0xffffff6e fr.pc=0x000001a4355a8844 relative=0x0000000000000144
Event: 18.701 Thread 0x000001a449850b60 Uncommon trap: reason=loop_limit_check action=maybe_recompile pc=0x000001a4355a8844 method=java.lang.StringLatin1.lastIndexOf([BII)I @ 19 c2
Event: 18.701 Thread 0x000001a449850b60 DEOPT PACKING pc=0x000001a4355a8844 sp=0x00000075cc5f3390
Event: 18.701 Thread 0x000001a449850b60 DEOPT UNPACKING pc=0x000001a4350469a3 sp=0x00000075cc5f3310 mode 2

Classes unloaded (0 events):
No events

Classes redefined (0 events):
No events

Internal exceptions (20 events):
Event: 15.754 Thread 0x000001a449850b60 Exception <a 'java/lang/NoSuchMethodError'{0x0000000088ddab60}: 'java.lang.Object java.lang.invoke.Invokers$Holder.linkToTargetMethod(java.lang.Object, java.lang.Object, java.lang.Object, java.lang.Object, int, java.lang.Object)'> (0x0000000088ddab60) 
thrown [s\src\hotspot\share\interpreter\linkResolver.cpp, line 771]
Event: 15.762 Thread 0x000001a449850b60 Exception <a 'java/lang/NoSuchMethodError'{0x0000000088c0dd10}: 'java.lang.Object java.lang.invoke.DirectMethodHandle$Holder.invokeSpecial(java.lang.Object, java.lang.Object, java.lang.Object, java.lang.Object, java.lang.Object, long)'> (0x0000000088c0dd10) 
thrown [s\src\hotspot\share\interpreter\linkResolver.cpp, line 771]
Event: 15.766 Thread 0x000001a449850b60 Exception <a 'java/lang/NoSuchMethodError'{0x0000000088c31400}: 'void java.lang.invoke.DirectMethodHandle$Holder.invokeStatic(java.lang.Object, java.lang.Object, java.lang.Object, int, java.lang.Object)'> (0x0000000088c31400) 
thrown [s\src\hotspot\share\interpreter\linkResolver.cpp, line 771]
Event: 17.540 Thread 0x000001a449850b60 Exception <a 'java/lang/IncompatibleClassChangeError'{0x00000000886850b8}: Found class java.lang.Object, but interface was expected> (0x00000000886850b8) 
thrown [s\src\hotspot\share\interpreter\linkResolver.cpp, line 838]
Event: 17.563 Thread 0x000001a449850b60 Exception <a 'java/lang/NoSuchMethodError'{0x0000000088565f00}: 'void java.lang.invoke.DirectMethodHandle$Holder.invokeVirtual(java.lang.Object, java.lang.Object)'> (0x0000000088565f00) 
thrown [s\src\hotspot\share\interpreter\linkResolver.cpp, line 771]
Event: 17.605 Thread 0x000001a449850b60 Exception <a 'java/lang/NoSuchMethodError'{0x0000000088349ac0}: 'java.lang.Object java.lang.invoke.DirectMethodHandle$Holder.invokeStaticInit(java.lang.Object, int)'> (0x0000000088349ac0) 
thrown [s\src\hotspot\share\interpreter\linkResolver.cpp, line 771]
Event: 18.360 Thread 0x000001a449850b60 Implicit null exception at 0x000001a4355d7cf2 to 0x000001a4355d82c8
Event: 18.491 Thread 0x000001a449850b60 Implicit null exception at 0x000001a4355d9172 to 0x000001a4355d9758
Event: 18.687 Thread 0x000001a449850b60 Exception <a 'sun/nio/fs/WindowsException'{0x0000000087086118}> (0x0000000087086118) 
thrown [s\src\hotspot\share\prims\jni.cpp, line 531]
Event: 18.687 Thread 0x000001a449850b60 Exception <a 'sun/nio/fs/WindowsException'{0x0000000087087ed0}> (0x0000000087087ed0) 
thrown [s\src\hotspot\share\prims\jni.cpp, line 531]
Event: 18.910 Thread 0x000001a449850b60 Exception <a 'java/lang/NoSuchMethodError'{0x0000000088d4f770}: 'long java.lang.invoke.DirectMethodHandle$Holder.invokeStatic(java.lang.Object)'> (0x0000000088d4f770) 
thrown [s\src\hotspot\share\interpreter\linkResolver.cpp, line 771]
Event: 18.910 Thread 0x000001a449850b60 Exception <a 'java/lang/NoSuchMethodError'{0x0000000088d545b8}: 'long java.lang.invoke.DirectMethodHandle$Holder.invokeStaticInit(java.lang.Object)'> (0x0000000088d545b8) 
thrown [s\src\hotspot\share\interpreter\linkResolver.cpp, line 771]
Event: 19.062 Thread 0x000001a449850b60 Exception <a 'java/lang/NoSuchMethodError'{0x00000000887ac230}: 'long java.lang.invoke.Invokers$Holder.invoke_MT(java.lang.Object, java.lang.Object, java.lang.Object, java.lang.Object)'> (0x00000000887ac230) 
thrown [s\src\hotspot\share\interpreter\linkResolver.cpp, line 771]
Event: 19.063 Thread 0x000001a449850b60 Exception <a 'java/lang/NoSuchMethodError'{0x00000000887b5880}: 'int java.lang.invoke.Invokers$Holder.invoke_MT(java.lang.Object, java.lang.Object, java.lang.Object, java.lang.Object)'> (0x00000000887b5880) 
thrown [s\src\hotspot\share\interpreter\linkResolver.cpp, line 771]
Event: 19.065 Thread 0x000001a449850b60 Exception <a 'java/lang/NoSuchMethodError'{0x00000000887c6350}: 'void java.lang.invoke.DelegatingMethodHandle$Holder.reinvoke_L(java.lang.Object, java.lang.Object, java.lang.Object, long, java.lang.Object)'> (0x00000000887c6350) 
thrown [s\src\hotspot\share\interpreter\linkResolver.cpp, line 771]
Event: 19.067 Thread 0x000001a449850b60 Exception <a 'java/lang/NoSuchMethodError'{0x00000000887cef28}: 'java.lang.Object java.lang.invoke.DirectMethodHandle$Holder.invokeSpecial(java.lang.Object, java.lang.Object, java.lang.Object, java.lang.Object, long)'> (0x00000000887cef28) 
thrown [s\src\hotspot\share\interpreter\linkResolver.cpp, line 771]
Event: 19.068 Thread 0x000001a449850b60 Exception <a 'java/lang/NoSuchMethodError'{0x00000000887df8c8}: 'int java.lang.invoke.DelegatingMethodHandle$Holder.reinvoke_L(java.lang.Object, java.lang.Object, java.lang.Object, long, java.lang.Object, java.lang.Object)'> (0x00000000887df8c8) 
thrown [s\src\hotspot\share\interpreter\linkResolver.cpp, line 771]
Event: 19.070 Thread 0x000001a449850b60 Exception <a 'java/lang/NoSuchMethodError'{0x00000000887efbb0}: 'int java.lang.invoke.DelegatingMethodHandle$Holder.reinvoke_L(java.lang.Object, java.lang.Object, java.lang.Object, long, int, int)'> (0x00000000887efbb0) 
thrown [s\src\hotspot\share\interpreter\linkResolver.cpp, line 771]
Event: 19.071 Thread 0x000001a449850b60 Exception <a 'java/lang/NoSuchMethodError'{0x00000000887ffc40}: 'int java.lang.invoke.DelegatingMethodHandle$Holder.reinvoke_L(java.lang.Object, java.lang.Object, java.lang.Object, long, long, long)'> (0x00000000887ffc40) 
thrown [s\src\hotspot\share\interpreter\linkResolver.cpp, line 771]
Event: 19.072 Thread 0x000001a449850b60 Exception <a 'java/lang/NoSuchMethodError'{0x000000008860fef0}: 'int java.lang.invoke.DelegatingMethodHandle$Holder.reinvoke_L(java.lang.Object, java.lang.Object, java.lang.Object, long, int)'> (0x000000008860fef0) 
thrown [s\src\hotspot\share\interpreter\linkResolver.cpp, line 771]

VM Operations (20 events):
Event: 17.603 Executing VM operation: HandshakeAllThreads done
Event: 17.707 Executing VM operation: HandshakeAllThreads
Event: 17.707 Executing VM operation: HandshakeAllThreads done
Event: 17.709 Executing VM operation: HandshakeAllThreads
Event: 17.709 Executing VM operation: HandshakeAllThreads done
Event: 18.153 Executing VM operation: G1CollectForAllocation
Event: 18.172 Executing VM operation: G1CollectForAllocation done
Event: 18.264 Executing VM operation: G1PauseRemark
Event: 18.270 Executing VM operation: G1PauseRemark done
Event: 18.315 Executing VM operation: G1PauseCleanup
Event: 18.315 Executing VM operation: G1PauseCleanup done
Event: 18.676 Executing VM operation: HandshakeAllThreads
Event: 18.676 Executing VM operation: HandshakeAllThreads done
Event: 18.772 Executing VM operation: G1CollectForAllocation
Event: 18.781 Executing VM operation: G1CollectForAllocation done
Event: 18.847 Executing VM operation: G1CollectForAllocation
Event: 18.859 Executing VM operation: G1CollectForAllocation done
Event: 18.927 Executing VM operation: HandshakeAllThreads
Event: 18.927 Executing VM operation: HandshakeAllThreads done
Event: 19.628 Executing VM operation: G1CollectForAllocation

Events (20 events):
Event: 18.913 loading class java/util/concurrent/atomic/AtomicLongFieldUpdater
Event: 18.914 loading class java/util/concurrent/atomic/AtomicLongFieldUpdater done
Event: 18.914 loading class java/util/concurrent/atomic/AtomicLongFieldUpdater$CASUpdater
Event: 18.915 loading class java/util/concurrent/atomic/AtomicLongFieldUpdater$CASUpdater done
Event: 18.915 loading class java/util/concurrent/atomic/AtomicLongFieldUpdater$CASUpdater$1
Event: 18.915 loading class java/util/concurrent/atomic/AtomicLongFieldUpdater$CASUpdater$1 done
Event: 19.217 loading class java/util/AbstractMap$1
Event: 19.218 loading class java/util/AbstractMap$1 done
Event: 19.253 loading class javax/xml/stream/XMLStreamException
Event: 19.254 loading class javax/xml/stream/XMLStreamException done
Event: 19.264 loading class javax/xml/stream/Location
Event: 19.265 loading class javax/xml/stream/Location done
Event: 19.265 loading class java/io/CharConversionException
Event: 19.265 loading class java/io/CharConversionException done
Event: 19.267 loading class javax/xml/namespace/NamespaceContext
Event: 19.267 loading class javax/xml/namespace/NamespaceContext done
Event: 19.267 loading class javax/xml/stream/XMLStreamConstants
Event: 19.267 loading class javax/xml/stream/XMLStreamConstants done
Event: 19.276 loading class javax/xml/stream/XMLStreamReader
Event: 19.276 loading class javax/xml/stream/XMLStreamReader done


Dynamic libraries:
0x00007ff6cb310000 - 0x00007ff6cb31a000 	C:\Program Files\Android\Android Studio\jbr\bin\java.exe
0x00007fffd4530000 - 0x00007fffd4728000 	C:\Windows\SYSTEM32\ntdll.dll
0x00007fffd2ca0000 - 0x00007fffd2d61000 	C:\Windows\System32\KERNEL32.DLL
0x00007fffd1be0000 - 0x00007fffd1edd000 	C:\Windows\System32\KERNELBASE.dll
0x00007fffd1ee0000 - 0x00007fffd1fe0000 	C:\Windows\System32\ucrtbase.dll
0x00007fffbc130000 - 0x00007fffbc14b000 	C:\Program Files\Android\Android Studio\jbr\bin\VCRUNTIME140.dll
0x00007fffc8f90000 - 0x00007fffc8fa7000 	C:\Program Files\Android\Android Studio\jbr\bin\jli.dll
0x00007fffd41f0000 - 0x00007fffd438d000 	C:\Windows\System32\USER32.dll
0x00007fffd1fe0000 - 0x00007fffd2002000 	C:\Windows\System32\win32u.dll
0x00007fffd2580000 - 0x00007fffd25ab000 	C:\Windows\System32\GDI32.dll
0x00007fffd2010000 - 0x00007fffd2127000 	C:\Windows\System32\gdi32full.dll
0x00007fffd2390000 - 0x00007fffd242d000 	C:\Windows\System32\msvcp_win.dll
0x00007fffc62b0000 - 0x00007fffc654a000 	C:\Windows\WinSxS\amd64_microsoft.windows.common-controls_6595b64144ccf1df_6.0.19041.4355_none_60b8b9eb71f62e16\COMCTL32.dll
0x00007fffd2d70000 - 0x00007fffd2e0e000 	C:\Windows\System32\msvcrt.dll
0x00007fffd2750000 - 0x00007fffd277f000 	C:\Windows\System32\IMM32.DLL
0x00007fffcc230000 - 0x00007fffcc23c000 	C:\Program Files\Android\Android Studio\jbr\bin\vcruntime140_1.dll
0x00007fffb19e0000 - 0x00007fffb1a6d000 	C:\Program Files\Android\Android Studio\jbr\bin\msvcp140.dll
0x00007fff919c0000 - 0x00007fff92643000 	C:\Program Files\Android\Android Studio\jbr\bin\server\jvm.dll
0x00007fffd2780000 - 0x00007fffd2830000 	C:\Windows\System32\ADVAPI32.dll
0x00007fffd2e10000 - 0x00007fffd2eb0000 	C:\Windows\System32\sechost.dll
0x00007fffd2620000 - 0x00007fffd2743000 	C:\Windows\System32\RPCRT4.dll
0x00007fffd24c0000 - 0x00007fffd24e7000 	C:\Windows\System32\bcrypt.dll
0x00007fffd1510000 - 0x00007fffd155b000 	C:\Windows\SYSTEM32\POWRPROF.dll
0x00007fffcc510000 - 0x00007fffcc519000 	C:\Windows\SYSTEM32\WSOCK32.dll
0x00007fffd4480000 - 0x00007fffd44eb000 	C:\Windows\System32\WS2_32.dll
0x00007fffcc1d0000 - 0x00007fffcc1f7000 	C:\Windows\SYSTEM32\WINMM.dll
0x00007fffc1aa0000 - 0x00007fffc1aaa000 	C:\Windows\SYSTEM32\VERSION.dll
0x00007fffd14c0000 - 0x00007fffd14d2000 	C:\Windows\SYSTEM32\UMPDC.dll
0x00007fffcfa20000 - 0x00007fffcfa32000 	C:\Windows\SYSTEM32\kernel.appcore.dll
0x00007fffcabd0000 - 0x00007fffcabda000 	C:\Program Files\Android\Android Studio\jbr\bin\jimage.dll
0x00007fffba3f0000 - 0x00007fffba5d4000 	C:\Windows\SYSTEM32\DBGHELP.DLL
0x00007fffba3b0000 - 0x00007fffba3e4000 	C:\Windows\SYSTEM32\dbgcore.DLL
0x00007fffd2430000 - 0x00007fffd24b2000 	C:\Windows\System32\bcryptPrimitives.dll
0x00007fffc8fb0000 - 0x00007fffc8fbe000 	C:\Program Files\Android\Android Studio\jbr\bin\instrument.dll
0x00007fffbc100000 - 0x00007fffbc125000 	C:\Program Files\Android\Android Studio\jbr\bin\java.dll
0x00007fffbc0e0000 - 0x00007fffbc0f8000 	C:\Program Files\Android\Android Studio\jbr\bin\zip.dll
0x00007fffd3790000 - 0x00007fffd3eff000 	C:\Windows\System32\SHELL32.dll
0x00007fffcfc20000 - 0x00007fffd03c3000 	C:\Windows\SYSTEM32\windows.storage.dll
0x00007fffd2eb0000 - 0x00007fffd3203000 	C:\Windows\System32\combase.dll
0x00007fffd14e0000 - 0x00007fffd150e000 	C:\Windows\SYSTEM32\Wldp.dll
0x00007fffd3470000 - 0x00007fffd353d000 	C:\Windows\System32\OLEAUT32.dll
0x00007fffd3210000 - 0x00007fffd32bd000 	C:\Windows\System32\SHCORE.dll
0x00007fffd3550000 - 0x00007fffd35a5000 	C:\Windows\System32\shlwapi.dll
0x00007fffd1b10000 - 0x00007fffd1b34000 	C:\Windows\SYSTEM32\profapi.dll
0x00007fffbc0c0000 - 0x00007fffbc0d9000 	C:\Program Files\Android\Android Studio\jbr\bin\net.dll
0x00007fffc9ab0000 - 0x00007fffc9bbd000 	C:\Windows\SYSTEM32\WINHTTP.dll
0x00007fffd12a0000 - 0x00007fffd130a000 	C:\Windows\system32\mswsock.dll
0x00007fffbc0a0000 - 0x00007fffbc0b6000 	C:\Program Files\Android\Android Studio\jbr\bin\nio.dll
0x00007fffca4e0000 - 0x00007fffca4f0000 	C:\Program Files\Android\Android Studio\jbr\bin\verify.dll
0x00007fffca510000 - 0x00007fffca537000 	C:\Users\Com\Downloads\gradle-8.10-bin\gradle-8.10\native\c067742578af261105cb4f569cf0c3c89f3d7b1fecec35dd04571415982c5e48\windows-amd64\native-platform.dll
0x00007fff92790000 - 0x00007fff928d4000 	C:\Users\Com\Downloads\gradle-8.10-bin\gradle-8.10\native\38dada09dfb8b06ba9b0570ebf7e218e3eb74d4ef43ca46872605cf95ebc2f47\windows-amd64\native-platform-file-events.dll
0x00007fffcc530000 - 0x00007fffcc539000 	C:\Program Files\Android\Android Studio\jbr\bin\management.dll
0x00007fffcc520000 - 0x00007fffcc52b000 	C:\Program Files\Android\Android Studio\jbr\bin\management_ext.dll
0x00007fffd25b0000 - 0x00007fffd25b8000 	C:\Windows\System32\PSAPI.DLL
0x00007fffd1880000 - 0x00007fffd1898000 	C:\Windows\SYSTEM32\CRYPTSP.dll
0x00007fffd0b80000 - 0x00007fffd0bb4000 	C:\Windows\system32\rsaenh.dll
0x00007fffd1a90000 - 0x00007fffd1abe000 	C:\Windows\SYSTEM32\USERENV.dll
0x00007fffd1430000 - 0x00007fffd143c000 	C:\Windows\SYSTEM32\CRYPTBASE.dll
0x00007fffd0f40000 - 0x00007fffd0f7b000 	C:\Windows\SYSTEM32\IPHLPAPI.DLL
0x00007fffd3f00000 - 0x00007fffd3f08000 	C:\Windows\System32\NSI.dll
0x00007fffcb7e0000 - 0x00007fffcb7f7000 	C:\Windows\SYSTEM32\dhcpcsvc6.DLL
0x00007fffcb350000 - 0x00007fffcb36d000 	C:\Windows\SYSTEM32\dhcpcsvc.DLL
0x00007fffd0f80000 - 0x00007fffd104a000 	C:\Windows\SYSTEM32\DNSAPI.dll
0x00007fffcc540000 - 0x00007fffcc549000 	C:\Program Files\Android\Android Studio\jbr\bin\extnet.dll
0x00007fffc6ad0000 - 0x00007fffc6ad7000 	C:\Windows\system32\wshunix.dll

dbghelp: loaded successfully - version: 4.0.5 - missing functions: none
symbol engine: initialized successfully - sym options: 0x614 - pdb path: .;C:\Program Files\Android\Android Studio\jbr\bin;C:\Windows\SYSTEM32;C:\Windows\WinSxS\amd64_microsoft.windows.common-controls_6595b64144ccf1df_6.0.19041.4355_none_60b8b9eb71f62e16;C:\Program Files\Android\Android Studio\jbr\bin\server;C:\Users\Com\Downloads\gradle-8.10-bin\gradle-8.10\native\c067742578af261105cb4f569cf0c3c89f3d7b1fecec35dd04571415982c5e48\windows-amd64;C:\Users\Com\Downloads\gradle-8.10-bin\gradle-8.10\native\38dada09dfb8b06ba9b0570ebf7e218e3eb74d4ef43ca46872605cf95ebc2f47\windows-amd64

VM Arguments:
jvm_args: --add-opens=java.base/java.util=ALL-UNNAMED --add-opens=java.base/java.lang=ALL-UNNAMED --add-opens=java.base/java.lang.invoke=ALL-UNNAMED --add-opens=java.prefs/java.util.prefs=ALL-UNNAMED --add-opens=java.base/java.nio.charset=ALL-UNNAMED --add-opens=java.base/java.net=ALL-UNNAMED --add-opens=java.base/java.util.concurrent.atomic=ALL-UNNAMED -Xmx2048m -Dfile.encoding=UTF-8 -Duser.country=US -Duser.language=en -Duser.variant -javaagent:C:\Users\Com\Downloads\gradle-8.10-bin\gradle-8.10\wrapper\dists\gradle-8.7-bin\bhs2wmbdwecv87pi65oeuq5iu\gradle-8.7\lib\agents\gradle-instrumentation-agent-8.7.jar 
java_command: org.gradle.launcher.daemon.bootstrap.GradleDaemon 8.7
java_class_path (initial): C:\Users\Com\Downloads\gradle-8.10-bin\gradle-8.10\wrapper\dists\gradle-8.7-bin\bhs2wmbdwecv87pi65oeuq5iu\gradle-8.7\lib\gradle-launcher-8.7.jar
Launcher Type: SUN_STANDARD

[Global flags]
     intx CICompilerCount                          = 3                                         {product} {ergonomic}
     uint ConcGCThreads                            = 1                                         {product} {ergonomic}
     uint G1ConcRefinementThreads                  = 4                                         {product} {ergonomic}
   size_t G1HeapRegionSize                         = 1048576                                   {product} {ergonomic}
    uintx GCDrainStackTargetSize                   = 64                                        {product} {ergonomic}
   size_t InitialHeapSize                          = 67108864                                  {product} {ergonomic}
   size_t MarkStackSize                            = 4194304                                   {product} {ergonomic}
   size_t MaxHeapSize                              = 2147483648                                {product} {command line}
   size_t MaxNewSize                               = 1287651328                                {product} {ergonomic}
   size_t MinHeapDeltaBytes                        = 1048576                                   {product} {ergonomic}
   size_t MinHeapSize                              = 8388608                                   {product} {ergonomic}
    uintx NonNMethodCodeHeapSize                   = 5832780                                {pd product} {ergonomic}
    uintx NonProfiledCodeHeapSize                  = 122912730                              {pd product} {ergonomic}
    uintx ProfiledCodeHeapSize                     = 122912730                              {pd product} {ergonomic}
    uintx ReservedCodeCacheSize                    = 251658240                              {pd product} {ergonomic}
     bool SegmentedCodeCache                       = true                                      {product} {ergonomic}
   size_t SoftMaxHeapSize                          = 2147483648                             {manageable} {ergonomic}
     bool UseCompressedClassPointers               = true                           {product lp64_product} {ergonomic}
     bool UseCompressedOops                        = true                           {product lp64_product} {ergonomic}
     bool UseG1GC                                  = true                                      {product} {ergonomic}
     bool UseLargePagesIndividualAllocation        = false                                  {pd product} {ergonomic}

Logging:
Log output configuration:
 #0: stdout all=warning uptime,level,tags
 #1: stderr all=off uptime,level,tags

Environment Variables:
PATH=C:\Program Files\Common Files\Oracle\Java\javapath;C:\Windows\system32;C:\Windows;C:\Windows\System32\Wbem;C:\Windows\System32\WindowsPowerShell\v1.0\;C:\Windows\System32\OpenSSH\;C:\Program Files\Git\cmd;C:\Users\Com\AppData\Local\Microsoft\WindowsApps;C:\Users\Com\AppData\Local\Programs\Microsoft VS Code\bin;C:\Program Files\JetBrains\IntelliJ IDEA 2024.1.4\bin;
USERNAME=Com
OS=Windows_NT
PROCESSOR_IDENTIFIER=Intel64 Family 6 Model 60 Stepping 3, GenuineIntel
TMP=C:\Users\Com\AppData\Local\Temp
TEMP=C:\Users\Com\AppData\Local\Temp



Periodic native trim disabled

JNI global refs:
JNI global refs: 25, weak refs: 0

JNI global refs memory usage: 843, weak refs: 841

Process memory usage:
Resident Set Size: 244732K (5% of 4105324K total physical memory with 133532K free physical memory)

OOME stack traces (most recent first):
Classloader memory used:
Loader org.gradle.internal.classloader.VisitableURLClassLoader                         : 5659K
Loader bootstrap                                                                       : 2512K
Loader org.gradle.initialization.MixInLegacyTypesClassLoader                           : 1117K
Loader org.gradle.internal.classloader.VisitableURLClassLoader                         : 115K
Loader org.gradle.internal.classloader.VisitableURLClassLoader$InstrumentingVisitableURLClassLoader: 90462B
Loader jdk.internal.loader.ClassLoaders$PlatformClassLoader                            : 65357B
Loader jdk.internal.reflect.DelegatingClassLoader                                      : 36394B
Loader jdk.internal.loader.ClassLoaders$AppClassLoader                                 : 28765B
Loader org.gradle.groovy.scripts.internal.DefaultScriptCompilationHandler$ScriptClassLoader: 10706B
Loader org.codehaus.groovy.runtime.callsite.CallSiteClassLoader                        : 5853B

Classes loaded by more than one classloader:
Class org.gradle.internal.Cast                                                        : loaded 3 times (x 69B)
Class Program                                                                         : loaded 3 times (x 70B)
Class org.gradle.api.GradleException                                                  : loaded 3 times (x 80B)
Class org.gradle.internal.classpath.ClassPath                                         : loaded 2 times (x 68B)
Class org.gradle.api.internal.classpath.DefaultModuleRegistry                         : loaded 2 times (x 84B)
Class org.gradle.internal.exceptions.NonGradleCauseExceptionsHolder                   : loaded 2 times (x 68B)
Class Settings_gradle$1$1                                                             : loaded 2 times (x 72B)
Class org.gradle.api.Action                                                           : loaded 2 times (x 68B)
Class org.jetbrains.kotlin.idea.gradleTooling.model.samWithReceiver.SamWithReceiverModel: loaded 2 times (x 68B)
Class org.jetbrains.plugins.gradle.model.ExternalProject                              : loaded 2 times (x 68B)
Class org.jetbrains.plugins.gradle.model.IntelliJSettings                             : loaded 2 times (x 68B)
Class org.jetbrains.kotlin.idea.gradleTooling.KotlinMPPGradleModel                    : loaded 2 times (x 68B)
Class org.gradle.api.internal.DefaultClassPathProvider                                : loaded 2 times (x 74B)
Class org.gradle.internal.installation.GradleInstallation$1                           : loaded 2 times (x 73B)
Class org.gradle.internal.exceptions.DefaultMultiCauseException                       : loaded 2 times (x 93B)
Class org.gradle.tooling.model.UnsupportedMethodException                             : loaded 2 times (x 80B)
Class org.gradle.internal.time.MonotonicClock                                         : loaded 2 times (x 75B)
Class org.gradle.internal.classloader.FilteringClassLoader                            : loaded 2 times (x 103B)
Class org.gradle.tooling.model.Model                                                  : loaded 2 times (x 68B)
Class org.gradle.internal.classpath.DefaultClassPath$ImmutableUniqueList$Builder      : loaded 2 times (x 73B)
Class org.jetbrains.kotlin.idea.gradleTooling.KotlinSourceSetContainer                : loaded 2 times (x 68B)
Class org.gradle.internal.classloader.ClassLoaderVisitor                              : loaded 2 times (x 74B)
Class org.gradle.internal.time.DefaultCountdownTimer                                  : loaded 2 times (x 86B)
Class org.gradle.internal.service.DefaultServiceLocator                               : loaded 2 times (x 81B)
Class org.jetbrains.plugins.gradle.model.jar.JarTaskManifestConfiguration             : loaded 2 times (x 68B)
Class org.gradle.internal.service.UnknownServiceException                             : loaded 2 times (x 81B)
Class org.jetbrains.plugins.gradle.model.DependencyAccessorsModel                     : loaded 2 times (x 68B)
Class org.gradle.internal.classloader.DefaultClassLoaderFactory                       : loaded 2 times (x 80B)
Class org.jetbrains.plugins.gradle.model.GradleExtensions                             : loaded 2 times (x 68B)
Class ijInit1_hlxn2fwbzuh880dv45wee00c                                                : loaded 2 times (x 177B)
Class org.jetbrains.plugins.gradle.model.VersionCatalogsModel                         : loaded 2 times (x 68B)
Class org.gradle.internal.classloader.VisitableURLClassLoader$Spec                    : loaded 2 times (x 72B)
Class org.gradle.tooling.model.ProjectModel                                           : loaded 2 times (x 68B)
Class org.jetbrains.plugins.gradle.model.MavenRepositoryModel                         : loaded 2 times (x 68B)
Class org.gradle.tooling.internal.gradle.DefaultProjectIdentifier                     : loaded 2 times (x 84B)
Class org.gradle.util.GradleVersion                                                   : loaded 2 times (x 81B)
Class org.jetbrains.plugins.gradle.model.RepositoriesModel                            : loaded 2 times (x 68B)
Class kotlin.jvm.internal.markers.KMappedMarker                                       : loaded 2 times (x 68B)
Class org.gradle.api.internal.ClassPathProvider                                       : loaded 2 times (x 68B)
Class org.gradle.internal.classloader.ClasspathUtil$1                                 : loaded 2 times (x 74B)
Class org.gradle.internal.classloader.ClassLoaderFactory                              : loaded 2 times (x 68B)
Class org.gradle.api.internal.classpath.ManifestUtil                                  : loaded 2 times (x 69B)
Class org.gradle.api.specs.Spec                                                       : loaded 2 times (x 68B)
Class org.gradle.tooling.internal.gradle.GradleBuildIdentity                          : loaded 2 times (x 68B)
Class org.gradle.internal.IoActions                                                   : loaded 2 times (x 69B)
Class org.gradle.api.internal.classpath.EffectiveClassPath                            : loaded 2 times (x 88B)
Class kotlin.jvm.internal.DefaultConstructorMarker                                    : loaded 2 times (x 69B)
Class org.gradle.internal.exceptions.ResolutionProvider                               : loaded 2 times (x 68B)
Class org.jetbrains.kotlin.idea.gradleTooling.model.annotation.AnnotationBasedPluginModel: loaded 2 times (x 68B)
Class org.jetbrains.kotlin.idea.gradleTooling.model.assignment.AssignmentModel        : loaded 2 times (x 68B)
Class org.gradle.internal.installation.CurrentGradleInstallation                      : loaded 2 times (x 71B)
Class org.gradle.internal.agents.InstrumentingClassLoader                             : loaded 2 times (x 68B)
Class org.gradle.internal.installation.CurrentGradleInstallationLocator               : loaded 2 times (x 69B)
Class org.gradle.api.internal.classpath.Module                                        : loaded 2 times (x 68B)
Class sync_studio_tooling284_2gtv9uybd4icw2t6t6klpxh2l                                : loaded 2 times (x 177B)
Class org.gradle.internal.service.CachingServiceLocator                               : loaded 2 times (x 80B)
Class org.gradle.internal.time.Timer                                                  : loaded 2 times (x 68B)
Class org.jetbrains.plugins.gradle.model.tests.ExternalTestsModel                     : loaded 2 times (x 68B)
Class org.jetbrains.kotlin.idea.gradleTooling.KotlinDslScriptAdditionalTask           : loaded 2 times (x 68B)
Class org.gradle.internal.classpath.DefaultClassPath                                  : loaded 2 times (x 88B)
Class com.intellij.openapi.externalSystem.model.project.dependencies.ProjectDependencies: loaded 2 times (x 68B)
Class sync_studio_tooling284_2gtv9uybd4icw2t6t6klpxh2l$_run_closure1                  : loaded 2 times (x 137B)
Class org.jetbrains.kotlin.idea.gradleTooling.PrepareKotlinIdeImportTaskModel         : loaded 2 times (x 68B)
Class org.gradle.internal.impldep.com.google.common.base.Preconditions                : loaded 2 times (x 69B)
Class kotlin.jvm.functions.Function1                                                  : loaded 2 times (x 68B)
Class org.gradle.internal.time.Time                                                   : loaded 2 times (x 69B)
Class org.gradle.internal.time.TimeSource$1                                           : loaded 2 times (x 75B)
Class org.gradle.internal.classloader.SystemClassLoaderSpec                           : loaded 2 times (x 69B)
Class kotlin.Function                                                                 : loaded 2 times (x 68B)
Class org.gradle.api.UncheckedIOException                                             : loaded 2 times (x 80B)
Class org.gradle.api.internal.classpath.ModuleRegistry                                : loaded 2 times (x 68B)
Class org.gradle.tooling.internal.gradle.GradleProjectIdentity                        : loaded 2 times (x 68B)
Class org.gradle.internal.time.CountdownTimer                                         : loaded 2 times (x 68B)
Class org.gradle.internal.time.Clock                                                  : loaded 2 times (x 68B)
Class org.gradle.internal.classloader.ClasspathUtil                                   : loaded 2 times (x 69B)
Class org.gradle.tooling.model.BuildIdentifier                                        : loaded 2 times (x 68B)
Class org.gradle.api.internal.DefaultClassPathRegistry                                : loaded 2 times (x 74B)
Class org.gradle.api.internal.classpath.DefaultModuleRegistry$DefaultModule           : loaded 2 times (x 84B)
Class org.gradle.internal.time.TimeSource                                             : loaded 2 times (x 68B)
Class org.jetbrains.kotlin.android.synthetic.idea.AndroidExtensionsGradleModel        : loaded 2 times (x 68B)
Class org.gradle.api.internal.classpath.UnknownModuleException                        : loaded 2 times (x 80B)
Class org.jetbrains.plugins.gradle.model.IntelliJProjectSettings                      : loaded 2 times (x 68B)
Class org.gradle.internal.service.ServiceLookupException                              : loaded 2 times (x 80B)
Class org.gradle.cache.GlobalCache                                                    : loaded 2 times (x 68B)
Class org.jetbrains.kotlin.idea.gradleTooling.model.lombok.LombokModel                : loaded 2 times (x 68B)
Class org.gradle.tooling.model.ProjectIdentifier                                      : loaded 2 times (x 68B)
Class [Lorg.gradle.api.internal.ClassPathProvider;                                    : loaded 2 times (x 67B)
Class org.gradle.internal.operations.MultipleBuildOperationFailures                   : loaded 2 times (x 93B)
Class org.gradle.util.internal.GUtil                                                  : loaded 2 times (x 69B)
Class org.jetbrains.plugins.gradle.model.AnnotationProcessingModel                    : loaded 2 times (x 68B)
Class org.gradle.internal.classloader.ClassLoaderSpec                                 : loaded 2 times (x 69B)
Class org.gradle.internal.classloader.VisitableURLClassLoader                         : loaded 2 times (x 115B)
Class org.gradle.internal.installation.GradleInstallation                             : loaded 2 times (x 73B)
Class org.gradle.api.internal.ClassPathRegistry                                       : loaded 2 times (x 68B)
Class org.gradle.internal.classloader.VisitableURLClassLoader$InstrumentingVisitableURLClassLoader: loaded 2 times (x 121B)
Class org.gradle.internal.classloader.ClassLoaderHierarchy                            : loaded 2 times (x 68B)
Class org.gradle.internal.exceptions.MultiCauseException                              : loaded 2 times (x 68B)
Class org.jetbrains.kotlin.idea.gradleTooling.model.parcelize.ParcelizeGradleModel    : loaded 2 times (x 68B)
Class org.gradle.internal.InternalTransformer                                         : loaded 2 times (x 68B)
Class org.jetbrains.kotlin.idea.gradleTooling.model.noarg.NoArgModel                  : loaded 2 times (x 68B)
Class org.jetbrains.kotlin.idea.gradleTooling.KotlinGradleModel                       : loaded 2 times (x 68B)
Class org.gradle.tooling.internal.gradle.DefaultBuildIdentifier                       : loaded 2 times (x 77B)
Class org.gradle.internal.service.ServiceLocator                                      : loaded 2 times (x 68B)
Class Settings_gradle$1                                                               : loaded 2 times (x 72B)
Class org.jetbrains.kotlin.idea.gradleTooling.model.allopen.AllOpenModel              : loaded 2 times (x 68B)
Class org.gradle.internal.classpath.DefaultClassPath$ImmutableUniqueList              : loaded 2 times (x 159B)
Class org.gradle.internal.time.DefaultTimer                                           : loaded 2 times (x 78B)
Class org.gradle.internal.classpath.TransformedClassPath                              : loaded 2 times (x 94B)
Class Settings_gradle                                                                 : loaded 2 times (x 126B)


---------------  S Y S T E M  ---------------

OS:
 Windows 10 , 64 bit Build 19041 (10.0.19041.4842)
OS uptime: 2 days 23:36 hours
Hyper-V role detected

CPU: total 4 (initial active 4) (2 cores per cpu, 2 threads per core) family 6 model 60 stepping 3 microcode 0x27, cx8, cmov, fxsr, ht, mmx, sse, sse2, sse3, ssse3, sse4.1, sse4.2, popcnt, lzcnt, tsc, tscinvbit, avx, avx2, aes, erms, clmul, bmi1, bmi2, fma, vzeroupper, clflush, hv
Processor Information for all 4 processors :
  Max Mhz: 2601, Current Mhz: 2600, Mhz Limit: 2574

Memory: 4k page, system-wide physical 4009M (131M free)
TotalPageFile size 12686M (AvailPageFile size 31M)
current process WorkingSet (physical memory assigned to process): 239M, peak: 239M
current process commit charge ("private bytes"): 366M, peak: 448M

vm_info: OpenJDK 64-Bit Server VM (17.0.11+0--11852314) for windows-amd64 JRE (17.0.11+0--11852314), built on May 16 2024 21:29:20 by "androidbuild" with MS VC++ 16.10 / 16.11 (VS2019)

END.
