#
# There is insufficient memory for the Java Runtime Environment to continue.
# Native memory allocation (mmap) failed to map 290455552 bytes. Error detail: G1 virtual space
# Possible reasons:
#   The system is out of physical RAM or swap space
#   This process is running with CompressedOops enabled, and the Java Heap may be blocking the growth of the native heap
# Possible solutions:
#   Reduce memory load on the system
#   Increase physical memory or swap space
#   Check if swap backing store is full
#   Decrease Java heap size (-Xmx/-Xms)
#   Decrease number of Java threads
#   Decrease Java thread stack sizes (-Xss)
#   Set larger code cache with -XX:ReservedCodeCacheSize=
#   JVM is running with Unscaled Compressed Oops mode in which the Java heap is
#     placed in the first 4GB address space. The Java Heap base address is the
#     maximum limit for the native heap growth. Please use -XX:HeapBaseMinAddress
#     to set the Java Heap base and to place the Java Heap above 4GB virtual address.
# This output file may be truncated or incomplete.
#
#  Out of Memory Error (os_windows.cpp:3825), pid=15180, tid=1968
#
# JRE version: OpenJDK Runtime Environment (17.0.11) (build 17.0.11+0--11852314)
# Java VM: OpenJDK 64-Bit Server VM (17.0.11+0--11852314, mixed mode, tiered, compressed oops, compressed class ptrs, g1 gc, windows-amd64)
# No core dump will be written. Minidumps are not enabled by default on client versions of Windows
#

---------------  S U M M A R Y ------------

Command Line: --add-opens=java.base/java.util=ALL-UNNAMED --add-opens=java.base/java.lang=ALL-UNNAMED --add-opens=java.base/java.lang.invoke=ALL-UNNAMED --add-opens=java.prefs/java.util.prefs=ALL-UNNAMED --add-opens=java.base/java.nio.charset=ALL-UNNAMED --add-opens=java.base/java.net=ALL-UNNAMED --add-opens=java.base/java.util.concurrent.atomic=ALL-UNNAMED -Xmx2048m -Dfile.encoding=UTF-8 -Duser.country=US -Duser.language=en -Duser.variant -javaagent:C:\Users\Com\Downloads\gradle-8.10-bin\gradle-8.10\wrapper\dists\gradle-8.7-bin\bhs2wmbdwecv87pi65oeuq5iu\gradle-8.7\lib\agents\gradle-instrumentation-agent-8.7.jar org.gradle.launcher.daemon.bootstrap.GradleDaemon 8.7

Host: Intel(R) Core(TM) i5-4210M CPU @ 2.60GHz, 4 cores, 3G,  Windows 10 , 64 bit Build 19041 (10.0.19041.4842)
Time: Mon Sep 23 00:35:45 2024 Pacific Daylight Time elapsed time: 24.619006 seconds (0d 0h 0m 24s)

---------------  T H R E A D  ---------------

Current thread (0x0000017652ecf640):  VMThread "VM Thread" [stack: 0x0000004171300000,0x0000004171400000] [id=1968]

Stack: [0x0000004171300000,0x0000004171400000]
Native frames: (J=compiled Java code, j=interpreted, Vv=VM code, C=native code)
V  [jvm.dll+0x687bb9]
V  [jvm.dll+0x84142a]
V  [jvm.dll+0x8430ae]
V  [jvm.dll+0x843713]
V  [jvm.dll+0x24a35f]
V  [jvm.dll+0x684989]
V  [jvm.dll+0x67923a]
V  [jvm.dll+0x30af0b]
V  [jvm.dll+0x3123b6]
V  [jvm.dll+0x361dfe]
V  [jvm.dll+0x36202f]
V  [jvm.dll+0x2e0d38]
V  [jvm.dll+0x2df144]
V  [jvm.dll+0x2de74c]
V  [jvm.dll+0x32305b]
V  [jvm.dll+0x847e0b]
V  [jvm.dll+0x848b42]
V  [jvm.dll+0x84905d]
V  [jvm.dll+0x849434]
V  [jvm.dll+0x849500]
V  [jvm.dll+0x7efa4a]
V  [jvm.dll+0x686a35]
C  [ucrtbase.dll+0x21bb2]
C  [KERNEL32.DLL+0x17374]
C  [ntdll.dll+0x4cc91]

VM_Operation (0x00000041729ee340): G1CollectForAllocation, mode: safepoint, requested by thread 0x0000017659359d60


---------------  P R O C E S S  ---------------

Threads class SMR info:
_java_thread_list=0x00000176536f50d0, length=48, elements={
0x000001763799dd90, 0x0000017652ed6f00, 0x0000017652ed8430, 0x0000017652f23240,
0x0000017652f35c70, 0x0000017652f36950, 0x0000017652f24f40, 0x00000176531760a0,
0x00000176531811c0, 0x0000017653185570, 0x0000017653224070, 0x00000176533b8d30,
0x0000017658023dd0, 0x00000176588cd1a0, 0x00000176590e8cc0, 0x00000176581867c0,
0x0000017658181840, 0x0000017658f487c0, 0x0000017659359d60, 0x0000017658da9050,
0x0000017658e0ddc0, 0x0000017658e0d8b0, 0x0000017658e0ecf0, 0x0000017658e0e2d0,
0x0000017658e0d3a0, 0x0000017658e0e7e0, 0x0000017658e0f200, 0x0000017658e0bf60,
0x0000017658e0f710, 0x0000017658e0c470, 0x0000017658e0c980, 0x0000017653748590,
0x000001765374a3f0, 0x00000176537494c0, 0x0000017653747b70, 0x0000017653748080,
0x000001765374a900, 0x0000017653744de0, 0x0000017653749ee0, 0x00000176537452f0,
0x000001765374b320, 0x000001765374b830, 0x00000176537499d0, 0x0000017653748fb0,
0x0000017653746730, 0x000001765374ae10, 0x00000176537443c0, 0x000001765374bd40
}

Java Threads: ( => current thread )
  0x000001763799dd90 JavaThread "main" [_thread_blocked, id=11604, stack(0x0000004170d00000,0x0000004170e00000)]
  0x0000017652ed6f00 JavaThread "Reference Handler" daemon [_thread_blocked, id=14432, stack(0x0000004171400000,0x0000004171500000)]
  0x0000017652ed8430 JavaThread "Finalizer" daemon [_thread_blocked, id=240, stack(0x0000004171500000,0x0000004171600000)]
  0x0000017652f23240 JavaThread "Signal Dispatcher" daemon [_thread_blocked, id=2176, stack(0x0000004171600000,0x0000004171700000)]
  0x0000017652f35c70 JavaThread "Attach Listener" daemon [_thread_blocked, id=15172, stack(0x0000004171700000,0x0000004171800000)]
  0x0000017652f36950 JavaThread "Service Thread" daemon [_thread_blocked, id=1368, stack(0x0000004171800000,0x0000004171900000)]
  0x0000017652f24f40 JavaThread "Monitor Deflation Thread" daemon [_thread_blocked, id=14936, stack(0x0000004171900000,0x0000004171a00000)]
  0x00000176531760a0 JavaThread "C2 CompilerThread0" daemon [_thread_blocked, id=4736, stack(0x0000004171a00000,0x0000004171b00000)]
  0x00000176531811c0 JavaThread "C1 CompilerThread0" daemon [_thread_blocked, id=1828, stack(0x0000004171b00000,0x0000004171c00000)]
  0x0000017653185570 JavaThread "Sweeper thread" daemon [_thread_blocked, id=3912, stack(0x0000004171c00000,0x0000004171d00000)]
  0x0000017653224070 JavaThread "Common-Cleaner" daemon [_thread_blocked, id=14564, stack(0x0000004171d00000,0x0000004171e00000)]
  0x00000176533b8d30 JavaThread "Notification Thread" daemon [_thread_blocked, id=13260, stack(0x0000004171e00000,0x0000004171f00000)]
  0x0000017658023dd0 JavaThread "Daemon health stats" [_thread_blocked, id=3772, stack(0x0000004172300000,0x0000004172400000)]
  0x00000176588cd1a0 JavaThread "Incoming local TCP Connector on port 52619" [_thread_in_native, id=8636, stack(0x0000004172400000,0x0000004172500000)]
  0x00000176590e8cc0 JavaThread "Daemon periodic checks" [_thread_blocked, id=10832, stack(0x0000004172500000,0x0000004172600000)]
  0x00000176581867c0 JavaThread "Daemon" [_thread_blocked, id=8408, stack(0x0000004172600000,0x0000004172700000)]
  0x0000017658181840 JavaThread "Handler for socket connection from /127.0.0.1:52619 to /127.0.0.1:52620" [_thread_in_native, id=11844, stack(0x0000004172700000,0x0000004172800000)]
  0x0000017658f487c0 JavaThread "Cancel handler" [_thread_blocked, id=15000, stack(0x0000004172800000,0x0000004172900000)]
  0x0000017659359d60 JavaThread "Daemon worker" [_thread_blocked, id=12964, stack(0x0000004172900000,0x0000004172a00000)]
  0x0000017658da9050 JavaThread "Asynchronous log dispatcher for DefaultDaemonConnection: socket connection from /127.0.0.1:52619 to /127.0.0.1:52620" [_thread_blocked, id=13652, stack(0x0000004172a00000,0x0000004172b00000)]
  0x0000017658e0ddc0 JavaThread "Stdin handler" [_thread_blocked, id=11720, stack(0x0000004172b00000,0x0000004172c00000)]
  0x0000017658e0d8b0 JavaThread "Daemon client event forwarder" [_thread_blocked, id=2572, stack(0x0000004172c00000,0x0000004172d00000)]
  0x0000017658e0ecf0 JavaThread "Cache worker for journal cache (C:\Users\Com\Downloads\gradle-8.10-bin\gradle-8.10\caches\journal-1)" [_thread_blocked, id=14040, stack(0x0000004172d00000,0x0000004172e00000)]
  0x0000017658e0e2d0 JavaThread "File lock request listener" [_thread_in_native, id=12128, stack(0x0000004172e00000,0x0000004172f00000)]
  0x0000017658e0d3a0 JavaThread "Cache worker for file hash cache (C:\Users\Com\Downloads\gradle-8.10-bin\gradle-8.10\caches\8.7\fileHashes)" [_thread_blocked, id=14292, stack(0x0000004172f00000,0x0000004173000000)]
  0x0000017658e0e7e0 JavaThread "Cache worker for file hash cache (D:\DemoApi\.gradle\8.7\fileHashes)" [_thread_blocked, id=15076, stack(0x0000004173000000,0x0000004173100000)]
  0x0000017658e0f200 JavaThread "File watcher server" daemon [_thread_blocked, id=7376, stack(0x0000004173100000,0x0000004173200000)]
  0x0000017658e0bf60 JavaThread "File watcher consumer" daemon [_thread_blocked, id=8312, stack(0x0000004173200000,0x0000004173300000)]
  0x0000017658e0f710 JavaThread "jar transforms" [_thread_blocked, id=6420, stack(0x0000004173300000,0x0000004173400000)]
  0x0000017658e0c470 JavaThread "jar transforms Thread 2" [_thread_blocked, id=5316, stack(0x0000004173400000,0x0000004173500000)]
  0x0000017658e0c980 JavaThread "jar transforms Thread 3" [_thread_blocked, id=12932, stack(0x0000004173500000,0x0000004173600000)]
  0x0000017653748590 JavaThread "jar transforms Thread 4" [_thread_blocked, id=13388, stack(0x0000004173600000,0x0000004173700000)]
  0x000001765374a3f0 JavaThread "Cache worker for checksums cache (D:\DemoApi\.gradle\8.7\checksums)" [_thread_blocked, id=1428, stack(0x0000004173700000,0x0000004173800000)]
  0x00000176537494c0 JavaThread "Cache worker for cache directory md-supplier (C:\Users\Com\Downloads\gradle-8.10-bin\gradle-8.10\caches\8.7\md-supplier)" [_thread_blocked, id=10544, stack(0x0000004173800000,0x0000004173900000)]
  0x0000017653747b70 JavaThread "Cache worker for cache directory md-rule (C:\Users\Com\Downloads\gradle-8.10-bin\gradle-8.10\caches\8.7\md-rule)" [_thread_blocked, id=6284, stack(0x0000004173900000,0x0000004173a00000)]
  0x0000017653748080 JavaThread "Cache worker for file content cache (C:\Users\Com\Downloads\gradle-8.10-bin\gradle-8.10\caches\8.7\fileContent)" [_thread_blocked, id=252, stack(0x0000004173a00000,0x0000004173b00000)]
  0x000001765374a900 JavaThread "Unconstrained build operations" [_thread_blocked, id=11668, stack(0x0000004173b00000,0x0000004173c00000)]
  0x0000017653744de0 JavaThread "Unconstrained build operations Thread 2" [_thread_blocked, id=4572, stack(0x0000004173c00000,0x0000004173d00000)]
  0x0000017653749ee0 JavaThread "Unconstrained build operations Thread 3" [_thread_blocked, id=14504, stack(0x0000004173d00000,0x0000004173e00000)]
  0x00000176537452f0 JavaThread "Unconstrained build operations Thread 4" [_thread_blocked, id=3044, stack(0x0000004173e00000,0x0000004173f00000)]
  0x000001765374b320 JavaThread "Unconstrained build operations Thread 5" [_thread_blocked, id=12872, stack(0x0000004173f00000,0x0000004174000000)]
  0x000001765374b830 JavaThread "Cache worker for Build Output Cleanup Cache (D:\DemoApi\.gradle\buildOutputCleanup)" [_thread_blocked, id=11208, stack(0x0000004174000000,0x0000004174100000)]
  0x00000176537499d0 JavaThread "Unconstrained build operations Thread 6" [_thread_blocked, id=2456, stack(0x0000004174100000,0x0000004174200000)]
  0x0000017653748fb0 JavaThread "Unconstrained build operations Thread 7" [_thread_blocked, id=8256, stack(0x0000004174200000,0x0000004174300000)]
  0x0000017653746730 JavaThread "Unconstrained build operations Thread 8" [_thread_blocked, id=11308, stack(0x0000004174300000,0x0000004174400000)]
  0x000001765374ae10 JavaThread "Unconstrained build operations Thread 9" [_thread_blocked, id=11820, stack(0x0000004174400000,0x0000004174500000)]
  0x00000176537443c0 JavaThread "Unconstrained build operations Thread 10" [_thread_blocked, id=792, stack(0x0000004174500000,0x0000004174600000)]
  0x000001765374bd40 JavaThread "Unconstrained build operations Thread 11" [_thread_blocked, id=8808, stack(0x0000004174600000,0x0000004174700000)]

Other Threads:
=>0x0000017652ecf640 VMThread "VM Thread" [stack: 0x0000004171300000,0x0000004171400000] [id=1968]
  0x00000176533b9210 WatcherThread [stack: 0x0000004171f00000,0x0000004172000000] [id=14396]
  0x00000176379fa280 GCTaskThread "GC Thread#0" [stack: 0x0000004170e00000,0x0000004170f00000] [id=11664]
  0x0000017653657df0 GCTaskThread "GC Thread#1" [stack: 0x0000004172000000,0x0000004172100000] [id=9272]
  0x00000176535ac1a0 GCTaskThread "GC Thread#2" [stack: 0x0000004172100000,0x0000004172200000] [id=4808]
  0x000001765818e0e0 GCTaskThread "GC Thread#3" [stack: 0x0000004172200000,0x0000004172300000] [id=12152]
  0x0000017637a0b0e0 ConcurrentGCThread "G1 Main Marker" [stack: 0x0000004170f00000,0x0000004171000000] [id=9052]
  0x0000017637a0c1b0 ConcurrentGCThread "G1 Conc#0" [stack: 0x0000004171000000,0x0000004171100000] [id=3464]
  0x0000017637a5ab30 ConcurrentGCThread "G1 Refine#0" [stack: 0x0000004171100000,0x0000004171200000] [id=10812]
  0x0000017637a5c480 ConcurrentGCThread "G1 Service" [stack: 0x0000004171200000,0x0000004171300000] [id=9808]

Threads with active compile tasks:
C1 CompilerThread0    24678 8796       3       org.jetbrains.kotlin.load.kotlin.header.ReadKotlinClassHeaderAnnotationVisitor$KotlinMetadataArgumentVisitor::visit (195 bytes)

VM state: at safepoint (normal execution)

VM Mutex/Monitor currently owned by a thread:  ([mutex/lock_event])
[0x000001763799a840] Threads_lock - owner thread: 0x0000017652ecf640
[0x000001763799a180] Heap_lock - owner thread: 0x0000017659359d60

Heap address: 0x0000000080000000, size: 2048 MB, Compressed Oops mode: 32-bit

CDS archive(s) not mapped
Compressed class space mapped at: 0x0000000100000000-0x0000000140000000, reserved size: 1073741824
Narrow klass base: 0x0000000000000000, Narrow klass shift: 3, Narrow klass range: 0x140000000

GC Precious Log:
 CPUs: 4 total, 4 available
 Memory: 4009M
 Large Page Support: Disabled
 NUMA Support: Disabled
 Compressed Oops: Enabled (32-bit)
 Heap Region Size: 1M
 Heap Min Capacity: 8M
 Heap Initial Capacity: 64M
 Heap Max Capacity: 2G
 Pre-touch: Disabled
 Parallel Workers: 4
 Concurrent Workers: 1
 Concurrent Refinement Workers: 4
 Periodic GC: Disabled

Heap:
 garbage-first heap   total 184320K, used 125336K [0x0000000080000000, 0x0000000100000000)
  region size 1024K, 5 young (5120K), 5 survivors (5120K)
 Metaspace       used 100836K, committed 101632K, reserved 1179648K
  class space    used 13640K, committed 14016K, reserved 1048576K

Heap Regions: E=young(eden), S=young(survivor), O=old, HS=humongous(starts), HC=humongous(continues), CS=collection set, F=free, OA=open archive, CA=closed archive, TAMS=top-at-mark-start (previous, next)
|   0|0x0000000080000000, 0x0000000080100000, 0x0000000080100000|100%|HS|  |TAMS 0x0000000080100000, 0x0000000080000000| Complete 
|   1|0x0000000080100000, 0x0000000080200000, 0x0000000080200000|100%|HC|  |TAMS 0x0000000080200000, 0x0000000080100000| Complete 
|   2|0x0000000080200000, 0x0000000080300000, 0x0000000080300000|100%|HC|  |TAMS 0x0000000080300000, 0x0000000080200000| Complete 
|   3|0x0000000080300000, 0x0000000080400000, 0x0000000080400000|100%|HC|  |TAMS 0x0000000080400000, 0x0000000080300000| Complete 
|   4|0x0000000080400000, 0x0000000080500000, 0x0000000080500000|100%| O|  |TAMS 0x0000000080500000, 0x0000000080400000| Untracked 
|   5|0x0000000080500000, 0x0000000080600000, 0x0000000080600000|100%| O|  |TAMS 0x0000000080600000, 0x0000000080500000| Untracked 
|   6|0x0000000080600000, 0x0000000080700000, 0x0000000080700000|100%| O|  |TAMS 0x0000000080700000, 0x0000000080600000| Untracked 
|   7|0x0000000080700000, 0x0000000080800000, 0x0000000080800000|100%| O|  |TAMS 0x0000000080800000, 0x0000000080700000| Untracked 
|   8|0x0000000080800000, 0x0000000080900000, 0x0000000080900000|100%| O|  |TAMS 0x0000000080900000, 0x0000000080800000| Untracked 
|   9|0x0000000080900000, 0x0000000080a00000, 0x0000000080a00000|100%| O|  |TAMS 0x0000000080a00000, 0x0000000080900000| Untracked 
|  10|0x0000000080a00000, 0x0000000080b00000, 0x0000000080b00000|100%| O|  |TAMS 0x0000000080b00000, 0x0000000080a00000| Untracked 
|  11|0x0000000080b00000, 0x0000000080c00000, 0x0000000080c00000|100%| O|  |TAMS 0x0000000080c00000, 0x0000000080b00000| Untracked 
|  12|0x0000000080c00000, 0x0000000080d00000, 0x0000000080d00000|100%| O|  |TAMS 0x0000000080d00000, 0x0000000080c00000| Untracked 
|  13|0x0000000080d00000, 0x0000000080e00000, 0x0000000080e00000|100%| O|  |TAMS 0x0000000080e00000, 0x0000000080d00000| Untracked 
|  14|0x0000000080e00000, 0x0000000080f00000, 0x0000000080f00000|100%| O|  |TAMS 0x0000000080f00000, 0x0000000080e00000| Untracked 
|  15|0x0000000080f00000, 0x0000000081000000, 0x0000000081000000|100%| O|  |TAMS 0x0000000081000000, 0x0000000080f00000| Untracked 
|  16|0x0000000081000000, 0x0000000081100000, 0x0000000081100000|100%| O|  |TAMS 0x0000000081100000, 0x0000000081000000| Untracked 
|  17|0x0000000081100000, 0x0000000081200000, 0x0000000081200000|100%| O|  |TAMS 0x0000000081200000, 0x0000000081100000| Untracked 
|  18|0x0000000081200000, 0x0000000081300000, 0x0000000081300000|100%| O|  |TAMS 0x0000000081300000, 0x0000000081200000| Untracked 
|  19|0x0000000081300000, 0x0000000081400000, 0x0000000081400000|100%| O|  |TAMS 0x0000000081400000, 0x0000000081300000| Untracked 
|  20|0x0000000081400000, 0x0000000081500000, 0x0000000081500000|100%| O|  |TAMS 0x0000000081500000, 0x0000000081400000| Untracked 
|  21|0x0000000081500000, 0x0000000081600000, 0x0000000081600000|100%|HS|  |TAMS 0x0000000081600000, 0x0000000081500000| Complete 
|  22|0x0000000081600000, 0x0000000081700000, 0x0000000081700000|100%|HC|  |TAMS 0x0000000081700000, 0x0000000081600000| Complete 
|  23|0x0000000081700000, 0x0000000081800000, 0x0000000081800000|100%|HC|  |TAMS 0x0000000081800000, 0x0000000081700000| Complete 
|  24|0x0000000081800000, 0x0000000081900000, 0x0000000081900000|100%|HC|  |TAMS 0x0000000081900000, 0x0000000081800000| Complete 
|  25|0x0000000081900000, 0x0000000081a00000, 0x0000000081a00000|100%|HC|  |TAMS 0x0000000081a00000, 0x0000000081900000| Complete 
|  26|0x0000000081a00000, 0x0000000081b00000, 0x0000000081b00000|100%|HS|  |TAMS 0x0000000081b00000, 0x0000000081a00000| Complete 
|  27|0x0000000081b00000, 0x0000000081c00000, 0x0000000081c00000|100%|HC|  |TAMS 0x0000000081c00000, 0x0000000081b00000| Complete 
|  28|0x0000000081c00000, 0x0000000081d00000, 0x0000000081d00000|100%|HC|  |TAMS 0x0000000081d00000, 0x0000000081c00000| Complete 
|  29|0x0000000081d00000, 0x0000000081e00000, 0x0000000081e00000|100%| O|  |TAMS 0x0000000081e00000, 0x0000000081d00000| Untracked 
|  30|0x0000000081e00000, 0x0000000081f00000, 0x0000000081f00000|100%| O|  |TAMS 0x0000000081f00000, 0x0000000081e00000| Untracked 
|  31|0x0000000081f00000, 0x0000000082000000, 0x0000000082000000|100%| O|  |TAMS 0x0000000082000000, 0x0000000081f00000| Untracked 
|  32|0x0000000082000000, 0x0000000082100000, 0x0000000082100000|100%|HS|  |TAMS 0x0000000082000000, 0x0000000082000000| Complete 
|  33|0x0000000082100000, 0x0000000082200000, 0x0000000082200000|100%|HS|  |TAMS 0x0000000082200000, 0x0000000082100000| Complete 
|  34|0x0000000082200000, 0x0000000082300000, 0x0000000082300000|100%|HC|  |TAMS 0x0000000082300000, 0x0000000082200000| Complete 
|  35|0x0000000082300000, 0x0000000082400000, 0x0000000082400000|100%|HC|  |TAMS 0x0000000082400000, 0x0000000082300000| Complete 
|  36|0x0000000082400000, 0x0000000082500000, 0x0000000082500000|100%|HS|  |TAMS 0x0000000082500000, 0x0000000082400000| Complete 
|  37|0x0000000082500000, 0x0000000082600000, 0x0000000082600000|100%| O|  |TAMS 0x0000000082600000, 0x0000000082500000| Untracked 
|  38|0x0000000082600000, 0x0000000082700000, 0x0000000082700000|100%| O|  |TAMS 0x0000000082700000, 0x0000000082600000| Untracked 
|  39|0x0000000082700000, 0x0000000082800000, 0x0000000082800000|100%| O|  |TAMS 0x0000000082800000, 0x0000000082700000| Untracked 
|  40|0x0000000082800000, 0x0000000082900000, 0x0000000082900000|100%| O|  |TAMS 0x0000000082900000, 0x0000000082800000| Untracked 
|  41|0x0000000082900000, 0x0000000082a00000, 0x0000000082a00000|100%| O|  |TAMS 0x0000000082a00000, 0x0000000082900000| Untracked 
|  42|0x0000000082a00000, 0x0000000082b00000, 0x0000000082b00000|100%| O|  |TAMS 0x0000000082b00000, 0x0000000082a00000| Untracked 
|  43|0x0000000082b00000, 0x0000000082c00000, 0x0000000082c00000|100%| O|  |TAMS 0x0000000082c00000, 0x0000000082b00000| Untracked 
|  44|0x0000000082c00000, 0x0000000082d00000, 0x0000000082d00000|100%| O|  |TAMS 0x0000000082d00000, 0x0000000082c00000| Untracked 
|  45|0x0000000082d00000, 0x0000000082e00000, 0x0000000082e00000|100%| O|  |TAMS 0x0000000082e00000, 0x0000000082d00000| Untracked 
|  46|0x0000000082e00000, 0x0000000082f00000, 0x0000000082f00000|100%| O|  |TAMS 0x0000000082f00000, 0x0000000082e00000| Untracked 
|  47|0x0000000082f00000, 0x0000000083000000, 0x0000000083000000|100%|HS|  |TAMS 0x0000000082f00000, 0x0000000082f00000| Complete 
|  48|0x0000000083000000, 0x0000000083100000, 0x0000000083100000|100%| O|  |TAMS 0x0000000083100000, 0x0000000083000000| Untracked 
|  49|0x0000000083100000, 0x0000000083200000, 0x0000000083200000|100%| O|  |TAMS 0x0000000083200000, 0x0000000083100000| Untracked 
|  50|0x0000000083200000, 0x0000000083300000, 0x0000000083300000|100%| O|  |TAMS 0x0000000083300000, 0x0000000083200000| Untracked 
|  51|0x0000000083300000, 0x0000000083400000, 0x0000000083400000|100%|HS|  |TAMS 0x0000000083400000, 0x0000000083300000| Complete 
|  52|0x0000000083400000, 0x0000000083500000, 0x0000000083500000|100%|HC|  |TAMS 0x0000000083500000, 0x0000000083400000| Complete 
|  53|0x0000000083500000, 0x0000000083600000, 0x0000000083600000|100%|HC|  |TAMS 0x0000000083600000, 0x0000000083500000| Complete 
|  54|0x0000000083600000, 0x0000000083700000, 0x0000000083700000|100%|HS|  |TAMS 0x0000000083700000, 0x0000000083600000| Complete 
|  55|0x0000000083700000, 0x0000000083800000, 0x0000000083800000|100%|HC|  |TAMS 0x0000000083800000, 0x0000000083700000| Complete 
|  56|0x0000000083800000, 0x0000000083900000, 0x0000000083900000|100%|HC|  |TAMS 0x0000000083900000, 0x0000000083800000| Complete 
|  57|0x0000000083900000, 0x0000000083a00000, 0x0000000083a00000|100%|HC|  |TAMS 0x0000000083a00000, 0x0000000083900000| Complete 
|  58|0x0000000083a00000, 0x0000000083b00000, 0x0000000083b00000|100%|HC|  |TAMS 0x0000000083b00000, 0x0000000083a00000| Complete 
|  59|0x0000000083b00000, 0x0000000083c00000, 0x0000000083c00000|100%|HS|  |TAMS 0x0000000083c00000, 0x0000000083b00000| Complete 
|  60|0x0000000083c00000, 0x0000000083d00000, 0x0000000083d00000|100%|HC|  |TAMS 0x0000000083d00000, 0x0000000083c00000| Complete 
|  61|0x0000000083d00000, 0x0000000083e00000, 0x0000000083e00000|100%|HC|  |TAMS 0x0000000083e00000, 0x0000000083d00000| Complete 
|  62|0x0000000083e00000, 0x0000000083f00000, 0x0000000083f00000|100%|HC|  |TAMS 0x0000000083f00000, 0x0000000083e00000| Complete 
|  63|0x0000000083f00000, 0x0000000084000000, 0x0000000084000000|100%|HC|  |TAMS 0x0000000084000000, 0x0000000083f00000| Complete 
|  64|0x0000000084000000, 0x0000000084100000, 0x0000000084100000|100%| O|  |TAMS 0x0000000084000000, 0x0000000084000000| Untracked 
|  65|0x0000000084100000, 0x0000000084200000, 0x0000000084200000|100%| O|  |TAMS 0x0000000084200000, 0x0000000084100000| Untracked 
|  66|0x0000000084200000, 0x0000000084300000, 0x0000000084300000|100%| O|  |TAMS 0x0000000084300000, 0x0000000084200000| Untracked 
|  67|0x0000000084300000, 0x0000000084400000, 0x0000000084400000|100%| O|  |TAMS 0x0000000084400000, 0x0000000084300000| Untracked 
|  68|0x0000000084400000, 0x0000000084500000, 0x0000000084500000|100%| O|  |TAMS 0x0000000084500000, 0x0000000084400000| Untracked 
|  69|0x0000000084500000, 0x0000000084600000, 0x0000000084600000|100%| O|  |TAMS 0x0000000084600000, 0x0000000084500000| Untracked 
|  70|0x0000000084600000, 0x0000000084700000, 0x0000000084700000|100%| O|  |TAMS 0x0000000084700000, 0x0000000084600000| Untracked 
|  71|0x0000000084700000, 0x0000000084800000, 0x0000000084800000|100%| O|  |TAMS 0x0000000084800000, 0x0000000084700000| Untracked 
|  72|0x0000000084800000, 0x0000000084900000, 0x0000000084900000|100%| O|  |TAMS 0x0000000084900000, 0x0000000084800000| Untracked 
|  73|0x0000000084900000, 0x0000000084a00000, 0x0000000084a00000|100%| O|  |TAMS 0x0000000084a00000, 0x0000000084900000| Untracked 
|  74|0x0000000084a00000, 0x0000000084b00000, 0x0000000084b00000|100%| O|  |TAMS 0x0000000084b00000, 0x0000000084a00000| Untracked 
|  75|0x0000000084b00000, 0x0000000084c00000, 0x0000000084c00000|100%| O|  |TAMS 0x0000000084c00000, 0x0000000084b00000| Untracked 
|  76|0x0000000084c00000, 0x0000000084d00000, 0x0000000084d00000|100%| O|  |TAMS 0x0000000084d00000, 0x0000000084c00000| Untracked 
|  77|0x0000000084d00000, 0x0000000084e00000, 0x0000000084e00000|100%| O|  |TAMS 0x0000000084e00000, 0x0000000084d00000| Untracked 
|  78|0x0000000084e00000, 0x0000000084f00000, 0x0000000084f00000|100%| O|  |TAMS 0x0000000084f00000, 0x0000000084e00000| Untracked 
|  79|0x0000000084f00000, 0x0000000085000000, 0x0000000085000000|100%|HS|  |TAMS 0x0000000084f00000, 0x0000000084f00000| Complete 
|  80|0x0000000085000000, 0x0000000085100000, 0x0000000085100000|100%|HC|  |TAMS 0x0000000085000000, 0x0000000085000000| Complete 
|  81|0x0000000085100000, 0x0000000085200000, 0x0000000085200000|100%|HC|  |TAMS 0x0000000085100000, 0x0000000085100000| Complete 
|  82|0x0000000085200000, 0x0000000085300000, 0x0000000085300000|100%|HC|  |TAMS 0x0000000085200000, 0x0000000085200000| Complete 
|  83|0x0000000085300000, 0x0000000085400000, 0x0000000085400000|100%|HC|  |TAMS 0x0000000085300000, 0x0000000085300000| Complete 
|  84|0x0000000085400000, 0x0000000085500000, 0x0000000085500000|100%|HC|  |TAMS 0x0000000085400000, 0x0000000085400000| Complete 
|  85|0x0000000085500000, 0x0000000085600000, 0x0000000085600000|100%| O|  |TAMS 0x0000000085600000, 0x0000000085500000| Untracked 
|  86|0x0000000085600000, 0x0000000085700000, 0x0000000085700000|100%| O|  |TAMS 0x0000000085700000, 0x0000000085600000| Untracked 
|  87|0x0000000085700000, 0x0000000085800000, 0x0000000085800000|100%| O|  |TAMS 0x0000000085800000, 0x0000000085700000| Untracked 
|  88|0x0000000085800000, 0x0000000085900000, 0x0000000085900000|100%| O|  |TAMS 0x0000000085900000, 0x0000000085800000| Untracked 
|  89|0x0000000085900000, 0x0000000085a00000, 0x0000000085a00000|100%| O|  |TAMS 0x0000000085a00000, 0x0000000085900000| Untracked 
|  90|0x0000000085a00000, 0x0000000085b00000, 0x0000000085b00000|100%| O|  |TAMS 0x0000000085b00000, 0x0000000085a00000| Untracked 
|  91|0x0000000085b00000, 0x0000000085c00000, 0x0000000085c00000|100%| O|  |TAMS 0x0000000085b82c00, 0x0000000085b00000| Untracked 
|  92|0x0000000085c00000, 0x0000000085d00000, 0x0000000085d00000|100%|HS|  |TAMS 0x0000000085c00000, 0x0000000085c00000| Complete 
|  93|0x0000000085d00000, 0x0000000085e00000, 0x0000000085e00000|100%| O|  |TAMS 0x0000000085d00000, 0x0000000085d00000| Untracked 
|  94|0x0000000085e00000, 0x0000000085f00000, 0x0000000085f00000|100%|HS|  |TAMS 0x0000000085e00000, 0x0000000085e00000| Complete 
|  95|0x0000000085f00000, 0x0000000086000000, 0x0000000086000000|100%| O|  |TAMS 0x0000000085f00000, 0x0000000085f00000| Untracked 
|  96|0x0000000086000000, 0x0000000086100000, 0x0000000086100000|100%| O|  |TAMS 0x0000000086000000, 0x0000000086000000| Untracked 
|  97|0x0000000086100000, 0x0000000086200000, 0x0000000086200000|100%| O|  |TAMS 0x0000000086100000, 0x0000000086100000| Untracked 
|  98|0x0000000086200000, 0x0000000086300000, 0x0000000086300000|100%| O|  |TAMS 0x0000000086200000, 0x0000000086200000| Untracked 
|  99|0x0000000086300000, 0x0000000086400000, 0x0000000086400000|100%| O|  |TAMS 0x0000000086300000, 0x0000000086300000| Untracked 
| 100|0x0000000086400000, 0x0000000086500000, 0x0000000086500000|100%| O|  |TAMS 0x0000000086400000, 0x0000000086400000| Untracked 
| 101|0x0000000086500000, 0x0000000086600000, 0x0000000086600000|100%| O|  |TAMS 0x0000000086500000, 0x0000000086500000| Untracked 
| 102|0x0000000086600000, 0x0000000086700000, 0x0000000086700000|100%| O|  |TAMS 0x0000000086600000, 0x0000000086600000| Untracked 
| 103|0x0000000086700000, 0x0000000086800000, 0x0000000086800000|100%| O|  |TAMS 0x0000000086700000, 0x0000000086700000| Untracked 
| 104|0x0000000086800000, 0x0000000086900000, 0x0000000086900000|100%| O|  |TAMS 0x0000000086800000, 0x0000000086800000| Untracked 
| 105|0x0000000086900000, 0x0000000086a00000, 0x0000000086a00000|100%| O|  |TAMS 0x0000000086900000, 0x0000000086900000| Untracked 
| 106|0x0000000086a00000, 0x0000000086b00000, 0x0000000086b00000|100%| O|  |TAMS 0x0000000086a00000, 0x0000000086a00000| Untracked 
| 107|0x0000000086b00000, 0x0000000086c00000, 0x0000000086c00000|100%| O|  |TAMS 0x0000000086b00000, 0x0000000086b00000| Untracked 
| 108|0x0000000086c00000, 0x0000000086d00000, 0x0000000086d00000|100%| O|  |TAMS 0x0000000086c00000, 0x0000000086c00000| Untracked 
| 109|0x0000000086d00000, 0x0000000086e00000, 0x0000000086e00000|100%| O|  |TAMS 0x0000000086d00000, 0x0000000086d00000| Untracked 
| 110|0x0000000086e00000, 0x0000000086f00000, 0x0000000086f00000|100%| O|  |TAMS 0x0000000086e00000, 0x0000000086e00000| Untracked 
| 111|0x0000000086f00000, 0x0000000087000000, 0x0000000087000000|100%| O|  |TAMS 0x0000000086f00000, 0x0000000086f00000| Untracked 
| 112|0x0000000087000000, 0x0000000087100000, 0x0000000087100000|100%| O|  |TAMS 0x0000000087000000, 0x0000000087000000| Untracked 
| 113|0x0000000087100000, 0x0000000087200000, 0x0000000087200000|100%| O|  |TAMS 0x0000000087100000, 0x0000000087100000| Untracked 
| 114|0x0000000087200000, 0x0000000087300000, 0x0000000087300000|100%| O|  |TAMS 0x0000000087200000, 0x0000000087200000| Untracked 
| 115|0x0000000087300000, 0x0000000087400000, 0x0000000087400000|100%| O|  |TAMS 0x0000000087300000, 0x0000000087300000| Untracked 
| 116|0x0000000087400000, 0x0000000087500000, 0x0000000087500000|100%| O|  |TAMS 0x0000000087400000, 0x0000000087400000| Untracked 
| 117|0x0000000087500000, 0x0000000087574a00, 0x0000000087600000| 45%| O|  |TAMS 0x0000000087500000, 0x0000000087500000| Untracked 
| 118|0x0000000087600000, 0x0000000087600000, 0x0000000087700000|  0%| F|  |TAMS 0x0000000087600000, 0x0000000087600000| Untracked 
| 119|0x0000000087700000, 0x0000000087700000, 0x0000000087800000|  0%| F|  |TAMS 0x0000000087700000, 0x0000000087700000| Untracked 
| 120|0x0000000087800000, 0x0000000087800000, 0x0000000087900000|  0%| F|  |TAMS 0x0000000087800000, 0x0000000087800000| Untracked 
| 121|0x0000000087900000, 0x0000000087900000, 0x0000000087a00000|  0%| F|  |TAMS 0x0000000087900000, 0x0000000087900000| Untracked 
| 122|0x0000000087a00000, 0x0000000087a00000, 0x0000000087b00000|  0%| F|  |TAMS 0x0000000087a00000, 0x0000000087a00000| Untracked 
| 123|0x0000000087b00000, 0x0000000087b00000, 0x0000000087c00000|  0%| F|  |TAMS 0x0000000087b00000, 0x0000000087b00000| Untracked 
| 124|0x0000000087c00000, 0x0000000087c00000, 0x0000000087d00000|  0%| F|  |TAMS 0x0000000087c00000, 0x0000000087c00000| Untracked 
| 125|0x0000000087d00000, 0x0000000087d00000, 0x0000000087e00000|  0%| F|  |TAMS 0x0000000087d00000, 0x0000000087d00000| Untracked 
| 126|0x0000000087e00000, 0x0000000087e00000, 0x0000000087f00000|  0%| F|  |TAMS 0x0000000087e00000, 0x0000000087e00000| Untracked 
| 127|0x0000000087f00000, 0x0000000087f00000, 0x0000000088000000|  0%| F|  |TAMS 0x0000000087f00000, 0x0000000087f00000| Untracked 
| 128|0x0000000088000000, 0x0000000088000000, 0x0000000088100000|  0%| F|  |TAMS 0x0000000088000000, 0x0000000088000000| Untracked 
| 129|0x0000000088100000, 0x0000000088100000, 0x0000000088200000|  0%| F|  |TAMS 0x0000000088100000, 0x0000000088100000| Untracked 
| 130|0x0000000088200000, 0x0000000088200000, 0x0000000088300000|  0%| F|  |TAMS 0x0000000088200000, 0x0000000088200000| Untracked 
| 131|0x0000000088300000, 0x0000000088300000, 0x0000000088400000|  0%| F|  |TAMS 0x0000000088300000, 0x0000000088300000| Untracked 
| 132|0x0000000088400000, 0x0000000088400000, 0x0000000088500000|  0%| F|  |TAMS 0x0000000088400000, 0x0000000088400000| Untracked 
| 133|0x0000000088500000, 0x0000000088500000, 0x0000000088600000|  0%| F|  |TAMS 0x0000000088500000, 0x0000000088500000| Untracked 
| 134|0x0000000088600000, 0x0000000088600000, 0x0000000088700000|  0%| F|  |TAMS 0x0000000088600000, 0x0000000088600000| Untracked 
| 135|0x0000000088700000, 0x0000000088700000, 0x0000000088800000|  0%| F|  |TAMS 0x0000000088700000, 0x0000000088700000| Untracked 
| 136|0x0000000088800000, 0x0000000088800000, 0x0000000088900000|  0%| F|  |TAMS 0x0000000088800000, 0x0000000088800000| Untracked 
| 137|0x0000000088900000, 0x0000000088900000, 0x0000000088a00000|  0%| F|  |TAMS 0x0000000088900000, 0x0000000088900000| Untracked 
| 138|0x0000000088a00000, 0x0000000088a00000, 0x0000000088b00000|  0%| F|  |TAMS 0x0000000088a00000, 0x0000000088a00000| Untracked 
| 139|0x0000000088b00000, 0x0000000088b00000, 0x0000000088c00000|  0%| F|  |TAMS 0x0000000088b00000, 0x0000000088b00000| Untracked 
| 140|0x0000000088c00000, 0x0000000088c00000, 0x0000000088d00000|  0%| F|  |TAMS 0x0000000088c00000, 0x0000000088c00000| Untracked 
| 141|0x0000000088d00000, 0x0000000088df16e0, 0x0000000088e00000| 94%| S|CS|TAMS 0x0000000088d00000, 0x0000000088d00000| Complete 
| 142|0x0000000088e00000, 0x0000000088f00000, 0x0000000088f00000|100%| S|CS|TAMS 0x0000000088e00000, 0x0000000088e00000| Complete 
| 143|0x0000000088f00000, 0x0000000089000000, 0x0000000089000000|100%| S|CS|TAMS 0x0000000088f00000, 0x0000000088f00000| Complete 
| 144|0x0000000089000000, 0x0000000089000000, 0x0000000089100000|  0%| F|  |TAMS 0x0000000089000000, 0x0000000089000000| Untracked 
| 145|0x0000000089100000, 0x0000000089100000, 0x0000000089200000|  0%| F|  |TAMS 0x0000000089100000, 0x0000000089100000| Untracked 
| 146|0x0000000089200000, 0x0000000089300000, 0x0000000089300000|100%| S|CS|TAMS 0x0000000089200000, 0x0000000089200000| Complete 
| 147|0x0000000089300000, 0x0000000089400000, 0x0000000089400000|100%| S|CS|TAMS 0x0000000089300000, 0x0000000089300000| Complete 
| 148|0x0000000089400000, 0x0000000089400000, 0x0000000089500000|  0%| F|  |TAMS 0x0000000089400000, 0x0000000089400000| Untracked 
| 149|0x0000000089500000, 0x0000000089500000, 0x0000000089600000|  0%| F|  |TAMS 0x0000000089500000, 0x0000000089500000| Untracked 
| 150|0x0000000089600000, 0x0000000089600000, 0x0000000089700000|  0%| F|  |TAMS 0x0000000089600000, 0x0000000089600000| Untracked 
| 151|0x0000000089700000, 0x0000000089700000, 0x0000000089800000|  0%| F|  |TAMS 0x0000000089700000, 0x0000000089700000| Untracked 
| 152|0x0000000089800000, 0x0000000089800000, 0x0000000089900000|  0%| F|  |TAMS 0x0000000089800000, 0x0000000089800000| Untracked 
| 153|0x0000000089900000, 0x0000000089900000, 0x0000000089a00000|  0%| F|  |TAMS 0x0000000089900000, 0x0000000089900000| Untracked 
| 154|0x0000000089a00000, 0x0000000089a00000, 0x0000000089b00000|  0%| F|  |TAMS 0x0000000089a00000, 0x0000000089a00000| Untracked 
| 155|0x0000000089b00000, 0x0000000089b00000, 0x0000000089c00000|  0%| F|  |TAMS 0x0000000089b00000, 0x0000000089b00000| Untracked 
| 156|0x0000000089c00000, 0x0000000089c00000, 0x0000000089d00000|  0%| F|  |TAMS 0x0000000089c00000, 0x0000000089c00000| Untracked 
| 157|0x0000000089d00000, 0x0000000089d00000, 0x0000000089e00000|  0%| F|  |TAMS 0x0000000089d00000, 0x0000000089d00000| Untracked 
| 158|0x0000000089e00000, 0x0000000089e00000, 0x0000000089f00000|  0%| F|  |TAMS 0x0000000089e00000, 0x0000000089e00000| Untracked 
| 159|0x0000000089f00000, 0x0000000089f00000, 0x000000008a000000|  0%| F|  |TAMS 0x0000000089f00000, 0x0000000089f00000| Untracked 
| 160|0x000000008a000000, 0x000000008a000000, 0x000000008a100000|  0%| F|  |TAMS 0x000000008a000000, 0x000000008a000000| Untracked 
| 161|0x000000008a100000, 0x000000008a100000, 0x000000008a200000|  0%| F|  |TAMS 0x000000008a100000, 0x000000008a100000| Untracked 
| 162|0x000000008a200000, 0x000000008a200000, 0x000000008a300000|  0%| F|  |TAMS 0x000000008a200000, 0x000000008a200000| Untracked 
| 163|0x000000008a300000, 0x000000008a300000, 0x000000008a400000|  0%| F|  |TAMS 0x000000008a300000, 0x000000008a300000| Untracked 
| 164|0x000000008a400000, 0x000000008a400000, 0x000000008a500000|  0%| F|  |TAMS 0x000000008a400000, 0x000000008a400000| Untracked 
| 165|0x000000008a500000, 0x000000008a500000, 0x000000008a600000|  0%| F|  |TAMS 0x000000008a500000, 0x000000008a500000| Untracked 
| 166|0x000000008a600000, 0x000000008a600000, 0x000000008a700000|  0%| F|  |TAMS 0x000000008a600000, 0x000000008a600000| Untracked 
| 167|0x000000008a700000, 0x000000008a700000, 0x000000008a800000|  0%| F|  |TAMS 0x000000008a700000, 0x000000008a700000| Untracked 
| 168|0x000000008a800000, 0x000000008a800000, 0x000000008a900000|  0%| F|  |TAMS 0x000000008a800000, 0x000000008a800000| Untracked 
| 169|0x000000008a900000, 0x000000008a900000, 0x000000008aa00000|  0%| F|  |TAMS 0x000000008a900000, 0x000000008a900000| Untracked 
| 170|0x000000008aa00000, 0x000000008aa00000, 0x000000008ab00000|  0%| F|  |TAMS 0x000000008aa00000, 0x000000008aa00000| Untracked 
| 171|0x000000008ab00000, 0x000000008ab00000, 0x000000008ac00000|  0%| F|  |TAMS 0x000000008ab00000, 0x000000008ab00000| Untracked 
| 172|0x000000008ac00000, 0x000000008ac00000, 0x000000008ad00000|  0%| F|  |TAMS 0x000000008ac00000, 0x000000008ac00000| Untracked 
| 173|0x000000008ad00000, 0x000000008ad00000, 0x000000008ae00000|  0%| F|  |TAMS 0x000000008ad00000, 0x000000008ad00000| Untracked 
| 174|0x000000008ae00000, 0x000000008ae00000, 0x000000008af00000|  0%| F|  |TAMS 0x000000008ae00000, 0x000000008ae00000| Untracked 
| 175|0x000000008af00000, 0x000000008af00000, 0x000000008b000000|  0%| F|  |TAMS 0x000000008af00000, 0x000000008af00000| Untracked 
| 176|0x000000008b000000, 0x000000008b000000, 0x000000008b100000|  0%| F|  |TAMS 0x000000008b000000, 0x000000008b000000| Untracked 
| 177|0x000000008b100000, 0x000000008b100000, 0x000000008b200000|  0%| F|  |TAMS 0x000000008b100000, 0x000000008b100000| Untracked 
| 178|0x000000008b200000, 0x000000008b200000, 0x000000008b300000|  0%| F|  |TAMS 0x000000008b200000, 0x000000008b200000| Untracked 
| 179|0x000000008b300000, 0x000000008b300000, 0x000000008b400000|  0%| F|  |TAMS 0x000000008b300000, 0x000000008b300000| Untracked 

Card table byte_map: [0x000001764c080000,0x000001764c480000] _byte_map_base: 0x000001764bc80000

Marking Bits (Prev, Next): (CMBitMap*) 0x00000176379fa7f0, (CMBitMap*) 0x00000176379fa7b0
 Prev Bits: [0x000001764e880000, 0x0000017650880000)
 Next Bits: [0x000001764c880000, 0x000001764e880000)

Polling page: 0x000001763c630000

Metaspace:

Usage:
  Non-class:     85.15 MB used.
      Class:     13.32 MB used.
       Both:     98.47 MB used.

Virtual space:
  Non-class space:      128.00 MB reserved,      85.56 MB ( 67%) committed,  2 nodes.
      Class space:        1.00 GB reserved,      13.69 MB (  1%) committed,  1 nodes.
             Both:        1.12 GB reserved,      99.25 MB (  9%) committed. 

Chunk freelists:
   Non-Class:  10.36 MB
       Class:  2.17 MB
        Both:  12.53 MB

MaxMetaspaceSize: unlimited
CompressedClassSpaceSize: 1.00 GB
Initial GC threshold: 21.00 MB
Current GC threshold: 133.38 MB
CDS: off
MetaspaceReclaimPolicy: balanced
 - commit_granule_bytes: 65536.
 - commit_granule_words: 8192.
 - virtual_space_node_default_size: 8388608.
 - enlarge_chunks_in_place: 1.
 - new_chunks_are_fully_committed: 0.
 - uncommit_free_chunks: 1.
 - use_allocation_guard: 0.
 - handle_deallocations: 1.


Internal statistics:

num_allocs_failed_limit: 3.
num_arena_births: 848.
num_arena_deaths: 0.
num_vsnodes_births: 3.
num_vsnodes_deaths: 0.
num_space_committed: 1586.
num_space_uncommitted: 0.
num_chunks_returned_to_freelist: 3.
num_chunks_taken_from_freelist: 4336.
num_chunk_merges: 3.
num_chunk_splits: 3161.
num_chunks_enlarged: 2444.
num_inconsistent_stats: 0.

CodeHeap 'non-profiled nmethods': size=120000Kb used=3741Kb max_used=3741Kb free=116258Kb
 bounds [0x0000017644120000, 0x00000176444d0000, 0x000001764b650000]
CodeHeap 'profiled nmethods': size=120000Kb used=15665Kb max_used=15665Kb free=104334Kb
 bounds [0x000001763c650000, 0x000001763d5a0000, 0x0000017643b80000]
CodeHeap 'non-nmethods': size=5760Kb used=2415Kb max_used=2436Kb free=3344Kb
 bounds [0x0000017643b80000, 0x0000017643df0000, 0x0000017644120000]
 total_blobs=8939 nmethods=7984 adapters=865
 compilation: enabled
              stopped_count=0, restarted_count=0
 full_count=0

Compilation events (20 events):
Event: 24.587 Thread 0x00000176531811c0 nmethod 8786 0x000001763d599d10 code [0x000001763d599f40, 0x000001763d59a7d8]
Event: 24.588 Thread 0x00000176531811c0 8787       1       org.jetbrains.kotlin.com.intellij.openapi.vfs.impl.jar.CoreJarVirtualFile::getModificationStamp (2 bytes)
Event: 24.589 Thread 0x00000176531811c0 nmethod 8787 0x00000176444c6510 code [0x00000176444c66a0, 0x00000176444c6778]
Event: 24.589 Thread 0x00000176531811c0 8788       1       org.jetbrains.kotlin.com.intellij.openapi.util.Ref::get (5 bytes)
Event: 24.590 Thread 0x00000176531811c0 nmethod 8788 0x00000176444c6810 code [0x00000176444c69a0, 0x00000176444c6a78]
Event: 24.590 Thread 0x00000176531811c0 8789       3       kotlin.sequences.TransformingSequence$iterator$1::next (22 bytes)
Event: 24.590 Thread 0x00000176531811c0 nmethod 8789 0x000001763d59ab10 code [0x000001763d59acc0, 0x000001763d59af78]
Event: 24.591 Thread 0x00000176531760a0 8790       4       org.jetbrains.kotlin.name.Name::identifier (18 bytes)
Event: 24.592 Thread 0x00000176531811c0 8791       3       org.jetbrains.org.objectweb.asm.AnnotationVisitor::<init> (7 bytes)
Event: 24.592 Thread 0x00000176531811c0 nmethod 8791 0x000001763d59b090 code [0x000001763d59b240, 0x000001763d59b388]
Event: 24.592 Thread 0x00000176531760a0 nmethod 8790 0x00000176444c6b10 code [0x00000176444c6ca0, 0x00000176444c6d78]
Event: 24.593 Thread 0x00000176531811c0 8792       1       kotlin.sequences.FilteringSequence::access$getSequence$p (5 bytes)
Event: 24.593 Thread 0x00000176531811c0 nmethod 8792 0x00000176444c6e90 code [0x00000176444c7020, 0x00000176444c70d8]
Event: 24.595 Thread 0x00000176531811c0 8793       3       org.jetbrains.kotlin.com.intellij.openapi.application.ApplicationManager::getApplication (4 bytes)
Event: 24.595 Thread 0x00000176531811c0 nmethod 8793 0x000001763d59b410 code [0x000001763d59b5a0, 0x000001763d59b698]
Event: 24.595 Thread 0x00000176531811c0 8794       1       kotlin.sequences.TransformingSequence::access$getSequence$p (5 bytes)
Event: 24.595 Thread 0x00000176531811c0 nmethod 8794 0x00000176444c7190 code [0x00000176444c7320, 0x00000176444c73d8]
Event: 24.595 Thread 0x00000176531811c0 8795       3       org.jetbrains.kotlin.load.kotlin.FileBasedKotlinClass$3::visit (64 bytes)
Event: 24.596 Thread 0x00000176531811c0 nmethod 8795 0x000001763d59b710 code [0x000001763d59b940, 0x000001763d59c278]
Event: 24.596 Thread 0x00000176531811c0 8796       3       org.jetbrains.kotlin.load.kotlin.header.ReadKotlinClassHeaderAnnotationVisitor$KotlinMetadataArgumentVisitor::visit (195 bytes)

GC Heap History (20 events):
Event: 17.939 GC heap after
{Heap after GC invocations=43 (full 0):
 garbage-first heap   total 153600K, used 79516K [0x0000000080000000, 0x0000000100000000)
  region size 1024K, 1 young (1024K), 1 survivors (1024K)
 Metaspace       used 70006K, committed 70656K, reserved 1114112K
  class space    used 9992K, committed 10304K, reserved 1048576K
}
Event: 18.983 GC heap before
{Heap before GC invocations=43 (full 0):
 garbage-first heap   total 153600K, used 122524K [0x0000000080000000, 0x0000000100000000)
  region size 1024K, 43 young (44032K), 1 survivors (1024K)
 Metaspace       used 76050K, committed 76736K, reserved 1179648K
  class space    used 10750K, committed 11072K, reserved 1048576K
}
Event: 18.987 GC heap after
{Heap after GC invocations=44 (full 0):
 garbage-first heap   total 153600K, used 80259K [0x0000000080000000, 0x0000000100000000)
  region size 1024K, 2 young (2048K), 2 survivors (2048K)
 Metaspace       used 76050K, committed 76736K, reserved 1179648K
  class space    used 10750K, committed 11072K, reserved 1048576K
}
Event: 19.720 GC heap before
{Heap before GC invocations=45 (full 0):
 garbage-first heap   total 153600K, used 132483K [0x0000000080000000, 0x0000000100000000)
  region size 1024K, 46 young (47104K), 2 survivors (2048K)
 Metaspace       used 79873K, committed 80640K, reserved 1179648K
  class space    used 11260K, committed 11648K, reserved 1048576K
}
Event: 19.732 GC heap after
{Heap after GC invocations=46 (full 0):
 garbage-first heap   total 153600K, used 93371K [0x0000000080000000, 0x0000000100000000)
  region size 1024K, 6 young (6144K), 6 survivors (6144K)
 Metaspace       used 79873K, committed 80640K, reserved 1179648K
  class space    used 11260K, committed 11648K, reserved 1048576K
}
Event: 19.737 GC heap before
{Heap before GC invocations=46 (full 0):
 garbage-first heap   total 153600K, used 94395K [0x0000000080000000, 0x0000000100000000)
  region size 1024K, 7 young (7168K), 6 survivors (6144K)
 Metaspace       used 79873K, committed 80640K, reserved 1179648K
  class space    used 11260K, committed 11648K, reserved 1048576K
}
Event: 19.750 GC heap after
{Heap after GC invocations=47 (full 0):
 garbage-first heap   total 184320K, used 93495K [0x0000000080000000, 0x0000000100000000)
  region size 1024K, 1 young (1024K), 1 survivors (1024K)
 Metaspace       used 79873K, committed 80640K, reserved 1179648K
  class space    used 11260K, committed 11648K, reserved 1048576K
}
Event: 20.460 GC heap before
{Heap before GC invocations=47 (full 0):
 garbage-first heap   total 184320K, used 154935K [0x0000000080000000, 0x0000000100000000)
  region size 1024K, 57 young (58368K), 1 survivors (1024K)
 Metaspace       used 80444K, committed 81216K, reserved 1179648K
  class space    used 11309K, committed 11648K, reserved 1048576K
}
Event: 20.502 GC heap after
{Heap after GC invocations=48 (full 0):
 garbage-first heap   total 184320K, used 102302K [0x0000000080000000, 0x0000000100000000)
  region size 1024K, 8 young (8192K), 8 survivors (8192K)
 Metaspace       used 80444K, committed 81216K, reserved 1179648K
  class space    used 11309K, committed 11648K, reserved 1048576K
}
Event: 21.457 GC heap before
{Heap before GC invocations=49 (full 0):
 garbage-first heap   total 184320K, used 157598K [0x0000000080000000, 0x0000000100000000)
  region size 1024K, 51 young (52224K), 8 survivors (8192K)
 Metaspace       used 85051K, committed 85824K, reserved 1179648K
  class space    used 11858K, committed 12224K, reserved 1048576K
}
Event: 21.475 GC heap after
{Heap after GC invocations=50 (full 0):
 garbage-first heap   total 184320K, used 117753K [0x0000000080000000, 0x0000000100000000)
  region size 1024K, 5 young (5120K), 5 survivors (5120K)
 Metaspace       used 85051K, committed 85824K, reserved 1179648K
  class space    used 11858K, committed 12224K, reserved 1048576K
}
Event: 21.553 GC heap before
{Heap before GC invocations=50 (full 0):
 garbage-first heap   total 184320K, used 121849K [0x0000000080000000, 0x0000000100000000)
  region size 1024K, 9 young (9216K), 5 survivors (5120K)
 Metaspace       used 85462K, committed 86272K, reserved 1179648K
  class space    used 11900K, committed 12288K, reserved 1048576K
}
Event: 21.560 GC heap after
{Heap after GC invocations=51 (full 0):
 garbage-first heap   total 184320K, used 118784K [0x0000000080000000, 0x0000000100000000)
  region size 1024K, 1 young (1024K), 1 survivors (1024K)
 Metaspace       used 85462K, committed 86272K, reserved 1179648K
  class space    used 11900K, committed 12288K, reserved 1048576K
}
Event: 22.300 GC heap before
{Heap before GC invocations=51 (full 0):
 garbage-first heap   total 184320K, used 151552K [0x0000000080000000, 0x0000000100000000)
  region size 1024K, 33 young (33792K), 1 survivors (1024K)
 Metaspace       used 89267K, committed 90048K, reserved 1179648K
  class space    used 12234K, committed 12608K, reserved 1048576K
}
Event: 22.305 GC heap after
{Heap after GC invocations=52 (full 0):
 garbage-first heap   total 184320K, used 120403K [0x0000000080000000, 0x0000000100000000)
  region size 1024K, 3 young (3072K), 3 survivors (3072K)
 Metaspace       used 89267K, committed 90048K, reserved 1179648K
  class space    used 12234K, committed 12608K, reserved 1048576K
}
Event: 23.124 GC heap before
{Heap before GC invocations=52 (full 0):
 garbage-first heap   total 184320K, used 153171K [0x0000000080000000, 0x0000000100000000)
  region size 1024K, 35 young (35840K), 3 survivors (3072K)
 Metaspace       used 93122K, committed 93888K, reserved 1179648K
  class space    used 12686K, committed 13056K, reserved 1048576K
}
Event: 23.131 GC heap after
{Heap after GC invocations=53 (full 0):
 garbage-first heap   total 184320K, used 121543K [0x0000000080000000, 0x0000000100000000)
  region size 1024K, 4 young (4096K), 4 survivors (4096K)
 Metaspace       used 93122K, committed 93888K, reserved 1179648K
  class space    used 12686K, committed 13056K, reserved 1048576K
}
Event: 23.729 GC heap before
{Heap before GC invocations=53 (full 0):
 garbage-first heap   total 184320K, used 155335K [0x0000000080000000, 0x0000000100000000)
  region size 1024K, 37 young (37888K), 4 survivors (4096K)
 Metaspace       used 97226K, committed 97984K, reserved 1179648K
  class space    used 13162K, committed 13504K, reserved 1048576K
}
Event: 23.739 GC heap after
{Heap after GC invocations=54 (full 0):
 garbage-first heap   total 184320K, used 123060K [0x0000000080000000, 0x0000000100000000)
  region size 1024K, 3 young (3072K), 3 survivors (3072K)
 Metaspace       used 97226K, committed 97984K, reserved 1179648K
  class space    used 13162K, committed 13504K, reserved 1048576K
}
Event: 24.597 GC heap before
{Heap before GC invocations=54 (full 0):
 garbage-first heap   total 184320K, used 156852K [0x0000000080000000, 0x0000000100000000)
  region size 1024K, 35 young (35840K), 3 survivors (3072K)
 Metaspace       used 100836K, committed 101632K, reserved 1179648K
  class space    used 13640K, committed 14016K, reserved 1048576K
}

Dll operation events (3 events):
Event: 0.031 Loaded shared library C:\Program Files\Android\Android Studio\jbr\bin\java.dll
Event: 0.226 Loaded shared library C:\Program Files\Android\Android Studio\jbr\bin\zip.dll
Event: 1.193 Loaded shared library C:\Program Files\Android\Android Studio\jbr\bin\verify.dll

Deoptimization events (20 events):
Event: 23.149 Thread 0x0000017659359d60 Uncommon trap: trap_request=0xffffffc6 fr.pc=0x000001764444e3fc relative=0x00000000000008fc
Event: 23.149 Thread 0x0000017659359d60 Uncommon trap: reason=bimorphic_or_optimized_type_check action=maybe_recompile pc=0x000001764444e3fc method=org.jetbrains.kotlin.protobuf.CodedInputStream.tryRefillBuffer(I)Z @ 177 c2
Event: 23.149 Thread 0x0000017659359d60 DEOPT PACKING pc=0x000001764444e3fc sp=0x00000041729f3b30
Event: 23.149 Thread 0x0000017659359d60 DEOPT UNPACKING pc=0x0000017643bd69a3 sp=0x00000041729f3a28 mode 2
Event: 23.150 Thread 0x0000017659359d60 Uncommon trap: trap_request=0xffffffc6 fr.pc=0x000001764444e3fc relative=0x00000000000008fc
Event: 23.150 Thread 0x0000017659359d60 Uncommon trap: reason=bimorphic_or_optimized_type_check action=maybe_recompile pc=0x000001764444e3fc method=org.jetbrains.kotlin.protobuf.CodedInputStream.tryRefillBuffer(I)Z @ 177 c2
Event: 23.150 Thread 0x0000017659359d60 DEOPT PACKING pc=0x000001764444e3fc sp=0x00000041729f3a00
Event: 23.150 Thread 0x0000017659359d60 DEOPT UNPACKING pc=0x0000017643bd69a3 sp=0x00000041729f38f0 mode 2
Event: 23.154 Thread 0x0000017659359d60 Uncommon trap: trap_request=0xffffffc6 fr.pc=0x000001764444e3fc relative=0x00000000000008fc
Event: 23.154 Thread 0x0000017659359d60 Uncommon trap: reason=bimorphic_or_optimized_type_check action=maybe_recompile pc=0x000001764444e3fc method=org.jetbrains.kotlin.protobuf.CodedInputStream.tryRefillBuffer(I)Z @ 177 c2
Event: 23.154 Thread 0x0000017659359d60 DEOPT PACKING pc=0x000001764444e3fc sp=0x00000041729f3a00
Event: 23.154 Thread 0x0000017659359d60 DEOPT UNPACKING pc=0x0000017643bd69a3 sp=0x00000041729f38f0 mode 2
Event: 23.181 Thread 0x0000017659359d60 Uncommon trap: trap_request=0xffffffc6 fr.pc=0x000001764444fca4 relative=0x00000000000006a4
Event: 23.181 Thread 0x0000017659359d60 Uncommon trap: reason=bimorphic_or_optimized_type_check action=maybe_recompile pc=0x000001764444fca4 method=org.jetbrains.kotlin.protobuf.CodedInputStream.tryRefillBuffer(I)Z @ 177 c2
Event: 23.181 Thread 0x0000017659359d60 DEOPT PACKING pc=0x000001764444fca4 sp=0x00000041729f30c0
Event: 23.181 Thread 0x0000017659359d60 DEOPT UNPACKING pc=0x0000017643bd69a3 sp=0x00000041729f3008 mode 2
Event: 24.450 Thread 0x0000017659359d60 Uncommon trap: trap_request=0xffffffcc fr.pc=0x00000176444bc684 relative=0x0000000000000164
Event: 24.450 Thread 0x0000017659359d60 Uncommon trap: reason=intrinsic_or_type_checked_inlining action=make_not_entrant pc=0x00000176444bc684 method=java.util.ArrayList$SubList.toArray([Ljava/lang/Object;)[Ljava/lang/Object; @ 58 c2
Event: 24.450 Thread 0x0000017659359d60 DEOPT PACKING pc=0x00000176444bc684 sp=0x00000041729ef1b0
Event: 24.450 Thread 0x0000017659359d60 DEOPT UNPACKING pc=0x0000017643bd69a3 sp=0x00000041729ef170 mode 2

Classes unloaded (0 events):
No events

Classes redefined (0 events):
No events

Internal exceptions (20 events):
Event: 16.597 Thread 0x0000017659359d60 Exception <a 'java/lang/NoSuchMethodError'{0x0000000087337f08}: 'void java.lang.invoke.DirectMethodHandle$Holder.invokeVirtual(java.lang.Object, java.lang.Object)'> (0x0000000087337f08) 
thrown [s\src\hotspot\share\interpreter\linkResolver.cpp, line 771]
Event: 16.645 Thread 0x0000017659359d60 Exception <a 'java/lang/NoSuchMethodError'{0x000000008711cd08}: 'java.lang.Object java.lang.invoke.DirectMethodHandle$Holder.invokeStaticInit(java.lang.Object, int)'> (0x000000008711cd08) 
thrown [s\src\hotspot\share\interpreter\linkResolver.cpp, line 771]
Event: 17.656 Thread 0x0000017659359d60 Implicit null exception at 0x00000176441658f2 to 0x0000017644165ec8
Event: 17.782 Thread 0x0000017659359d60 Implicit null exception at 0x0000017644182e72 to 0x0000017644183458
Event: 18.044 Thread 0x0000017659359d60 Exception <a 'sun/nio/fs/WindowsException'{0x00000000892e4d88}> (0x00000000892e4d88) 
thrown [s\src\hotspot\share\prims\jni.cpp, line 531]
Event: 18.044 Thread 0x0000017659359d60 Exception <a 'sun/nio/fs/WindowsException'{0x00000000892e6b40}> (0x00000000892e6b40) 
thrown [s\src\hotspot\share\prims\jni.cpp, line 531]
Event: 18.234 Thread 0x0000017659359d60 Exception <a 'java/lang/NoSuchMethodError'{0x00000000886ad458}: 'long java.lang.invoke.DirectMethodHandle$Holder.invokeStatic(java.lang.Object)'> (0x00000000886ad458) 
thrown [s\src\hotspot\share\interpreter\linkResolver.cpp, line 771]
Event: 18.235 Thread 0x0000017659359d60 Exception <a 'java/lang/NoSuchMethodError'{0x00000000886b22e8}: 'long java.lang.invoke.DirectMethodHandle$Holder.invokeStaticInit(java.lang.Object)'> (0x00000000886b22e8) 
thrown [s\src\hotspot\share\interpreter\linkResolver.cpp, line 771]
Event: 18.322 Thread 0x0000017659359d60 Exception <a 'java/lang/NoSuchMethodError'{0x000000008800df78}: 'long java.lang.invoke.Invokers$Holder.invoke_MT(java.lang.Object, java.lang.Object, java.lang.Object, java.lang.Object)'> (0x000000008800df78) 
thrown [s\src\hotspot\share\interpreter\linkResolver.cpp, line 771]
Event: 18.323 Thread 0x0000017659359d60 Exception <a 'java/lang/NoSuchMethodError'{0x00000000880175c8}: 'int java.lang.invoke.Invokers$Holder.invoke_MT(java.lang.Object, java.lang.Object, java.lang.Object, java.lang.Object)'> (0x00000000880175c8) 
thrown [s\src\hotspot\share\interpreter\linkResolver.cpp, line 771]
Event: 18.326 Thread 0x0000017659359d60 Exception <a 'java/lang/NoSuchMethodError'{0x0000000088028128}: 'void java.lang.invoke.DelegatingMethodHandle$Holder.reinvoke_L(java.lang.Object, java.lang.Object, java.lang.Object, long, java.lang.Object)'> (0x0000000088028128) 
thrown [s\src\hotspot\share\interpreter\linkResolver.cpp, line 771]
Event: 18.327 Thread 0x0000017659359d60 Exception <a 'java/lang/NoSuchMethodError'{0x0000000088030d00}: 'java.lang.Object java.lang.invoke.DirectMethodHandle$Holder.invokeSpecial(java.lang.Object, java.lang.Object, java.lang.Object, java.lang.Object, long)'> (0x0000000088030d00) 
thrown [s\src\hotspot\share\interpreter\linkResolver.cpp, line 771]
Event: 18.329 Thread 0x0000017659359d60 Exception <a 'java/lang/NoSuchMethodError'{0x0000000088041778}: 'int java.lang.invoke.DelegatingMethodHandle$Holder.reinvoke_L(java.lang.Object, java.lang.Object, java.lang.Object, long, java.lang.Object, java.lang.Object)'> (0x0000000088041778) 
thrown [s\src\hotspot\share\interpreter\linkResolver.cpp, line 771]
Event: 18.331 Thread 0x0000017659359d60 Exception <a 'java/lang/NoSuchMethodError'{0x0000000088051af0}: 'int java.lang.invoke.DelegatingMethodHandle$Holder.reinvoke_L(java.lang.Object, java.lang.Object, java.lang.Object, long, int, int)'> (0x0000000088051af0) 
thrown [s\src\hotspot\share\interpreter\linkResolver.cpp, line 771]
Event: 18.333 Thread 0x0000017659359d60 Exception <a 'java/lang/NoSuchMethodError'{0x0000000088061c10}: 'int java.lang.invoke.DelegatingMethodHandle$Holder.reinvoke_L(java.lang.Object, java.lang.Object, java.lang.Object, long, long, long)'> (0x0000000088061c10) 
thrown [s\src\hotspot\share\interpreter\linkResolver.cpp, line 771]
Event: 18.334 Thread 0x0000017659359d60 Exception <a 'java/lang/NoSuchMethodError'{0x0000000088071a10}: 'int java.lang.invoke.DelegatingMethodHandle$Holder.reinvoke_L(java.lang.Object, java.lang.Object, java.lang.Object, long, int)'> (0x0000000088071a10) 
thrown [s\src\hotspot\share\interpreter\linkResolver.cpp, line 771]
Event: 19.361 Thread 0x0000017659359d60 Exception <a 'java/lang/NoSuchMethodError'{0x0000000088176ad0}: 'java.lang.Object java.lang.invoke.Invokers$Holder.invokeExact_MT(java.lang.Object, java.lang.Object, long, java.lang.Object)'> (0x0000000088176ad0) 
thrown [s\src\hotspot\share\interpreter\linkResolver.cpp, line 771]
Event: 19.434 Thread 0x0000017659359d60 Exception <a 'java/lang/NoSuchMethodError'{0x0000000087fff070}: 'java.lang.Object java.lang.invoke.Invokers$Holder.invoke_MT(java.lang.Object, java.lang.Object, java.lang.Object)'> (0x0000000087fff070) 
thrown [s\src\hotspot\share\interpreter\linkResolver.cpp, line 771]
Event: 23.519 Thread 0x0000017659359d60 Exception <a 'java/lang/NoSuchMethodError'{0x0000000089e6c908}: 'int java.lang.invoke.DirectMethodHandle$Holder.invokeSpecial(java.lang.Object, java.lang.Object, int, int)'> (0x0000000089e6c908) 
thrown [s\src\hotspot\share\interpreter\linkResolver.cpp, line 771]
Event: 24.136 Thread 0x0000017659359d60 Exception <a 'java/lang/NoSuchMethodError'{0x000000008a287730}: 'java.lang.Object java.lang.invoke.DirectMethodHandle$Holder.invokeStatic(java.lang.Object, java.lang.Object, java.lang.Object, java.lang.Object, int)'> (0x000000008a287730) 
thrown [s\src\hotspot\share\interpreter\linkResolver.cpp, line 771]

VM Operations (20 events):
Event: 22.305 Executing VM operation: G1CollectForAllocation done
Event: 22.906 Executing VM operation: HandshakeAllThreads
Event: 22.906 Executing VM operation: HandshakeAllThreads done
Event: 22.906 Executing VM operation: HandshakeAllThreads
Event: 22.906 Executing VM operation: HandshakeAllThreads done
Event: 22.988 Executing VM operation: HandshakeAllThreads
Event: 22.988 Executing VM operation: HandshakeAllThreads done
Event: 23.124 Executing VM operation: G1CollectForAllocation
Event: 23.131 Executing VM operation: G1CollectForAllocation done
Event: 23.138 Executing VM operation: HandshakeAllThreads
Event: 23.138 Executing VM operation: HandshakeAllThreads done
Event: 23.379 Executing VM operation: HandshakeAllThreads
Event: 23.379 Executing VM operation: HandshakeAllThreads done
Event: 23.729 Executing VM operation: G1CollectForAllocation
Event: 23.739 Executing VM operation: G1CollectForAllocation done
Event: 24.271 Executing VM operation: HandshakeAllThreads
Event: 24.272 Executing VM operation: HandshakeAllThreads done
Event: 24.537 Executing VM operation: ICBufferFull
Event: 24.537 Executing VM operation: ICBufferFull done
Event: 24.596 Executing VM operation: G1CollectForAllocation

Events (20 events):
Event: 19.438 loading class java/io/UTFDataFormatException done
Event: 20.319 loading class java/nio/channels/NonWritableChannelException
Event: 20.319 loading class java/nio/channels/NonWritableChannelException done
Event: 22.910 Thread 0x0000017653185570 flushing nmethod 0x000001763c79b690
Event: 23.205 loading class java/text/StringCharacterIterator
Event: 23.206 loading class java/text/CharacterIterator
Event: 23.206 loading class java/text/CharacterIterator done
Event: 23.206 loading class java/text/StringCharacterIterator done
Event: 23.254 loading class java/io/NotSerializableException
Event: 23.255 loading class java/io/NotSerializableException done
Event: 23.377 loading class java/util/AbstractList$ListItr
Event: 23.378 loading class java/util/AbstractList$ListItr done
Event: 23.517 loading class java/util/function/IntUnaryOperator
Event: 23.518 loading class java/util/function/IntUnaryOperator done
Event: 23.694 loading class java/util/AbstractList$RandomAccessSubList
Event: 23.695 loading class java/util/AbstractList$SubList
Event: 23.695 loading class java/util/AbstractList$SubList done
Event: 23.695 loading class java/util/AbstractList$RandomAccessSubList done
Event: 24.087 loading class java/util/AbstractList$SubList$1
Event: 24.087 loading class java/util/AbstractList$SubList$1 done


Dynamic libraries:
0x00007ff6cb310000 - 0x00007ff6cb31a000 	C:\Program Files\Android\Android Studio\jbr\bin\java.exe
0x00007fffd4530000 - 0x00007fffd4728000 	C:\Windows\SYSTEM32\ntdll.dll
0x00007fffd2ca0000 - 0x00007fffd2d61000 	C:\Windows\System32\KERNEL32.DLL
0x00007fffd1be0000 - 0x00007fffd1edd000 	C:\Windows\System32\KERNELBASE.dll
0x00007fffd1ee0000 - 0x00007fffd1fe0000 	C:\Windows\System32\ucrtbase.dll
0x00007fffbc130000 - 0x00007fffbc14b000 	C:\Program Files\Android\Android Studio\jbr\bin\VCRUNTIME140.dll
0x00007fffc8f90000 - 0x00007fffc8fa7000 	C:\Program Files\Android\Android Studio\jbr\bin\jli.dll
0x00007fffd41f0000 - 0x00007fffd438d000 	C:\Windows\System32\USER32.dll
0x00007fffd1fe0000 - 0x00007fffd2002000 	C:\Windows\System32\win32u.dll
0x00007fffd2580000 - 0x00007fffd25ab000 	C:\Windows\System32\GDI32.dll
0x00007fffd2010000 - 0x00007fffd2127000 	C:\Windows\System32\gdi32full.dll
0x00007fffd2390000 - 0x00007fffd242d000 	C:\Windows\System32\msvcp_win.dll
0x00007fffc62b0000 - 0x00007fffc654a000 	C:\Windows\WinSxS\amd64_microsoft.windows.common-controls_6595b64144ccf1df_6.0.19041.4355_none_60b8b9eb71f62e16\COMCTL32.dll
0x00007fffd2d70000 - 0x00007fffd2e0e000 	C:\Windows\System32\msvcrt.dll
0x00007fffd2750000 - 0x00007fffd277f000 	C:\Windows\System32\IMM32.DLL
0x00007fffcc230000 - 0x00007fffcc23c000 	C:\Program Files\Android\Android Studio\jbr\bin\vcruntime140_1.dll
0x00007fffb19e0000 - 0x00007fffb1a6d000 	C:\Program Files\Android\Android Studio\jbr\bin\msvcp140.dll
0x00007fff919c0000 - 0x00007fff92643000 	C:\Program Files\Android\Android Studio\jbr\bin\server\jvm.dll
0x00007fffd2780000 - 0x00007fffd2830000 	C:\Windows\System32\ADVAPI32.dll
0x00007fffd2e10000 - 0x00007fffd2eb0000 	C:\Windows\System32\sechost.dll
0x00007fffd2620000 - 0x00007fffd2743000 	C:\Windows\System32\RPCRT4.dll
0x00007fffd24c0000 - 0x00007fffd24e7000 	C:\Windows\System32\bcrypt.dll
0x00007fffc1aa0000 - 0x00007fffc1aaa000 	C:\Windows\SYSTEM32\VERSION.dll
0x00007fffcc1d0000 - 0x00007fffcc1f7000 	C:\Windows\SYSTEM32\WINMM.dll
0x00007fffcc510000 - 0x00007fffcc519000 	C:\Windows\SYSTEM32\WSOCK32.dll
0x00007fffd1510000 - 0x00007fffd155b000 	C:\Windows\SYSTEM32\POWRPROF.dll
0x00007fffd4480000 - 0x00007fffd44eb000 	C:\Windows\System32\WS2_32.dll
0x00007fffd14c0000 - 0x00007fffd14d2000 	C:\Windows\SYSTEM32\UMPDC.dll
0x00007fffcfa20000 - 0x00007fffcfa32000 	C:\Windows\SYSTEM32\kernel.appcore.dll
0x00007fffcabd0000 - 0x00007fffcabda000 	C:\Program Files\Android\Android Studio\jbr\bin\jimage.dll
0x00007fffba3f0000 - 0x00007fffba5d4000 	C:\Windows\SYSTEM32\DBGHELP.DLL
0x00007fffba3b0000 - 0x00007fffba3e4000 	C:\Windows\SYSTEM32\dbgcore.DLL
0x00007fffd2430000 - 0x00007fffd24b2000 	C:\Windows\System32\bcryptPrimitives.dll
0x00007fffc8fb0000 - 0x00007fffc8fbe000 	C:\Program Files\Android\Android Studio\jbr\bin\instrument.dll
0x00007fffbc100000 - 0x00007fffbc125000 	C:\Program Files\Android\Android Studio\jbr\bin\java.dll
0x00007fffbc0e0000 - 0x00007fffbc0f8000 	C:\Program Files\Android\Android Studio\jbr\bin\zip.dll
0x00007fffd3790000 - 0x00007fffd3eff000 	C:\Windows\System32\SHELL32.dll
0x00007fffcfc20000 - 0x00007fffd03c3000 	C:\Windows\SYSTEM32\windows.storage.dll
0x00007fffd2eb0000 - 0x00007fffd3203000 	C:\Windows\System32\combase.dll
0x00007fffd14e0000 - 0x00007fffd150e000 	C:\Windows\SYSTEM32\Wldp.dll
0x00007fffd3470000 - 0x00007fffd353d000 	C:\Windows\System32\OLEAUT32.dll
0x00007fffd3210000 - 0x00007fffd32bd000 	C:\Windows\System32\SHCORE.dll
0x00007fffd3550000 - 0x00007fffd35a5000 	C:\Windows\System32\shlwapi.dll
0x00007fffd1b10000 - 0x00007fffd1b34000 	C:\Windows\SYSTEM32\profapi.dll
0x00007fffbc0c0000 - 0x00007fffbc0d9000 	C:\Program Files\Android\Android Studio\jbr\bin\net.dll
0x00007fffc9ab0000 - 0x00007fffc9bbd000 	C:\Windows\SYSTEM32\WINHTTP.dll
0x00007fffd12a0000 - 0x00007fffd130a000 	C:\Windows\system32\mswsock.dll
0x00007fffbc0a0000 - 0x00007fffbc0b6000 	C:\Program Files\Android\Android Studio\jbr\bin\nio.dll
0x00007fffca4e0000 - 0x00007fffca4f0000 	C:\Program Files\Android\Android Studio\jbr\bin\verify.dll
0x00007fffca510000 - 0x00007fffca537000 	C:\Users\Com\Downloads\gradle-8.10-bin\gradle-8.10\native\c067742578af261105cb4f569cf0c3c89f3d7b1fecec35dd04571415982c5e48\windows-amd64\native-platform.dll
0x00007fff91870000 - 0x00007fff919b4000 	C:\Users\Com\Downloads\gradle-8.10-bin\gradle-8.10\native\38dada09dfb8b06ba9b0570ebf7e218e3eb74d4ef43ca46872605cf95ebc2f47\windows-amd64\native-platform-file-events.dll
0x00007fffcc530000 - 0x00007fffcc539000 	C:\Program Files\Android\Android Studio\jbr\bin\management.dll
0x00007fffcc520000 - 0x00007fffcc52b000 	C:\Program Files\Android\Android Studio\jbr\bin\management_ext.dll
0x00007fffd25b0000 - 0x00007fffd25b8000 	C:\Windows\System32\PSAPI.DLL
0x00007fffd1880000 - 0x00007fffd1898000 	C:\Windows\SYSTEM32\CRYPTSP.dll
0x00007fffd0b80000 - 0x00007fffd0bb4000 	C:\Windows\system32\rsaenh.dll
0x00007fffd1a90000 - 0x00007fffd1abe000 	C:\Windows\SYSTEM32\USERENV.dll
0x00007fffd1430000 - 0x00007fffd143c000 	C:\Windows\SYSTEM32\CRYPTBASE.dll
0x00007fffd0f40000 - 0x00007fffd0f7b000 	C:\Windows\SYSTEM32\IPHLPAPI.DLL
0x00007fffd3f00000 - 0x00007fffd3f08000 	C:\Windows\System32\NSI.dll
0x00007fffcb7e0000 - 0x00007fffcb7f7000 	C:\Windows\SYSTEM32\dhcpcsvc6.DLL
0x00007fffcb350000 - 0x00007fffcb36d000 	C:\Windows\SYSTEM32\dhcpcsvc.DLL
0x00007fffd0f80000 - 0x00007fffd104a000 	C:\Windows\SYSTEM32\DNSAPI.dll
0x00007fffcc540000 - 0x00007fffcc549000 	C:\Program Files\Android\Android Studio\jbr\bin\extnet.dll
0x00007fffc6ad0000 - 0x00007fffc6ad7000 	C:\Windows\system32\wshunix.dll

dbghelp: loaded successfully - version: 4.0.5 - missing functions: none
symbol engine: initialized successfully - sym options: 0x614 - pdb path: .;C:\Program Files\Android\Android Studio\jbr\bin;C:\Windows\SYSTEM32;C:\Windows\WinSxS\amd64_microsoft.windows.common-controls_6595b64144ccf1df_6.0.19041.4355_none_60b8b9eb71f62e16;C:\Program Files\Android\Android Studio\jbr\bin\server;C:\Users\Com\Downloads\gradle-8.10-bin\gradle-8.10\native\c067742578af261105cb4f569cf0c3c89f3d7b1fecec35dd04571415982c5e48\windows-amd64;C:\Users\Com\Downloads\gradle-8.10-bin\gradle-8.10\native\38dada09dfb8b06ba9b0570ebf7e218e3eb74d4ef43ca46872605cf95ebc2f47\windows-amd64

VM Arguments:
jvm_args: --add-opens=java.base/java.util=ALL-UNNAMED --add-opens=java.base/java.lang=ALL-UNNAMED --add-opens=java.base/java.lang.invoke=ALL-UNNAMED --add-opens=java.prefs/java.util.prefs=ALL-UNNAMED --add-opens=java.base/java.nio.charset=ALL-UNNAMED --add-opens=java.base/java.net=ALL-UNNAMED --add-opens=java.base/java.util.concurrent.atomic=ALL-UNNAMED -Xmx2048m -Dfile.encoding=UTF-8 -Duser.country=US -Duser.language=en -Duser.variant -javaagent:C:\Users\Com\Downloads\gradle-8.10-bin\gradle-8.10\wrapper\dists\gradle-8.7-bin\bhs2wmbdwecv87pi65oeuq5iu\gradle-8.7\lib\agents\gradle-instrumentation-agent-8.7.jar 
java_command: org.gradle.launcher.daemon.bootstrap.GradleDaemon 8.7
java_class_path (initial): C:\Users\Com\Downloads\gradle-8.10-bin\gradle-8.10\wrapper\dists\gradle-8.7-bin\bhs2wmbdwecv87pi65oeuq5iu\gradle-8.7\lib\gradle-launcher-8.7.jar
Launcher Type: SUN_STANDARD

[Global flags]
     intx CICompilerCount                          = 3                                         {product} {ergonomic}
     uint ConcGCThreads                            = 1                                         {product} {ergonomic}
     uint G1ConcRefinementThreads                  = 4                                         {product} {ergonomic}
   size_t G1HeapRegionSize                         = 1048576                                   {product} {ergonomic}
    uintx GCDrainStackTargetSize                   = 64                                        {product} {ergonomic}
   size_t InitialHeapSize                          = 67108864                                  {product} {ergonomic}
   size_t MarkStackSize                            = 4194304                                   {product} {ergonomic}
   size_t MaxHeapSize                              = 2147483648                                {product} {command line}
   size_t MaxNewSize                               = 1287651328                                {product} {ergonomic}
   size_t MinHeapDeltaBytes                        = 1048576                                   {product} {ergonomic}
   size_t MinHeapSize                              = 8388608                                   {product} {ergonomic}
    uintx NonNMethodCodeHeapSize                   = 5832780                                {pd product} {ergonomic}
    uintx NonProfiledCodeHeapSize                  = 122912730                              {pd product} {ergonomic}
    uintx ProfiledCodeHeapSize                     = 122912730                              {pd product} {ergonomic}
    uintx ReservedCodeCacheSize                    = 251658240                              {pd product} {ergonomic}
     bool SegmentedCodeCache                       = true                                      {product} {ergonomic}
   size_t SoftMaxHeapSize                          = 2147483648                             {manageable} {ergonomic}
     bool UseCompressedClassPointers               = true                           {product lp64_product} {ergonomic}
     bool UseCompressedOops                        = true                           {product lp64_product} {ergonomic}
     bool UseG1GC                                  = true                                      {product} {ergonomic}
     bool UseLargePagesIndividualAllocation        = false                                  {pd product} {ergonomic}

Logging:
Log output configuration:
 #0: stdout all=warning uptime,level,tags
 #1: stderr all=off uptime,level,tags

Environment Variables:
PATH=C:\Program Files\Common Files\Oracle\Java\javapath;C:\Windows\system32;C:\Windows;C:\Windows\System32\Wbem;C:\Windows\System32\WindowsPowerShell\v1.0\;C:\Windows\System32\OpenSSH\;C:\Program Files\Git\cmd;C:\Users\Com\AppData\Local\Microsoft\WindowsApps;C:\Users\Com\AppData\Local\Programs\Microsoft VS Code\bin;C:\Program Files\JetBrains\IntelliJ IDEA 2024.1.4\bin;
USERNAME=Com
OS=Windows_NT
PROCESSOR_IDENTIFIER=Intel64 Family 6 Model 60 Stepping 3, GenuineIntel
TMP=C:\Users\Com\AppData\Local\Temp
TEMP=C:\Users\Com\AppData\Local\Temp



Periodic native trim disabled

JNI global refs:
JNI global refs: 26, weak refs: 1

JNI global refs memory usage: 843, weak refs: 841

Process memory usage:
Resident Set Size: 328780K (8% of 4105324K total physical memory with 305452K free physical memory)

OOME stack traces (most recent first):
Classloader memory used:
Loader org.gradle.internal.classloader.VisitableURLClassLoader                         : 8561K
Loader bootstrap                                                                       : 2538K
Loader org.gradle.initialization.MixInLegacyTypesClassLoader                           : 1117K
Loader org.gradle.internal.classloader.VisitableURLClassLoader                         : 115K
Loader org.gradle.internal.classloader.VisitableURLClassLoader$InstrumentingVisitableURLClassLoader: 90829B
Loader jdk.internal.loader.ClassLoaders$PlatformClassLoader                            : 65207B
Loader jdk.internal.jrtfs.JrtFileSystemProvider$JrtFsLoader                            : 40007B
Loader jdk.internal.reflect.DelegatingClassLoader                                      : 36919B
Loader jdk.internal.loader.ClassLoaders$AppClassLoader                                 : 28773B
Loader org.gradle.groovy.scripts.internal.DefaultScriptCompilationHandler$ScriptClassLoader: 10706B
Loader org.codehaus.groovy.runtime.callsite.CallSiteClassLoader                        : 5853B

Classes loaded by more than one classloader:
Class org.gradle.internal.Cast                                                        : loaded 3 times (x 69B)
Class Program                                                                         : loaded 3 times (x 70B)
Class org.gradle.api.GradleException                                                  : loaded 3 times (x 80B)
Class org.gradle.internal.classpath.ClassPath                                         : loaded 2 times (x 68B)
Class org.gradle.api.internal.classpath.DefaultModuleRegistry                         : loaded 2 times (x 84B)
Class org.gradle.internal.exceptions.NonGradleCauseExceptionsHolder                   : loaded 2 times (x 68B)
Class Settings_gradle$1$1                                                             : loaded 2 times (x 72B)
Class jdk.internal.jimage.BasicImageReader$1                                          : loaded 2 times (x 75B)
Class org.gradle.api.Action                                                           : loaded 2 times (x 68B)
Class org.jetbrains.kotlin.idea.gradleTooling.model.samWithReceiver.SamWithReceiverModel: loaded 2 times (x 68B)
Class org.jetbrains.plugins.gradle.model.ExternalProject                              : loaded 2 times (x 68B)
Class org.jetbrains.plugins.gradle.model.IntelliJSettings                             : loaded 2 times (x 68B)
Class jdk.internal.jimage.ImageBufferCache$1                                          : loaded 2 times (x 78B)
Class jdk.internal.jimage.ImageBufferCache$2                                          : loaded 2 times (x 89B)
Class org.jetbrains.kotlin.idea.gradleTooling.KotlinMPPGradleModel                    : loaded 2 times (x 68B)
Class org.gradle.api.internal.DefaultClassPathProvider                                : loaded 2 times (x 74B)
Class org.gradle.internal.installation.GradleInstallation$1                           : loaded 2 times (x 73B)
Class jdk.internal.jrtfs.SystemImage$1                                                : loaded 2 times (x 76B)
Class jdk.internal.jrtfs.SystemImage$2                                                : loaded 2 times (x 74B)
Class org.gradle.internal.exceptions.DefaultMultiCauseException                       : loaded 2 times (x 93B)
Class org.gradle.tooling.model.UnsupportedMethodException                             : loaded 2 times (x 80B)
Class org.gradle.internal.time.MonotonicClock                                         : loaded 2 times (x 75B)
Class org.gradle.internal.classloader.FilteringClassLoader                            : loaded 2 times (x 103B)
Class jdk.internal.jimage.ImageReader$Resource                                        : loaded 2 times (x 82B)
Class jdk.internal.jrtfs.SystemImage                                                  : loaded 2 times (x 72B)
Class org.gradle.tooling.model.Model                                                  : loaded 2 times (x 68B)
Class org.gradle.internal.classpath.DefaultClassPath$ImmutableUniqueList$Builder      : loaded 2 times (x 73B)
Class org.jetbrains.kotlin.idea.gradleTooling.KotlinSourceSetContainer                : loaded 2 times (x 68B)
Class jdk.internal.jrtfs.JrtDirectoryStream$1                                         : loaded 2 times (x 81B)
Class org.gradle.internal.classloader.ClassLoaderVisitor                              : loaded 2 times (x 74B)
Class org.gradle.internal.time.DefaultCountdownTimer                                  : loaded 2 times (x 86B)
Class org.gradle.internal.service.DefaultServiceLocator                               : loaded 2 times (x 81B)
Class org.jetbrains.plugins.gradle.model.jar.JarTaskManifestConfiguration             : loaded 2 times (x 68B)
Class org.gradle.internal.service.UnknownServiceException                             : loaded 2 times (x 81B)
Class org.jetbrains.plugins.gradle.model.DependencyAccessorsModel                     : loaded 2 times (x 68B)
Class org.gradle.internal.classloader.DefaultClassLoaderFactory                       : loaded 2 times (x 80B)
Class jdk.internal.jimage.ImageReader$SharedImageReader                               : loaded 2 times (x 93B)
Class org.jetbrains.plugins.gradle.model.GradleExtensions                             : loaded 2 times (x 68B)
Class ijInit1_hlxn2fwbzuh880dv45wee00c                                                : loaded 2 times (x 177B)
Class jdk.internal.jimage.decompressor.ZipDecompressorFactory                         : loaded 2 times (x 72B)
Class org.jetbrains.plugins.gradle.model.VersionCatalogsModel                         : loaded 2 times (x 68B)
Class org.gradle.internal.classloader.VisitableURLClassLoader$Spec                    : loaded 2 times (x 72B)
Class org.gradle.tooling.model.ProjectModel                                           : loaded 2 times (x 68B)
Class org.jetbrains.plugins.gradle.model.MavenRepositoryModel                         : loaded 2 times (x 68B)
Class org.gradle.tooling.internal.gradle.DefaultProjectIdentifier                     : loaded 2 times (x 84B)
Class org.gradle.api.internal.classpath.ModuleRegistry                                : loaded 2 times (x 68B)
Class org.gradle.util.GradleVersion                                                   : loaded 2 times (x 81B)
Class kotlin.jvm.internal.markers.KMappedMarker                                       : loaded 2 times (x 68B)
Class org.gradle.api.internal.ClassPathProvider                                       : loaded 2 times (x 68B)
Class org.gradle.internal.classloader.ClasspathUtil$1                                 : loaded 2 times (x 74B)
Class org.gradle.internal.classloader.ClassLoaderFactory                              : loaded 2 times (x 68B)
Class jdk.internal.jimage.ImageHeader                                                 : loaded 2 times (x 69B)
Class org.gradle.api.internal.classpath.ManifestUtil                                  : loaded 2 times (x 69B)
Class org.gradle.api.specs.Spec                                                       : loaded 2 times (x 68B)
Class org.gradle.tooling.internal.gradle.GradleBuildIdentity                          : loaded 2 times (x 68B)
Class org.gradle.internal.IoActions                                                   : loaded 2 times (x 69B)
Class jdk.internal.jimage.decompressor.StringSharingDecompressorFactory               : loaded 2 times (x 72B)
Class sync_studio_tooling768_67xyu8gnm0hhbuedljtr5zh8p$_run_closure1                  : loaded 2 times (x 137B)
Class org.gradle.api.internal.classpath.EffectiveClassPath                            : loaded 2 times (x 88B)
Class kotlin.jvm.internal.DefaultConstructorMarker                                    : loaded 2 times (x 69B)
Class org.gradle.internal.exceptions.ResolutionProvider                               : loaded 2 times (x 68B)
Class org.jetbrains.kotlin.idea.gradleTooling.model.annotation.AnnotationBasedPluginModel: loaded 2 times (x 68B)
Class org.jetbrains.kotlin.idea.gradleTooling.model.assignment.AssignmentModel        : loaded 2 times (x 68B)
Class org.gradle.internal.installation.CurrentGradleInstallation                      : loaded 2 times (x 71B)
Class org.gradle.internal.agents.InstrumentingClassLoader                             : loaded 2 times (x 68B)
Class org.gradle.internal.installation.CurrentGradleInstallationLocator               : loaded 2 times (x 69B)
Class org.gradle.api.internal.classpath.Module                                        : loaded 2 times (x 68B)
Class org.gradle.internal.service.CachingServiceLocator                               : loaded 2 times (x 80B)
Class org.gradle.internal.time.Timer                                                  : loaded 2 times (x 68B)
Class org.jetbrains.plugins.gradle.model.tests.ExternalTestsModel                     : loaded 2 times (x 68B)
Class org.jetbrains.kotlin.idea.gradleTooling.KotlinDslScriptAdditionalTask           : loaded 2 times (x 68B)
Class org.gradle.internal.classpath.DefaultClassPath                                  : loaded 2 times (x 88B)
Class jdk.internal.jimage.BasicImageReader                                            : loaded 2 times (x 93B)
Class com.intellij.openapi.externalSystem.model.project.dependencies.ProjectDependencies: loaded 2 times (x 68B)
Class org.jetbrains.kotlin.idea.gradleTooling.PrepareKotlinIdeImportTaskModel         : loaded 2 times (x 68B)
Class jdk.internal.jimage.ImageLocation                                               : loaded 2 times (x 88B)
Class org.gradle.internal.impldep.com.google.common.base.Preconditions                : loaded 2 times (x 69B)
Class kotlin.jvm.functions.Function1                                                  : loaded 2 times (x 68B)
Class jdk.internal.jimage.ImageReader$Node                                            : loaded 2 times (x 82B)
Class sync_studio_tooling768_67xyu8gnm0hhbuedljtr5zh8p                                : loaded 2 times (x 177B)
Class org.gradle.internal.time.Time                                                   : loaded 2 times (x 69B)
Class jdk.internal.jimage.decompressor.CompressedResourceHeader                       : loaded 2 times (x 69B)
Class org.gradle.internal.time.TimeSource$1                                           : loaded 2 times (x 75B)
Class jdk.internal.jrtfs.JrtPath                                                      : loaded 2 times (x 116B)
Class jdk.internal.jimage.ImageStrings                                                : loaded 2 times (x 68B)
Class jdk.internal.jrtfs.JrtFileAttributes                                            : loaded 2 times (x 81B)
Class org.gradle.internal.classloader.SystemClassLoaderSpec                           : loaded 2 times (x 69B)
Class jdk.internal.jimage.decompressor.ResourceDecompressorRepository                 : loaded 2 times (x 69B)
Class kotlin.Function                                                                 : loaded 2 times (x 68B)
Class org.gradle.api.UncheckedIOException                                             : loaded 2 times (x 80B)
Class jdk.internal.jimage.decompressor.ResourceDecompressor$StringsProvider           : loaded 2 times (x 68B)
Class org.jetbrains.plugins.gradle.model.RepositoriesModel                            : loaded 2 times (x 68B)
Class jdk.internal.jimage.decompressor.Decompressor                                   : loaded 2 times (x 70B)
Class jdk.internal.jrtfs.JrtFileSystem                                                : loaded 2 times (x 100B)
Class org.gradle.tooling.internal.gradle.GradleProjectIdentity                        : loaded 2 times (x 68B)
Class jdk.internal.jrtfs.JrtFileSystemProvider                                        : loaded 2 times (x 97B)
Class org.gradle.internal.time.CountdownTimer                                         : loaded 2 times (x 68B)
Class org.gradle.internal.time.Clock                                                  : loaded 2 times (x 68B)
Class org.gradle.internal.classloader.ClasspathUtil                                   : loaded 2 times (x 69B)
Class jdk.internal.jrtfs.JrtDirectoryStream                                           : loaded 2 times (x 87B)
Class org.gradle.tooling.model.BuildIdentifier                                        : loaded 2 times (x 68B)
Class jdk.internal.jimage.decompressor.ResourceDecompressor                           : loaded 2 times (x 68B)
Class org.gradle.api.internal.DefaultClassPathRegistry                                : loaded 2 times (x 74B)
Class org.gradle.api.internal.classpath.DefaultModuleRegistry$DefaultModule           : loaded 2 times (x 84B)
Class org.gradle.internal.time.TimeSource                                             : loaded 2 times (x 68B)
Class org.jetbrains.kotlin.android.synthetic.idea.AndroidExtensionsGradleModel        : loaded 2 times (x 68B)
Class org.gradle.api.internal.classpath.UnknownModuleException                        : loaded 2 times (x 80B)
Class org.jetbrains.plugins.gradle.model.IntelliJProjectSettings                      : loaded 2 times (x 68B)
Class org.gradle.internal.service.ServiceLookupException                              : loaded 2 times (x 80B)
Class jdk.internal.jimage.ImageStringsReader                                          : loaded 2 times (x 78B)
Class org.gradle.cache.GlobalCache                                                    : loaded 2 times (x 68B)
Class jdk.internal.jimage.decompressor.ResourceDecompressorFactory                    : loaded 2 times (x 72B)
Class org.jetbrains.kotlin.idea.gradleTooling.model.lombok.LombokModel                : loaded 2 times (x 68B)
Class org.gradle.tooling.model.ProjectIdentifier                                      : loaded 2 times (x 68B)
Class [Lorg.gradle.api.internal.ClassPathProvider;                                    : loaded 2 times (x 67B)
Class jdk.internal.jimage.ImageReader$SharedImageReader$LocationVisitor               : loaded 2 times (x 68B)
Class org.gradle.internal.operations.MultipleBuildOperationFailures                   : loaded 2 times (x 93B)
Class org.gradle.util.internal.GUtil                                                  : loaded 2 times (x 69B)
Class jdk.internal.jimage.decompressor.ZipDecompressor                                : loaded 2 times (x 73B)
Class org.jetbrains.plugins.gradle.model.AnnotationProcessingModel                    : loaded 2 times (x 68B)
Class org.gradle.internal.classloader.ClassLoaderSpec                                 : loaded 2 times (x 69B)
Class org.gradle.internal.classloader.VisitableURLClassLoader                         : loaded 2 times (x 115B)
Class org.gradle.internal.installation.GradleInstallation                             : loaded 2 times (x 73B)
Class org.gradle.api.internal.ClassPathRegistry                                       : loaded 2 times (x 68B)
Class org.gradle.internal.classloader.VisitableURLClassLoader$InstrumentingVisitableURLClassLoader: loaded 2 times (x 121B)
Class org.gradle.internal.classloader.ClassLoaderHierarchy                            : loaded 2 times (x 68B)
Class org.gradle.internal.exceptions.MultiCauseException                              : loaded 2 times (x 68B)
Class jdk.internal.jimage.ImageReader                                                 : loaded 2 times (x 73B)
Class org.jetbrains.kotlin.idea.gradleTooling.model.parcelize.ParcelizeGradleModel    : loaded 2 times (x 68B)
Class org.gradle.internal.InternalTransformer                                         : loaded 2 times (x 68B)
Class org.jetbrains.kotlin.idea.gradleTooling.model.noarg.NoArgModel                  : loaded 2 times (x 68B)
Class org.jetbrains.kotlin.idea.gradleTooling.KotlinGradleModel                       : loaded 2 times (x 68B)
Class org.gradle.tooling.internal.gradle.DefaultBuildIdentifier                       : loaded 2 times (x 77B)
Class org.gradle.internal.service.ServiceLocator                                      : loaded 2 times (x 68B)
Class Settings_gradle$1                                                               : loaded 2 times (x 72B)
Class org.jetbrains.kotlin.idea.gradleTooling.model.allopen.AllOpenModel              : loaded 2 times (x 68B)
Class org.gradle.internal.classpath.DefaultClassPath$ImmutableUniqueList              : loaded 2 times (x 159B)
Class jdk.internal.jimage.ImageBufferCache                                            : loaded 2 times (x 69B)
Class org.gradle.internal.time.DefaultTimer                                           : loaded 2 times (x 78B)
Class org.gradle.internal.classpath.TransformedClassPath                              : loaded 2 times (x 94B)
Class Settings_gradle                                                                 : loaded 2 times (x 126B)
Class jdk.internal.jimage.ImageReader$Directory                                       : loaded 2 times (x 82B)


---------------  S Y S T E M  ---------------

OS:
 Windows 10 , 64 bit Build 19041 (10.0.19041.4842)
OS uptime: 2 days 23:47 hours
Hyper-V role detected

CPU: total 4 (initial active 4) (2 cores per cpu, 2 threads per core) family 6 model 60 stepping 3 microcode 0x27, cx8, cmov, fxsr, ht, mmx, sse, sse2, sse3, ssse3, sse4.1, sse4.2, popcnt, lzcnt, tsc, tscinvbit, avx, avx2, aes, erms, clmul, bmi1, bmi2, fma, vzeroupper, clflush, hv
Processor Information for all 4 processors :
  Max Mhz: 2601, Current Mhz: 2600, Mhz Limit: 2574

Memory: 4k page, system-wide physical 4009M (312M free)
TotalPageFile size 12686M (AvailPageFile size 184M)
current process WorkingSet (physical memory assigned to process): 321M, peak: 331M
current process commit charge ("private bytes"): 435M, peak: 713M

vm_info: OpenJDK 64-Bit Server VM (17.0.11+0--11852314) for windows-amd64 JRE (17.0.11+0--11852314), built on May 16 2024 21:29:20 by "androidbuild" with MS VC++ 16.10 / 16.11 (VS2019)

END.
