#
# There is insufficient memory for the Java Runtime Environment to continue.
# Native memory allocation (mmap) failed to map 408944640 bytes. Error detail: G1 virtual space
# Possible reasons:
#   The system is out of physical RAM or swap space
#   This process is running with CompressedOops enabled, and the Java Heap may be blocking the growth of the native heap
# Possible solutions:
#   Reduce memory load on the system
#   Increase physical memory or swap space
#   Check if swap backing store is full
#   Decrease Java heap size (-Xmx/-Xms)
#   Decrease number of Java threads
#   Decrease Java thread stack sizes (-Xss)
#   Set larger code cache with -XX:ReservedCodeCacheSize=
#   JVM is running with Unscaled Compressed Oops mode in which the Java heap is
#     placed in the first 4GB address space. The Java Heap base address is the
#     maximum limit for the native heap growth. Please use -XX:HeapBaseMinAddress
#     to set the Java Heap base and to place the Java Heap above 4GB virtual address.
# This output file may be truncated or incomplete.
#
#  Out of Memory Error (os_windows.cpp:3825), pid=6352, tid=2308
#
# JRE version: OpenJDK Runtime Environment (17.0.11) (build 17.0.11+0--11852314)
# Java VM: OpenJDK 64-Bit Server VM (17.0.11+0--11852314, mixed mode, tiered, compressed oops, compressed class ptrs, g1 gc, windows-amd64)
# No core dump will be written. Minidumps are not enabled by default on client versions of Windows
#

---------------  S U M M A R Y ------------

Command Line: --add-opens=java.base/java.util=ALL-UNNAMED --add-opens=java.base/java.lang=ALL-UNNAMED --add-opens=java.base/java.lang.invoke=ALL-UNNAMED --add-opens=java.prefs/java.util.prefs=ALL-UNNAMED --add-opens=java.base/java.nio.charset=ALL-UNNAMED --add-opens=java.base/java.net=ALL-UNNAMED --add-opens=java.base/java.util.concurrent.atomic=ALL-UNNAMED -Xmx2048m -Dfile.encoding=UTF-8 -Duser.country=US -Duser.language=en -Duser.variant -javaagent:C:\Users\Com\Downloads\gradle-8.10-bin\gradle-8.10\wrapper\dists\gradle-8.7-bin\bhs2wmbdwecv87pi65oeuq5iu\gradle-8.7\lib\agents\gradle-instrumentation-agent-8.7.jar org.gradle.launcher.daemon.bootstrap.GradleDaemon 8.7

Host: Intel(R) Core(TM) i5-4210M CPU @ 2.60GHz, 4 cores, 3G,  Windows 10 , 64 bit Build 19041 (10.0.19041.4842)
Time: Mon Sep 23 00:39:22 2024 Pacific Daylight Time elapsed time: 54.771083 seconds (0d 0h 0m 54s)

---------------  T H R E A D  ---------------

Current thread (0x0000025c46450550):  VMThread "VM Thread" [stack: 0x0000006e44600000,0x0000006e44700000] [id=2308]

Stack: [0x0000006e44600000,0x0000006e44700000]
Native frames: (J=compiled Java code, j=interpreted, Vv=VM code, C=native code)
V  [jvm.dll+0x687bb9]
V  [jvm.dll+0x84142a]
V  [jvm.dll+0x8430ae]
V  [jvm.dll+0x843713]
V  [jvm.dll+0x24a35f]
V  [jvm.dll+0x684989]
V  [jvm.dll+0x67923a]
V  [jvm.dll+0x30af0b]
V  [jvm.dll+0x3123b6]
V  [jvm.dll+0x361dfe]
V  [jvm.dll+0x36202f]
V  [jvm.dll+0x2e0d38]
V  [jvm.dll+0x2df144]
V  [jvm.dll+0x2de74c]
V  [jvm.dll+0x32305b]
V  [jvm.dll+0x847e0b]
V  [jvm.dll+0x848b42]
V  [jvm.dll+0x84905d]
V  [jvm.dll+0x849434]
V  [jvm.dll+0x849500]
V  [jvm.dll+0x7efa4a]
V  [jvm.dll+0x686a35]
C  [ucrtbase.dll+0x21bb2]
C  [KERNEL32.DLL+0x17374]
C  [ntdll.dll+0x4cc91]

VM_Operation (0x0000006e45cf2810): G1CollectForAllocation, mode: safepoint, requested by thread 0x0000025c4c860040


---------------  P R O C E S S  ---------------

Threads class SMR info:
_java_thread_list=0x0000025c4f1d87e0, length=42, elements={
0x0000025c2af9e890, 0x0000025c464564b0, 0x0000025c46458b30, 0x0000025c46478280,
0x0000025c464b1130, 0x0000025c464b1a00, 0x0000025c464b22d0, 0x0000025c464b3ec0,
0x0000025c466e5de0, 0x0000025c466f7650, 0x0000025c463efac0, 0x0000025c469a11a0,
0x0000025c4c281070, 0x0000025c4bf2b260, 0x0000025c4c75d9d0, 0x0000025c4c6d4a80,
0x0000025c4c860040, 0x0000025c4c82f540, 0x0000025c4c82fa50, 0x0000025c4c82eb20,
0x0000025c4c897610, 0x0000025c4c897100, 0x0000025c4c898a50, 0x0000025c4c898f60,
0x0000025c4c896bf0, 0x0000025c4c898030, 0x0000025c4b2345f0, 0x0000025c4e93d090,
0x0000025c4e93b230, 0x0000025c4e93d5a0, 0x0000025c4e93e4d0, 0x0000025c4e93a810,
0x0000025c4e937060, 0x0000025c4e9393d0, 0x0000025c4e93b740, 0x0000025c4e937a80,
0x0000025c4e93dab0, 0x0000025c4e93dfc0, 0x0000025c4e93e9e0, 0x0000025c4e93c160,
0x0000025c4e937570, 0x0000025c4e937f90
}

Java Threads: ( => current thread )
  0x0000025c2af9e890 JavaThread "main" [_thread_blocked, id=13220, stack(0x0000006e44000000,0x0000006e44100000)]
  0x0000025c464564b0 JavaThread "Reference Handler" daemon [_thread_blocked, id=12032, stack(0x0000006e44700000,0x0000006e44800000)]
  0x0000025c46458b30 JavaThread "Finalizer" daemon [_thread_blocked, id=5496, stack(0x0000006e44800000,0x0000006e44900000)]
  0x0000025c46478280 JavaThread "Signal Dispatcher" daemon [_thread_blocked, id=13264, stack(0x0000006e44900000,0x0000006e44a00000)]
  0x0000025c464b1130 JavaThread "Attach Listener" daemon [_thread_blocked, id=9680, stack(0x0000006e44a00000,0x0000006e44b00000)]
  0x0000025c464b1a00 JavaThread "Service Thread" daemon [_thread_blocked, id=5188, stack(0x0000006e44b00000,0x0000006e44c00000)]
  0x0000025c464b22d0 JavaThread "Monitor Deflation Thread" daemon [_thread_blocked, id=3532, stack(0x0000006e44c00000,0x0000006e44d00000)]
  0x0000025c464b3ec0 JavaThread "C2 CompilerThread0" daemon [_thread_blocked, id=2848, stack(0x0000006e44d00000,0x0000006e44e00000)]
  0x0000025c466e5de0 JavaThread "C1 CompilerThread0" daemon [_thread_blocked, id=12564, stack(0x0000006e44e00000,0x0000006e44f00000)]
  0x0000025c466f7650 JavaThread "Sweeper thread" daemon [_thread_blocked, id=9924, stack(0x0000006e44f00000,0x0000006e45000000)]
  0x0000025c463efac0 JavaThread "Common-Cleaner" daemon [_thread_blocked, id=4696, stack(0x0000006e45000000,0x0000006e45100000)]
  0x0000025c469a11a0 JavaThread "Notification Thread" daemon [_thread_blocked, id=8652, stack(0x0000006e45100000,0x0000006e45200000)]
  0x0000025c4c281070 JavaThread "Daemon health stats" [_thread_blocked, id=2772, stack(0x0000006e45600000,0x0000006e45700000)]
  0x0000025c4bf2b260 JavaThread "Incoming local TCP Connector on port 52636" [_thread_in_native, id=10092, stack(0x0000006e45700000,0x0000006e45800000)]
  0x0000025c4c75d9d0 JavaThread "Daemon periodic checks" [_thread_blocked, id=15168, stack(0x0000006e45800000,0x0000006e45900000)]
  0x0000025c4c6d4a80 JavaThread "Daemon" [_thread_blocked, id=12068, stack(0x0000006e45900000,0x0000006e45a00000)]
  0x0000025c4c860040 JavaThread "Daemon worker" [_thread_blocked, id=9568, stack(0x0000006e45c00000,0x0000006e45d00000)]
  0x0000025c4c82f540 JavaThread "Cache worker for journal cache (C:\Users\Com\Downloads\gradle-8.10-bin\gradle-8.10\caches\journal-1)" [_thread_blocked, id=9824, stack(0x0000006e46000000,0x0000006e46100000)]
  0x0000025c4c82fa50 JavaThread "File lock request listener" [_thread_in_native, id=7120, stack(0x0000006e46100000,0x0000006e46200000)]
  0x0000025c4c82eb20 JavaThread "Cache worker for file hash cache (C:\Users\Com\Downloads\gradle-8.10-bin\gradle-8.10\caches\8.7\fileHashes)" [_thread_blocked, id=9400, stack(0x0000006e46200000,0x0000006e46300000)]
  0x0000025c4c897610 JavaThread "File watcher server" daemon [_thread_blocked, id=2396, stack(0x0000006e46400000,0x0000006e46500000)]
  0x0000025c4c897100 JavaThread "File watcher consumer" daemon [_thread_blocked, id=5116, stack(0x0000006e46500000,0x0000006e46600000)]
  0x0000025c4c898a50 JavaThread "jar transforms" [_thread_blocked, id=14556, stack(0x0000006e46600000,0x0000006e46700000)]
  0x0000025c4c898f60 JavaThread "jar transforms Thread 2" [_thread_blocked, id=12144, stack(0x0000006e46700000,0x0000006e46800000)]
  0x0000025c4c896bf0 JavaThread "jar transforms Thread 3" [_thread_blocked, id=8908, stack(0x0000006e46800000,0x0000006e46900000)]
  0x0000025c4c898030 JavaThread "jar transforms Thread 4" [_thread_blocked, id=12548, stack(0x0000006e46900000,0x0000006e46a00000)]
  0x0000025c4b2345f0 JavaThread "Cache worker for file content cache (C:\Users\Com\Downloads\gradle-8.10-bin\gradle-8.10\caches\8.7\fileContent)" [_thread_blocked, id=14480, stack(0x0000006e46d00000,0x0000006e46e00000)]
  0x0000025c4e93d090 JavaThread "VFS cleanup" [_thread_blocked, id=1576, stack(0x0000006e45d00000,0x0000006e45e00000)]
  0x0000025c4e93b230 JavaThread "Daemon Thread 2" [_thread_blocked, id=1080, stack(0x0000006e45a00000,0x0000006e45b00000)]
  0x0000025c4e93d5a0 JavaThread "Handler for socket connection from /127.0.0.1:52636 to /127.0.0.1:52640" [_thread_in_native, id=14732, stack(0x0000006e45b00000,0x0000006e45c00000)]
  0x0000025c4e93e4d0 JavaThread "Cancel handler" [_thread_blocked, id=8504, stack(0x0000006e45f00000,0x0000006e46000000)]
  0x0000025c4e93a810 JavaThread "Asynchronous log dispatcher for DefaultDaemonConnection: socket connection from /127.0.0.1:52636 to /127.0.0.1:52640" [_thread_blocked, id=11376, stack(0x0000006e46300000,0x0000006e46400000)]
  0x0000025c4e937060 JavaThread "Stdin handler" [_thread_blocked, id=9524, stack(0x0000006e45e00000,0x0000006e45f00000)]
  0x0000025c4e9393d0 JavaThread "Daemon client event forwarder" [_thread_blocked, id=15348, stack(0x0000006e46a00000,0x0000006e46b00000)]
  0x0000025c4e93b740 JavaThread "Cache worker for file hash cache (D:\DemoApi\.gradle\8.7\fileHashes)" [_thread_blocked, id=10636, stack(0x0000006e46b00000,0x0000006e46c00000)]
  0x0000025c4e937a80 JavaThread "Cache worker for checksums cache (D:\DemoApi\.gradle\8.7\checksums)" [_thread_blocked, id=14632, stack(0x0000006e46c00000,0x0000006e46d00000)]
  0x0000025c4e93dab0 JavaThread "Cache worker for cache directory md-supplier (C:\Users\Com\Downloads\gradle-8.10-bin\gradle-8.10\caches\8.7\md-supplier)" [_thread_blocked, id=808, stack(0x0000006e46e00000,0x0000006e46f00000)]
  0x0000025c4e93dfc0 JavaThread "Cache worker for cache directory md-rule (C:\Users\Com\Downloads\gradle-8.10-bin\gradle-8.10\caches\8.7\md-rule)" [_thread_blocked, id=13504, stack(0x0000006e46f00000,0x0000006e47000000)]
  0x0000025c4e93e9e0 JavaThread "Cache worker for Build Output Cleanup Cache (D:\DemoApi\.gradle\buildOutputCleanup)" [_thread_blocked, id=776, stack(0x0000006e47000000,0x0000006e47100000)]
  0x0000025c4e93c160 JavaThread "Unconstrained build operations" [_thread_blocked, id=2116, stack(0x0000006e47100000,0x0000006e47200000)]
  0x0000025c4e937570 JavaThread "Unconstrained build operations Thread 2" [_thread_blocked, id=6884, stack(0x0000006e47200000,0x0000006e47300000)]
  0x0000025c4e937f90 JavaThread "Unconstrained build operations Thread 3" [_thread_blocked, id=13792, stack(0x0000006e47300000,0x0000006e47400000)]

Other Threads:
=>0x0000025c46450550 VMThread "VM Thread" [stack: 0x0000006e44600000,0x0000006e44700000] [id=2308]
  0x0000025c469a1680 WatcherThread [stack: 0x0000006e45200000,0x0000006e45300000] [id=12216]
  0x0000025c2affaaa0 GCTaskThread "GC Thread#0" [stack: 0x0000006e44100000,0x0000006e44200000] [id=3624]
  0x0000025c4b4c1c50 GCTaskThread "GC Thread#1" [stack: 0x0000006e45300000,0x0000006e45400000] [id=3008]
  0x0000025c4b4d3250 GCTaskThread "GC Thread#2" [stack: 0x0000006e45400000,0x0000006e45500000] [id=12384]
  0x0000025c4b9d2370 GCTaskThread "GC Thread#3" [stack: 0x0000006e45500000,0x0000006e45600000] [id=13716]
  0x0000025c2b00c0a0 ConcurrentGCThread "G1 Main Marker" [stack: 0x0000006e44200000,0x0000006e44300000] [id=6652]
  0x0000025c2b00c9d0 ConcurrentGCThread "G1 Conc#0" [stack: 0x0000006e44300000,0x0000006e44400000] [id=14944]
  0x0000025c2b05a4a0 ConcurrentGCThread "G1 Refine#0" [stack: 0x0000006e44400000,0x0000006e44500000] [id=8348]
  0x0000025c4ee05c80 ConcurrentGCThread "G1 Refine#1" [stack: 0x0000006e47600000,0x0000006e47700000] [id=8488]
  0x0000025c2b05bdf0 ConcurrentGCThread "G1 Service" [stack: 0x0000006e44500000,0x0000006e44600000] [id=5468]

Threads with active compile tasks:

VM state: at safepoint (normal execution)

VM Mutex/Monitor currently owned by a thread:  ([mutex/lock_event])
[0x0000025c2af9b190] Threads_lock - owner thread: 0x0000025c46450550
[0x0000025c2af9b220] Heap_lock - owner thread: 0x0000025c4c860040

Heap address: 0x0000000080000000, size: 2048 MB, Compressed Oops mode: 32-bit

CDS archive(s) not mapped
Compressed class space mapped at: 0x0000000100000000-0x0000000140000000, reserved size: 1073741824
Narrow klass base: 0x0000000000000000, Narrow klass shift: 3, Narrow klass range: 0x140000000

GC Precious Log:
 CPUs: 4 total, 4 available
 Memory: 4009M
 Large Page Support: Disabled
 NUMA Support: Disabled
 Compressed Oops: Enabled (32-bit)
 Heap Region Size: 1M
 Heap Min Capacity: 8M
 Heap Initial Capacity: 64M
 Heap Max Capacity: 2G
 Pre-touch: Disabled
 Parallel Workers: 4
 Concurrent Workers: 1
 Concurrent Refinement Workers: 4
 Periodic GC: Disabled

Heap:
 garbage-first heap   total 235520K, used 132686K [0x0000000080000000, 0x0000000100000000)
  region size 1024K, 4 young (4096K), 4 survivors (4096K)
 Metaspace       used 111941K, committed 112768K, reserved 1179648K
  class space    used 14907K, committed 15296K, reserved 1048576K

Heap Regions: E=young(eden), S=young(survivor), O=old, HS=humongous(starts), HC=humongous(continues), CS=collection set, F=free, OA=open archive, CA=closed archive, TAMS=top-at-mark-start (previous, next)
|   0|0x0000000080000000, 0x0000000080100000, 0x0000000080100000|100%| O|  |TAMS 0x0000000080100000, 0x0000000080000000| Untracked 
|   1|0x0000000080100000, 0x0000000080200000, 0x0000000080200000|100%|HS|  |TAMS 0x0000000080200000, 0x0000000080100000| Complete 
|   2|0x0000000080200000, 0x0000000080300000, 0x0000000080300000|100%|HC|  |TAMS 0x0000000080300000, 0x0000000080200000| Complete 
|   3|0x0000000080300000, 0x0000000080400000, 0x0000000080400000|100%|HC|  |TAMS 0x0000000080400000, 0x0000000080300000| Complete 
|   4|0x0000000080400000, 0x0000000080500000, 0x0000000080500000|100%|HC|  |TAMS 0x0000000080500000, 0x0000000080400000| Complete 
|   5|0x0000000080500000, 0x0000000080600000, 0x0000000080600000|100%| O|  |TAMS 0x0000000080600000, 0x0000000080500000| Untracked 
|   6|0x0000000080600000, 0x0000000080700000, 0x0000000080700000|100%| O|  |TAMS 0x0000000080700000, 0x0000000080600000| Untracked 
|   7|0x0000000080700000, 0x0000000080800000, 0x0000000080800000|100%| O|  |TAMS 0x0000000080800000, 0x0000000080700000| Untracked 
|   8|0x0000000080800000, 0x0000000080900000, 0x0000000080900000|100%| O|  |TAMS 0x0000000080900000, 0x0000000080800000| Untracked 
|   9|0x0000000080900000, 0x0000000080a00000, 0x0000000080a00000|100%| O|  |TAMS 0x0000000080a00000, 0x0000000080900000| Untracked 
|  10|0x0000000080a00000, 0x0000000080b00000, 0x0000000080b00000|100%| O|  |TAMS 0x0000000080b00000, 0x0000000080a00000| Untracked 
|  11|0x0000000080b00000, 0x0000000080c00000, 0x0000000080c00000|100%| O|  |TAMS 0x0000000080c00000, 0x0000000080b00000| Untracked 
|  12|0x0000000080c00000, 0x0000000080d00000, 0x0000000080d00000|100%| O|  |TAMS 0x0000000080d00000, 0x0000000080c00000| Untracked 
|  13|0x0000000080d00000, 0x0000000080e00000, 0x0000000080e00000|100%| O|  |TAMS 0x0000000080e00000, 0x0000000080d00000| Untracked 
|  14|0x0000000080e00000, 0x0000000080f00000, 0x0000000080f00000|100%| O|  |TAMS 0x0000000080f00000, 0x0000000080e00000| Untracked 
|  15|0x0000000080f00000, 0x0000000081000000, 0x0000000081000000|100%| O|  |TAMS 0x0000000081000000, 0x0000000080f00000| Untracked 
|  16|0x0000000081000000, 0x0000000081100000, 0x0000000081100000|100%| O|  |TAMS 0x0000000081100000, 0x0000000081000000| Untracked 
|  17|0x0000000081100000, 0x0000000081200000, 0x0000000081200000|100%| O|  |TAMS 0x0000000081200000, 0x0000000081100000| Untracked 
|  18|0x0000000081200000, 0x0000000081300000, 0x0000000081300000|100%| O|  |TAMS 0x0000000081300000, 0x0000000081200000| Untracked 
|  19|0x0000000081300000, 0x0000000081400000, 0x0000000081400000|100%| O|  |TAMS 0x0000000081400000, 0x0000000081300000| Untracked 
|  20|0x0000000081400000, 0x0000000081500000, 0x0000000081500000|100%| O|  |TAMS 0x0000000081500000, 0x0000000081400000| Untracked 
|  21|0x0000000081500000, 0x0000000081600000, 0x0000000081600000|100%|HS|  |TAMS 0x0000000081600000, 0x0000000081500000| Complete 
|  22|0x0000000081600000, 0x0000000081700000, 0x0000000081700000|100%|HC|  |TAMS 0x0000000081700000, 0x0000000081600000| Complete 
|  23|0x0000000081700000, 0x0000000081800000, 0x0000000081800000|100%|HC|  |TAMS 0x0000000081800000, 0x0000000081700000| Complete 
|  24|0x0000000081800000, 0x0000000081900000, 0x0000000081900000|100%|HC|  |TAMS 0x0000000081900000, 0x0000000081800000| Complete 
|  25|0x0000000081900000, 0x0000000081a00000, 0x0000000081a00000|100%|HC|  |TAMS 0x0000000081a00000, 0x0000000081900000| Complete 
|  26|0x0000000081a00000, 0x0000000081b00000, 0x0000000081b00000|100%|HS|  |TAMS 0x0000000081b00000, 0x0000000081a00000| Complete 
|  27|0x0000000081b00000, 0x0000000081c00000, 0x0000000081c00000|100%|HC|  |TAMS 0x0000000081c00000, 0x0000000081b00000| Complete 
|  28|0x0000000081c00000, 0x0000000081d00000, 0x0000000081d00000|100%|HC|  |TAMS 0x0000000081d00000, 0x0000000081c00000| Complete 
|  29|0x0000000081d00000, 0x0000000081e00000, 0x0000000081e00000|100%| O|  |TAMS 0x0000000081e00000, 0x0000000081d00000| Untracked 
|  30|0x0000000081e00000, 0x0000000081f00000, 0x0000000081f00000|100%| O|  |TAMS 0x0000000081f00000, 0x0000000081e00000| Untracked 
|  31|0x0000000081f00000, 0x0000000082000000, 0x0000000082000000|100%| O|  |TAMS 0x0000000082000000, 0x0000000081f00000| Untracked 
|  32|0x0000000082000000, 0x0000000082100000, 0x0000000082100000|100%| O|  |TAMS 0x0000000082100000, 0x0000000082000000| Untracked 
|  33|0x0000000082100000, 0x0000000082200000, 0x0000000082200000|100%|HS|  |TAMS 0x0000000082200000, 0x0000000082100000| Complete 
|  34|0x0000000082200000, 0x0000000082300000, 0x0000000082300000|100%|HC|  |TAMS 0x0000000082300000, 0x0000000082200000| Complete 
|  35|0x0000000082300000, 0x0000000082400000, 0x0000000082400000|100%|HC|  |TAMS 0x0000000082400000, 0x0000000082300000| Complete 
|  36|0x0000000082400000, 0x0000000082500000, 0x0000000082500000|100%|HS|  |TAMS 0x0000000082500000, 0x0000000082400000| Complete 
|  37|0x0000000082500000, 0x0000000082600000, 0x0000000082600000|100%| O|  |TAMS 0x0000000082600000, 0x0000000082500000| Untracked 
|  38|0x0000000082600000, 0x0000000082700000, 0x0000000082700000|100%| O|  |TAMS 0x0000000082700000, 0x0000000082600000| Untracked 
|  39|0x0000000082700000, 0x0000000082800000, 0x0000000082800000|100%| O|  |TAMS 0x0000000082800000, 0x0000000082700000| Untracked 
|  40|0x0000000082800000, 0x0000000082900000, 0x0000000082900000|100%|HS|  |TAMS 0x0000000082900000, 0x0000000082800000| Complete 
|  41|0x0000000082900000, 0x0000000082a00000, 0x0000000082a00000|100%|HC|  |TAMS 0x0000000082a00000, 0x0000000082900000| Complete 
|  42|0x0000000082a00000, 0x0000000082b00000, 0x0000000082b00000|100%|HC|  |TAMS 0x0000000082b00000, 0x0000000082a00000| Complete 
|  43|0x0000000082b00000, 0x0000000082c00000, 0x0000000082c00000|100%| O|  |TAMS 0x0000000082c00000, 0x0000000082b00000| Untracked 
|  44|0x0000000082c00000, 0x0000000082d00000, 0x0000000082d00000|100%| O|  |TAMS 0x0000000082d00000, 0x0000000082c00000| Untracked 
|  45|0x0000000082d00000, 0x0000000082e00000, 0x0000000082e00000|100%| O|  |TAMS 0x0000000082e00000, 0x0000000082d00000| Untracked 
|  46|0x0000000082e00000, 0x0000000082f00000, 0x0000000082f00000|100%| O|  |TAMS 0x0000000082f00000, 0x0000000082e00000| Untracked 
|  47|0x0000000082f00000, 0x0000000083000000, 0x0000000083000000|100%| O|  |TAMS 0x0000000083000000, 0x0000000082f00000| Untracked 
|  48|0x0000000083000000, 0x0000000083100000, 0x0000000083100000|100%| O|  |TAMS 0x0000000083100000, 0x0000000083000000| Untracked 
|  49|0x0000000083100000, 0x0000000083200000, 0x0000000083200000|100%| O|  |TAMS 0x0000000083200000, 0x0000000083100000| Untracked 
|  50|0x0000000083200000, 0x0000000083300000, 0x0000000083300000|100%|HS|  |TAMS 0x0000000083300000, 0x0000000083200000| Complete 
|  51|0x0000000083300000, 0x0000000083400000, 0x0000000083400000|100%|HC|  |TAMS 0x0000000083400000, 0x0000000083300000| Complete 
|  52|0x0000000083400000, 0x0000000083500000, 0x0000000083500000|100%|HC|  |TAMS 0x0000000083500000, 0x0000000083400000| Complete 
|  53|0x0000000083500000, 0x0000000083600000, 0x0000000083600000|100%|HC|  |TAMS 0x0000000083600000, 0x0000000083500000| Complete 
|  54|0x0000000083600000, 0x0000000083700000, 0x0000000083700000|100%|HC|  |TAMS 0x0000000083700000, 0x0000000083600000| Complete 
|  55|0x0000000083700000, 0x0000000083800000, 0x0000000083800000|100%| O|  |TAMS 0x0000000083800000, 0x0000000083700000| Untracked 
|  56|0x0000000083800000, 0x0000000083900000, 0x0000000083900000|100%|HS|  |TAMS 0x0000000083900000, 0x0000000083800000| Complete 
|  57|0x0000000083900000, 0x0000000083a00000, 0x0000000083a00000|100%|HC|  |TAMS 0x0000000083a00000, 0x0000000083900000| Complete 
|  58|0x0000000083a00000, 0x0000000083b00000, 0x0000000083b00000|100%|HC|  |TAMS 0x0000000083b00000, 0x0000000083a00000| Complete 
|  59|0x0000000083b00000, 0x0000000083c00000, 0x0000000083c00000|100%|HC|  |TAMS 0x0000000083c00000, 0x0000000083b00000| Complete 
|  60|0x0000000083c00000, 0x0000000083d00000, 0x0000000083d00000|100%|HC|  |TAMS 0x0000000083d00000, 0x0000000083c00000| Complete 
|  61|0x0000000083d00000, 0x0000000083e00000, 0x0000000083e00000|100%| O|  |TAMS 0x0000000083e00000, 0x0000000083d00000| Untracked 
|  62|0x0000000083e00000, 0x0000000083f00000, 0x0000000083f00000|100%| O|  |TAMS 0x0000000083f00000, 0x0000000083e00000| Untracked 
|  63|0x0000000083f00000, 0x0000000084000000, 0x0000000084000000|100%| O|  |TAMS 0x0000000084000000, 0x0000000083f00000| Untracked 
|  64|0x0000000084000000, 0x0000000084100000, 0x0000000084100000|100%| O|  |TAMS 0x0000000084100000, 0x0000000084000000| Untracked 
|  65|0x0000000084100000, 0x0000000084200000, 0x0000000084200000|100%| O|  |TAMS 0x0000000084200000, 0x0000000084100000| Untracked 
|  66|0x0000000084200000, 0x0000000084300000, 0x0000000084300000|100%| O|  |TAMS 0x0000000084300000, 0x0000000084200000| Untracked 
|  67|0x0000000084300000, 0x0000000084400000, 0x0000000084400000|100%| O|  |TAMS 0x0000000084400000, 0x0000000084300000| Untracked 
|  68|0x0000000084400000, 0x0000000084500000, 0x0000000084500000|100%| O|  |TAMS 0x0000000084500000, 0x0000000084400000| Untracked 
|  69|0x0000000084500000, 0x0000000084600000, 0x0000000084600000|100%| O|  |TAMS 0x0000000084500000, 0x0000000084500000| Untracked 
|  70|0x0000000084600000, 0x0000000084700000, 0x0000000084700000|100%| O|  |TAMS 0x0000000084700000, 0x0000000084600000| Untracked 
|  71|0x0000000084700000, 0x0000000084800000, 0x0000000084800000|100%| O|  |TAMS 0x0000000084800000, 0x0000000084700000| Untracked 
|  72|0x0000000084800000, 0x0000000084900000, 0x0000000084900000|100%| O|  |TAMS 0x0000000084900000, 0x0000000084800000| Untracked 
|  73|0x0000000084900000, 0x0000000084a00000, 0x0000000084a00000|100%| O|  |TAMS 0x0000000084a00000, 0x0000000084900000| Untracked 
|  74|0x0000000084a00000, 0x0000000084b00000, 0x0000000084b00000|100%| O|  |TAMS 0x0000000084b00000, 0x0000000084a00000| Untracked 
|  75|0x0000000084b00000, 0x0000000084c00000, 0x0000000084c00000|100%| O|  |TAMS 0x0000000084c00000, 0x0000000084b00000| Untracked 
|  76|0x0000000084c00000, 0x0000000084d00000, 0x0000000084d00000|100%| O|  |TAMS 0x0000000084d00000, 0x0000000084c00000| Untracked 
|  77|0x0000000084d00000, 0x0000000084e00000, 0x0000000084e00000|100%| O|  |TAMS 0x0000000084e00000, 0x0000000084d00000| Untracked 
|  78|0x0000000084e00000, 0x0000000084f00000, 0x0000000084f00000|100%| O|  |TAMS 0x0000000084f00000, 0x0000000084e00000| Untracked 
|  79|0x0000000084f00000, 0x0000000085000000, 0x0000000085000000|100%| O|  |TAMS 0x0000000085000000, 0x0000000084f00000| Untracked 
|  80|0x0000000085000000, 0x0000000085100000, 0x0000000085100000|100%| O|  |TAMS 0x0000000085100000, 0x0000000085000000| Untracked 
|  81|0x0000000085100000, 0x0000000085200000, 0x0000000085200000|100%| O|  |TAMS 0x0000000085200000, 0x0000000085100000| Untracked 
|  82|0x0000000085200000, 0x0000000085300000, 0x0000000085300000|100%| O|  |TAMS 0x0000000085300000, 0x0000000085200000| Untracked 
|  83|0x0000000085300000, 0x0000000085400000, 0x0000000085400000|100%| O|  |TAMS 0x0000000085400000, 0x0000000085300000| Untracked 
|  84|0x0000000085400000, 0x0000000085500000, 0x0000000085500000|100%| O|  |TAMS 0x0000000085500000, 0x0000000085400000| Untracked 
|  85|0x0000000085500000, 0x0000000085600000, 0x0000000085600000|100%| O|  |TAMS 0x0000000085600000, 0x0000000085500000| Untracked 
|  86|0x0000000085600000, 0x0000000085700000, 0x0000000085700000|100%| O|  |TAMS 0x0000000085700000, 0x0000000085600000| Untracked 
|  87|0x0000000085700000, 0x0000000085800000, 0x0000000085800000|100%| O|  |TAMS 0x0000000085800000, 0x0000000085700000| Untracked 
|  88|0x0000000085800000, 0x0000000085900000, 0x0000000085900000|100%| O|  |TAMS 0x0000000085900000, 0x0000000085800000| Untracked 
|  89|0x0000000085900000, 0x0000000085a00000, 0x0000000085a00000|100%| O|  |TAMS 0x0000000085a00000, 0x0000000085900000| Untracked 
|  90|0x0000000085a00000, 0x0000000085b00000, 0x0000000085b00000|100%| O|  |TAMS 0x0000000085b00000, 0x0000000085a00000| Untracked 
|  91|0x0000000085b00000, 0x0000000085c00000, 0x0000000085c00000|100%| O|  |TAMS 0x0000000085c00000, 0x0000000085b00000| Untracked 
|  92|0x0000000085c00000, 0x0000000085d00000, 0x0000000085d00000|100%| O|  |TAMS 0x0000000085d00000, 0x0000000085c00000| Untracked 
|  93|0x0000000085d00000, 0x0000000085e00000, 0x0000000085e00000|100%| O|  |TAMS 0x0000000085e00000, 0x0000000085d00000| Untracked 
|  94|0x0000000085e00000, 0x0000000085f00000, 0x0000000085f00000|100%| O|  |TAMS 0x0000000085f00000, 0x0000000085e00000| Untracked 
|  95|0x0000000085f00000, 0x0000000085f00000, 0x0000000086000000|  0%| F|  |TAMS 0x0000000085f00000, 0x0000000085f00000| Untracked 
|  96|0x0000000086000000, 0x0000000086100000, 0x0000000086100000|100%|HS|  |TAMS 0x0000000086100000, 0x0000000086000000| Complete 
|  97|0x0000000086100000, 0x0000000086200000, 0x0000000086200000|100%| O|  |TAMS 0x0000000086200000, 0x0000000086100000| Untracked 
|  98|0x0000000086200000, 0x0000000086300000, 0x0000000086300000|100%| O|  |TAMS 0x0000000086300000, 0x0000000086200000| Untracked 
|  99|0x0000000086300000, 0x0000000086400000, 0x0000000086400000|100%| O|  |TAMS 0x0000000086400000, 0x0000000086300000| Untracked 
| 100|0x0000000086400000, 0x0000000086500000, 0x0000000086500000|100%| O|  |TAMS 0x0000000086500000, 0x0000000086400000| Untracked 
| 101|0x0000000086500000, 0x0000000086600000, 0x0000000086600000|100%| O|  |TAMS 0x0000000086600000, 0x0000000086500000| Untracked 
| 102|0x0000000086600000, 0x0000000086700000, 0x0000000086700000|100%| O|  |TAMS 0x0000000086700000, 0x0000000086600000| Untracked 
| 103|0x0000000086700000, 0x0000000086800000, 0x0000000086800000|100%| O|  |TAMS 0x0000000086700000, 0x0000000086700000| Untracked 
| 104|0x0000000086800000, 0x0000000086900000, 0x0000000086900000|100%| O|  |TAMS 0x0000000086900000, 0x0000000086800000| Untracked 
| 105|0x0000000086900000, 0x0000000086900000, 0x0000000086a00000|  0%| F|  |TAMS 0x0000000086900000, 0x0000000086900000| Untracked 
| 106|0x0000000086a00000, 0x0000000086b00000, 0x0000000086b00000|100%|HS|  |TAMS 0x0000000086b00000, 0x0000000086a00000| Complete 
| 107|0x0000000086b00000, 0x0000000086c00000, 0x0000000086c00000|100%|HC|  |TAMS 0x0000000086c00000, 0x0000000086b00000| Complete 
| 108|0x0000000086c00000, 0x0000000086d00000, 0x0000000086d00000|100%|HC|  |TAMS 0x0000000086d00000, 0x0000000086c00000| Complete 
| 109|0x0000000086d00000, 0x0000000086e00000, 0x0000000086e00000|100%|HC|  |TAMS 0x0000000086e00000, 0x0000000086d00000| Complete 
| 110|0x0000000086e00000, 0x0000000086f00000, 0x0000000086f00000|100%|HC|  |TAMS 0x0000000086f00000, 0x0000000086e00000| Complete 
| 111|0x0000000086f00000, 0x0000000087000000, 0x0000000087000000|100%|HC|  |TAMS 0x0000000087000000, 0x0000000086f00000| Complete 
| 112|0x0000000087000000, 0x0000000087100000, 0x0000000087100000|100%|HS|  |TAMS 0x0000000087100000, 0x0000000087000000| Complete 
| 113|0x0000000087100000, 0x0000000087200000, 0x0000000087200000|100%|HS|  |TAMS 0x0000000087200000, 0x0000000087100000| Complete 
| 114|0x0000000087200000, 0x0000000087300000, 0x0000000087300000|100%| O|  |TAMS 0x0000000087300000, 0x0000000087200000| Untracked 
| 115|0x0000000087300000, 0x0000000087400000, 0x0000000087400000|100%|HS|  |TAMS 0x0000000087400000, 0x0000000087300000| Complete 
| 116|0x0000000087400000, 0x0000000087500000, 0x0000000087500000|100%| O|  |TAMS 0x0000000087500000, 0x0000000087400000| Untracked 
| 117|0x0000000087500000, 0x0000000087600000, 0x0000000087600000|100%| O|  |TAMS 0x0000000087600000, 0x0000000087500000| Untracked 
| 118|0x0000000087600000, 0x0000000087700000, 0x0000000087700000|100%| O|  |TAMS 0x0000000087700000, 0x0000000087600000| Untracked 
| 119|0x0000000087700000, 0x0000000087800000, 0x0000000087800000|100%| O|  |TAMS 0x0000000087800000, 0x0000000087700000| Untracked 
| 120|0x0000000087800000, 0x0000000087900000, 0x0000000087900000|100%| O|  |TAMS 0x0000000087900000, 0x0000000087800000| Untracked 
| 121|0x0000000087900000, 0x0000000087a00000, 0x0000000087a00000|100%| O|  |TAMS 0x0000000087a00000, 0x0000000087900000| Untracked 
| 122|0x0000000087a00000, 0x0000000087b00000, 0x0000000087b00000|100%| O|  |TAMS 0x0000000087a00000, 0x0000000087a00000| Untracked 
| 123|0x0000000087b00000, 0x0000000087c00000, 0x0000000087c00000|100%| O|  |TAMS 0x0000000087b00000, 0x0000000087b00000| Untracked 
| 124|0x0000000087c00000, 0x0000000087d00000, 0x0000000087d00000|100%| O|  |TAMS 0x0000000087c00000, 0x0000000087c00000| Untracked 
| 125|0x0000000087d00000, 0x0000000087e00000, 0x0000000087e00000|100%| O|  |TAMS 0x0000000087d00000, 0x0000000087d00000| Untracked 
| 126|0x0000000087e00000, 0x0000000087f00000, 0x0000000087f00000|100%| O|  |TAMS 0x0000000087e00000, 0x0000000087e00000| Untracked 
| 127|0x0000000087f00000, 0x0000000087fde600, 0x0000000088000000| 86%| O|  |TAMS 0x0000000087f00000, 0x0000000087f00000| Untracked 
| 128|0x0000000088000000, 0x0000000088000000, 0x0000000088100000|  0%| F|  |TAMS 0x0000000088000000, 0x0000000088000000| Untracked 
| 129|0x0000000088100000, 0x0000000088100000, 0x0000000088200000|  0%| F|  |TAMS 0x0000000088100000, 0x0000000088100000| Untracked 
| 130|0x0000000088200000, 0x0000000088200000, 0x0000000088300000|  0%| F|  |TAMS 0x0000000088200000, 0x0000000088200000| Untracked 
| 131|0x0000000088300000, 0x0000000088300000, 0x0000000088400000|  0%| F|  |TAMS 0x0000000088300000, 0x0000000088300000| Untracked 
| 132|0x0000000088400000, 0x0000000088400000, 0x0000000088500000|  0%| F|  |TAMS 0x0000000088400000, 0x0000000088400000| Untracked 
| 133|0x0000000088500000, 0x0000000088500000, 0x0000000088600000|  0%| F|  |TAMS 0x0000000088500000, 0x0000000088500000| Untracked 
| 134|0x0000000088600000, 0x0000000088600000, 0x0000000088700000|  0%| F|  |TAMS 0x0000000088600000, 0x0000000088600000| Untracked 
| 135|0x0000000088700000, 0x0000000088700000, 0x0000000088800000|  0%| F|  |TAMS 0x0000000088700000, 0x0000000088700000| Untracked 
| 136|0x0000000088800000, 0x0000000088800000, 0x0000000088900000|  0%| F|  |TAMS 0x0000000088800000, 0x0000000088800000| Untracked 
| 137|0x0000000088900000, 0x0000000088900000, 0x0000000088a00000|  0%| F|  |TAMS 0x0000000088900000, 0x0000000088900000| Untracked 
| 138|0x0000000088a00000, 0x0000000088a00000, 0x0000000088b00000|  0%| F|  |TAMS 0x0000000088a00000, 0x0000000088a00000| Untracked 
| 139|0x0000000088b00000, 0x0000000088b00000, 0x0000000088c00000|  0%| F|  |TAMS 0x0000000088b00000, 0x0000000088b00000| Untracked 
| 140|0x0000000088c00000, 0x0000000088c00000, 0x0000000088d00000|  0%| F|  |TAMS 0x0000000088c00000, 0x0000000088c00000| Untracked 
| 141|0x0000000088d00000, 0x0000000088d00000, 0x0000000088e00000|  0%| F|  |TAMS 0x0000000088d00000, 0x0000000088d00000| Untracked 
| 142|0x0000000088e00000, 0x0000000088e00000, 0x0000000088f00000|  0%| F|  |TAMS 0x0000000088e00000, 0x0000000088e00000| Untracked 
| 143|0x0000000088f00000, 0x0000000088f00000, 0x0000000089000000|  0%| F|  |TAMS 0x0000000088f00000, 0x0000000088f00000| Untracked 
| 144|0x0000000089000000, 0x0000000089000000, 0x0000000089100000|  0%| F|  |TAMS 0x0000000089000000, 0x0000000089000000| Untracked 
| 145|0x0000000089100000, 0x0000000089100000, 0x0000000089200000|  0%| F|  |TAMS 0x0000000089100000, 0x0000000089100000| Untracked 
| 146|0x0000000089200000, 0x0000000089200000, 0x0000000089300000|  0%| F|  |TAMS 0x0000000089200000, 0x0000000089200000| Untracked 
| 147|0x0000000089300000, 0x0000000089300000, 0x0000000089400000|  0%| F|  |TAMS 0x0000000089300000, 0x0000000089300000| Untracked 
| 148|0x0000000089400000, 0x0000000089400000, 0x0000000089500000|  0%| F|  |TAMS 0x0000000089400000, 0x0000000089400000| Untracked 
| 149|0x0000000089500000, 0x0000000089500000, 0x0000000089600000|  0%| F|  |TAMS 0x0000000089500000, 0x0000000089500000| Untracked 
| 150|0x0000000089600000, 0x0000000089600000, 0x0000000089700000|  0%| F|  |TAMS 0x0000000089600000, 0x0000000089600000| Untracked 
| 151|0x0000000089700000, 0x0000000089700000, 0x0000000089800000|  0%| F|  |TAMS 0x0000000089700000, 0x0000000089700000| Untracked 
| 152|0x0000000089800000, 0x0000000089800000, 0x0000000089900000|  0%| F|  |TAMS 0x0000000089800000, 0x0000000089800000| Untracked 
| 153|0x0000000089900000, 0x0000000089900000, 0x0000000089a00000|  0%| F|  |TAMS 0x0000000089900000, 0x0000000089900000| Untracked 
| 154|0x0000000089a00000, 0x0000000089a00000, 0x0000000089b00000|  0%| F|  |TAMS 0x0000000089a00000, 0x0000000089a00000| Untracked 
| 155|0x0000000089b00000, 0x0000000089b00000, 0x0000000089c00000|  0%| F|  |TAMS 0x0000000089b00000, 0x0000000089b00000| Untracked 
| 156|0x0000000089c00000, 0x0000000089c00000, 0x0000000089d00000|  0%| F|  |TAMS 0x0000000089c00000, 0x0000000089c00000| Untracked 
| 157|0x0000000089d00000, 0x0000000089d00000, 0x0000000089e00000|  0%| F|  |TAMS 0x0000000089d00000, 0x0000000089d00000| Untracked 
| 158|0x0000000089e00000, 0x0000000089e00000, 0x0000000089f00000|  0%| F|  |TAMS 0x0000000089e00000, 0x0000000089e00000| Untracked 
| 159|0x0000000089f00000, 0x0000000089f00000, 0x000000008a000000|  0%| F|  |TAMS 0x0000000089f00000, 0x0000000089f00000| Untracked 
| 160|0x000000008a000000, 0x000000008a000000, 0x000000008a100000|  0%| F|  |TAMS 0x000000008a000000, 0x000000008a000000| Untracked 
| 161|0x000000008a100000, 0x000000008a1b54a0, 0x000000008a200000| 70%| S|CS|TAMS 0x000000008a100000, 0x000000008a100000| Complete 
| 162|0x000000008a200000, 0x000000008a300000, 0x000000008a300000|100%| S|CS|TAMS 0x000000008a200000, 0x000000008a200000| Complete 
| 163|0x000000008a300000, 0x000000008a400000, 0x000000008a400000|100%| S|CS|TAMS 0x000000008a300000, 0x000000008a300000| Complete 
| 164|0x000000008a400000, 0x000000008a500000, 0x000000008a500000|100%| S|CS|TAMS 0x000000008a400000, 0x000000008a400000| Complete 
| 165|0x000000008a500000, 0x000000008a500000, 0x000000008a600000|  0%| F|  |TAMS 0x000000008a500000, 0x000000008a500000| Untracked 
| 166|0x000000008a600000, 0x000000008a600000, 0x000000008a700000|  0%| F|  |TAMS 0x000000008a600000, 0x000000008a600000| Untracked 
| 167|0x000000008a700000, 0x000000008a700000, 0x000000008a800000|  0%| F|  |TAMS 0x000000008a700000, 0x000000008a700000| Untracked 
| 168|0x000000008a800000, 0x000000008a800000, 0x000000008a900000|  0%| F|  |TAMS 0x000000008a800000, 0x000000008a800000| Untracked 
| 169|0x000000008a900000, 0x000000008a900000, 0x000000008aa00000|  0%| F|  |TAMS 0x000000008a900000, 0x000000008a900000| Untracked 
| 170|0x000000008aa00000, 0x000000008aa00000, 0x000000008ab00000|  0%| F|  |TAMS 0x000000008aa00000, 0x000000008aa00000| Untracked 
| 171|0x000000008ab00000, 0x000000008ab00000, 0x000000008ac00000|  0%| F|  |TAMS 0x000000008ab00000, 0x000000008ab00000| Untracked 
| 172|0x000000008ac00000, 0x000000008ac00000, 0x000000008ad00000|  0%| F|  |TAMS 0x000000008ac00000, 0x000000008ac00000| Untracked 
| 173|0x000000008ad00000, 0x000000008ad00000, 0x000000008ae00000|  0%| F|  |TAMS 0x000000008ad00000, 0x000000008ad00000| Untracked 
| 174|0x000000008ae00000, 0x000000008ae00000, 0x000000008af00000|  0%| F|  |TAMS 0x000000008ae00000, 0x000000008ae00000| Untracked 
| 175|0x000000008af00000, 0x000000008af00000, 0x000000008b000000|  0%| F|  |TAMS 0x000000008af00000, 0x000000008af00000| Untracked 
| 176|0x000000008b000000, 0x000000008b000000, 0x000000008b100000|  0%| F|  |TAMS 0x000000008b000000, 0x000000008b000000| Untracked 
| 177|0x000000008b100000, 0x000000008b100000, 0x000000008b200000|  0%| F|  |TAMS 0x000000008b100000, 0x000000008b100000| Untracked 
| 178|0x000000008b200000, 0x000000008b200000, 0x000000008b300000|  0%| F|  |TAMS 0x000000008b200000, 0x000000008b200000| Untracked 
| 179|0x000000008b300000, 0x000000008b300000, 0x000000008b400000|  0%| F|  |TAMS 0x000000008b300000, 0x000000008b300000| Untracked 
| 180|0x000000008b400000, 0x000000008b400000, 0x000000008b500000|  0%| F|  |TAMS 0x000000008b400000, 0x000000008b400000| Untracked 
| 181|0x000000008b500000, 0x000000008b500000, 0x000000008b600000|  0%| F|  |TAMS 0x000000008b500000, 0x000000008b500000| Untracked 
| 182|0x000000008b600000, 0x000000008b600000, 0x000000008b700000|  0%| F|  |TAMS 0x000000008b600000, 0x000000008b600000| Untracked 
| 183|0x000000008b700000, 0x000000008b700000, 0x000000008b800000|  0%| F|  |TAMS 0x000000008b700000, 0x000000008b700000| Untracked 
| 184|0x000000008b800000, 0x000000008b800000, 0x000000008b900000|  0%| F|  |TAMS 0x000000008b800000, 0x000000008b800000| Untracked 
| 185|0x000000008b900000, 0x000000008b900000, 0x000000008ba00000|  0%| F|  |TAMS 0x000000008b900000, 0x000000008b900000| Untracked 
| 186|0x000000008ba00000, 0x000000008ba00000, 0x000000008bb00000|  0%| F|  |TAMS 0x000000008ba00000, 0x000000008ba00000| Untracked 
| 187|0x000000008bb00000, 0x000000008bb00000, 0x000000008bc00000|  0%| F|  |TAMS 0x000000008bb00000, 0x000000008bb00000| Untracked 
| 188|0x000000008bc00000, 0x000000008bc00000, 0x000000008bd00000|  0%| F|  |TAMS 0x000000008bc00000, 0x000000008bc00000| Untracked 
| 189|0x000000008bd00000, 0x000000008bd00000, 0x000000008be00000|  0%| F|  |TAMS 0x000000008bd00000, 0x000000008bd00000| Untracked 
| 190|0x000000008be00000, 0x000000008be00000, 0x000000008bf00000|  0%| F|  |TAMS 0x000000008be00000, 0x000000008be00000| Untracked 
| 191|0x000000008bf00000, 0x000000008bf00000, 0x000000008c000000|  0%| F|  |TAMS 0x000000008bf00000, 0x000000008bf00000| Untracked 
| 192|0x000000008c000000, 0x000000008c000000, 0x000000008c100000|  0%| F|  |TAMS 0x000000008c000000, 0x000000008c000000| Untracked 
| 193|0x000000008c100000, 0x000000008c100000, 0x000000008c200000|  0%| F|  |TAMS 0x000000008c100000, 0x000000008c100000| Untracked 
| 194|0x000000008c200000, 0x000000008c200000, 0x000000008c300000|  0%| F|  |TAMS 0x000000008c200000, 0x000000008c200000| Untracked 
| 195|0x000000008c300000, 0x000000008c300000, 0x000000008c400000|  0%| F|  |TAMS 0x000000008c300000, 0x000000008c300000| Untracked 
| 196|0x000000008c400000, 0x000000008c400000, 0x000000008c500000|  0%| F|  |TAMS 0x000000008c400000, 0x000000008c400000| Untracked 
| 197|0x000000008c500000, 0x000000008c500000, 0x000000008c600000|  0%| F|  |TAMS 0x000000008c500000, 0x000000008c500000| Untracked 
| 198|0x000000008c600000, 0x000000008c600000, 0x000000008c700000|  0%| F|  |TAMS 0x000000008c600000, 0x000000008c600000| Untracked 
| 199|0x000000008c700000, 0x000000008c700000, 0x000000008c800000|  0%| F|  |TAMS 0x000000008c700000, 0x000000008c700000| Untracked 
| 200|0x000000008c800000, 0x000000008c800000, 0x000000008c900000|  0%| F|  |TAMS 0x000000008c800000, 0x000000008c800000| Untracked 
| 201|0x000000008c900000, 0x000000008c900000, 0x000000008ca00000|  0%| F|  |TAMS 0x000000008c900000, 0x000000008c900000| Untracked 
| 202|0x000000008ca00000, 0x000000008ca00000, 0x000000008cb00000|  0%| F|  |TAMS 0x000000008ca00000, 0x000000008ca00000| Untracked 
| 203|0x000000008cb00000, 0x000000008cb00000, 0x000000008cc00000|  0%| F|  |TAMS 0x000000008cb00000, 0x000000008cb00000| Untracked 
| 204|0x000000008cc00000, 0x000000008cc00000, 0x000000008cd00000|  0%| F|  |TAMS 0x000000008cc00000, 0x000000008cc00000| Untracked 
| 205|0x000000008cd00000, 0x000000008cd00000, 0x000000008ce00000|  0%| F|  |TAMS 0x000000008cd00000, 0x000000008cd00000| Untracked 
| 206|0x000000008ce00000, 0x000000008ce00000, 0x000000008cf00000|  0%| F|  |TAMS 0x000000008ce00000, 0x000000008ce00000| Untracked 
| 207|0x000000008cf00000, 0x000000008cf00000, 0x000000008d000000|  0%| F|  |TAMS 0x000000008cf00000, 0x000000008cf00000| Untracked 
| 208|0x000000008d000000, 0x000000008d000000, 0x000000008d100000|  0%| F|  |TAMS 0x000000008d000000, 0x000000008d000000| Untracked 
| 209|0x000000008d100000, 0x000000008d100000, 0x000000008d200000|  0%| F|  |TAMS 0x000000008d100000, 0x000000008d100000| Untracked 
| 210|0x000000008d200000, 0x000000008d200000, 0x000000008d300000|  0%| F|  |TAMS 0x000000008d200000, 0x000000008d200000| Untracked 
| 211|0x000000008d300000, 0x000000008d300000, 0x000000008d400000|  0%| F|  |TAMS 0x000000008d300000, 0x000000008d300000| Untracked 
| 212|0x000000008d400000, 0x000000008d400000, 0x000000008d500000|  0%| F|  |TAMS 0x000000008d400000, 0x000000008d400000| Untracked 
| 213|0x000000008d500000, 0x000000008d500000, 0x000000008d600000|  0%| F|  |TAMS 0x000000008d500000, 0x000000008d500000| Untracked 
| 214|0x000000008d600000, 0x000000008d600000, 0x000000008d700000|  0%| F|  |TAMS 0x000000008d600000, 0x000000008d600000| Untracked 
| 215|0x000000008d700000, 0x000000008d700000, 0x000000008d800000|  0%| F|  |TAMS 0x000000008d700000, 0x000000008d700000| Untracked 
| 216|0x000000008d800000, 0x000000008d800000, 0x000000008d900000|  0%| F|  |TAMS 0x000000008d800000, 0x000000008d800000| Untracked 
| 217|0x000000008d900000, 0x000000008d900000, 0x000000008da00000|  0%| F|  |TAMS 0x000000008d900000, 0x000000008d900000| Untracked 
| 218|0x000000008da00000, 0x000000008da00000, 0x000000008db00000|  0%| F|  |TAMS 0x000000008da00000, 0x000000008da00000| Untracked 
| 219|0x000000008db00000, 0x000000008db00000, 0x000000008dc00000|  0%| F|  |TAMS 0x000000008db00000, 0x000000008db00000| Untracked 
| 220|0x000000008dc00000, 0x000000008dc00000, 0x000000008dd00000|  0%| F|  |TAMS 0x000000008dc00000, 0x000000008dc00000| Untracked 
| 221|0x000000008dd00000, 0x000000008dd00000, 0x000000008de00000|  0%| F|  |TAMS 0x000000008dd00000, 0x000000008dd00000| Untracked 
| 222|0x000000008de00000, 0x000000008de00000, 0x000000008df00000|  0%| F|  |TAMS 0x000000008de00000, 0x000000008de00000| Untracked 
| 223|0x000000008df00000, 0x000000008df00000, 0x000000008e000000|  0%| F|  |TAMS 0x000000008df00000, 0x000000008df00000| Untracked 
| 224|0x000000008e000000, 0x000000008e000000, 0x000000008e100000|  0%| F|  |TAMS 0x000000008e000000, 0x000000008e000000| Untracked 
| 225|0x000000008e100000, 0x000000008e100000, 0x000000008e200000|  0%| F|  |TAMS 0x000000008e100000, 0x000000008e100000| Untracked 
| 226|0x000000008e200000, 0x000000008e200000, 0x000000008e300000|  0%| F|  |TAMS 0x000000008e200000, 0x000000008e200000| Untracked 
| 227|0x000000008e300000, 0x000000008e300000, 0x000000008e400000|  0%| F|  |TAMS 0x000000008e300000, 0x000000008e300000| Untracked 
| 228|0x000000008e400000, 0x000000008e400000, 0x000000008e500000|  0%| F|  |TAMS 0x000000008e400000, 0x000000008e400000| Untracked 
| 229|0x000000008e500000, 0x000000008e500000, 0x000000008e600000|  0%| F|  |TAMS 0x000000008e500000, 0x000000008e500000| Untracked 

Card table byte_map: [0x0000025c3f680000,0x0000025c3fa80000] _byte_map_base: 0x0000025c3f280000

Marking Bits (Prev, Next): (CMBitMap*) 0x0000025c2affb010, (CMBitMap*) 0x0000025c2affafd0
 Prev Bits: [0x0000025c41e80000, 0x0000025c43e80000)
 Next Bits: [0x0000025c3fe80000, 0x0000025c41e80000)

Polling page: 0x0000025c2add0000

Metaspace:

Usage:
  Non-class:     94.76 MB used.
      Class:     14.56 MB used.
       Both:    109.32 MB used.

Virtual space:
  Non-class space:      128.00 MB reserved,      95.19 MB ( 74%) committed,  2 nodes.
      Class space:        1.00 GB reserved,      14.94 MB (  1%) committed,  1 nodes.
             Both:        1.12 GB reserved,     110.12 MB ( 10%) committed. 

Chunk freelists:
   Non-Class:  416.00 KB
       Class:  928.00 KB
        Both:  1.31 MB

MaxMetaspaceSize: unlimited
CompressedClassSpaceSize: 1.00 GB
Initial GC threshold: 21.00 MB
Current GC threshold: 167.81 MB
CDS: off
MetaspaceReclaimPolicy: balanced
 - commit_granule_bytes: 65536.
 - commit_granule_words: 8192.
 - virtual_space_node_default_size: 8388608.
 - enlarge_chunks_in_place: 1.
 - new_chunks_are_fully_committed: 0.
 - uncommit_free_chunks: 1.
 - use_allocation_guard: 0.
 - handle_deallocations: 1.


Internal statistics:

num_allocs_failed_limit: 3.
num_arena_births: 1046.
num_arena_deaths: 0.
num_vsnodes_births: 3.
num_vsnodes_deaths: 0.
num_space_committed: 1760.
num_space_uncommitted: 0.
num_chunks_returned_to_freelist: 3.
num_chunks_taken_from_freelist: 4989.
num_chunk_merges: 3.
num_chunk_splits: 3631.
num_chunks_enlarged: 2763.
num_inconsistent_stats: 0.

CodeHeap 'non-profiled nmethods': size=120000Kb used=5020Kb max_used=5020Kb free=114980Kb
 bounds [0x0000025c37730000, 0x0000025c37c20000, 0x0000025c3ec60000]
CodeHeap 'profiled nmethods': size=120000Kb used=19803Kb max_used=19803Kb free=100196Kb
 bounds [0x0000025c2fc60000, 0x0000025c30fc0000, 0x0000025c37190000]
CodeHeap 'non-nmethods': size=5760Kb used=2489Kb max_used=2504Kb free=3270Kb
 bounds [0x0000025c37190000, 0x0000025c37410000, 0x0000025c37730000]
 total_blobs=10888 nmethods=9840 adapters=959
 compilation: enabled
              stopped_count=0, restarted_count=0
 full_count=0

Compilation events (20 events):
Event: 54.721 Thread 0x0000025c464b3ec0 10724       4       org.jetbrains.kotlin.incremental.UtilsKt::record (55 bytes)
Event: 54.721 Thread 0x0000025c466e5de0 10726       3       org.jetbrains.kotlin.ir.util.DescriptorSymbolTableExtension::referenceClass (36 bytes)
Event: 54.722 Thread 0x0000025c466e5de0 nmethod 10726 0x0000025c30fb1490 code [0x0000025c30fb16e0, 0x0000025c30fb20b8]
Event: 54.722 Thread 0x0000025c466e5de0 10727   !   3       org.jetbrains.kotlin.ir.util.SymbolTableExtension::referenceClass (448 bytes)
Event: 54.723 Thread 0x0000025c464b3ec0 nmethod 10724 0x0000025c37c15d10 code [0x0000025c37c15ea0, 0x0000025c37c16058]
Event: 54.723 Thread 0x0000025c464b3ec0 10725       4       org.jetbrains.kotlin.incremental.UtilsKt::recordPackageLookup (94 bytes)
Event: 54.724 Thread 0x0000025c466e5de0 nmethod 10727 0x0000025c30fb2390 code [0x0000025c30fb2760, 0x0000025c30fb4928]
Event: 54.724 Thread 0x0000025c464b3ec0 nmethod 10725 0x0000025c37c16310 code [0x0000025c37c164a0, 0x0000025c37c165b8]
Event: 54.728 Thread 0x0000025c466e5de0 10728       3       org.jetbrains.kotlin.serialization.deserialization.descriptors.DeserializedClassDescriptor$DeserializedClassTypeConstructor::getParameters (13 bytes)
Event: 54.728 Thread 0x0000025c466e5de0 nmethod 10728 0x0000025c30fb5b10 code [0x0000025c30fb5cc0, 0x0000025c30fb5f88]
Event: 54.734 Thread 0x0000025c466e5de0 10729       1       org.jetbrains.kotlin.ir.declarations.impl.IrFunctionImpl::getName (5 bytes)
Event: 54.734 Thread 0x0000025c466e5de0 nmethod 10729 0x0000025c37c16710 code [0x0000025c37c168a0, 0x0000025c37c16978]
Event: 54.742 Thread 0x0000025c466e5de0 10730       3       org.jetbrains.kotlin.utils.CollectionsKt::compactIfPossible (75 bytes)
Event: 54.743 Thread 0x0000025c466e5de0 nmethod 10730 0x0000025c30fb6090 code [0x0000025c30fb6400, 0x0000025c30fb78d8]
Event: 54.745 Thread 0x0000025c466e5de0 10731       1       org.jetbrains.kotlin.ir.declarations.impl.IrValueParameterImpl::getSymbol (5 bytes)
Event: 54.745 Thread 0x0000025c466e5de0 nmethod 10731 0x0000025c37c16a10 code [0x0000025c37c16ba0, 0x0000025c37c16c78]
Event: 54.748 Thread 0x0000025c466e5de0 10732       1       org.jetbrains.kotlin.ir.types.impl.IrSimpleTypeImpl::getClassifier (5 bytes)
Event: 54.748 Thread 0x0000025c466e5de0 nmethod 10732 0x0000025c37c16d10 code [0x0000025c37c16ea0, 0x0000025c37c16f78]
Event: 54.748 Thread 0x0000025c466e5de0 10733       3       org.jetbrains.kotlin.ir.declarations.IrDeclarationBase::<init> (5 bytes)
Event: 54.749 Thread 0x0000025c466e5de0 nmethod 10733 0x0000025c307bac10 code [0x0000025c307badc0, 0x0000025c307baf78]

GC Heap History (20 events):
Event: 40.923 GC heap after
{Heap after GC invocations=42 (full 0):
 garbage-first heap   total 212992K, used 95903K [0x0000000080000000, 0x0000000100000000)
  region size 1024K, 6 young (6144K), 6 survivors (6144K)
 Metaspace       used 81344K, committed 82176K, reserved 1179648K
  class space    used 11397K, committed 11776K, reserved 1048576K
}
Event: 40.972 GC heap before
{Heap before GC invocations=42 (full 0):
 garbage-first heap   total 212992K, used 99999K [0x0000000080000000, 0x0000000100000000)
  region size 1024K, 10 young (10240K), 6 survivors (6144K)
 Metaspace       used 81344K, committed 82176K, reserved 1179648K
  class space    used 11397K, committed 11776K, reserved 1048576K
}
Event: 41.025 GC heap after
{Heap after GC invocations=43 (full 0):
 garbage-first heap   total 212992K, used 96724K [0x0000000080000000, 0x0000000100000000)
  region size 1024K, 2 young (2048K), 2 survivors (2048K)
 Metaspace       used 81344K, committed 82176K, reserved 1179648K
  class space    used 11397K, committed 11776K, reserved 1048576K
}
Event: 43.137 GC heap before
{Heap before GC invocations=43 (full 0):
 garbage-first heap   total 212992K, used 177620K [0x0000000080000000, 0x0000000100000000)
  region size 1024K, 77 young (78848K), 2 survivors (2048K)
 Metaspace       used 84122K, committed 84928K, reserved 1179648K
  class space    used 11729K, committed 12096K, reserved 1048576K
}
Event: 43.202 GC heap after
{Heap after GC invocations=44 (full 0):
 garbage-first heap   total 212992K, used 106909K [0x0000000080000000, 0x0000000100000000)
  region size 1024K, 10 young (10240K), 10 survivors (10240K)
 Metaspace       used 84122K, committed 84928K, reserved 1179648K
  class space    used 11729K, committed 12096K, reserved 1048576K
}
Event: 43.683 GC heap before
{Heap before GC invocations=44 (full 0):
 garbage-first heap   total 212992K, used 119197K [0x0000000080000000, 0x0000000100000000)
  region size 1024K, 23 young (23552K), 10 survivors (10240K)
 Metaspace       used 85749K, committed 86592K, reserved 1179648K
  class space    used 11909K, committed 12288K, reserved 1048576K
}
Event: 43.710 GC heap after
{Heap after GC invocations=45 (full 0):
 garbage-first heap   total 212992K, used 109327K [0x0000000080000000, 0x0000000100000000)
  region size 1024K, 2 young (2048K), 2 survivors (2048K)
 Metaspace       used 85749K, committed 86592K, reserved 1179648K
  class space    used 11909K, committed 12288K, reserved 1048576K
}
Event: 45.355 GC heap before
{Heap before GC invocations=46 (full 0):
 garbage-first heap   total 219136K, used 182031K [0x0000000080000000, 0x0000000100000000)
  region size 1024K, 63 young (64512K), 2 survivors (2048K)
 Metaspace       used 92014K, committed 92800K, reserved 1179648K
  class space    used 12503K, committed 12864K, reserved 1048576K
}
Event: 45.367 GC heap after
{Heap after GC invocations=47 (full 0):
 garbage-first heap   total 219136K, used 124164K [0x0000000080000000, 0x0000000100000000)
  region size 1024K, 8 young (8192K), 8 survivors (8192K)
 Metaspace       used 92014K, committed 92800K, reserved 1179648K
  class space    used 12503K, committed 12864K, reserved 1048576K
}
Event: 45.400 GC heap before
{Heap before GC invocations=47 (full 0):
 garbage-first heap   total 219136K, used 126212K [0x0000000080000000, 0x0000000100000000)
  region size 1024K, 10 young (10240K), 8 survivors (8192K)
 Metaspace       used 92210K, committed 92992K, reserved 1179648K
  class space    used 12536K, committed 12928K, reserved 1048576K
}
Event: 45.417 GC heap after
{Heap after GC invocations=48 (full 0):
 garbage-first heap   total 219136K, used 123904K [0x0000000080000000, 0x0000000100000000)
  region size 1024K, 1 young (1024K), 1 survivors (1024K)
 Metaspace       used 92210K, committed 92992K, reserved 1179648K
  class space    used 12536K, committed 12928K, reserved 1048576K
}
Event: 47.903 GC heap before
{Heap before GC invocations=48 (full 0):
 garbage-first heap   total 219136K, used 180224K [0x0000000080000000, 0x0000000100000000)
  region size 1024K, 56 young (57344K), 1 survivors (1024K)
 Metaspace       used 98977K, committed 99840K, reserved 1179648K
  class space    used 13347K, committed 13760K, reserved 1048576K
}
Event: 47.913 GC heap after
{Heap after GC invocations=49 (full 0):
 garbage-first heap   total 219136K, used 125495K [0x0000000080000000, 0x0000000100000000)
  region size 1024K, 3 young (3072K), 3 survivors (3072K)
 Metaspace       used 98977K, committed 99840K, reserved 1179648K
  class space    used 13347K, committed 13760K, reserved 1048576K
}
Event: 50.771 GC heap before
{Heap before GC invocations=49 (full 0):
 garbage-first heap   total 219136K, used 153143K [0x0000000080000000, 0x0000000100000000)
  region size 1024K, 31 young (31744K), 3 survivors (3072K)
 Metaspace       used 102217K, committed 103040K, reserved 1179648K
  class space    used 13777K, committed 14144K, reserved 1048576K
}
Event: 50.784 GC heap after
{Heap after GC invocations=50 (full 0):
 garbage-first heap   total 219136K, used 127382K [0x0000000080000000, 0x0000000100000000)
  region size 1024K, 5 young (5120K), 5 survivors (5120K)
 Metaspace       used 102217K, committed 103040K, reserved 1179648K
  class space    used 13777K, committed 14144K, reserved 1048576K
}
Event: 53.128 GC heap before
{Heap before GC invocations=51 (full 0):
 garbage-first heap   total 235520K, used 183702K [0x0000000080000000, 0x0000000100000000)
  region size 1024K, 59 young (60416K), 5 survivors (5120K)
 Metaspace       used 103828K, committed 104640K, reserved 1179648K
  class space    used 13960K, committed 14336K, reserved 1048576K
}
Event: 53.144 GC heap after
{Heap after GC invocations=52 (full 0):
 garbage-first heap   total 235520K, used 130457K [0x0000000080000000, 0x0000000100000000)
  region size 1024K, 5 young (5120K), 5 survivors (5120K)
 Metaspace       used 103828K, committed 104640K, reserved 1179648K
  class space    used 13960K, committed 14336K, reserved 1048576K
}
Event: 53.386 GC heap before
{Heap before GC invocations=52 (full 0):
 garbage-first heap   total 235520K, used 135577K [0x0000000080000000, 0x0000000100000000)
  region size 1024K, 11 young (11264K), 5 survivors (5120K)
 Metaspace       used 104589K, committed 105344K, reserved 1179648K
  class space    used 14044K, committed 14400K, reserved 1048576K
}
Event: 53.407 GC heap after
{Heap after GC invocations=53 (full 0):
 garbage-first heap   total 235520K, used 129785K [0x0000000080000000, 0x0000000100000000)
  region size 1024K, 1 young (1024K), 1 survivors (1024K)
 Metaspace       used 104589K, committed 105344K, reserved 1179648K
  class space    used 14044K, committed 14400K, reserved 1048576K
}
Event: 54.753 GC heap before
{Heap before GC invocations=53 (full 0):
 garbage-first heap   total 235520K, used 194297K [0x0000000080000000, 0x0000000100000000)
  region size 1024K, 65 young (66560K), 1 survivors (1024K)
 Metaspace       used 111941K, committed 112768K, reserved 1179648K
  class space    used 14907K, committed 15296K, reserved 1048576K
}

Dll operation events (3 events):
Event: 0.057 Loaded shared library C:\Program Files\Android\Android Studio\jbr\bin\java.dll
Event: 0.427 Loaded shared library C:\Program Files\Android\Android Studio\jbr\bin\zip.dll
Event: 1.191 Loaded shared library C:\Program Files\Android\Android Studio\jbr\bin\verify.dll

Deoptimization events (20 events):
Event: 53.853 Thread 0x0000025c4c860040 Uncommon trap: trap_request=0xffffffde fr.pc=0x0000025c37bda434 relative=0x0000000000000594
Event: 53.853 Thread 0x0000025c4c860040 Uncommon trap: reason=class_check action=maybe_recompile pc=0x0000025c37bda434 method=org.jetbrains.kotlin.storage.LockBasedStorageManager$LockBasedLazyValue.invoke()Ljava/lang/Object; @ 24 c2
Event: 53.853 Thread 0x0000025c4c860040 DEOPT PACKING pc=0x0000025c37bda434 sp=0x0000006e45cf4060
Event: 53.853 Thread 0x0000025c4c860040 DEOPT UNPACKING pc=0x0000025c371e69a3 sp=0x0000006e45cf3fb0 mode 2
Event: 53.853 Thread 0x0000025c4c860040 Uncommon trap: trap_request=0xffffffde fr.pc=0x0000025c37bda434 relative=0x0000000000000594
Event: 53.853 Thread 0x0000025c4c860040 Uncommon trap: reason=class_check action=maybe_recompile pc=0x0000025c37bda434 method=org.jetbrains.kotlin.storage.LockBasedStorageManager$LockBasedLazyValue.invoke()Ljava/lang/Object; @ 24 c2
Event: 53.853 Thread 0x0000025c4c860040 DEOPT PACKING pc=0x0000025c37bda434 sp=0x0000006e45cf4020
Event: 53.853 Thread 0x0000025c4c860040 DEOPT UNPACKING pc=0x0000025c371e69a3 sp=0x0000006e45cf3f70 mode 2
Event: 53.853 Thread 0x0000025c4c860040 Uncommon trap: trap_request=0xffffffde fr.pc=0x0000025c37bda434 relative=0x0000000000000594
Event: 53.853 Thread 0x0000025c4c860040 Uncommon trap: reason=class_check action=maybe_recompile pc=0x0000025c37bda434 method=org.jetbrains.kotlin.storage.LockBasedStorageManager$LockBasedLazyValue.invoke()Ljava/lang/Object; @ 24 c2
Event: 53.853 Thread 0x0000025c4c860040 DEOPT PACKING pc=0x0000025c37bda434 sp=0x0000006e45cf40a0
Event: 53.853 Thread 0x0000025c4c860040 DEOPT UNPACKING pc=0x0000025c371e69a3 sp=0x0000006e45cf3ff0 mode 2
Event: 54.031 Thread 0x0000025c4c860040 DEOPT PACKING pc=0x0000025c30e4d569 sp=0x0000006e45cf4590
Event: 54.032 Thread 0x0000025c4c860040 DEOPT UNPACKING pc=0x0000025c371e7143 sp=0x0000006e45cf3a98 mode 0
Event: 54.060 Thread 0x0000025c4c860040 DEOPT PACKING pc=0x0000025c30e4d569 sp=0x0000006e45cf4770
Event: 54.060 Thread 0x0000025c4c860040 DEOPT UNPACKING pc=0x0000025c371e7143 sp=0x0000006e45cf3c78 mode 0
Event: 54.531 Thread 0x0000025c4c860040 Uncommon trap: trap_request=0xffffffd6 fr.pc=0x0000025c37b5d38c relative=0x000000000000036c
Event: 54.531 Thread 0x0000025c4c860040 Uncommon trap: reason=array_check action=maybe_recompile pc=0x0000025c37b5d38c method=java.util.LinkedHashMap.keysToArray([Ljava/lang/Object;)[Ljava/lang/Object; @ 25 c2
Event: 54.531 Thread 0x0000025c4c860040 DEOPT PACKING pc=0x0000025c37b5d38c sp=0x0000006e45cf4670
Event: 54.531 Thread 0x0000025c4c860040 DEOPT UNPACKING pc=0x0000025c371e69a3 sp=0x0000006e45cf4618 mode 2

Classes unloaded (0 events):
No events

Classes redefined (0 events):
No events

Internal exceptions (20 events):
Event: 36.415 Thread 0x0000025c4c860040 Exception <a 'sun/nio/fs/WindowsException'{0x000000008ce45f10}> (0x000000008ce45f10) 
thrown [s\src\hotspot\share\prims\jni.cpp, line 531]
Event: 37.108 Thread 0x0000025c4c860040 Exception <a 'java/lang/NoSuchMethodError'{0x000000008c309b78}: 'long java.lang.invoke.DirectMethodHandle$Holder.invokeStatic(java.lang.Object)'> (0x000000008c309b78) 
thrown [s\src\hotspot\share\interpreter\linkResolver.cpp, line 771]
Event: 37.109 Thread 0x0000025c4c860040 Exception <a 'java/lang/NoSuchMethodError'{0x000000008c30e9c0}: 'long java.lang.invoke.DirectMethodHandle$Holder.invokeStaticInit(java.lang.Object)'> (0x000000008c30e9c0) 
thrown [s\src\hotspot\share\interpreter\linkResolver.cpp, line 771]
Event: 37.407 Thread 0x0000025c4c860040 Exception <a 'java/lang/NoSuchMethodError'{0x000000008be699b8}: 'long java.lang.invoke.Invokers$Holder.invoke_MT(java.lang.Object, java.lang.Object, java.lang.Object, java.lang.Object)'> (0x000000008be699b8) 
thrown [s\src\hotspot\share\interpreter\linkResolver.cpp, line 771]
Event: 37.410 Thread 0x0000025c4c860040 Exception <a 'java/lang/NoSuchMethodError'{0x000000008be73008}: 'int java.lang.invoke.Invokers$Holder.invoke_MT(java.lang.Object, java.lang.Object, java.lang.Object, java.lang.Object)'> (0x000000008be73008) 
thrown [s\src\hotspot\share\interpreter\linkResolver.cpp, line 771]
Event: 37.415 Thread 0x0000025c4c860040 Exception <a 'java/lang/NoSuchMethodError'{0x000000008be84130}: 'void java.lang.invoke.DelegatingMethodHandle$Holder.reinvoke_L(java.lang.Object, java.lang.Object, java.lang.Object, long, java.lang.Object)'> (0x000000008be84130) 
thrown [s\src\hotspot\share\interpreter\linkResolver.cpp, line 771]
Event: 37.417 Thread 0x0000025c4c860040 Exception <a 'java/lang/NoSuchMethodError'{0x000000008be8cd08}: 'java.lang.Object java.lang.invoke.DirectMethodHandle$Holder.invokeSpecial(java.lang.Object, java.lang.Object, java.lang.Object, java.lang.Object, long)'> (0x000000008be8cd08) 
thrown [s\src\hotspot\share\interpreter\linkResolver.cpp, line 771]
Event: 37.420 Thread 0x0000025c4c860040 Exception <a 'java/lang/NoSuchMethodError'{0x000000008be9d6a8}: 'int java.lang.invoke.DelegatingMethodHandle$Holder.reinvoke_L(java.lang.Object, java.lang.Object, java.lang.Object, long, java.lang.Object, java.lang.Object)'> (0x000000008be9d6a8) 
thrown [s\src\hotspot\share\interpreter\linkResolver.cpp, line 771]
Event: 37.422 Thread 0x0000025c4c860040 Exception <a 'java/lang/NoSuchMethodError'{0x000000008bead990}: 'int java.lang.invoke.DelegatingMethodHandle$Holder.reinvoke_L(java.lang.Object, java.lang.Object, java.lang.Object, long, int, int)'> (0x000000008bead990) 
thrown [s\src\hotspot\share\interpreter\linkResolver.cpp, line 771]
Event: 37.424 Thread 0x0000025c4c860040 Exception <a 'java/lang/NoSuchMethodError'{0x000000008bebda20}: 'int java.lang.invoke.DelegatingMethodHandle$Holder.reinvoke_L(java.lang.Object, java.lang.Object, java.lang.Object, long, long, long)'> (0x000000008bebda20) 
thrown [s\src\hotspot\share\interpreter\linkResolver.cpp, line 771]
Event: 37.427 Thread 0x0000025c4c860040 Exception <a 'java/lang/NoSuchMethodError'{0x000000008becd790}: 'int java.lang.invoke.DelegatingMethodHandle$Holder.reinvoke_L(java.lang.Object, java.lang.Object, java.lang.Object, long, int)'> (0x000000008becd790) 
thrown [s\src\hotspot\share\interpreter\linkResolver.cpp, line 771]
Event: 39.503 Thread 0x0000025c4c860040 Exception <a 'java/lang/NoSuchMethodError'{0x00000000894c8300}: 'java.lang.Object java.lang.invoke.Invokers$Holder.invokeExact_MT(java.lang.Object, java.lang.Object, long, java.lang.Object)'> (0x00000000894c8300) 
thrown [s\src\hotspot\share\interpreter\linkResolver.cpp, line 771]
Event: 39.641 Thread 0x0000025c4c860040 Exception <a 'java/lang/NoSuchMethodError'{0x0000000089151b38}: 'java.lang.Object java.lang.invoke.Invokers$Holder.invoke_MT(java.lang.Object, java.lang.Object, java.lang.Object)'> (0x0000000089151b38) 
thrown [s\src\hotspot\share\interpreter\linkResolver.cpp, line 771]
Event: 41.258 Thread 0x0000025c4c860040 Implicit null exception at 0x0000025c37aeb711 to 0x0000025c37aed5b4
Event: 41.298 Thread 0x0000025c4c860040 Implicit null exception at 0x0000025c37af0299 to 0x0000025c37af12f8
Event: 47.119 Thread 0x0000025c4c860040 Exception <a 'java/lang/NoSuchMethodError'{0x000000008adda3a0}: 'int java.lang.invoke.DirectMethodHandle$Holder.invokeSpecial(java.lang.Object, java.lang.Object, int, int)'> (0x000000008adda3a0) 
thrown [s\src\hotspot\share\interpreter\linkResolver.cpp, line 771]
Event: 49.978 Thread 0x0000025c4c860040 Exception <a 'java/lang/NoSuchMethodError'{0x000000008c72bf28}: 'java.lang.Object java.lang.invoke.DirectMethodHandle$Holder.invokeStatic(java.lang.Object, java.lang.Object, java.lang.Object, java.lang.Object, int)'> (0x000000008c72bf28) 
thrown [s\src\hotspot\share\interpreter\linkResolver.cpp, line 771]
Event: 53.513 Thread 0x0000025c4c860040 Implicit null exception at 0x0000025c37bd495d to 0x0000025c37bd507c
Event: 53.513 Thread 0x0000025c4c860040 Implicit null exception at 0x0000025c37b9410f to 0x0000025c37b94140
Event: 54.230 Thread 0x0000025c4c860040 Exception <a 'java/lang/NoSuchMethodError'{0x000000008bcc1d40}: 'java.lang.Object java.lang.invoke.DirectMethodHandle$Holder.newInvokeSpecial(java.lang.Object, java.lang.Object, java.lang.Object, int, int, java.lang.Object, java.lang.Object)'> (0x000000008bcc1d40) 
thrown [s\src\hotspot\share\interpreter\linkResolver.cpp, line 771]

VM Operations (20 events):
Event: 53.053 Executing VM operation: HandshakeAllThreads done
Event: 53.128 Executing VM operation: G1CollectForAllocation
Event: 53.144 Executing VM operation: G1CollectForAllocation done
Event: 53.386 Executing VM operation: G1CollectForAllocation
Event: 53.407 Executing VM operation: G1CollectForAllocation done
Event: 53.704 Executing VM operation: HandshakeAllThreads
Event: 53.704 Executing VM operation: HandshakeAllThreads done
Event: 54.249 Executing VM operation: HandshakeAllThreads
Event: 54.249 Executing VM operation: HandshakeAllThreads done
Event: 54.430 Executing VM operation: HandshakeAllThreads
Event: 54.430 Executing VM operation: HandshakeAllThreads done
Event: 54.430 Executing VM operation: Cleanup
Event: 54.430 Executing VM operation: Cleanup done
Event: 54.476 Executing VM operation: HandshakeAllThreads
Event: 54.476 Executing VM operation: HandshakeAllThreads done
Event: 54.480 Executing VM operation: HandshakeAllThreads
Event: 54.480 Executing VM operation: HandshakeAllThreads done
Event: 54.724 Executing VM operation: HandshakeAllThreads
Event: 54.724 Executing VM operation: HandshakeAllThreads done
Event: 54.753 Executing VM operation: G1CollectForAllocation

Events (20 events):
Event: 42.869 Thread 0x0000025c4dda76f0 Thread exited: 0x0000025c4dda76f0
Event: 45.908 Thread 0x0000025c4f438020 Thread added: 0x0000025c4f438020
Event: 45.973 loading class java/text/StringCharacterIterator
Event: 45.974 loading class java/text/CharacterIterator
Event: 45.976 loading class java/text/CharacterIterator done
Event: 45.976 loading class java/text/StringCharacterIterator done
Event: 46.078 loading class java/io/NotSerializableException
Event: 46.079 loading class java/io/NotSerializableException done
Event: 46.602 Thread 0x0000025c4f438020 Thread exited: 0x0000025c4f438020
Event: 47.117 loading class java/util/function/IntUnaryOperator
Event: 47.118 loading class java/util/function/IntUnaryOperator done
Event: 47.662 loading class java/util/AbstractList$RandomAccessSubList
Event: 47.663 loading class java/util/AbstractList$SubList
Event: 47.665 loading class java/util/AbstractList$SubList done
Event: 47.665 loading class java/util/AbstractList$RandomAccessSubList done
Event: 49.919 loading class java/util/AbstractList$SubList$1
Event: 49.919 loading class java/util/AbstractList$SubList$1 done
Event: 54.740 Thread 0x0000025c466f7650 flushing nmethod 0x0000025c307bac10
Event: 54.740 Thread 0x0000025c466f7650 flushing nmethod 0x0000025c307cec10
Event: 54.741 Thread 0x0000025c466f7650 flushing nmethod 0x0000025c307ff710


Dynamic libraries:
0x00007ff6cb310000 - 0x00007ff6cb31a000 	C:\Program Files\Android\Android Studio\jbr\bin\java.exe
0x00007fffd4530000 - 0x00007fffd4728000 	C:\Windows\SYSTEM32\ntdll.dll
0x00007fffd2ca0000 - 0x00007fffd2d61000 	C:\Windows\System32\KERNEL32.DLL
0x00007fffd1be0000 - 0x00007fffd1edd000 	C:\Windows\System32\KERNELBASE.dll
0x00007fffd1ee0000 - 0x00007fffd1fe0000 	C:\Windows\System32\ucrtbase.dll
0x00007fffbc130000 - 0x00007fffbc14b000 	C:\Program Files\Android\Android Studio\jbr\bin\VCRUNTIME140.dll
0x00007fffc8f90000 - 0x00007fffc8fa7000 	C:\Program Files\Android\Android Studio\jbr\bin\jli.dll
0x00007fffd41f0000 - 0x00007fffd438d000 	C:\Windows\System32\USER32.dll
0x00007fffd1fe0000 - 0x00007fffd2002000 	C:\Windows\System32\win32u.dll
0x00007fffd2580000 - 0x00007fffd25ab000 	C:\Windows\System32\GDI32.dll
0x00007fffd2010000 - 0x00007fffd2127000 	C:\Windows\System32\gdi32full.dll
0x00007fffd2390000 - 0x00007fffd242d000 	C:\Windows\System32\msvcp_win.dll
0x00007fffc62b0000 - 0x00007fffc654a000 	C:\Windows\WinSxS\amd64_microsoft.windows.common-controls_6595b64144ccf1df_6.0.19041.4355_none_60b8b9eb71f62e16\COMCTL32.dll
0x00007fffd2d70000 - 0x00007fffd2e0e000 	C:\Windows\System32\msvcrt.dll
0x00007fffd2750000 - 0x00007fffd277f000 	C:\Windows\System32\IMM32.DLL
0x00007fffcc230000 - 0x00007fffcc23c000 	C:\Program Files\Android\Android Studio\jbr\bin\vcruntime140_1.dll
0x00007fffb19e0000 - 0x00007fffb1a6d000 	C:\Program Files\Android\Android Studio\jbr\bin\msvcp140.dll
0x00007fff919c0000 - 0x00007fff92643000 	C:\Program Files\Android\Android Studio\jbr\bin\server\jvm.dll
0x00007fffd2780000 - 0x00007fffd2830000 	C:\Windows\System32\ADVAPI32.dll
0x00007fffd2e10000 - 0x00007fffd2eb0000 	C:\Windows\System32\sechost.dll
0x00007fffd2620000 - 0x00007fffd2743000 	C:\Windows\System32\RPCRT4.dll
0x00007fffd24c0000 - 0x00007fffd24e7000 	C:\Windows\System32\bcrypt.dll
0x00007fffd1510000 - 0x00007fffd155b000 	C:\Windows\SYSTEM32\POWRPROF.dll
0x00007fffcc510000 - 0x00007fffcc519000 	C:\Windows\SYSTEM32\WSOCK32.dll
0x00007fffcc1d0000 - 0x00007fffcc1f7000 	C:\Windows\SYSTEM32\WINMM.dll
0x00007fffc1aa0000 - 0x00007fffc1aaa000 	C:\Windows\SYSTEM32\VERSION.dll
0x00007fffd4480000 - 0x00007fffd44eb000 	C:\Windows\System32\WS2_32.dll
0x00007fffd14c0000 - 0x00007fffd14d2000 	C:\Windows\SYSTEM32\UMPDC.dll
0x00007fffcfa20000 - 0x00007fffcfa32000 	C:\Windows\SYSTEM32\kernel.appcore.dll
0x00007fffcabd0000 - 0x00007fffcabda000 	C:\Program Files\Android\Android Studio\jbr\bin\jimage.dll
0x00007fffba3f0000 - 0x00007fffba5d4000 	C:\Windows\SYSTEM32\DBGHELP.DLL
0x00007fffba3b0000 - 0x00007fffba3e4000 	C:\Windows\SYSTEM32\dbgcore.DLL
0x00007fffd2430000 - 0x00007fffd24b2000 	C:\Windows\System32\bcryptPrimitives.dll
0x00007fffc8fb0000 - 0x00007fffc8fbe000 	C:\Program Files\Android\Android Studio\jbr\bin\instrument.dll
0x00007fffbc100000 - 0x00007fffbc125000 	C:\Program Files\Android\Android Studio\jbr\bin\java.dll
0x00007fffbc0e0000 - 0x00007fffbc0f8000 	C:\Program Files\Android\Android Studio\jbr\bin\zip.dll
0x00007fffd3790000 - 0x00007fffd3eff000 	C:\Windows\System32\SHELL32.dll
0x00007fffcfc20000 - 0x00007fffd03c3000 	C:\Windows\SYSTEM32\windows.storage.dll
0x00007fffd2eb0000 - 0x00007fffd3203000 	C:\Windows\System32\combase.dll
0x00007fffd14e0000 - 0x00007fffd150e000 	C:\Windows\SYSTEM32\Wldp.dll
0x00007fffd3470000 - 0x00007fffd353d000 	C:\Windows\System32\OLEAUT32.dll
0x00007fffd3210000 - 0x00007fffd32bd000 	C:\Windows\System32\SHCORE.dll
0x00007fffd3550000 - 0x00007fffd35a5000 	C:\Windows\System32\shlwapi.dll
0x00007fffd1b10000 - 0x00007fffd1b34000 	C:\Windows\SYSTEM32\profapi.dll
0x00007fffbc0c0000 - 0x00007fffbc0d9000 	C:\Program Files\Android\Android Studio\jbr\bin\net.dll
0x00007fffc9ab0000 - 0x00007fffc9bbd000 	C:\Windows\SYSTEM32\WINHTTP.dll
0x00007fffd12a0000 - 0x00007fffd130a000 	C:\Windows\system32\mswsock.dll
0x00007fffbc0a0000 - 0x00007fffbc0b6000 	C:\Program Files\Android\Android Studio\jbr\bin\nio.dll
0x00007fffca4e0000 - 0x00007fffca4f0000 	C:\Program Files\Android\Android Studio\jbr\bin\verify.dll
0x00007fffca510000 - 0x00007fffca537000 	C:\Users\Com\Downloads\gradle-8.10-bin\gradle-8.10\native\c067742578af261105cb4f569cf0c3c89f3d7b1fecec35dd04571415982c5e48\windows-amd64\native-platform.dll
0x00007fff91870000 - 0x00007fff919b4000 	C:\Users\Com\Downloads\gradle-8.10-bin\gradle-8.10\native\38dada09dfb8b06ba9b0570ebf7e218e3eb74d4ef43ca46872605cf95ebc2f47\windows-amd64\native-platform-file-events.dll
0x00007fffcc530000 - 0x00007fffcc539000 	C:\Program Files\Android\Android Studio\jbr\bin\management.dll
0x00007fffcc520000 - 0x00007fffcc52b000 	C:\Program Files\Android\Android Studio\jbr\bin\management_ext.dll
0x00007fffd25b0000 - 0x00007fffd25b8000 	C:\Windows\System32\PSAPI.DLL
0x00007fffd1880000 - 0x00007fffd1898000 	C:\Windows\SYSTEM32\CRYPTSP.dll
0x00007fffd0b80000 - 0x00007fffd0bb4000 	C:\Windows\system32\rsaenh.dll
0x00007fffd1a90000 - 0x00007fffd1abe000 	C:\Windows\SYSTEM32\USERENV.dll
0x00007fffd1430000 - 0x00007fffd143c000 	C:\Windows\SYSTEM32\CRYPTBASE.dll
0x00007fffd0f40000 - 0x00007fffd0f7b000 	C:\Windows\SYSTEM32\IPHLPAPI.DLL
0x00007fffd3f00000 - 0x00007fffd3f08000 	C:\Windows\System32\NSI.dll
0x00007fffcb7e0000 - 0x00007fffcb7f7000 	C:\Windows\SYSTEM32\dhcpcsvc6.DLL
0x00007fffcb350000 - 0x00007fffcb36d000 	C:\Windows\SYSTEM32\dhcpcsvc.DLL
0x00007fffd0f80000 - 0x00007fffd104a000 	C:\Windows\SYSTEM32\DNSAPI.dll
0x00007fffcc540000 - 0x00007fffcc549000 	C:\Program Files\Android\Android Studio\jbr\bin\extnet.dll
0x00007fffc6ad0000 - 0x00007fffc6ad7000 	C:\Windows\system32\wshunix.dll

dbghelp: loaded successfully - version: 4.0.5 - missing functions: none
symbol engine: initialized successfully - sym options: 0x614 - pdb path: .;C:\Program Files\Android\Android Studio\jbr\bin;C:\Windows\SYSTEM32;C:\Windows\WinSxS\amd64_microsoft.windows.common-controls_6595b64144ccf1df_6.0.19041.4355_none_60b8b9eb71f62e16;C:\Program Files\Android\Android Studio\jbr\bin\server;C:\Users\Com\Downloads\gradle-8.10-bin\gradle-8.10\native\c067742578af261105cb4f569cf0c3c89f3d7b1fecec35dd04571415982c5e48\windows-amd64;C:\Users\Com\Downloads\gradle-8.10-bin\gradle-8.10\native\38dada09dfb8b06ba9b0570ebf7e218e3eb74d4ef43ca46872605cf95ebc2f47\windows-amd64

VM Arguments:
jvm_args: --add-opens=java.base/java.util=ALL-UNNAMED --add-opens=java.base/java.lang=ALL-UNNAMED --add-opens=java.base/java.lang.invoke=ALL-UNNAMED --add-opens=java.prefs/java.util.prefs=ALL-UNNAMED --add-opens=java.base/java.nio.charset=ALL-UNNAMED --add-opens=java.base/java.net=ALL-UNNAMED --add-opens=java.base/java.util.concurrent.atomic=ALL-UNNAMED -Xmx2048m -Dfile.encoding=UTF-8 -Duser.country=US -Duser.language=en -Duser.variant -javaagent:C:\Users\Com\Downloads\gradle-8.10-bin\gradle-8.10\wrapper\dists\gradle-8.7-bin\bhs2wmbdwecv87pi65oeuq5iu\gradle-8.7\lib\agents\gradle-instrumentation-agent-8.7.jar 
java_command: org.gradle.launcher.daemon.bootstrap.GradleDaemon 8.7
java_class_path (initial): C:\Users\Com\Downloads\gradle-8.10-bin\gradle-8.10\wrapper\dists\gradle-8.7-bin\bhs2wmbdwecv87pi65oeuq5iu\gradle-8.7\lib\gradle-launcher-8.7.jar
Launcher Type: SUN_STANDARD

[Global flags]
     intx CICompilerCount                          = 3                                         {product} {ergonomic}
     uint ConcGCThreads                            = 1                                         {product} {ergonomic}
     uint G1ConcRefinementThreads                  = 4                                         {product} {ergonomic}
   size_t G1HeapRegionSize                         = 1048576                                   {product} {ergonomic}
    uintx GCDrainStackTargetSize                   = 64                                        {product} {ergonomic}
   size_t InitialHeapSize                          = 67108864                                  {product} {ergonomic}
   size_t MarkStackSize                            = 4194304                                   {product} {ergonomic}
   size_t MaxHeapSize                              = 2147483648                                {product} {command line}
   size_t MaxNewSize                               = 1287651328                                {product} {ergonomic}
   size_t MinHeapDeltaBytes                        = 1048576                                   {product} {ergonomic}
   size_t MinHeapSize                              = 8388608                                   {product} {ergonomic}
    uintx NonNMethodCodeHeapSize                   = 5832780                                {pd product} {ergonomic}
    uintx NonProfiledCodeHeapSize                  = 122912730                              {pd product} {ergonomic}
    uintx ProfiledCodeHeapSize                     = 122912730                              {pd product} {ergonomic}
    uintx ReservedCodeCacheSize                    = 251658240                              {pd product} {ergonomic}
     bool SegmentedCodeCache                       = true                                      {product} {ergonomic}
   size_t SoftMaxHeapSize                          = 2147483648                             {manageable} {ergonomic}
     bool UseCompressedClassPointers               = true                           {product lp64_product} {ergonomic}
     bool UseCompressedOops                        = true                           {product lp64_product} {ergonomic}
     bool UseG1GC                                  = true                                      {product} {ergonomic}
     bool UseLargePagesIndividualAllocation        = false                                  {pd product} {ergonomic}

Logging:
Log output configuration:
 #0: stdout all=warning uptime,level,tags
 #1: stderr all=off uptime,level,tags

Environment Variables:
PATH=C:\Program Files\Common Files\Oracle\Java\javapath;C:\Windows\system32;C:\Windows;C:\Windows\System32\Wbem;C:\Windows\System32\WindowsPowerShell\v1.0\;C:\Windows\System32\OpenSSH\;C:\Program Files\Git\cmd;C:\Users\Com\AppData\Local\Microsoft\WindowsApps;C:\Users\Com\AppData\Local\Programs\Microsoft VS Code\bin;C:\Program Files\JetBrains\IntelliJ IDEA 2024.1.4\bin;
USERNAME=Com
OS=Windows_NT
PROCESSOR_IDENTIFIER=Intel64 Family 6 Model 60 Stepping 3, GenuineIntel
TMP=C:\Users\Com\AppData\Local\Temp
TEMP=C:\Users\Com\AppData\Local\Temp



Periodic native trim disabled

JNI global refs:
JNI global refs: 26, weak refs: 0

JNI global refs memory usage: 843, weak refs: 841

Process memory usage:
Resident Set Size: 358876K (8% of 4105324K total physical memory with 317772K free physical memory)

OOME stack traces (most recent first):
Classloader memory used:
Loader org.gradle.internal.classloader.VisitableURLClassLoader                         : 9838K
Loader bootstrap                                                                       : 2576K
Loader org.gradle.initialization.MixInLegacyTypesClassLoader                           : 1154K
Loader org.gradle.internal.classloader.VisitableURLClassLoader                         : 116K
Loader org.gradle.internal.classloader.VisitableURLClassLoader$InstrumentingVisitableURLClassLoader: 90785B
Loader jdk.internal.reflect.DelegatingClassLoader                                      : 68193B
Loader jdk.internal.loader.ClassLoaders$PlatformClassLoader                            : 65424B
Loader jdk.internal.jrtfs.JrtFileSystemProvider$JrtFsLoader                            : 40421B
Loader jdk.internal.loader.ClassLoaders$AppClassLoader                                 : 28754B
Loader org.gradle.groovy.scripts.internal.DefaultScriptCompilationHandler$ScriptClassLoader: 15081B
Loader org.codehaus.groovy.runtime.callsite.CallSiteClassLoader                        : 5944B

Classes loaded by more than one classloader:
Class org.gradle.internal.Cast                                                        : loaded 3 times (x 69B)
Class Program                                                                         : loaded 3 times (x 70B)
Class org.gradle.api.GradleException                                                  : loaded 3 times (x 80B)
Class org.gradle.internal.classpath.ClassPath                                         : loaded 2 times (x 68B)
Class org.gradle.api.internal.classpath.DefaultModuleRegistry                         : loaded 2 times (x 84B)
Class org.gradle.internal.exceptions.NonGradleCauseExceptionsHolder                   : loaded 2 times (x 68B)
Class Settings_gradle$1$1                                                             : loaded 2 times (x 72B)
Class jdk.internal.jimage.BasicImageReader$1                                          : loaded 2 times (x 75B)
Class org.gradle.api.Action                                                           : loaded 2 times (x 68B)
Class org.jetbrains.kotlin.idea.gradleTooling.model.samWithReceiver.SamWithReceiverModel: loaded 2 times (x 68B)
Class org.jetbrains.plugins.gradle.model.ExternalProject                              : loaded 2 times (x 68B)
Class org.jetbrains.plugins.gradle.model.IntelliJSettings                             : loaded 2 times (x 68B)
Class jdk.internal.jimage.ImageBufferCache$1                                          : loaded 2 times (x 78B)
Class jdk.internal.jimage.ImageBufferCache$2                                          : loaded 2 times (x 89B)
Class org.jetbrains.kotlin.idea.gradleTooling.KotlinMPPGradleModel                    : loaded 2 times (x 68B)
Class org.gradle.api.internal.DefaultClassPathProvider                                : loaded 2 times (x 74B)
Class org.gradle.internal.installation.GradleInstallation$1                           : loaded 2 times (x 73B)
Class jdk.internal.jrtfs.SystemImage$1                                                : loaded 2 times (x 76B)
Class jdk.internal.jrtfs.SystemImage$2                                                : loaded 2 times (x 74B)
Class org.gradle.internal.exceptions.DefaultMultiCauseException                       : loaded 2 times (x 93B)
Class org.gradle.tooling.model.UnsupportedMethodException                             : loaded 2 times (x 80B)
Class org.gradle.internal.time.MonotonicClock                                         : loaded 2 times (x 75B)
Class org.gradle.internal.classloader.FilteringClassLoader                            : loaded 2 times (x 103B)
Class jdk.internal.jimage.ImageReader$Resource                                        : loaded 2 times (x 82B)
Class sync_studio_tooling469_d0bhncom8cluqbk40t4pay6y7$_run_closure1                  : loaded 2 times (x 137B)
Class jdk.internal.jrtfs.SystemImage                                                  : loaded 2 times (x 72B)
Class org.gradle.tooling.model.Model                                                  : loaded 2 times (x 68B)
Class org.gradle.internal.classpath.DefaultClassPath$ImmutableUniqueList$Builder      : loaded 2 times (x 73B)
Class org.jetbrains.kotlin.idea.gradleTooling.KotlinSourceSetContainer                : loaded 2 times (x 68B)
Class jdk.internal.jrtfs.JrtDirectoryStream$1                                         : loaded 2 times (x 81B)
Class org.gradle.internal.classloader.ClassLoaderVisitor                              : loaded 2 times (x 74B)
Class org.gradle.internal.time.DefaultCountdownTimer                                  : loaded 2 times (x 86B)
Class org.gradle.internal.service.DefaultServiceLocator                               : loaded 2 times (x 81B)
Class org.jetbrains.plugins.gradle.model.jar.JarTaskManifestConfiguration             : loaded 2 times (x 68B)
Class org.gradle.internal.service.UnknownServiceException                             : loaded 2 times (x 81B)
Class sync_studio_tooling469_d0bhncom8cluqbk40t4pay6y7                                : loaded 2 times (x 177B)
Class org.jetbrains.plugins.gradle.model.DependencyAccessorsModel                     : loaded 2 times (x 68B)
Class org.gradle.internal.classloader.DefaultClassLoaderFactory                       : loaded 2 times (x 80B)
Class jdk.internal.jimage.ImageReader$SharedImageReader                               : loaded 2 times (x 93B)
Class org.jetbrains.plugins.gradle.model.GradleExtensions                             : loaded 2 times (x 68B)
Class ijInit1_hlxn2fwbzuh880dv45wee00c                                                : loaded 2 times (x 177B)
Class jdk.internal.jimage.decompressor.ZipDecompressorFactory                         : loaded 2 times (x 72B)
Class org.jetbrains.plugins.gradle.model.VersionCatalogsModel                         : loaded 2 times (x 68B)
Class org.gradle.internal.classloader.VisitableURLClassLoader$Spec                    : loaded 2 times (x 72B)
Class org.gradle.tooling.model.ProjectModel                                           : loaded 2 times (x 68B)
Class org.jetbrains.plugins.gradle.model.MavenRepositoryModel                         : loaded 2 times (x 68B)
Class org.gradle.util.GradleVersion                                                   : loaded 2 times (x 81B)
Class org.gradle.api.internal.classpath.ModuleRegistry                                : loaded 2 times (x 68B)
Class org.jetbrains.plugins.gradle.model.RepositoriesModel                            : loaded 2 times (x 68B)
Class kotlin.jvm.internal.markers.KMappedMarker                                       : loaded 2 times (x 68B)
Class org.gradle.api.internal.ClassPathProvider                                       : loaded 2 times (x 68B)
Class org.gradle.internal.classloader.ClasspathUtil$1                                 : loaded 2 times (x 74B)
Class org.gradle.internal.classloader.ClassLoaderFactory                              : loaded 2 times (x 68B)
Class jdk.internal.jimage.ImageHeader                                                 : loaded 2 times (x 69B)
Class org.gradle.api.internal.classpath.ManifestUtil                                  : loaded 2 times (x 69B)
Class org.gradle.api.specs.Spec                                                       : loaded 2 times (x 68B)
Class org.gradle.tooling.internal.gradle.GradleBuildIdentity                          : loaded 2 times (x 68B)
Class org.gradle.internal.IoActions                                                   : loaded 2 times (x 69B)
Class jdk.internal.jimage.decompressor.StringSharingDecompressorFactory               : loaded 2 times (x 72B)
Class org.gradle.api.internal.classpath.EffectiveClassPath                            : loaded 2 times (x 88B)
Class kotlin.jvm.internal.DefaultConstructorMarker                                    : loaded 2 times (x 69B)
Class org.gradle.internal.exceptions.ResolutionProvider                               : loaded 2 times (x 68B)
Class org.jetbrains.kotlin.idea.gradleTooling.model.annotation.AnnotationBasedPluginModel: loaded 2 times (x 68B)
Class org.jetbrains.kotlin.idea.gradleTooling.model.assignment.AssignmentModel        : loaded 2 times (x 68B)
Class org.gradle.internal.installation.CurrentGradleInstallation                      : loaded 2 times (x 71B)
Class org.gradle.internal.agents.InstrumentingClassLoader                             : loaded 2 times (x 68B)
Class org.gradle.internal.installation.CurrentGradleInstallationLocator               : loaded 2 times (x 69B)
Class org.gradle.api.internal.classpath.Module                                        : loaded 2 times (x 68B)
Class org.gradle.internal.service.CachingServiceLocator                               : loaded 2 times (x 80B)
Class org.gradle.internal.time.Timer                                                  : loaded 2 times (x 68B)
Class org.jetbrains.plugins.gradle.model.tests.ExternalTestsModel                     : loaded 2 times (x 68B)
Class org.jetbrains.kotlin.idea.gradleTooling.KotlinDslScriptAdditionalTask           : loaded 2 times (x 68B)
Class org.gradle.internal.classpath.DefaultClassPath                                  : loaded 2 times (x 88B)
Class jdk.internal.jimage.BasicImageReader                                            : loaded 2 times (x 93B)
Class com.intellij.openapi.externalSystem.model.project.dependencies.ProjectDependencies: loaded 2 times (x 68B)
Class org.jetbrains.kotlin.idea.gradleTooling.PrepareKotlinIdeImportTaskModel         : loaded 2 times (x 68B)
Class jdk.internal.jimage.ImageLocation                                               : loaded 2 times (x 88B)
Class org.gradle.internal.impldep.com.google.common.base.Preconditions                : loaded 2 times (x 69B)
Class kotlin.jvm.functions.Function1                                                  : loaded 2 times (x 68B)
Class jdk.internal.jimage.ImageReader$Node                                            : loaded 2 times (x 82B)
Class org.gradle.internal.time.Time                                                   : loaded 2 times (x 69B)
Class jdk.internal.jimage.decompressor.CompressedResourceHeader                       : loaded 2 times (x 69B)
Class org.gradle.internal.time.TimeSource$1                                           : loaded 2 times (x 75B)
Class jdk.internal.jrtfs.JrtPath                                                      : loaded 2 times (x 116B)
Class jdk.internal.jimage.ImageStrings                                                : loaded 2 times (x 68B)
Class jdk.internal.jrtfs.JrtFileAttributes                                            : loaded 2 times (x 81B)
Class org.gradle.internal.classloader.SystemClassLoaderSpec                           : loaded 2 times (x 69B)
Class jdk.internal.jimage.decompressor.ResourceDecompressorRepository                 : loaded 2 times (x 69B)
Class kotlin.Function                                                                 : loaded 2 times (x 68B)
Class org.gradle.api.UncheckedIOException                                             : loaded 2 times (x 80B)
Class sync_studio_tooling980_ew1edwxw77r5cn83s4jyx3j8h                                : loaded 2 times (x 177B)
Class jdk.internal.jimage.decompressor.ResourceDecompressor$StringsProvider           : loaded 2 times (x 68B)
Class org.gradle.tooling.internal.gradle.DefaultProjectIdentifier                     : loaded 2 times (x 84B)
Class jdk.internal.jimage.decompressor.Decompressor                                   : loaded 2 times (x 70B)
Class jdk.internal.jrtfs.JrtFileSystem                                                : loaded 2 times (x 100B)
Class org.gradle.tooling.internal.gradle.GradleProjectIdentity                        : loaded 2 times (x 68B)
Class jdk.internal.jrtfs.JrtFileSystemProvider                                        : loaded 2 times (x 97B)
Class org.gradle.internal.time.CountdownTimer                                         : loaded 2 times (x 68B)
Class org.gradle.internal.time.Clock                                                  : loaded 2 times (x 68B)
Class org.gradle.internal.classloader.ClasspathUtil                                   : loaded 2 times (x 69B)
Class jdk.internal.jrtfs.JrtDirectoryStream                                           : loaded 2 times (x 87B)
Class org.gradle.tooling.model.BuildIdentifier                                        : loaded 2 times (x 68B)
Class jdk.internal.jimage.decompressor.ResourceDecompressor                           : loaded 2 times (x 68B)
Class org.gradle.api.internal.DefaultClassPathRegistry                                : loaded 2 times (x 74B)
Class org.gradle.api.internal.classpath.DefaultModuleRegistry$DefaultModule           : loaded 2 times (x 84B)
Class org.gradle.internal.time.TimeSource                                             : loaded 2 times (x 68B)
Class org.jetbrains.kotlin.android.synthetic.idea.AndroidExtensionsGradleModel        : loaded 2 times (x 68B)
Class org.gradle.api.internal.classpath.UnknownModuleException                        : loaded 2 times (x 80B)
Class org.jetbrains.plugins.gradle.model.IntelliJProjectSettings                      : loaded 2 times (x 68B)
Class org.gradle.internal.service.ServiceLookupException                              : loaded 2 times (x 80B)
Class jdk.internal.jimage.ImageStringsReader                                          : loaded 2 times (x 78B)
Class org.gradle.cache.GlobalCache                                                    : loaded 2 times (x 68B)
Class jdk.internal.jimage.decompressor.ResourceDecompressorFactory                    : loaded 2 times (x 72B)
Class org.jetbrains.kotlin.idea.gradleTooling.model.lombok.LombokModel                : loaded 2 times (x 68B)
Class org.gradle.tooling.model.ProjectIdentifier                                      : loaded 2 times (x 68B)
Class [Lorg.gradle.api.internal.ClassPathProvider;                                    : loaded 2 times (x 67B)
Class jdk.internal.jimage.ImageReader$SharedImageReader$LocationVisitor               : loaded 2 times (x 68B)
Class org.gradle.internal.operations.MultipleBuildOperationFailures                   : loaded 2 times (x 93B)
Class org.gradle.util.internal.GUtil                                                  : loaded 2 times (x 69B)
Class jdk.internal.jimage.decompressor.ZipDecompressor                                : loaded 2 times (x 73B)
Class org.jetbrains.plugins.gradle.model.AnnotationProcessingModel                    : loaded 2 times (x 68B)
Class org.gradle.internal.classloader.ClassLoaderSpec                                 : loaded 2 times (x 69B)
Class org.gradle.internal.classloader.VisitableURLClassLoader                         : loaded 2 times (x 115B)
Class org.gradle.internal.installation.GradleInstallation                             : loaded 2 times (x 73B)
Class org.gradle.api.internal.ClassPathRegistry                                       : loaded 2 times (x 68B)
Class org.gradle.internal.classloader.VisitableURLClassLoader$InstrumentingVisitableURLClassLoader: loaded 2 times (x 121B)
Class org.gradle.internal.classloader.ClassLoaderHierarchy                            : loaded 2 times (x 68B)
Class org.gradle.internal.exceptions.MultiCauseException                              : loaded 2 times (x 68B)
Class jdk.internal.jimage.ImageReader                                                 : loaded 2 times (x 73B)
Class org.jetbrains.kotlin.idea.gradleTooling.model.parcelize.ParcelizeGradleModel    : loaded 2 times (x 68B)
Class org.gradle.internal.InternalTransformer                                         : loaded 2 times (x 68B)
Class org.jetbrains.kotlin.idea.gradleTooling.model.noarg.NoArgModel                  : loaded 2 times (x 68B)
Class org.jetbrains.kotlin.idea.gradleTooling.KotlinGradleModel                       : loaded 2 times (x 68B)
Class org.gradle.tooling.internal.gradle.DefaultBuildIdentifier                       : loaded 2 times (x 77B)
Class org.gradle.internal.service.ServiceLocator                                      : loaded 2 times (x 68B)
Class Settings_gradle$1                                                               : loaded 2 times (x 72B)
Class org.jetbrains.kotlin.idea.gradleTooling.model.allopen.AllOpenModel              : loaded 2 times (x 68B)
Class org.gradle.internal.classpath.DefaultClassPath$ImmutableUniqueList              : loaded 2 times (x 159B)
Class jdk.internal.jimage.ImageBufferCache                                            : loaded 2 times (x 69B)
Class org.gradle.internal.time.DefaultTimer                                           : loaded 2 times (x 78B)
Class org.gradle.internal.classpath.TransformedClassPath                              : loaded 2 times (x 94B)
Class Settings_gradle                                                                 : loaded 2 times (x 126B)
Class jdk.internal.jimage.ImageReader$Directory                                       : loaded 2 times (x 82B)
Class sync_studio_tooling980_ew1edwxw77r5cn83s4jyx3j8h$_run_closure1                  : loaded 2 times (x 137B)


---------------  S Y S T E M  ---------------

OS:
 Windows 10 , 64 bit Build 19041 (10.0.19041.4842)
OS uptime: 2 days 23:51 hours
Hyper-V role detected

CPU: total 4 (initial active 4) (2 cores per cpu, 2 threads per core) family 6 model 60 stepping 3 microcode 0x27, cx8, cmov, fxsr, ht, mmx, sse, sse2, sse3, ssse3, sse4.1, sse4.2, popcnt, lzcnt, tsc, tscinvbit, avx, avx2, aes, erms, clmul, bmi1, bmi2, fma, vzeroupper, clflush, hv
Processor Information for all 4 processors :
  Max Mhz: 2601, Current Mhz: 1200, Mhz Limit: 2574

Memory: 4k page, system-wide physical 4009M (310M free)
TotalPageFile size 12686M (AvailPageFile size 117M)
current process WorkingSet (physical memory assigned to process): 350M, peak: 365M
current process commit charge ("private bytes"): 514M, peak: 905M

vm_info: OpenJDK 64-Bit Server VM (17.0.11+0--11852314) for windows-amd64 JRE (17.0.11+0--11852314), built on May 16 2024 21:29:20 by "androidbuild" with MS VC++ 16.10 / 16.11 (VS2019)

END.
