#
# There is insufficient memory for the Java Runtime Environment to continue.
# Native memory allocation (malloc) failed to allocate 706176 bytes. Error detail: Chunk::new
# Possible reasons:
#   The system is out of physical RAM or swap space
#   This process is running with CompressedOops enabled, and the Java Heap may be blocking the growth of the native heap
# Possible solutions:
#   Reduce memory load on the system
#   Increase physical memory or swap space
#   Check if swap backing store is full
#   Decrease Java heap size (-Xmx/-Xms)
#   Decrease number of Java threads
#   Decrease Java thread stack sizes (-Xss)
#   Set larger code cache with -XX:ReservedCodeCacheSize=
#   JVM is running with Unscaled Compressed Oops mode in which the Java heap is
#     placed in the first 4GB address space. The Java Heap base address is the
#     maximum limit for the native heap growth. Please use -XX:HeapBaseMinAddress
#     to set the Java Heap base and to place the Java Heap above 4GB virtual address.
# This output file may be truncated or incomplete.
#
#  Out of Memory Error (arena.cpp:191), pid=12224, tid=13128
#
# JRE version: OpenJDK Runtime Environment (17.0.11) (build 17.0.11+0--11852314)
# Java VM: OpenJDK 64-Bit Server VM (17.0.11+0--11852314, mixed mode, tiered, compressed oops, compressed class ptrs, g1 gc, windows-amd64)
# No core dump will be written. Minidumps are not enabled by default on client versions of Windows
#

---------------  S U M M A R Y ------------

Command Line: --add-opens=java.base/java.util=ALL-UNNAMED --add-opens=java.base/java.lang=ALL-UNNAMED --add-opens=java.base/java.lang.invoke=ALL-UNNAMED --add-opens=java.prefs/java.util.prefs=ALL-UNNAMED --add-opens=java.base/java.nio.charset=ALL-UNNAMED --add-opens=java.base/java.net=ALL-UNNAMED --add-opens=java.base/java.util.concurrent.atomic=ALL-UNNAMED -Xmx2048m -Dfile.encoding=UTF-8 -Duser.country=US -Duser.language=en -Duser.variant -javaagent:C:\Users\Com\Downloads\gradle-8.10-bin\gradle-8.10\wrapper\dists\gradle-8.7-bin\bhs2wmbdwecv87pi65oeuq5iu\gradle-8.7\lib\agents\gradle-instrumentation-agent-8.7.jar org.gradle.launcher.daemon.bootstrap.GradleDaemon 8.7

Host: Intel(R) Core(TM) i5-4210M CPU @ 2.60GHz, 4 cores, 3G,  Windows 10 , 64 bit Build 19041 (10.0.19041.4842)
Time: Mon Sep 23 00:30:20 2024 Pacific Daylight Time elapsed time: 45.752871 seconds (0d 0h 0m 45s)

---------------  T H R E A D  ---------------

Current thread (0x00000160e903a080):  JavaThread "C2 CompilerThread0" daemon [_thread_in_native, id=13128, stack(0x000000252c900000,0x000000252ca00000)]


Current CompileTask:
C2:  45753 7537       4       org.jetbrains.kotlin.com.intellij.openapi.vfs.impl.ArchiveHandler::processEntry (225 bytes)

Stack: [0x000000252c900000,0x000000252ca00000]
Native frames: (J=compiled Java code, j=interpreted, Vv=VM code, C=native code)
V  [jvm.dll+0x687bb9]
V  [jvm.dll+0x84142a]
V  [jvm.dll+0x8430ae]
V  [jvm.dll+0x843713]
V  [jvm.dll+0x24a35f]
V  [jvm.dll+0xac544]
V  [jvm.dll+0xacb8c]
V  [jvm.dll+0x2b194f]
V  [jvm.dll+0x58eba7]
V  [jvm.dll+0x2247e2]
V  [jvm.dll+0x21d99f]
V  [jvm.dll+0x21b201]
V  [jvm.dll+0x1a63ed]
V  [jvm.dll+0x22b1ee]
V  [jvm.dll+0x229375]
V  [jvm.dll+0x7f5647]
V  [jvm.dll+0x7efa4a]
V  [jvm.dll+0x686a35]
C  [ucrtbase.dll+0x21bb2]
C  [KERNEL32.DLL+0x17374]
C  [ntdll.dll+0x4cc91]


---------------  P R O C E S S  ---------------

Threads class SMR info:
_java_thread_list=0x00000160ec2e65a0, length=48, elements={
0x00000160cb5fe790, 0x00000160e4c07070, 0x00000160e4c07e00, 0x00000160e4c28140,
0x00000160e4c2aa20, 0x00000160e4c2b2f0, 0x00000160e4c2bbc0, 0x00000160e903a080,
0x00000160e9042a50, 0x00000160e9045760, 0x00000160e912cfc0, 0x00000160e92fe1c0,
0x00000160ea6ed9b0, 0x00000160ead29860, 0x00000160e9f38490, 0x00000160ead895a0,
0x00000160eb8b6440, 0x00000160eb341030, 0x00000160eb341cb0, 0x00000160e91b8a80,
0x00000160e91b99b0, 0x00000160e91b8f90, 0x00000160eb0c5790, 0x00000160eb0c4d70,
0x00000160eb0c1ad0, 0x00000160eb0c24f0, 0x00000160eb0c3420, 0x00000160eb0c2a00,
0x00000160eb0c3930, 0x00000160eb0c3e40, 0x00000160eb0c75f0, 0x00000160eb0c4350,
0x00000160eb0c6bd0, 0x00000160eb0c7b00, 0x00000160eb0c4860, 0x00000160eb0c70e0,
0x00000160ea7a2e00, 0x00000160ea7a3310, 0x00000160ea7a65b0, 0x00000160ea7a0580,
0x00000160ea7a4240, 0x00000160ea7a5680, 0x00000160ea79f140, 0x00000160ea7a19c0,
0x00000160ea7a0a90, 0x00000160ea7a4c60, 0x00000160ea7a23e0, 0x00000160ea7a5b90
}

Java Threads: ( => current thread )
  0x00000160cb5fe790 JavaThread "main" [_thread_blocked, id=8564, stack(0x000000252bc00000,0x000000252bd00000)]
  0x00000160e4c07070 JavaThread "Reference Handler" daemon [_thread_blocked, id=8448, stack(0x000000252c300000,0x000000252c400000)]
  0x00000160e4c07e00 JavaThread "Finalizer" daemon [_thread_blocked, id=9448, stack(0x000000252c400000,0x000000252c500000)]
  0x00000160e4c28140 JavaThread "Signal Dispatcher" daemon [_thread_blocked, id=13592, stack(0x000000252c500000,0x000000252c600000)]
  0x00000160e4c2aa20 JavaThread "Attach Listener" daemon [_thread_blocked, id=10128, stack(0x000000252c600000,0x000000252c700000)]
  0x00000160e4c2b2f0 JavaThread "Service Thread" daemon [_thread_blocked, id=10048, stack(0x000000252c700000,0x000000252c800000)]
  0x00000160e4c2bbc0 JavaThread "Monitor Deflation Thread" daemon [_thread_blocked, id=5932, stack(0x000000252c800000,0x000000252c900000)]
=>0x00000160e903a080 JavaThread "C2 CompilerThread0" daemon [_thread_in_native, id=13128, stack(0x000000252c900000,0x000000252ca00000)]
  0x00000160e9042a50 JavaThread "C1 CompilerThread0" daemon [_thread_blocked, id=8080, stack(0x000000252ca00000,0x000000252cb00000)]
  0x00000160e9045760 JavaThread "Sweeper thread" daemon [_thread_blocked, id=12428, stack(0x000000252cb00000,0x000000252cc00000)]
  0x00000160e912cfc0 JavaThread "Common-Cleaner" daemon [_thread_blocked, id=8148, stack(0x000000252cc00000,0x000000252cd00000)]
  0x00000160e92fe1c0 JavaThread "Notification Thread" daemon [_thread_blocked, id=8232, stack(0x000000252cd00000,0x000000252ce00000)]
  0x00000160ea6ed9b0 JavaThread "Daemon health stats" [_thread_blocked, id=9556, stack(0x000000252d200000,0x000000252d300000)]
  0x00000160ead29860 JavaThread "Incoming local TCP Connector on port 52600" [_thread_in_native, id=11400, stack(0x000000252d300000,0x000000252d400000)]
  0x00000160e9f38490 JavaThread "Daemon periodic checks" [_thread_blocked, id=4748, stack(0x000000252d400000,0x000000252d500000)]
  0x00000160ead895a0 JavaThread "Daemon" [_thread_blocked, id=10248, stack(0x000000252d500000,0x000000252d600000)]
  0x00000160eb8b6440 JavaThread "Handler for socket connection from /127.0.0.1:52600 to /127.0.0.1:52601" [_thread_in_native, id=5088, stack(0x000000252d600000,0x000000252d700000)]
  0x00000160eb341030 JavaThread "Cancel handler" [_thread_blocked, id=11608, stack(0x000000252d700000,0x000000252d800000)]
  0x00000160eb341cb0 JavaThread "Daemon worker" [_thread_in_Java, id=1264, stack(0x000000252d800000,0x000000252d900000)]
  0x00000160e91b8a80 JavaThread "Asynchronous log dispatcher for DefaultDaemonConnection: socket connection from /127.0.0.1:52600 to /127.0.0.1:52601" [_thread_blocked, id=12208, stack(0x000000252d900000,0x000000252da00000)]
  0x00000160e91b99b0 JavaThread "Stdin handler" [_thread_blocked, id=6708, stack(0x000000252da00000,0x000000252db00000)]
  0x00000160e91b8f90 JavaThread "Daemon client event forwarder" [_thread_blocked, id=1184, stack(0x000000252db00000,0x000000252dc00000)]
  0x00000160eb0c5790 JavaThread "Cache worker for journal cache (C:\Users\Com\Downloads\gradle-8.10-bin\gradle-8.10\caches\journal-1)" [_thread_blocked, id=14988, stack(0x000000252dc00000,0x000000252dd00000)]
  0x00000160eb0c4d70 JavaThread "File lock request listener" [_thread_in_native, id=14048, stack(0x000000252dd00000,0x000000252de00000)]
  0x00000160eb0c1ad0 JavaThread "Cache worker for file hash cache (C:\Users\Com\Downloads\gradle-8.10-bin\gradle-8.10\caches\8.7\fileHashes)" [_thread_blocked, id=14408, stack(0x000000252de00000,0x000000252df00000)]
  0x00000160eb0c24f0 JavaThread "Cache worker for file hash cache (D:\DemoApi\.gradle\8.7\fileHashes)" [_thread_blocked, id=9648, stack(0x000000252df00000,0x000000252e000000)]
  0x00000160eb0c3420 JavaThread "File watcher server" daemon [_thread_in_native, id=15176, stack(0x000000252e000000,0x000000252e100000)]
  0x00000160eb0c2a00 JavaThread "File watcher consumer" daemon [_thread_blocked, id=13288, stack(0x000000252e100000,0x000000252e200000)]
  0x00000160eb0c3930 JavaThread "jar transforms" [_thread_blocked, id=15112, stack(0x000000252e200000,0x000000252e300000)]
  0x00000160eb0c3e40 JavaThread "jar transforms Thread 2" [_thread_blocked, id=10332, stack(0x000000252e300000,0x000000252e400000)]
  0x00000160eb0c75f0 JavaThread "jar transforms Thread 3" [_thread_blocked, id=13044, stack(0x000000252e400000,0x000000252e500000)]
  0x00000160eb0c4350 JavaThread "jar transforms Thread 4" [_thread_blocked, id=7548, stack(0x000000252e500000,0x000000252e600000)]
  0x00000160eb0c6bd0 JavaThread "Cache worker for checksums cache (D:\DemoApi\.gradle\8.7\checksums)" [_thread_blocked, id=12176, stack(0x000000252e600000,0x000000252e700000)]
  0x00000160eb0c7b00 JavaThread "Cache worker for cache directory md-supplier (C:\Users\Com\Downloads\gradle-8.10-bin\gradle-8.10\caches\8.7\md-supplier)" [_thread_blocked, id=8064, stack(0x000000252e700000,0x000000252e800000)]
  0x00000160eb0c4860 JavaThread "Cache worker for cache directory md-rule (C:\Users\Com\Downloads\gradle-8.10-bin\gradle-8.10\caches\8.7\md-rule)" [_thread_blocked, id=13544, stack(0x000000252e800000,0x000000252e900000)]
  0x00000160eb0c70e0 JavaThread "Cache worker for file content cache (C:\Users\Com\Downloads\gradle-8.10-bin\gradle-8.10\caches\8.7\fileContent)" [_thread_blocked, id=3908, stack(0x000000252e900000,0x000000252ea00000)]
  0x00000160ea7a2e00 JavaThread "Unconstrained build operations" [_thread_blocked, id=13848, stack(0x000000252ea00000,0x000000252eb00000)]
  0x00000160ea7a3310 JavaThread "Unconstrained build operations Thread 2" [_thread_blocked, id=4888, stack(0x000000252eb00000,0x000000252ec00000)]
  0x00000160ea7a65b0 JavaThread "Unconstrained build operations Thread 3" [_thread_blocked, id=14688, stack(0x000000252ec00000,0x000000252ed00000)]
  0x00000160ea7a0580 JavaThread "Unconstrained build operations Thread 4" [_thread_blocked, id=12752, stack(0x000000252ed00000,0x000000252ee00000)]
  0x00000160ea7a4240 JavaThread "Unconstrained build operations Thread 5" [_thread_blocked, id=9904, stack(0x000000252ee00000,0x000000252ef00000)]
  0x00000160ea7a5680 JavaThread "Cache worker for Build Output Cleanup Cache (D:\DemoApi\.gradle\buildOutputCleanup)" [_thread_blocked, id=13764, stack(0x000000252ef00000,0x000000252f000000)]
  0x00000160ea79f140 JavaThread "Unconstrained build operations Thread 6" [_thread_blocked, id=4824, stack(0x000000252f200000,0x000000252f300000)]
  0x00000160ea7a19c0 JavaThread "Unconstrained build operations Thread 7" [_thread_blocked, id=13060, stack(0x000000252f300000,0x000000252f400000)]
  0x00000160ea7a0a90 JavaThread "Unconstrained build operations Thread 8" [_thread_blocked, id=13400, stack(0x000000252f400000,0x000000252f500000)]
  0x00000160ea7a4c60 JavaThread "Unconstrained build operations Thread 9" [_thread_blocked, id=4544, stack(0x000000252f500000,0x000000252f600000)]
  0x00000160ea7a23e0 JavaThread "Unconstrained build operations Thread 10" [_thread_blocked, id=11580, stack(0x000000252f600000,0x000000252f700000)]
  0x00000160ea7a5b90 JavaThread "Unconstrained build operations Thread 11" [_thread_blocked, id=7172, stack(0x000000252f700000,0x000000252f800000)]

Other Threads:
  0x00000160e4c02430 VMThread "VM Thread" [stack: 0x000000252c200000,0x000000252c300000] [id=12356]
  0x00000160e9273130 WatcherThread [stack: 0x000000252ce00000,0x000000252cf00000] [id=4236]
  0x00000160cb65b6e0 GCTaskThread "GC Thread#0" [stack: 0x000000252bd00000,0x000000252be00000] [id=5856]
  0x00000160e94220b0 GCTaskThread "GC Thread#1" [stack: 0x000000252d000000,0x000000252d100000] [id=9972]
  0x00000160e93fe740 GCTaskThread "GC Thread#2" [stack: 0x000000252d100000,0x000000252d200000] [id=9248]
  0x00000160e9b9e860 GCTaskThread "GC Thread#3" [stack: 0x000000252cf00000,0x000000252d000000] [id=7992]
  0x00000160cb66c540 ConcurrentGCThread "G1 Main Marker" [stack: 0x000000252be00000,0x000000252bf00000] [id=5732]
  0x00000160cb66d610 ConcurrentGCThread "G1 Conc#0" [stack: 0x000000252bf00000,0x000000252c000000] [id=10744]
  0x00000160e4a73840 ConcurrentGCThread "G1 Refine#0" [stack: 0x000000252c000000,0x000000252c100000] [id=9068]
  0x00000160cb6b82a0 ConcurrentGCThread "G1 Service" [stack: 0x000000252c100000,0x000000252c200000] [id=4852]

Threads with active compile tasks:
C2 CompilerThread0    45926 7537       4       org.jetbrains.kotlin.com.intellij.openapi.vfs.impl.ArchiveHandler::processEntry (225 bytes)

VM state: not at safepoint (normal execution)

VM Mutex/Monitor currently owned by a thread: None

Heap address: 0x0000000080000000, size: 2048 MB, Compressed Oops mode: 32-bit

CDS archive(s) not mapped
Compressed class space mapped at: 0x0000000100000000-0x0000000140000000, reserved size: 1073741824
Narrow klass base: 0x0000000000000000, Narrow klass shift: 3, Narrow klass range: 0x140000000

GC Precious Log:
 CPUs: 4 total, 4 available
 Memory: 4009M
 Large Page Support: Disabled
 NUMA Support: Disabled
 Compressed Oops: Enabled (32-bit)
 Heap Region Size: 1M
 Heap Min Capacity: 8M
 Heap Initial Capacity: 64M
 Heap Max Capacity: 2G
 Pre-touch: Disabled
 Parallel Workers: 4
 Concurrent Workers: 1
 Concurrent Refinement Workers: 4
 Periodic GC: Disabled

Heap:
 garbage-first heap   total 145408K, used 124947K [0x0000000080000000, 0x0000000100000000)
  region size 1024K, 38 young (38912K), 1 survivors (1024K)
 Metaspace       used 80178K, committed 80960K, reserved 1179648K
  class space    used 11266K, committed 11648K, reserved 1048576K

Heap Regions: E=young(eden), S=young(survivor), O=old, HS=humongous(starts), HC=humongous(continues), CS=collection set, F=free, OA=open archive, CA=closed archive, TAMS=top-at-mark-start (previous, next)
|   0|0x0000000080000000, 0x0000000080100000, 0x0000000080100000|100%|HS|  |TAMS 0x0000000080100000, 0x0000000080000000| Complete 
|   1|0x0000000080100000, 0x0000000080200000, 0x0000000080200000|100%|HC|  |TAMS 0x0000000080200000, 0x0000000080100000| Complete 
|   2|0x0000000080200000, 0x0000000080300000, 0x0000000080300000|100%|HC|  |TAMS 0x0000000080300000, 0x0000000080200000| Complete 
|   3|0x0000000080300000, 0x0000000080400000, 0x0000000080400000|100%|HC|  |TAMS 0x0000000080400000, 0x0000000080300000| Complete 
|   4|0x0000000080400000, 0x0000000080500000, 0x0000000080500000|100%| O|  |TAMS 0x0000000080500000, 0x0000000080400000| Untracked 
|   5|0x0000000080500000, 0x0000000080600000, 0x0000000080600000|100%| O|  |TAMS 0x0000000080600000, 0x0000000080500000| Untracked 
|   6|0x0000000080600000, 0x0000000080700000, 0x0000000080700000|100%| O|  |TAMS 0x0000000080700000, 0x0000000080600000| Untracked 
|   7|0x0000000080700000, 0x0000000080800000, 0x0000000080800000|100%| O|  |TAMS 0x0000000080800000, 0x0000000080700000| Untracked 
|   8|0x0000000080800000, 0x0000000080900000, 0x0000000080900000|100%| O|  |TAMS 0x0000000080900000, 0x0000000080800000| Untracked 
|   9|0x0000000080900000, 0x0000000080a00000, 0x0000000080a00000|100%| O|  |TAMS 0x0000000080a00000, 0x0000000080900000| Untracked 
|  10|0x0000000080a00000, 0x0000000080b00000, 0x0000000080b00000|100%| O|  |TAMS 0x0000000080b00000, 0x0000000080a00000| Untracked 
|  11|0x0000000080b00000, 0x0000000080c00000, 0x0000000080c00000|100%| O|  |TAMS 0x0000000080c00000, 0x0000000080b00000| Untracked 
|  12|0x0000000080c00000, 0x0000000080d00000, 0x0000000080d00000|100%| O|  |TAMS 0x0000000080d00000, 0x0000000080c00000| Untracked 
|  13|0x0000000080d00000, 0x0000000080e00000, 0x0000000080e00000|100%| O|  |TAMS 0x0000000080e00000, 0x0000000080d00000| Untracked 
|  14|0x0000000080e00000, 0x0000000080f00000, 0x0000000080f00000|100%| O|  |TAMS 0x0000000080f00000, 0x0000000080e00000| Untracked 
|  15|0x0000000080f00000, 0x0000000081000000, 0x0000000081000000|100%| O|  |TAMS 0x0000000081000000, 0x0000000080f00000| Untracked 
|  16|0x0000000081000000, 0x0000000081100000, 0x0000000081100000|100%| O|  |TAMS 0x0000000081100000, 0x0000000081000000| Untracked 
|  17|0x0000000081100000, 0x0000000081200000, 0x0000000081200000|100%| O|  |TAMS 0x0000000081200000, 0x0000000081100000| Untracked 
|  18|0x0000000081200000, 0x0000000081300000, 0x0000000081300000|100%| O|  |TAMS 0x0000000081300000, 0x0000000081200000| Untracked 
|  19|0x0000000081300000, 0x0000000081400000, 0x0000000081400000|100%|HS|  |TAMS 0x0000000081400000, 0x0000000081300000| Complete 
|  20|0x0000000081400000, 0x0000000081500000, 0x0000000081500000|100%|HC|  |TAMS 0x0000000081500000, 0x0000000081400000| Complete 
|  21|0x0000000081500000, 0x0000000081600000, 0x0000000081600000|100%|HC|  |TAMS 0x0000000081600000, 0x0000000081500000| Complete 
|  22|0x0000000081600000, 0x0000000081700000, 0x0000000081700000|100%|HC|  |TAMS 0x0000000081700000, 0x0000000081600000| Complete 
|  23|0x0000000081700000, 0x0000000081800000, 0x0000000081800000|100%|HC|  |TAMS 0x0000000081800000, 0x0000000081700000| Complete 
|  24|0x0000000081800000, 0x0000000081900000, 0x0000000081900000|100%|HS|  |TAMS 0x0000000081900000, 0x0000000081800000| Complete 
|  25|0x0000000081900000, 0x0000000081a00000, 0x0000000081a00000|100%|HC|  |TAMS 0x0000000081a00000, 0x0000000081900000| Complete 
|  26|0x0000000081a00000, 0x0000000081b00000, 0x0000000081b00000|100%|HC|  |TAMS 0x0000000081b00000, 0x0000000081a00000| Complete 
|  27|0x0000000081b00000, 0x0000000081c00000, 0x0000000081c00000|100%| O|  |TAMS 0x0000000081c00000, 0x0000000081b00000| Untracked 
|  28|0x0000000081c00000, 0x0000000081d00000, 0x0000000081d00000|100%| O|  |TAMS 0x0000000081d00000, 0x0000000081c00000| Untracked 
|  29|0x0000000081d00000, 0x0000000081e00000, 0x0000000081e00000|100%|HS|  |TAMS 0x0000000081e00000, 0x0000000081d00000| Complete 
|  30|0x0000000081e00000, 0x0000000081f00000, 0x0000000081f00000|100%|HC|  |TAMS 0x0000000081f00000, 0x0000000081e00000| Complete 
|  31|0x0000000081f00000, 0x0000000082000000, 0x0000000082000000|100%|HC|  |TAMS 0x0000000082000000, 0x0000000081f00000| Complete 
|  32|0x0000000082000000, 0x0000000082100000, 0x0000000082100000|100%| O|  |TAMS 0x0000000082100000, 0x0000000082000000| Untracked 
|  33|0x0000000082100000, 0x0000000082200000, 0x0000000082200000|100%| O|  |TAMS 0x0000000082200000, 0x0000000082100000| Untracked 
|  34|0x0000000082200000, 0x0000000082300000, 0x0000000082300000|100%| O|  |TAMS 0x0000000082300000, 0x0000000082200000| Untracked 
|  35|0x0000000082300000, 0x0000000082400000, 0x0000000082400000|100%| O|  |TAMS 0x0000000082400000, 0x0000000082300000| Untracked 
|  36|0x0000000082400000, 0x0000000082500000, 0x0000000082500000|100%|HS|  |TAMS 0x0000000082400000, 0x0000000082400000| Complete 
|  37|0x0000000082500000, 0x0000000082600000, 0x0000000082600000|100%|HS|  |TAMS 0x0000000082600000, 0x0000000082500000| Complete 
|  38|0x0000000082600000, 0x0000000082700000, 0x0000000082700000|100%| O|  |TAMS 0x0000000082700000, 0x0000000082600000| Untracked 
|  39|0x0000000082700000, 0x0000000082800000, 0x0000000082800000|100%| O|  |TAMS 0x0000000082800000, 0x0000000082700000| Untracked 
|  40|0x0000000082800000, 0x0000000082900000, 0x0000000082900000|100%| O|  |TAMS 0x0000000082900000, 0x0000000082800000| Untracked 
|  41|0x0000000082900000, 0x0000000082a00000, 0x0000000082a00000|100%| O|  |TAMS 0x0000000082a00000, 0x0000000082900000| Untracked 
|  42|0x0000000082a00000, 0x0000000082b00000, 0x0000000082b00000|100%| O|  |TAMS 0x0000000082b00000, 0x0000000082a00000| Untracked 
|  43|0x0000000082b00000, 0x0000000082c00000, 0x0000000082c00000|100%| O|  |TAMS 0x0000000082c00000, 0x0000000082b00000| Untracked 
|  44|0x0000000082c00000, 0x0000000082d00000, 0x0000000082d00000|100%| O|  |TAMS 0x0000000082d00000, 0x0000000082c00000| Untracked 
|  45|0x0000000082d00000, 0x0000000082e00000, 0x0000000082e00000|100%| O|  |TAMS 0x0000000082e00000, 0x0000000082d00000| Untracked 
|  46|0x0000000082e00000, 0x0000000082f00000, 0x0000000082f00000|100%|HS|  |TAMS 0x0000000082f00000, 0x0000000082e00000| Complete 
|  47|0x0000000082f00000, 0x0000000083000000, 0x0000000083000000|100%|HC|  |TAMS 0x0000000083000000, 0x0000000082f00000| Complete 
|  48|0x0000000083000000, 0x0000000083100000, 0x0000000083100000|100%|HC|  |TAMS 0x0000000083100000, 0x0000000083000000| Complete 
|  49|0x0000000083100000, 0x0000000083200000, 0x0000000083200000|100%| O|  |TAMS 0x0000000083200000, 0x0000000083100000| Untracked 
|  50|0x0000000083200000, 0x0000000083300000, 0x0000000083300000|100%| O|  |TAMS 0x0000000083300000, 0x0000000083200000| Untracked 
|  51|0x0000000083300000, 0x0000000083400000, 0x0000000083400000|100%| O|  |TAMS 0x0000000083400000, 0x0000000083300000| Untracked 
|  52|0x0000000083400000, 0x0000000083500000, 0x0000000083500000|100%|HS|  |TAMS 0x0000000083500000, 0x0000000083400000| Complete 
|  53|0x0000000083500000, 0x0000000083600000, 0x0000000083600000|100%|HC|  |TAMS 0x0000000083600000, 0x0000000083500000| Complete 
|  54|0x0000000083600000, 0x0000000083700000, 0x0000000083700000|100%|HC|  |TAMS 0x0000000083700000, 0x0000000083600000| Complete 
|  55|0x0000000083700000, 0x0000000083800000, 0x0000000083800000|100%|HC|  |TAMS 0x0000000083800000, 0x0000000083700000| Complete 
|  56|0x0000000083800000, 0x0000000083900000, 0x0000000083900000|100%|HC|  |TAMS 0x0000000083900000, 0x0000000083800000| Complete 
|  57|0x0000000083900000, 0x0000000083a00000, 0x0000000083a00000|100%|HS|  |TAMS 0x0000000083a00000, 0x0000000083900000| Complete 
|  58|0x0000000083a00000, 0x0000000083b00000, 0x0000000083b00000|100%|HC|  |TAMS 0x0000000083b00000, 0x0000000083a00000| Complete 
|  59|0x0000000083b00000, 0x0000000083c00000, 0x0000000083c00000|100%|HC|  |TAMS 0x0000000083c00000, 0x0000000083b00000| Complete 
|  60|0x0000000083c00000, 0x0000000083d00000, 0x0000000083d00000|100%|HC|  |TAMS 0x0000000083d00000, 0x0000000083c00000| Complete 
|  61|0x0000000083d00000, 0x0000000083e00000, 0x0000000083e00000|100%|HC|  |TAMS 0x0000000083e00000, 0x0000000083d00000| Complete 
|  62|0x0000000083e00000, 0x0000000083f00000, 0x0000000083f00000|100%| O|  |TAMS 0x0000000083f00000, 0x0000000083e00000| Untracked 
|  63|0x0000000083f00000, 0x0000000084000000, 0x0000000084000000|100%| O|  |TAMS 0x0000000084000000, 0x0000000083f00000| Untracked 
|  64|0x0000000084000000, 0x0000000084100000, 0x0000000084100000|100%| O|  |TAMS 0x000000008408d400, 0x0000000084000000| Untracked 
|  65|0x0000000084100000, 0x0000000084200000, 0x0000000084200000|100%| O|  |TAMS 0x0000000084200000, 0x0000000084100000| Untracked 
|  66|0x0000000084200000, 0x0000000084300000, 0x0000000084300000|100%| O|  |TAMS 0x0000000084300000, 0x0000000084200000| Untracked 
|  67|0x0000000084300000, 0x0000000084400000, 0x0000000084400000|100%| O|  |TAMS 0x0000000084400000, 0x0000000084300000| Untracked 
|  68|0x0000000084400000, 0x0000000084500000, 0x0000000084500000|100%| O|  |TAMS 0x0000000084500000, 0x0000000084400000| Untracked 
|  69|0x0000000084500000, 0x0000000084600000, 0x0000000084600000|100%| O|  |TAMS 0x0000000084600000, 0x0000000084500000| Untracked 
|  70|0x0000000084600000, 0x0000000084700000, 0x0000000084700000|100%| O|  |TAMS 0x0000000084700000, 0x0000000084600000| Untracked 
|  71|0x0000000084700000, 0x0000000084800000, 0x0000000084800000|100%| O|  |TAMS 0x0000000084800000, 0x0000000084700000| Untracked 
|  72|0x0000000084800000, 0x0000000084900000, 0x0000000084900000|100%| O|  |TAMS 0x0000000084900000, 0x0000000084800000| Untracked 
|  73|0x0000000084900000, 0x0000000084a00000, 0x0000000084a00000|100%| O|  |TAMS 0x0000000084a00000, 0x0000000084900000| Untracked 
|  74|0x0000000084a00000, 0x0000000084b00000, 0x0000000084b00000|100%| O|  |TAMS 0x0000000084b00000, 0x0000000084a00000| Untracked 
|  75|0x0000000084b00000, 0x0000000084c00000, 0x0000000084c00000|100%| O|  |TAMS 0x0000000084b00000, 0x0000000084b00000| Untracked 
|  76|0x0000000084c00000, 0x0000000084d00000, 0x0000000084d00000|100%| O|  |TAMS 0x0000000084c00000, 0x0000000084c00000| Untracked 
|  77|0x0000000084d00000, 0x0000000084e00000, 0x0000000084e00000|100%| O|  |TAMS 0x0000000084d00000, 0x0000000084d00000| Untracked 
|  78|0x0000000084e00000, 0x0000000084e26600, 0x0000000084f00000| 14%| O|  |TAMS 0x0000000084e00000, 0x0000000084e00000| Untracked 
|  79|0x0000000084f00000, 0x0000000085000000, 0x0000000085000000|100%|HS|  |TAMS 0x0000000084f00000, 0x0000000084f00000| Complete 
|  80|0x0000000085000000, 0x0000000085100000, 0x0000000085100000|100%|HC|  |TAMS 0x0000000085000000, 0x0000000085000000| Complete 
|  81|0x0000000085100000, 0x0000000085200000, 0x0000000085200000|100%|HC|  |TAMS 0x0000000085100000, 0x0000000085100000| Complete 
|  82|0x0000000085200000, 0x0000000085300000, 0x0000000085300000|100%|HC|  |TAMS 0x0000000085200000, 0x0000000085200000| Complete 
|  83|0x0000000085300000, 0x0000000085400000, 0x0000000085400000|100%|HC|  |TAMS 0x0000000085300000, 0x0000000085300000| Complete 
|  84|0x0000000085400000, 0x0000000085500000, 0x0000000085500000|100%|HC|  |TAMS 0x0000000085400000, 0x0000000085400000| Complete 
|  85|0x0000000085500000, 0x0000000085500000, 0x0000000085600000|  0%| F|  |TAMS 0x0000000085500000, 0x0000000085500000| Untracked 
|  86|0x0000000085600000, 0x0000000085600000, 0x0000000085700000|  0%| F|  |TAMS 0x0000000085600000, 0x0000000085600000| Untracked 
|  87|0x0000000085700000, 0x0000000085700000, 0x0000000085800000|  0%| F|  |TAMS 0x0000000085700000, 0x0000000085700000| Untracked 
|  88|0x0000000085800000, 0x0000000085800000, 0x0000000085900000|  0%| F|  |TAMS 0x0000000085800000, 0x0000000085800000| Untracked 
|  89|0x0000000085900000, 0x0000000085900000, 0x0000000085a00000|  0%| F|  |TAMS 0x0000000085900000, 0x0000000085900000| Untracked 
|  90|0x0000000085a00000, 0x0000000085a00000, 0x0000000085b00000|  0%| F|  |TAMS 0x0000000085a00000, 0x0000000085a00000| Untracked 
|  91|0x0000000085b00000, 0x0000000085b00000, 0x0000000085c00000|  0%| F|  |TAMS 0x0000000085b00000, 0x0000000085b00000| Untracked 
|  92|0x0000000085c00000, 0x0000000085c00000, 0x0000000085d00000|  0%| F|  |TAMS 0x0000000085c00000, 0x0000000085c00000| Untracked 
|  93|0x0000000085d00000, 0x0000000085d00000, 0x0000000085e00000|  0%| F|  |TAMS 0x0000000085d00000, 0x0000000085d00000| Untracked 
|  94|0x0000000085e00000, 0x0000000085e00000, 0x0000000085f00000|  0%| F|  |TAMS 0x0000000085e00000, 0x0000000085e00000| Untracked 
|  95|0x0000000085f00000, 0x0000000085f00000, 0x0000000086000000|  0%| F|  |TAMS 0x0000000085f00000, 0x0000000085f00000| Untracked 
|  96|0x0000000086000000, 0x0000000086000000, 0x0000000086100000|  0%| F|  |TAMS 0x0000000086000000, 0x0000000086000000| Untracked 
|  97|0x0000000086100000, 0x0000000086100000, 0x0000000086200000|  0%| F|  |TAMS 0x0000000086100000, 0x0000000086100000| Untracked 
|  98|0x0000000086200000, 0x0000000086200000, 0x0000000086300000|  0%| F|  |TAMS 0x0000000086200000, 0x0000000086200000| Untracked 
|  99|0x0000000086300000, 0x0000000086300000, 0x0000000086400000|  0%| F|  |TAMS 0x0000000086300000, 0x0000000086300000| Untracked 
| 100|0x0000000086400000, 0x0000000086400000, 0x0000000086500000|  0%| F|  |TAMS 0x0000000086400000, 0x0000000086400000| Untracked 
| 101|0x0000000086500000, 0x0000000086500000, 0x0000000086600000|  0%| F|  |TAMS 0x0000000086500000, 0x0000000086500000| Untracked 
| 102|0x0000000086600000, 0x0000000086680800, 0x0000000086700000| 50%| E|  |TAMS 0x0000000086600000, 0x0000000086600000| Complete 
| 103|0x0000000086700000, 0x0000000086800000, 0x0000000086800000|100%| E|CS|TAMS 0x0000000086700000, 0x0000000086700000| Complete 
| 104|0x0000000086800000, 0x0000000086900000, 0x0000000086900000|100%| E|CS|TAMS 0x0000000086800000, 0x0000000086800000| Complete 
| 105|0x0000000086900000, 0x0000000086a00000, 0x0000000086a00000|100%| E|CS|TAMS 0x0000000086900000, 0x0000000086900000| Complete 
| 106|0x0000000086a00000, 0x0000000086b00000, 0x0000000086b00000|100%| E|CS|TAMS 0x0000000086a00000, 0x0000000086a00000| Complete 
| 107|0x0000000086b00000, 0x0000000086c00000, 0x0000000086c00000|100%| E|CS|TAMS 0x0000000086b00000, 0x0000000086b00000| Complete 
| 108|0x0000000086c00000, 0x0000000086d00000, 0x0000000086d00000|100%| E|CS|TAMS 0x0000000086c00000, 0x0000000086c00000| Complete 
| 109|0x0000000086d00000, 0x0000000086e00000, 0x0000000086e00000|100%| E|CS|TAMS 0x0000000086d00000, 0x0000000086d00000| Complete 
| 110|0x0000000086e00000, 0x0000000086f00000, 0x0000000086f00000|100%| E|CS|TAMS 0x0000000086e00000, 0x0000000086e00000| Complete 
| 111|0x0000000086f00000, 0x0000000087000000, 0x0000000087000000|100%| E|CS|TAMS 0x0000000086f00000, 0x0000000086f00000| Complete 
| 112|0x0000000087000000, 0x0000000087100000, 0x0000000087100000|100%| E|CS|TAMS 0x0000000087000000, 0x0000000087000000| Complete 
| 113|0x0000000087100000, 0x0000000087200000, 0x0000000087200000|100%| E|CS|TAMS 0x0000000087100000, 0x0000000087100000| Complete 
| 114|0x0000000087200000, 0x0000000087300000, 0x0000000087300000|100%| E|CS|TAMS 0x0000000087200000, 0x0000000087200000| Complete 
| 115|0x0000000087300000, 0x0000000087400000, 0x0000000087400000|100%| E|CS|TAMS 0x0000000087300000, 0x0000000087300000| Complete 
| 116|0x0000000087400000, 0x0000000087500000, 0x0000000087500000|100%| E|CS|TAMS 0x0000000087400000, 0x0000000087400000| Complete 
| 117|0x0000000087500000, 0x0000000087600000, 0x0000000087600000|100%| E|CS|TAMS 0x0000000087500000, 0x0000000087500000| Complete 
| 118|0x0000000087600000, 0x0000000087700000, 0x0000000087700000|100%| E|CS|TAMS 0x0000000087600000, 0x0000000087600000| Complete 
| 119|0x0000000087700000, 0x0000000087800000, 0x0000000087800000|100%| E|CS|TAMS 0x0000000087700000, 0x0000000087700000| Complete 
| 120|0x0000000087800000, 0x0000000087900000, 0x0000000087900000|100%| E|CS|TAMS 0x0000000087800000, 0x0000000087800000| Complete 
| 121|0x0000000087900000, 0x0000000087a00000, 0x0000000087a00000|100%| E|CS|TAMS 0x0000000087900000, 0x0000000087900000| Complete 
| 122|0x0000000087a00000, 0x0000000087b00000, 0x0000000087b00000|100%| E|CS|TAMS 0x0000000087a00000, 0x0000000087a00000| Complete 
| 123|0x0000000087b00000, 0x0000000087c00000, 0x0000000087c00000|100%| E|CS|TAMS 0x0000000087b00000, 0x0000000087b00000| Complete 
| 124|0x0000000087c00000, 0x0000000087d00000, 0x0000000087d00000|100%| E|CS|TAMS 0x0000000087c00000, 0x0000000087c00000| Complete 
| 125|0x0000000087d00000, 0x0000000087e00000, 0x0000000087e00000|100%| E|CS|TAMS 0x0000000087d00000, 0x0000000087d00000| Complete 
| 126|0x0000000087e00000, 0x0000000087f00000, 0x0000000087f00000|100%| E|CS|TAMS 0x0000000087e00000, 0x0000000087e00000| Complete 
| 127|0x0000000087f00000, 0x0000000088000000, 0x0000000088000000|100%| E|CS|TAMS 0x0000000087f00000, 0x0000000087f00000| Complete 
| 128|0x0000000088000000, 0x0000000088100000, 0x0000000088100000|100%| E|CS|TAMS 0x0000000088000000, 0x0000000088000000| Complete 
| 129|0x0000000088100000, 0x0000000088200000, 0x0000000088200000|100%| E|CS|TAMS 0x0000000088100000, 0x0000000088100000| Complete 
| 130|0x0000000088200000, 0x0000000088300000, 0x0000000088300000|100%| E|CS|TAMS 0x0000000088200000, 0x0000000088200000| Complete 
| 131|0x0000000088300000, 0x0000000088400000, 0x0000000088400000|100%| E|CS|TAMS 0x0000000088300000, 0x0000000088300000| Complete 
| 132|0x0000000088400000, 0x0000000088500000, 0x0000000088500000|100%| E|CS|TAMS 0x0000000088400000, 0x0000000088400000| Complete 
| 133|0x0000000088500000, 0x0000000088600000, 0x0000000088600000|100%| E|CS|TAMS 0x0000000088500000, 0x0000000088500000| Complete 
| 134|0x0000000088600000, 0x0000000088700000, 0x0000000088700000|100%| E|CS|TAMS 0x0000000088600000, 0x0000000088600000| Complete 
| 135|0x0000000088700000, 0x00000000887de990, 0x0000000088800000| 86%| S|CS|TAMS 0x0000000088700000, 0x0000000088700000| Complete 
| 136|0x0000000088800000, 0x0000000088900000, 0x0000000088900000|100%| E|CS|TAMS 0x0000000088800000, 0x0000000088800000| Complete 
| 137|0x0000000088900000, 0x0000000088a00000, 0x0000000088a00000|100%| E|CS|TAMS 0x0000000088900000, 0x0000000088900000| Complete 
| 138|0x0000000088a00000, 0x0000000088b00000, 0x0000000088b00000|100%| E|CS|TAMS 0x0000000088a00000, 0x0000000088a00000| Complete 
| 139|0x0000000088b00000, 0x0000000088c00000, 0x0000000088c00000|100%| E|CS|TAMS 0x0000000088b00000, 0x0000000088b00000| Complete 
| 140|0x0000000088c00000, 0x0000000088d00000, 0x0000000088d00000|100%| E|CS|TAMS 0x0000000088c00000, 0x0000000088c00000| Complete 
|2047|0x00000000fff00000, 0x0000000100000000, 0x0000000100000000|100%| O|  |TAMS 0x0000000100000000, 0x00000000fff00000| Untracked 

Card table byte_map: [0x00000160ddee0000,0x00000160de2e0000] _byte_map_base: 0x00000160ddae0000

Marking Bits (Prev, Next): (CMBitMap*) 0x00000160cb65bc10, (CMBitMap*) 0x00000160cb65bc50
 Prev Bits: [0x00000160de6e0000, 0x00000160e06e0000)
 Next Bits: [0x00000160e06e0000, 0x00000160e26e0000)

Polling page: 0x00000160c93b0000

Metaspace:

Usage:
  Non-class:     67.30 MB used.
      Class:     11.00 MB used.
       Both:     78.30 MB used.

Virtual space:
  Non-class space:      128.00 MB reserved,      67.69 MB ( 53%) committed,  2 nodes.
      Class space:        1.00 GB reserved,      11.38 MB (  1%) committed,  1 nodes.
             Both:        1.12 GB reserved,      79.06 MB (  7%) committed. 

Chunk freelists:
   Non-Class:  12.08 MB
       Class:  4.48 MB
        Both:  16.56 MB

MaxMetaspaceSize: unlimited
CompressedClassSpaceSize: 1.00 GB
Initial GC threshold: 21.00 MB
Current GC threshold: 121.50 MB
CDS: off
MetaspaceReclaimPolicy: balanced
 - commit_granule_bytes: 65536.
 - commit_granule_words: 8192.
 - virtual_space_node_default_size: 8388608.
 - enlarge_chunks_in_place: 1.
 - new_chunks_are_fully_committed: 0.
 - uncommit_free_chunks: 1.
 - use_allocation_guard: 0.
 - handle_deallocations: 1.


Internal statistics:

num_allocs_failed_limit: 3.
num_arena_births: 850.
num_arena_deaths: 0.
num_vsnodes_births: 3.
num_vsnodes_deaths: 0.
num_space_committed: 1263.
num_space_uncommitted: 0.
num_chunks_returned_to_freelist: 3.
num_chunks_taken_from_freelist: 3678.
num_chunk_merges: 3.
num_chunk_splits: 2543.
num_chunks_enlarged: 1826.
num_inconsistent_stats: 0.

CodeHeap 'non-profiled nmethods': size=120000Kb used=3561Kb max_used=3561Kb free=116438Kb
 bounds [0x00000160d65b0000, 0x00000160d6930000, 0x00000160ddae0000]
CodeHeap 'profiled nmethods': size=120000Kb used=13145Kb max_used=13145Kb free=106854Kb
 bounds [0x00000160ceae0000, 0x00000160cf7c0000, 0x00000160d6010000]
CodeHeap 'non-nmethods': size=5760Kb used=2376Kb max_used=2405Kb free=3383Kb
 bounds [0x00000160d6010000, 0x00000160d6280000, 0x00000160d65b0000]
 total_blobs=7725 nmethods=6819 adapters=816
 compilation: enabled
              stopped_count=0, restarted_count=0
 full_count=0

Compilation events (20 events):
Event: 45.629 Thread 0x00000160e903a080 nmethod 7524 0x00000160d6926990 code [0x00000160d6926b20, 0x00000160d6926bc8]
Event: 45.629 Thread 0x00000160e903a080 7528       4       java.util.zip.ZipFile$ZipEntryIterator::nextElement (5 bytes)
Event: 45.633 Thread 0x00000160e903a080 nmethod 7528 0x00000160d6926c90 code [0x00000160d6926e20, 0x00000160d6927288]
Event: 45.633 Thread 0x00000160e903a080 7521       4       java.lang.String::indexOf (64 bytes)
Event: 45.635 Thread 0x00000160e903a080 nmethod 7521 0x00000160d6927590 code [0x00000160d6927700, 0x00000160d6927938]
Event: 45.635 Thread 0x00000160e903a080 7529   !   4       java.util.zip.ZipFile$ZipEntryIterator::next (71 bytes)
Event: 45.639 Thread 0x00000160e903a080 nmethod 7529 0x00000160d6927a10 code [0x00000160d6927ba0, 0x00000160d6928008]
Event: 45.639 Thread 0x00000160e903a080 7534       4       org.jetbrains.kotlin.com.intellij.openapi.vfs.impl.ZipEntryMap::put (80 bytes)
Event: 45.669 Thread 0x00000160e903a080 nmethod 7534 0x00000160d6928310 code [0x00000160d6928500, 0x00000160d6929070]
Event: 45.669 Thread 0x00000160e903a080 7537       4       org.jetbrains.kotlin.com.intellij.openapi.vfs.impl.ArchiveHandler::processEntry (225 bytes)
Event: 45.685 Thread 0x00000160e9042a50 7543       2       org.jetbrains.kotlin.com.intellij.openapi.vfs.impl.ZipEntryMap::isTheOne (139 bytes)
Event: 45.686 Thread 0x00000160e9042a50 nmethod 7543 0x00000160cf7a7810 code [0x00000160cf7a7a20, 0x00000160cf7a7de8]
Event: 45.687 Thread 0x00000160e9042a50 7544       2       org.jetbrains.kotlin.com.intellij.openapi.vfs.impl.ZipEntryMap::get (82 bytes)
Event: 45.687 Thread 0x00000160e9042a50 nmethod 7544 0x00000160cf7a8010 code [0x00000160cf7a8200, 0x00000160cf7a85a8]
Event: 45.688 Thread 0x00000160e9042a50 7545       2       org.jetbrains.kotlin.com.intellij.openapi.vfs.impl.ZipEntryMap::put (80 bytes)
Event: 45.689 Thread 0x00000160e9042a50 nmethod 7545 0x00000160cf7a8810 code [0x00000160cf7a8a00, 0x00000160cf7a8e68]
Event: 45.706 Thread 0x00000160e9042a50 7546 %     3       org.jetbrains.kotlin.com.intellij.openapi.vfs.impl.ZipEntryMap::isTheOne @ 27 (139 bytes)
Event: 45.706 Thread 0x00000160e9042a50 nmethod 7546% 0x00000160cf7a9110 code [0x00000160cf7a9360, 0x00000160cf7a9d68]
Event: 45.716 Thread 0x00000160e9042a50 7547       3       org.jetbrains.kotlin.com.intellij.openapi.vfs.impl.ZipEntryMap::isTheOne (139 bytes)
Event: 45.717 Thread 0x00000160e9042a50 nmethod 7547 0x00000160cf7aa010 code [0x00000160cf7aa260, 0x00000160cf7aabe8]

GC Heap History (20 events):
Event: 34.663 GC heap before
{Heap before GC invocations=36 (full 0):
 garbage-first heap   total 119808K, used 98614K [0x0000000080000000, 0x0000000100000000)
  region size 1024K, 30 young (30720K), 2 survivors (2048K)
 Metaspace       used 59185K, committed 59840K, reserved 1114112K
  class space    used 8090K, committed 8384K, reserved 1048576K
}
Event: 34.673 GC heap after
{Heap after GC invocations=37 (full 0):
 garbage-first heap   total 119808K, used 71922K [0x0000000080000000, 0x0000000100000000)
  region size 1024K, 4 young (4096K), 4 survivors (4096K)
 Metaspace       used 59185K, committed 59840K, reserved 1114112K
  class space    used 8090K, committed 8384K, reserved 1048576K
}
Event: 34.723 GC heap before
{Heap before GC invocations=37 (full 0):
 garbage-first heap   total 119808K, used 72946K [0x0000000080000000, 0x0000000100000000)
  region size 1024K, 5 young (5120K), 4 survivors (4096K)
 Metaspace       used 59283K, committed 59904K, reserved 1114112K
  class space    used 8115K, committed 8384K, reserved 1048576K
}
Event: 34.737 GC heap after
{Heap after GC invocations=38 (full 0):
 garbage-first heap   total 119808K, used 71959K [0x0000000080000000, 0x0000000100000000)
  region size 1024K, 1 young (1024K), 1 survivors (1024K)
 Metaspace       used 59283K, committed 59904K, reserved 1114112K
  class space    used 8115K, committed 8384K, reserved 1048576K
}
Event: 38.005 GC heap before
{Heap before GC invocations=38 (full 0):
 garbage-first heap   total 119808K, used 99607K [0x0000000080000000, 0x0000000100000000)
  region size 1024K, 28 young (28672K), 1 survivors (1024K)
 Metaspace       used 61674K, committed 62336K, reserved 1114112K
  class space    used 8451K, committed 8768K, reserved 1048576K
}
Event: 38.013 GC heap after
{Heap after GC invocations=39 (full 0):
 garbage-first heap   total 119808K, used 74530K [0x0000000080000000, 0x0000000100000000)
  region size 1024K, 4 young (4096K), 4 survivors (4096K)
 Metaspace       used 61674K, committed 62336K, reserved 1114112K
  class space    used 8451K, committed 8768K, reserved 1048576K
}
Event: 41.074 GC heap before
{Heap before GC invocations=40 (full 0):
 garbage-first heap   total 130048K, used 97058K [0x0000000080000000, 0x0000000100000000)
  region size 1024K, 27 young (27648K), 4 survivors (4096K)
 Metaspace       used 62112K, committed 62784K, reserved 1114112K
  class space    used 8474K, committed 8768K, reserved 1048576K
}
Event: 41.100 GC heap after
{Heap after GC invocations=41 (full 0):
 garbage-first heap   total 130048K, used 77319K [0x0000000080000000, 0x0000000100000000)
  region size 1024K, 4 young (4096K), 4 survivors (4096K)
 Metaspace       used 62112K, committed 62784K, reserved 1114112K
  class space    used 8474K, committed 8768K, reserved 1048576K
}
Event: 41.256 GC heap before
{Heap before GC invocations=41 (full 0):
 garbage-first heap   total 130048K, used 78343K [0x0000000080000000, 0x0000000100000000)
  region size 1024K, 6 young (6144K), 4 survivors (4096K)
 Metaspace       used 62125K, committed 62784K, reserved 1114112K
  class space    used 8474K, committed 8768K, reserved 1048576K
}
Event: 41.278 GC heap after
{Heap after GC invocations=42 (full 0):
 garbage-first heap   total 130048K, used 77696K [0x0000000080000000, 0x0000000100000000)
  region size 1024K, 1 young (1024K), 1 survivors (1024K)
 Metaspace       used 62125K, committed 62784K, reserved 1114112K
  class space    used 8474K, committed 8768K, reserved 1048576K
}
Event: 43.326 GC heap before
{Heap before GC invocations=42 (full 0):
 garbage-first heap   total 130048K, used 107392K [0x0000000080000000, 0x0000000100000000)
  region size 1024K, 30 young (30720K), 1 survivors (1024K)
 Metaspace       used 66158K, committed 66752K, reserved 1114112K
  class space    used 9458K, committed 9728K, reserved 1048576K
}
Event: 43.333 GC heap after
{Heap after GC invocations=43 (full 0):
 garbage-first heap   total 130048K, used 79074K [0x0000000080000000, 0x0000000100000000)
  region size 1024K, 3 young (3072K), 3 survivors (3072K)
 Metaspace       used 66158K, committed 66752K, reserved 1114112K
  class space    used 9458K, committed 9728K, reserved 1048576K
}
Event: 43.988 GC heap before
{Heap before GC invocations=43 (full 0):
 garbage-first heap   total 130048K, used 107746K [0x0000000080000000, 0x0000000100000000)
  region size 1024K, 31 young (31744K), 3 survivors (3072K)
 Metaspace       used 69468K, committed 70016K, reserved 1114112K
  class space    used 9913K, committed 10176K, reserved 1048576K
}
Event: 43.994 GC heap after
{Heap after GC invocations=44 (full 0):
 garbage-first heap   total 130048K, used 79986K [0x0000000080000000, 0x0000000100000000)
  region size 1024K, 3 young (3072K), 3 survivors (3072K)
 Metaspace       used 69468K, committed 70016K, reserved 1114112K
  class space    used 9913K, committed 10176K, reserved 1048576K
}
Event: 44.564 GC heap before
{Heap before GC invocations=44 (full 0):
 garbage-first heap   total 130048K, used 108658K [0x0000000080000000, 0x0000000100000000)
  region size 1024K, 31 young (31744K), 3 survivors (3072K)
 Metaspace       used 73206K, committed 73856K, reserved 1114112K
  class space    used 10407K, committed 10688K, reserved 1048576K
}
Event: 44.575 GC heap after
{Heap after GC invocations=45 (full 0):
 garbage-first heap   total 130048K, used 80752K [0x0000000080000000, 0x0000000100000000)
  region size 1024K, 2 young (2048K), 2 survivors (2048K)
 Metaspace       used 73206K, committed 73856K, reserved 1114112K
  class space    used 10407K, committed 10688K, reserved 1048576K
}
Event: 45.104 GC heap before
{Heap before GC invocations=46 (full 0):
 garbage-first heap   total 145408K, used 107376K [0x0000000080000000, 0x0000000100000000)
  region size 1024K, 28 young (28672K), 2 survivors (2048K)
 Metaspace       used 76925K, committed 77568K, reserved 1179648K
  class space    used 10888K, committed 11200K, reserved 1048576K
}
Event: 45.108 GC heap after
{Heap after GC invocations=47 (full 0):
 garbage-first heap   total 145408K, used 81209K [0x0000000080000000, 0x0000000100000000)
  region size 1024K, 2 young (2048K), 2 survivors (2048K)
 Metaspace       used 76925K, committed 77568K, reserved 1179648K
  class space    used 10888K, committed 11200K, reserved 1048576K
}
Event: 45.186 GC heap before
{Heap before GC invocations=47 (full 0):
 garbage-first heap   total 145408K, used 85305K [0x0000000080000000, 0x0000000100000000)
  region size 1024K, 7 young (7168K), 2 survivors (2048K)
 Metaspace       used 77649K, committed 78272K, reserved 1179648K
  class space    used 10992K, committed 11264K, reserved 1048576K
}
Event: 45.195 GC heap after
{Heap after GC invocations=48 (full 0):
 garbage-first heap   total 145408K, used 80915K [0x0000000080000000, 0x0000000100000000)
  region size 1024K, 1 young (1024K), 1 survivors (1024K)
 Metaspace       used 77649K, committed 78272K, reserved 1179648K
  class space    used 10992K, committed 11264K, reserved 1048576K
}

Dll operation events (3 events):
Event: 0.042 Loaded shared library C:\Program Files\Android\Android Studio\jbr\bin\java.dll
Event: 0.428 Loaded shared library C:\Program Files\Android\Android Studio\jbr\bin\zip.dll
Event: 1.800 Loaded shared library C:\Program Files\Android\Android Studio\jbr\bin\verify.dll

Deoptimization events (20 events):
Event: 45.450 Thread 0x00000160eb341cb0 Uncommon trap: trap_request=0xffffff45 fr.pc=0x00000160d66dc6b8 relative=0x00000000000000b8
Event: 45.451 Thread 0x00000160eb341cb0 Uncommon trap: reason=unstable_if action=reinterpret pc=0x00000160d66dc6b8 method=java.lang.ref.SoftReference.get()Ljava/lang/Object; @ 6 c2
Event: 45.451 Thread 0x00000160eb341cb0 DEOPT PACKING pc=0x00000160d66dc6b8 sp=0x000000252d8f4a90
Event: 45.451 Thread 0x00000160eb341cb0 DEOPT UNPACKING pc=0x00000160d60669a3 sp=0x000000252d8f4a48 mode 2
Event: 45.579 Thread 0x00000160eb341cb0 Uncommon trap: trap_request=0xffffff45 fr.pc=0x00000160d69213bc relative=0x000000000000027c
Event: 45.579 Thread 0x00000160eb341cb0 Uncommon trap: reason=unstable_if action=reinterpret pc=0x00000160d69213bc method=org.jetbrains.kotlin.com.intellij.util.text.CharArrayUtil.regionMatches(Ljava/lang/CharSequence;IILjava/lang/CharSequence;)Z @ 37 c2
Event: 45.579 Thread 0x00000160eb341cb0 DEOPT PACKING pc=0x00000160d69213bc sp=0x000000252d8f4790
Event: 45.579 Thread 0x00000160eb341cb0 DEOPT UNPACKING pc=0x00000160d60669a3 sp=0x000000252d8f4730 mode 2
Event: 45.685 Thread 0x00000160eb341cb0 Uncommon trap: trap_request=0xffffff45 fr.pc=0x00000160d6925cbc relative=0x000000000000089c
Event: 45.685 Thread 0x00000160eb341cb0 Uncommon trap: reason=unstable_if action=reinterpret pc=0x00000160d6925cbc method=org.jetbrains.kotlin.com.intellij.openapi.vfs.impl.ZipEntryMap.get(Ljava/lang/Object;)Lorg/jetbrains/kotlin/com/intellij/openapi/vfs/impl/ArchiveHandler$EntryInfo; @ 61 c2
Event: 45.685 Thread 0x00000160eb341cb0 DEOPT PACKING pc=0x00000160d6925cbc sp=0x000000252d8f4870
Event: 45.685 Thread 0x00000160eb341cb0 DEOPT UNPACKING pc=0x00000160d60669a3 sp=0x000000252d8f4838 mode 2
Event: 45.685 Thread 0x00000160eb341cb0 Uncommon trap: trap_request=0xffffff45 fr.pc=0x00000160d69240b4 relative=0x00000000000004d4
Event: 45.685 Thread 0x00000160eb341cb0 Uncommon trap: reason=unstable_if action=reinterpret pc=0x00000160d69240b4 method=org.jetbrains.kotlin.com.intellij.openapi.vfs.impl.ZipEntryMap.isTheOne(Lorg/jetbrains/kotlin/com/intellij/openapi/vfs/impl/ArchiveHandler$EntryInfo;Ljava/lang/CharSequence;
Event: 45.685 Thread 0x00000160eb341cb0 DEOPT PACKING pc=0x00000160d69240b4 sp=0x000000252d8f47e0
Event: 45.685 Thread 0x00000160eb341cb0 DEOPT UNPACKING pc=0x00000160d60669a3 sp=0x000000252d8f47b8 mode 2
Event: 45.685 Thread 0x00000160eb341cb0 Uncommon trap: trap_request=0xffffff45 fr.pc=0x00000160d6928e5c relative=0x000000000000095c
Event: 45.685 Thread 0x00000160eb341cb0 Uncommon trap: reason=unstable_if action=reinterpret pc=0x00000160d6928e5c method=org.jetbrains.kotlin.com.intellij.openapi.vfs.impl.ZipEntryMap.put(Ljava/lang/String;Lorg/jetbrains/kotlin/com/intellij/openapi/vfs/impl/ArchiveHandler$EntryInfo;[Lorg/jetbr
Event: 45.685 Thread 0x00000160eb341cb0 DEOPT PACKING pc=0x00000160d6928e5c sp=0x000000252d8f47d0
Event: 45.685 Thread 0x00000160eb341cb0 DEOPT UNPACKING pc=0x00000160d60669a3 sp=0x000000252d8f47c8 mode 2

Classes unloaded (0 events):
No events

Classes redefined (0 events):
No events

Internal exceptions (20 events):
Event: 36.257 Thread 0x00000160eb341cb0 Exception <a 'java/lang/NoSuchMethodError'{0x0000000086180510}: 'void java.lang.invoke.DirectMethodHandle$Holder.invokeStatic(java.lang.Object, java.lang.Object, java.lang.Object, int, java.lang.Object)'> (0x0000000086180510) 
thrown [s\src\hotspot\share\interpreter\linkResolver.cpp, line 771]
Event: 42.638 Thread 0x00000160eb341cb0 Exception <a 'java/lang/IncompatibleClassChangeError'{0x00000000873577b8}: Found class java.lang.Object, but interface was expected> (0x00000000873577b8) 
thrown [s\src\hotspot\share\interpreter\linkResolver.cpp, line 838]
Event: 42.707 Thread 0x00000160eb341cb0 Exception <a 'java/lang/NoSuchMethodError'{0x0000000087229ec0}: 'void java.lang.invoke.DirectMethodHandle$Holder.invokeVirtual(java.lang.Object, java.lang.Object)'> (0x0000000087229ec0) 
thrown [s\src\hotspot\share\interpreter\linkResolver.cpp, line 771]
Event: 42.818 Thread 0x00000160eb341cb0 Exception <a 'java/lang/NoSuchMethodError'{0x00000000870083b8}: 'java.lang.Object java.lang.invoke.DirectMethodHandle$Holder.invokeStaticInit(java.lang.Object, int)'> (0x00000000870083b8) 
thrown [s\src\hotspot\share\interpreter\linkResolver.cpp, line 771]
Event: 43.829 Thread 0x00000160eb341cb0 Implicit null exception at 0x00000160d65f73f2 to 0x00000160d65f79c8
Event: 43.959 Thread 0x00000160eb341cb0 Implicit null exception at 0x00000160d6612ff2 to 0x00000160d66135d8
Event: 44.174 Thread 0x00000160eb341cb0 Exception <a 'sun/nio/fs/WindowsException'{0x000000008747e058}> (0x000000008747e058) 
thrown [s\src\hotspot\share\prims\jni.cpp, line 531]
Event: 44.175 Thread 0x00000160eb341cb0 Exception <a 'sun/nio/fs/WindowsException'{0x000000008747fe10}> (0x000000008747fe10) 
thrown [s\src\hotspot\share\prims\jni.cpp, line 531]
Event: 44.392 Thread 0x00000160eb341cb0 Exception <a 'java/lang/NoSuchMethodError'{0x0000000086946528}: 'long java.lang.invoke.DirectMethodHandle$Holder.invokeStatic(java.lang.Object)'> (0x0000000086946528) 
thrown [s\src\hotspot\share\interpreter\linkResolver.cpp, line 771]
Event: 44.393 Thread 0x00000160eb341cb0 Exception <a 'java/lang/NoSuchMethodError'{0x000000008694b370}: 'long java.lang.invoke.DirectMethodHandle$Holder.invokeStaticInit(java.lang.Object)'> (0x000000008694b370) 
thrown [s\src\hotspot\share\interpreter\linkResolver.cpp, line 771]
Event: 44.505 Thread 0x00000160eb341cb0 Exception <a 'java/lang/NoSuchMethodError'{0x00000000864a53e0}: 'long java.lang.invoke.Invokers$Holder.invoke_MT(java.lang.Object, java.lang.Object, java.lang.Object, java.lang.Object)'> (0x00000000864a53e0) 
thrown [s\src\hotspot\share\interpreter\linkResolver.cpp, line 771]
Event: 44.507 Thread 0x00000160eb341cb0 Exception <a 'java/lang/NoSuchMethodError'{0x00000000864aea30}: 'int java.lang.invoke.Invokers$Holder.invoke_MT(java.lang.Object, java.lang.Object, java.lang.Object, java.lang.Object)'> (0x00000000864aea30) 
thrown [s\src\hotspot\share\interpreter\linkResolver.cpp, line 771]
Event: 44.511 Thread 0x00000160eb341cb0 Exception <a 'java/lang/NoSuchMethodError'{0x00000000864bf918}: 'void java.lang.invoke.DelegatingMethodHandle$Holder.reinvoke_L(java.lang.Object, java.lang.Object, java.lang.Object, long, java.lang.Object)'> (0x00000000864bf918) 
thrown [s\src\hotspot\share\interpreter\linkResolver.cpp, line 771]
Event: 44.512 Thread 0x00000160eb341cb0 Exception <a 'java/lang/NoSuchMethodError'{0x00000000864c84f0}: 'java.lang.Object java.lang.invoke.DirectMethodHandle$Holder.invokeSpecial(java.lang.Object, java.lang.Object, java.lang.Object, java.lang.Object, long)'> (0x00000000864c84f0) 
thrown [s\src\hotspot\share\interpreter\linkResolver.cpp, line 771]
Event: 44.515 Thread 0x00000160eb341cb0 Exception <a 'java/lang/NoSuchMethodError'{0x00000000864d90e0}: 'int java.lang.invoke.DelegatingMethodHandle$Holder.reinvoke_L(java.lang.Object, java.lang.Object, java.lang.Object, long, java.lang.Object, java.lang.Object)'> (0x00000000864d90e0) 
thrown [s\src\hotspot\share\interpreter\linkResolver.cpp, line 771]
Event: 44.518 Thread 0x00000160eb341cb0 Exception <a 'java/lang/NoSuchMethodError'{0x00000000864e93c8}: 'int java.lang.invoke.DelegatingMethodHandle$Holder.reinvoke_L(java.lang.Object, java.lang.Object, java.lang.Object, long, int, int)'> (0x00000000864e93c8) 
thrown [s\src\hotspot\share\interpreter\linkResolver.cpp, line 771]
Event: 44.520 Thread 0x00000160eb341cb0 Exception <a 'java/lang/NoSuchMethodError'{0x00000000864f9458}: 'int java.lang.invoke.DelegatingMethodHandle$Holder.reinvoke_L(java.lang.Object, java.lang.Object, java.lang.Object, long, long, long)'> (0x00000000864f9458) 
thrown [s\src\hotspot\share\interpreter\linkResolver.cpp, line 771]
Event: 44.522 Thread 0x00000160eb341cb0 Exception <a 'java/lang/NoSuchMethodError'{0x0000000086309650}: 'int java.lang.invoke.DelegatingMethodHandle$Holder.reinvoke_L(java.lang.Object, java.lang.Object, java.lang.Object, long, int)'> (0x0000000086309650) 
thrown [s\src\hotspot\share\interpreter\linkResolver.cpp, line 771]
Event: 45.363 Thread 0x00000160eb341cb0 Exception <a 'java/lang/NoSuchMethodError'{0x00000000882159b0}: 'java.lang.Object java.lang.invoke.Invokers$Holder.invokeExact_MT(java.lang.Object, java.lang.Object, long, java.lang.Object)'> (0x00000000882159b0) 
thrown [s\src\hotspot\share\interpreter\linkResolver.cpp, line 771]
Event: 45.420 Thread 0x00000160eb341cb0 Exception <a 'java/lang/NoSuchMethodError'{0x00000000880a0928}: 'java.lang.Object java.lang.invoke.Invokers$Holder.invoke_MT(java.lang.Object, java.lang.Object, java.lang.Object)'> (0x00000000880a0928) 
thrown [s\src\hotspot\share\interpreter\linkResolver.cpp, line 771]

VM Operations (20 events):
Event: 43.988 Executing VM operation: G1CollectForAllocation
Event: 43.996 Executing VM operation: G1CollectForAllocation done
Event: 44.162 Executing VM operation: HandshakeAllThreads
Event: 44.162 Executing VM operation: HandshakeAllThreads done
Event: 44.406 Executing VM operation: HandshakeAllThreads
Event: 44.406 Executing VM operation: HandshakeAllThreads done
Event: 44.564 Executing VM operation: G1CollectForAllocation
Event: 44.575 Executing VM operation: G1CollectForAllocation done
Event: 44.683 Executing VM operation: G1PauseRemark
Event: 44.688 Executing VM operation: G1PauseRemark done
Event: 44.745 Executing VM operation: G1PauseCleanup
Event: 44.745 Executing VM operation: G1PauseCleanup done
Event: 45.104 Executing VM operation: G1CollectForAllocation
Event: 45.109 Executing VM operation: G1CollectForAllocation done
Event: 45.186 Executing VM operation: G1CollectForAllocation
Event: 45.195 Executing VM operation: G1CollectForAllocation done
Event: 45.232 Executing VM operation: HandshakeAllThreads
Event: 45.233 Executing VM operation: HandshakeAllThreads done
Event: 45.233 Executing VM operation: HandshakeAllThreads
Event: 45.233 Executing VM operation: HandshakeAllThreads done

Events (20 events):
Event: 45.402 loading class jdk/internal/jrtfs/JrtFileSystemProvider$JrtFsLoader
Event: 45.402 loading class jdk/internal/jrtfs/JrtFileSystemProvider$JrtFsLoader done
Event: 45.409 loading class java/io/IOError
Event: 45.409 loading class java/io/IOError done
Event: 45.419 loading class java/nio/channels/FileChannel$MapMode
Event: 45.419 loading class java/nio/channels/FileChannel$MapMode done
Event: 45.419 loading class jdk/internal/misc/ExtendedMapMode
Event: 45.420 loading class jdk/internal/misc/ExtendedMapMode done
Event: 45.423 loading class sun/nio/ch/FileChannelImpl$DefaultUnmapper
Event: 45.424 loading class sun/nio/ch/FileChannelImpl$Unmapper
Event: 45.424 loading class jdk/internal/access/foreign/UnmapperProxy
Event: 45.424 loading class jdk/internal/access/foreign/UnmapperProxy done
Event: 45.424 loading class sun/nio/ch/FileChannelImpl$Unmapper done
Event: 45.424 loading class sun/nio/ch/FileChannelImpl$DefaultUnmapper done
Event: 45.425 loading class sun/nio/ch/Util$4
Event: 45.425 loading class sun/nio/ch/Util$4 done
Event: 45.425 loading class jdk/internal/access/foreign/MemorySegmentProxy
Event: 45.425 loading class jdk/internal/access/foreign/MemorySegmentProxy done
Event: 45.428 loading class java/io/UTFDataFormatException
Event: 45.428 loading class java/io/UTFDataFormatException done


Dynamic libraries:
0x00007ff6cb310000 - 0x00007ff6cb31a000 	C:\Program Files\Android\Android Studio\jbr\bin\java.exe
0x00007fffd4530000 - 0x00007fffd4728000 	C:\Windows\SYSTEM32\ntdll.dll
0x00007fffd2ca0000 - 0x00007fffd2d61000 	C:\Windows\System32\KERNEL32.DLL
0x00007fffd1be0000 - 0x00007fffd1edd000 	C:\Windows\System32\KERNELBASE.dll
0x00007fffd1ee0000 - 0x00007fffd1fe0000 	C:\Windows\System32\ucrtbase.dll
0x00007fffc8f90000 - 0x00007fffc8fa7000 	C:\Program Files\Android\Android Studio\jbr\bin\jli.dll
0x00007fffbc130000 - 0x00007fffbc14b000 	C:\Program Files\Android\Android Studio\jbr\bin\VCRUNTIME140.dll
0x00007fffd41f0000 - 0x00007fffd438d000 	C:\Windows\System32\USER32.dll
0x00007fffc62b0000 - 0x00007fffc654a000 	C:\Windows\WinSxS\amd64_microsoft.windows.common-controls_6595b64144ccf1df_6.0.19041.4355_none_60b8b9eb71f62e16\COMCTL32.dll
0x00007fffd2d70000 - 0x00007fffd2e0e000 	C:\Windows\System32\msvcrt.dll
0x00007fffd2580000 - 0x00007fffd25ab000 	C:\Windows\System32\GDI32.dll
0x00007fffd1fe0000 - 0x00007fffd2002000 	C:\Windows\System32\win32u.dll
0x00007fffd2010000 - 0x00007fffd2127000 	C:\Windows\System32\gdi32full.dll
0x00007fffd2390000 - 0x00007fffd242d000 	C:\Windows\System32\msvcp_win.dll
0x00007fffd2750000 - 0x00007fffd277f000 	C:\Windows\System32\IMM32.DLL
0x00007fffcc230000 - 0x00007fffcc23c000 	C:\Program Files\Android\Android Studio\jbr\bin\vcruntime140_1.dll
0x00007fffb19e0000 - 0x00007fffb1a6d000 	C:\Program Files\Android\Android Studio\jbr\bin\msvcp140.dll
0x00007fff919c0000 - 0x00007fff92643000 	C:\Program Files\Android\Android Studio\jbr\bin\server\jvm.dll
0x00007fffd2780000 - 0x00007fffd2830000 	C:\Windows\System32\ADVAPI32.dll
0x00007fffd2e10000 - 0x00007fffd2eb0000 	C:\Windows\System32\sechost.dll
0x00007fffd2620000 - 0x00007fffd2743000 	C:\Windows\System32\RPCRT4.dll
0x00007fffd24c0000 - 0x00007fffd24e7000 	C:\Windows\System32\bcrypt.dll
0x00007fffd1510000 - 0x00007fffd155b000 	C:\Windows\SYSTEM32\POWRPROF.dll
0x00007fffc1aa0000 - 0x00007fffc1aaa000 	C:\Windows\SYSTEM32\VERSION.dll
0x00007fffcc510000 - 0x00007fffcc519000 	C:\Windows\SYSTEM32\WSOCK32.dll
0x00007fffcc1d0000 - 0x00007fffcc1f7000 	C:\Windows\SYSTEM32\WINMM.dll
0x00007fffd4480000 - 0x00007fffd44eb000 	C:\Windows\System32\ws2_32.DLL
0x00007fffd14c0000 - 0x00007fffd14d2000 	C:\Windows\SYSTEM32\UMPDC.dll
0x00007fffcfa20000 - 0x00007fffcfa32000 	C:\Windows\SYSTEM32\kernel.appcore.dll
0x00007fffcabd0000 - 0x00007fffcabda000 	C:\Program Files\Android\Android Studio\jbr\bin\jimage.dll
0x00007fffba3f0000 - 0x00007fffba5d4000 	C:\Windows\SYSTEM32\DBGHELP.DLL
0x00007fffba3b0000 - 0x00007fffba3e4000 	C:\Windows\SYSTEM32\dbgcore.DLL
0x00007fffd2430000 - 0x00007fffd24b2000 	C:\Windows\System32\bcryptPrimitives.dll
0x00007fffc8fb0000 - 0x00007fffc8fbe000 	C:\Program Files\Android\Android Studio\jbr\bin\instrument.dll
0x00007fffbc100000 - 0x00007fffbc125000 	C:\Program Files\Android\Android Studio\jbr\bin\java.dll
0x00007fffbc0e0000 - 0x00007fffbc0f8000 	C:\Program Files\Android\Android Studio\jbr\bin\zip.dll
0x00007fffd3790000 - 0x00007fffd3eff000 	C:\Windows\System32\SHELL32.dll
0x00007fffcfc20000 - 0x00007fffd03c3000 	C:\Windows\SYSTEM32\windows.storage.dll
0x00007fffd2eb0000 - 0x00007fffd3203000 	C:\Windows\System32\combase.dll
0x00007fffd14e0000 - 0x00007fffd150e000 	C:\Windows\SYSTEM32\Wldp.dll
0x00007fffd3470000 - 0x00007fffd353d000 	C:\Windows\System32\OLEAUT32.dll
0x00007fffd3210000 - 0x00007fffd32bd000 	C:\Windows\System32\SHCORE.dll
0x00007fffd3550000 - 0x00007fffd35a5000 	C:\Windows\System32\shlwapi.dll
0x00007fffd1b10000 - 0x00007fffd1b34000 	C:\Windows\SYSTEM32\profapi.dll
0x00007fffbc0c0000 - 0x00007fffbc0d9000 	C:\Program Files\Android\Android Studio\jbr\bin\net.dll
0x00007fffc9ab0000 - 0x00007fffc9bbd000 	C:\Windows\SYSTEM32\WINHTTP.dll
0x00007fffd12a0000 - 0x00007fffd130a000 	C:\Windows\system32\mswsock.dll
0x00007fffbc0a0000 - 0x00007fffbc0b6000 	C:\Program Files\Android\Android Studio\jbr\bin\nio.dll
0x00007fffca4e0000 - 0x00007fffca4f0000 	C:\Program Files\Android\Android Studio\jbr\bin\verify.dll
0x00007fffca510000 - 0x00007fffca537000 	C:\Users\Com\Downloads\gradle-8.10-bin\gradle-8.10\native\c067742578af261105cb4f569cf0c3c89f3d7b1fecec35dd04571415982c5e48\windows-amd64\native-platform.dll
0x00007fff92790000 - 0x00007fff928d4000 	C:\Users\Com\Downloads\gradle-8.10-bin\gradle-8.10\native\38dada09dfb8b06ba9b0570ebf7e218e3eb74d4ef43ca46872605cf95ebc2f47\windows-amd64\native-platform-file-events.dll
0x00007fffcc530000 - 0x00007fffcc539000 	C:\Program Files\Android\Android Studio\jbr\bin\management.dll
0x00007fffcc520000 - 0x00007fffcc52b000 	C:\Program Files\Android\Android Studio\jbr\bin\management_ext.dll
0x00007fffd25b0000 - 0x00007fffd25b8000 	C:\Windows\System32\PSAPI.DLL
0x00007fffd1880000 - 0x00007fffd1898000 	C:\Windows\SYSTEM32\CRYPTSP.dll
0x00007fffd0b80000 - 0x00007fffd0bb4000 	C:\Windows\system32\rsaenh.dll
0x00007fffd1a90000 - 0x00007fffd1abe000 	C:\Windows\SYSTEM32\USERENV.dll
0x00007fffd1430000 - 0x00007fffd143c000 	C:\Windows\SYSTEM32\CRYPTBASE.dll
0x00007fffd0f40000 - 0x00007fffd0f7b000 	C:\Windows\SYSTEM32\IPHLPAPI.DLL
0x00007fffd3f00000 - 0x00007fffd3f08000 	C:\Windows\System32\NSI.dll
0x00007fffcb7e0000 - 0x00007fffcb7f7000 	C:\Windows\SYSTEM32\dhcpcsvc6.DLL
0x00007fffcb350000 - 0x00007fffcb36d000 	C:\Windows\SYSTEM32\dhcpcsvc.DLL
0x00007fffd0f80000 - 0x00007fffd104a000 	C:\Windows\SYSTEM32\DNSAPI.dll
0x00007fffcc540000 - 0x00007fffcc549000 	C:\Program Files\Android\Android Studio\jbr\bin\extnet.dll
0x00007fffc6ad0000 - 0x00007fffc6ad7000 	C:\Windows\system32\wshunix.dll

dbghelp: loaded successfully - version: 4.0.5 - missing functions: none
symbol engine: initialized successfully - sym options: 0x614 - pdb path: .;C:\Program Files\Android\Android Studio\jbr\bin;C:\Windows\SYSTEM32;C:\Windows\WinSxS\amd64_microsoft.windows.common-controls_6595b64144ccf1df_6.0.19041.4355_none_60b8b9eb71f62e16;C:\Program Files\Android\Android Studio\jbr\bin\server;C:\Users\Com\Downloads\gradle-8.10-bin\gradle-8.10\native\c067742578af261105cb4f569cf0c3c89f3d7b1fecec35dd04571415982c5e48\windows-amd64;C:\Users\Com\Downloads\gradle-8.10-bin\gradle-8.10\native\38dada09dfb8b06ba9b0570ebf7e218e3eb74d4ef43ca46872605cf95ebc2f47\windows-amd64

VM Arguments:
jvm_args: --add-opens=java.base/java.util=ALL-UNNAMED --add-opens=java.base/java.lang=ALL-UNNAMED --add-opens=java.base/java.lang.invoke=ALL-UNNAMED --add-opens=java.prefs/java.util.prefs=ALL-UNNAMED --add-opens=java.base/java.nio.charset=ALL-UNNAMED --add-opens=java.base/java.net=ALL-UNNAMED --add-opens=java.base/java.util.concurrent.atomic=ALL-UNNAMED -Xmx2048m -Dfile.encoding=UTF-8 -Duser.country=US -Duser.language=en -Duser.variant -javaagent:C:\Users\Com\Downloads\gradle-8.10-bin\gradle-8.10\wrapper\dists\gradle-8.7-bin\bhs2wmbdwecv87pi65oeuq5iu\gradle-8.7\lib\agents\gradle-instrumentation-agent-8.7.jar 
java_command: org.gradle.launcher.daemon.bootstrap.GradleDaemon 8.7
java_class_path (initial): C:\Users\Com\Downloads\gradle-8.10-bin\gradle-8.10\wrapper\dists\gradle-8.7-bin\bhs2wmbdwecv87pi65oeuq5iu\gradle-8.7\lib\gradle-launcher-8.7.jar
Launcher Type: SUN_STANDARD

[Global flags]
     intx CICompilerCount                          = 3                                         {product} {ergonomic}
     uint ConcGCThreads                            = 1                                         {product} {ergonomic}
     uint G1ConcRefinementThreads                  = 4                                         {product} {ergonomic}
   size_t G1HeapRegionSize                         = 1048576                                   {product} {ergonomic}
    uintx GCDrainStackTargetSize                   = 64                                        {product} {ergonomic}
   size_t InitialHeapSize                          = 67108864                                  {product} {ergonomic}
   size_t MarkStackSize                            = 4194304                                   {product} {ergonomic}
   size_t MaxHeapSize                              = 2147483648                                {product} {command line}
   size_t MaxNewSize                               = 1287651328                                {product} {ergonomic}
   size_t MinHeapDeltaBytes                        = 1048576                                   {product} {ergonomic}
   size_t MinHeapSize                              = 8388608                                   {product} {ergonomic}
    uintx NonNMethodCodeHeapSize                   = 5832780                                {pd product} {ergonomic}
    uintx NonProfiledCodeHeapSize                  = 122912730                              {pd product} {ergonomic}
    uintx ProfiledCodeHeapSize                     = 122912730                              {pd product} {ergonomic}
    uintx ReservedCodeCacheSize                    = 251658240                              {pd product} {ergonomic}
     bool SegmentedCodeCache                       = true                                      {product} {ergonomic}
   size_t SoftMaxHeapSize                          = 2147483648                             {manageable} {ergonomic}
     bool UseCompressedClassPointers               = true                           {product lp64_product} {ergonomic}
     bool UseCompressedOops                        = true                           {product lp64_product} {ergonomic}
     bool UseG1GC                                  = true                                      {product} {ergonomic}
     bool UseLargePagesIndividualAllocation        = false                                  {pd product} {ergonomic}

Logging:
Log output configuration:
 #0: stdout all=warning uptime,level,tags
 #1: stderr all=off uptime,level,tags

Environment Variables:
PATH=C:\Program Files\Common Files\Oracle\Java\javapath;C:\Windows\system32;C:\Windows;C:\Windows\System32\Wbem;C:\Windows\System32\WindowsPowerShell\v1.0\;C:\Windows\System32\OpenSSH\;C:\Program Files\Git\cmd;C:\Users\Com\AppData\Local\Microsoft\WindowsApps;C:\Users\Com\AppData\Local\Programs\Microsoft VS Code\bin;C:\Program Files\JetBrains\IntelliJ IDEA 2024.1.4\bin;
USERNAME=Com
OS=Windows_NT
PROCESSOR_IDENTIFIER=Intel64 Family 6 Model 60 Stepping 3, GenuineIntel
TMP=C:\Users\Com\AppData\Local\Temp
TEMP=C:\Users\Com\AppData\Local\Temp



Periodic native trim disabled

JNI global refs:
JNI global refs: 26, weak refs: 12

JNI global refs memory usage: 843, weak refs: 841

Process memory usage:
Resident Set Size: 238560K (5% of 4105324K total physical memory with 334328K free physical memory)

OOME stack traces (most recent first):
Classloader memory used:
Loader org.gradle.internal.classloader.VisitableURLClassLoader                         : 5998K
Loader bootstrap                                                                       : 2528K
Loader org.gradle.initialization.MixInLegacyTypesClassLoader                           : 1120K
Loader org.gradle.internal.classloader.VisitableURLClassLoader                         : 116K
Loader org.gradle.internal.classloader.VisitableURLClassLoader$InstrumentingVisitableURLClassLoader: 90459B
Loader jdk.internal.loader.ClassLoaders$PlatformClassLoader                            : 66077B
Loader jdk.internal.reflect.DelegatingClassLoader                                      : 36398B
Loader jdk.internal.loader.ClassLoaders$AppClassLoader                                 : 28765B
Loader jdk.internal.jrtfs.JrtFileSystemProvider$JrtFsLoader                            : 26777B
Loader org.gradle.groovy.scripts.internal.DefaultScriptCompilationHandler$ScriptClassLoader: 10702B
Loader org.codehaus.groovy.runtime.callsite.CallSiteClassLoader                        : 5853B

Classes loaded by more than one classloader:
Class org.gradle.internal.Cast                                                        : loaded 3 times (x 69B)
Class Program                                                                         : loaded 3 times (x 70B)
Class org.gradle.api.GradleException                                                  : loaded 3 times (x 80B)
Class org.gradle.internal.classpath.ClassPath                                         : loaded 2 times (x 68B)
Class org.gradle.api.internal.classpath.DefaultModuleRegistry                         : loaded 2 times (x 84B)
Class org.gradle.internal.exceptions.NonGradleCauseExceptionsHolder                   : loaded 2 times (x 68B)
Class Settings_gradle$1$1                                                             : loaded 2 times (x 72B)
Class jdk.internal.jimage.BasicImageReader$1                                          : loaded 2 times (x 75B)
Class org.gradle.api.Action                                                           : loaded 2 times (x 68B)
Class org.jetbrains.kotlin.idea.gradleTooling.model.samWithReceiver.SamWithReceiverModel: loaded 2 times (x 68B)
Class org.jetbrains.plugins.gradle.model.ExternalProject                              : loaded 2 times (x 68B)
Class org.jetbrains.plugins.gradle.model.IntelliJSettings                             : loaded 2 times (x 68B)
Class org.jetbrains.kotlin.idea.gradleTooling.KotlinMPPGradleModel                    : loaded 2 times (x 68B)
Class org.gradle.api.internal.DefaultClassPathProvider                                : loaded 2 times (x 74B)
Class org.gradle.internal.installation.GradleInstallation$1                           : loaded 2 times (x 73B)
Class jdk.internal.jrtfs.SystemImage$1                                                : loaded 2 times (x 76B)
Class jdk.internal.jrtfs.SystemImage$2                                                : loaded 2 times (x 74B)
Class org.gradle.internal.exceptions.DefaultMultiCauseException                       : loaded 2 times (x 93B)
Class org.gradle.tooling.model.UnsupportedMethodException                             : loaded 2 times (x 80B)
Class org.gradle.internal.time.MonotonicClock                                         : loaded 2 times (x 75B)
Class org.gradle.internal.classloader.FilteringClassLoader                            : loaded 2 times (x 103B)
Class jdk.internal.jimage.ImageReader$Resource                                        : loaded 2 times (x 82B)
Class jdk.internal.jrtfs.SystemImage                                                  : loaded 2 times (x 72B)
Class org.gradle.tooling.model.Model                                                  : loaded 2 times (x 68B)
Class org.gradle.internal.classpath.DefaultClassPath$ImmutableUniqueList$Builder      : loaded 2 times (x 73B)
Class org.jetbrains.kotlin.idea.gradleTooling.KotlinSourceSetContainer                : loaded 2 times (x 68B)
Class jdk.internal.jrtfs.JrtDirectoryStream$1                                         : loaded 2 times (x 81B)
Class org.gradle.internal.classloader.ClassLoaderVisitor                              : loaded 2 times (x 74B)
Class org.gradle.internal.time.DefaultCountdownTimer                                  : loaded 2 times (x 86B)
Class org.gradle.internal.service.DefaultServiceLocator                               : loaded 2 times (x 81B)
Class org.jetbrains.plugins.gradle.model.jar.JarTaskManifestConfiguration             : loaded 2 times (x 68B)
Class org.gradle.internal.service.UnknownServiceException                             : loaded 2 times (x 81B)
Class org.jetbrains.plugins.gradle.model.DependencyAccessorsModel                     : loaded 2 times (x 68B)
Class org.gradle.internal.classloader.DefaultClassLoaderFactory                       : loaded 2 times (x 80B)
Class jdk.internal.jimage.ImageReader$SharedImageReader                               : loaded 2 times (x 93B)
Class org.jetbrains.plugins.gradle.model.GradleExtensions                             : loaded 2 times (x 68B)
Class ijInit1_hlxn2fwbzuh880dv45wee00c                                                : loaded 2 times (x 177B)
Class org.jetbrains.plugins.gradle.model.VersionCatalogsModel                         : loaded 2 times (x 68B)
Class org.gradle.internal.classloader.VisitableURLClassLoader$Spec                    : loaded 2 times (x 72B)
Class org.gradle.tooling.model.ProjectModel                                           : loaded 2 times (x 68B)
Class org.jetbrains.plugins.gradle.model.MavenRepositoryModel                         : loaded 2 times (x 68B)
Class org.gradle.util.GradleVersion                                                   : loaded 2 times (x 81B)
Class org.gradle.api.internal.classpath.ModuleRegistry                                : loaded 2 times (x 68B)
Class org.jetbrains.plugins.gradle.model.RepositoriesModel                            : loaded 2 times (x 68B)
Class kotlin.jvm.internal.markers.KMappedMarker                                       : loaded 2 times (x 68B)
Class org.gradle.api.internal.ClassPathProvider                                       : loaded 2 times (x 68B)
Class org.gradle.internal.classloader.ClasspathUtil$1                                 : loaded 2 times (x 74B)
Class org.gradle.internal.classloader.ClassLoaderFactory                              : loaded 2 times (x 68B)
Class jdk.internal.jimage.ImageHeader                                                 : loaded 2 times (x 69B)
Class org.gradle.api.internal.classpath.ManifestUtil                                  : loaded 2 times (x 69B)
Class org.gradle.api.specs.Spec                                                       : loaded 2 times (x 68B)
Class org.gradle.tooling.internal.gradle.GradleBuildIdentity                          : loaded 2 times (x 68B)
Class org.gradle.internal.IoActions                                                   : loaded 2 times (x 69B)
Class sync_studio_tooling101_5o28ffow29nfafxhzkk15fkrh                                : loaded 2 times (x 177B)
Class org.gradle.api.internal.classpath.EffectiveClassPath                            : loaded 2 times (x 88B)
Class kotlin.jvm.internal.DefaultConstructorMarker                                    : loaded 2 times (x 69B)
Class org.gradle.internal.exceptions.ResolutionProvider                               : loaded 2 times (x 68B)
Class org.jetbrains.kotlin.idea.gradleTooling.model.annotation.AnnotationBasedPluginModel: loaded 2 times (x 68B)
Class org.jetbrains.kotlin.idea.gradleTooling.model.assignment.AssignmentModel        : loaded 2 times (x 68B)
Class org.gradle.internal.installation.CurrentGradleInstallation                      : loaded 2 times (x 71B)
Class org.gradle.internal.agents.InstrumentingClassLoader                             : loaded 2 times (x 68B)
Class org.gradle.internal.installation.CurrentGradleInstallationLocator               : loaded 2 times (x 69B)
Class org.gradle.api.internal.classpath.Module                                        : loaded 2 times (x 68B)
Class org.gradle.internal.service.CachingServiceLocator                               : loaded 2 times (x 80B)
Class org.gradle.internal.time.Timer                                                  : loaded 2 times (x 68B)
Class org.jetbrains.plugins.gradle.model.tests.ExternalTestsModel                     : loaded 2 times (x 68B)
Class org.jetbrains.kotlin.idea.gradleTooling.KotlinDslScriptAdditionalTask           : loaded 2 times (x 68B)
Class org.gradle.internal.classpath.DefaultClassPath                                  : loaded 2 times (x 88B)
Class jdk.internal.jimage.BasicImageReader                                            : loaded 2 times (x 93B)
Class com.intellij.openapi.externalSystem.model.project.dependencies.ProjectDependencies: loaded 2 times (x 68B)
Class org.jetbrains.kotlin.idea.gradleTooling.PrepareKotlinIdeImportTaskModel         : loaded 2 times (x 68B)
Class org.gradle.internal.impldep.com.google.common.base.Preconditions                : loaded 2 times (x 69B)
Class kotlin.jvm.functions.Function1                                                  : loaded 2 times (x 68B)
Class jdk.internal.jimage.ImageReader$Node                                            : loaded 2 times (x 82B)
Class org.gradle.internal.time.Time                                                   : loaded 2 times (x 69B)
Class org.gradle.internal.time.TimeSource$1                                           : loaded 2 times (x 75B)
Class jdk.internal.jrtfs.JrtPath                                                      : loaded 2 times (x 116B)
Class jdk.internal.jimage.ImageStrings                                                : loaded 2 times (x 68B)
Class org.gradle.internal.classloader.SystemClassLoaderSpec                           : loaded 2 times (x 69B)
Class kotlin.Function                                                                 : loaded 2 times (x 68B)
Class org.gradle.api.UncheckedIOException                                             : loaded 2 times (x 80B)
Class org.gradle.tooling.internal.gradle.DefaultProjectIdentifier                     : loaded 2 times (x 84B)
Class jdk.internal.jimage.decompressor.Decompressor                                   : loaded 2 times (x 70B)
Class jdk.internal.jrtfs.JrtFileSystem                                                : loaded 2 times (x 100B)
Class org.gradle.tooling.internal.gradle.GradleProjectIdentity                        : loaded 2 times (x 68B)
Class jdk.internal.jrtfs.JrtFileSystemProvider                                        : loaded 2 times (x 97B)
Class org.gradle.internal.time.CountdownTimer                                         : loaded 2 times (x 68B)
Class org.gradle.internal.time.Clock                                                  : loaded 2 times (x 68B)
Class org.gradle.internal.classloader.ClasspathUtil                                   : loaded 2 times (x 69B)
Class jdk.internal.jrtfs.JrtDirectoryStream                                           : loaded 2 times (x 87B)
Class org.gradle.tooling.model.BuildIdentifier                                        : loaded 2 times (x 68B)
Class org.gradle.api.internal.DefaultClassPathRegistry                                : loaded 2 times (x 74B)
Class org.gradle.api.internal.classpath.DefaultModuleRegistry$DefaultModule           : loaded 2 times (x 84B)
Class org.gradle.internal.time.TimeSource                                             : loaded 2 times (x 68B)
Class org.jetbrains.kotlin.android.synthetic.idea.AndroidExtensionsGradleModel        : loaded 2 times (x 68B)
Class org.gradle.api.internal.classpath.UnknownModuleException                        : loaded 2 times (x 80B)
Class org.jetbrains.plugins.gradle.model.IntelliJProjectSettings                      : loaded 2 times (x 68B)
Class org.gradle.internal.service.ServiceLookupException                              : loaded 2 times (x 80B)
Class sync_studio_tooling101_5o28ffow29nfafxhzkk15fkrh$_run_closure1                  : loaded 2 times (x 137B)
Class jdk.internal.jimage.ImageStringsReader                                          : loaded 2 times (x 78B)
Class org.gradle.cache.GlobalCache                                                    : loaded 2 times (x 68B)
Class org.jetbrains.kotlin.idea.gradleTooling.model.lombok.LombokModel                : loaded 2 times (x 68B)
Class org.gradle.tooling.model.ProjectIdentifier                                      : loaded 2 times (x 68B)
Class [Lorg.gradle.api.internal.ClassPathProvider;                                    : loaded 2 times (x 67B)
Class org.gradle.internal.operations.MultipleBuildOperationFailures                   : loaded 2 times (x 93B)
Class org.gradle.util.internal.GUtil                                                  : loaded 2 times (x 69B)
Class org.jetbrains.plugins.gradle.model.AnnotationProcessingModel                    : loaded 2 times (x 68B)
Class org.gradle.internal.classloader.ClassLoaderSpec                                 : loaded 2 times (x 69B)
Class org.gradle.internal.classloader.VisitableURLClassLoader                         : loaded 2 times (x 115B)
Class org.gradle.internal.installation.GradleInstallation                             : loaded 2 times (x 73B)
Class org.gradle.api.internal.ClassPathRegistry                                       : loaded 2 times (x 68B)
Class org.gradle.internal.classloader.VisitableURLClassLoader$InstrumentingVisitableURLClassLoader: loaded 2 times (x 121B)
Class org.gradle.internal.classloader.ClassLoaderHierarchy                            : loaded 2 times (x 68B)
Class org.gradle.internal.exceptions.MultiCauseException                              : loaded 2 times (x 68B)
Class jdk.internal.jimage.ImageReader                                                 : loaded 2 times (x 73B)
Class org.jetbrains.kotlin.idea.gradleTooling.model.parcelize.ParcelizeGradleModel    : loaded 2 times (x 68B)
Class org.gradle.internal.InternalTransformer                                         : loaded 2 times (x 68B)
Class org.jetbrains.kotlin.idea.gradleTooling.model.noarg.NoArgModel                  : loaded 2 times (x 68B)
Class org.jetbrains.kotlin.idea.gradleTooling.KotlinGradleModel                       : loaded 2 times (x 68B)
Class org.gradle.tooling.internal.gradle.DefaultBuildIdentifier                       : loaded 2 times (x 77B)
Class org.gradle.internal.service.ServiceLocator                                      : loaded 2 times (x 68B)
Class Settings_gradle$1                                                               : loaded 2 times (x 72B)
Class org.jetbrains.kotlin.idea.gradleTooling.model.allopen.AllOpenModel              : loaded 2 times (x 68B)
Class org.gradle.internal.classpath.DefaultClassPath$ImmutableUniqueList              : loaded 2 times (x 159B)
Class org.gradle.internal.time.DefaultTimer                                           : loaded 2 times (x 78B)
Class org.gradle.internal.classpath.TransformedClassPath                              : loaded 2 times (x 94B)
Class Settings_gradle                                                                 : loaded 2 times (x 126B)
Class jdk.internal.jimage.ImageReader$Directory                                       : loaded 2 times (x 82B)


---------------  S Y S T E M  ---------------

OS:
 Windows 10 , 64 bit Build 19041 (10.0.19041.4842)
OS uptime: 2 days 23:42 hours
Hyper-V role detected

CPU: total 4 (initial active 4) (2 cores per cpu, 2 threads per core) family 6 model 60 stepping 3 microcode 0x27, cx8, cmov, fxsr, ht, mmx, sse, sse2, sse3, ssse3, sse4.1, sse4.2, popcnt, lzcnt, tsc, tscinvbit, avx, avx2, aes, erms, clmul, bmi1, bmi2, fma, vzeroupper, clflush, hv
Processor Information for all 4 processors :
  Max Mhz: 2601, Current Mhz: 2600, Mhz Limit: 2574

Memory: 4k page, system-wide physical 4009M (322M free)
TotalPageFile size 12686M (AvailPageFile size 4M)
current process WorkingSet (physical memory assigned to process): 233M, peak: 233M
current process commit charge ("private bytes"): 365M, peak: 367M

vm_info: OpenJDK 64-Bit Server VM (17.0.11+0--11852314) for windows-amd64 JRE (17.0.11+0--11852314), built on May 16 2024 21:29:20 by "androidbuild" with MS VC++ 16.10 / 16.11 (VS2019)

END.
