#
# There is insufficient memory for the Java Runtime Environment to continue.
# Native memory allocation (mmap) failed to map 98566144 bytes. Error detail: G1 virtual space
# Possible reasons:
#   The system is out of physical RAM or swap space
#   This process is running with CompressedOops enabled, and the Java Heap may be blocking the growth of the native heap
# Possible solutions:
#   Reduce memory load on the system
#   Increase physical memory or swap space
#   Check if swap backing store is full
#   Decrease Java heap size (-Xmx/-Xms)
#   Decrease number of Java threads
#   Decrease Java thread stack sizes (-Xss)
#   Set larger code cache with -XX:ReservedCodeCacheSize=
#   JVM is running with Unscaled Compressed Oops mode in which the Java heap is
#     placed in the first 4GB address space. The Java Heap base address is the
#     maximum limit for the native heap growth. Please use -XX:HeapBaseMinAddress
#     to set the Java Heap base and to place the Java Heap above 4GB virtual address.
# This output file may be truncated or incomplete.
#
#  Out of Memory Error (os_windows.cpp:3825), pid=4776, tid=5332
#
# JRE version: OpenJDK Runtime Environment (17.0.11) (build 17.0.11+0--11852314)
# Java VM: OpenJDK 64-Bit Server VM (17.0.11+0--11852314, mixed mode, tiered, compressed oops, compressed class ptrs, g1 gc, windows-amd64)
# No core dump will be written. Minidumps are not enabled by default on client versions of Windows
#

---------------  S U M M A R Y ------------

Command Line: --add-opens=java.base/java.util=ALL-UNNAMED --add-opens=java.base/java.lang=ALL-UNNAMED --add-opens=java.base/java.lang.invoke=ALL-UNNAMED --add-opens=java.prefs/java.util.prefs=ALL-UNNAMED --add-opens=java.base/java.nio.charset=ALL-UNNAMED --add-opens=java.base/java.net=ALL-UNNAMED --add-opens=java.base/java.util.concurrent.atomic=ALL-UNNAMED -Xmx2048m -Dfile.encoding=UTF-8 -Duser.country=US -Duser.language=en -Duser.variant -javaagent:C:\Users\Com\Downloads\gradle-8.10-bin\gradle-8.10\wrapper\dists\gradle-8.7-bin\bhs2wmbdwecv87pi65oeuq5iu\gradle-8.7\lib\agents\gradle-instrumentation-agent-8.7.jar org.gradle.launcher.daemon.bootstrap.GradleDaemon 8.7

Host: Intel(R) Core(TM) i5-4210M CPU @ 2.60GHz, 4 cores, 3G,  Windows 10 , 64 bit Build 19041 (10.0.19041.4842)
Time: Mon Sep 23 00:03:40 2024 Pacific Daylight Time elapsed time: 21.341174 seconds (0d 0h 0m 21s)

---------------  T H R E A D  ---------------

Current thread (0x00000208ef28e510):  VMThread "VM Thread" [stack: 0x000000d634700000,0x000000d634800000] [id=5332]

Stack: [0x000000d634700000,0x000000d634800000]
Native frames: (J=compiled Java code, j=interpreted, Vv=VM code, C=native code)
V  [jvm.dll+0x687bb9]
V  [jvm.dll+0x84142a]
V  [jvm.dll+0x8430ae]
V  [jvm.dll+0x843713]
V  [jvm.dll+0x24a35f]
V  [jvm.dll+0x684989]
V  [jvm.dll+0x67923a]
V  [jvm.dll+0x30af0b]
V  [jvm.dll+0x3123b6]
V  [jvm.dll+0x361dfe]
V  [jvm.dll+0x36202f]
V  [jvm.dll+0x2e0d38]
V  [jvm.dll+0x2df144]
V  [jvm.dll+0x2de74c]
V  [jvm.dll+0x32305b]
V  [jvm.dll+0x847e0b]
V  [jvm.dll+0x848b42]
V  [jvm.dll+0x84905d]
V  [jvm.dll+0x849434]
V  [jvm.dll+0x849500]
V  [jvm.dll+0x7efa4a]
V  [jvm.dll+0x686a35]
C  [ucrtbase.dll+0x21bb2]
C  [KERNEL32.DLL+0x17374]
C  [ntdll.dll+0x4cc91]

VM_Operation (0x000000d635df3a60): G1CollectForAllocation, mode: safepoint, requested by thread 0x00000208f5771350


---------------  P R O C E S S  ---------------

Threads class SMR info:
_java_thread_list=0x00000208f76e1ac0, length=48, elements={
0x00000208d5d2ff60, 0x00000208ef2db3f0, 0x00000208ef2dc180, 0x00000208ef2fb270,
0x00000208ef2fbb40, 0x00000208ef2fc410, 0x00000208ef2fcce0, 0x00000208ef2fd8e0,
0x00000208ef339670, 0x00000208ef5def90, 0x00000208ef63a700, 0x00000208ef7ee870,
0x00000208f56868f0, 0x00000208f5664eb0, 0x00000208f57b6800, 0x00000208f54ae100,
0x00000208f54c0010, 0x00000208f5770aa0, 0x00000208f5771350, 0x00000208f575d420,
0x00000208f575cf10, 0x00000208f575d930, 0x00000208f575a180, 0x00000208f575bad0,
0x00000208f575a690, 0x00000208f575b5c0, 0x00000208f575c4f0, 0x00000208f65003e0,
0x00000208f6501820, 0x00000208f64ff4b0, 0x00000208f6502240, 0x00000208f6503680,
0x00000208f65040a0, 0x00000208f65045b0, 0x00000208f6503b90, 0x00000208f6504ac0,
0x00000208f6502750, 0x00000208f65054e0, 0x00000208f6502c60, 0x00000208f64fe070,
0x00000208f6503170, 0x00000208f64fe580, 0x00000208f64fea90, 0x00000208f64ff9c0,
0x00000208f64ffed0, 0x00000208f6bf2760, 0x00000208f6bf0e10, 0x00000208f6bf40b0
}

Java Threads: ( => current thread )
  0x00000208d5d2ff60 JavaThread "main" [_thread_blocked, id=13140, stack(0x000000d634100000,0x000000d634200000)]
  0x00000208ef2db3f0 JavaThread "Reference Handler" daemon [_thread_blocked, id=6616, stack(0x000000d634800000,0x000000d634900000)]
  0x00000208ef2dc180 JavaThread "Finalizer" daemon [_thread_blocked, id=12320, stack(0x000000d634900000,0x000000d634a00000)]
  0x00000208ef2fb270 JavaThread "Signal Dispatcher" daemon [_thread_blocked, id=8396, stack(0x000000d634a00000,0x000000d634b00000)]
  0x00000208ef2fbb40 JavaThread "Attach Listener" daemon [_thread_blocked, id=9400, stack(0x000000d634b00000,0x000000d634c00000)]
  0x00000208ef2fc410 JavaThread "Service Thread" daemon [_thread_blocked, id=128, stack(0x000000d634c00000,0x000000d634d00000)]
  0x00000208ef2fcce0 JavaThread "Monitor Deflation Thread" daemon [_thread_blocked, id=10256, stack(0x000000d634d00000,0x000000d634e00000)]
  0x00000208ef2fd8e0 JavaThread "C2 CompilerThread0" daemon [_thread_blocked, id=13084, stack(0x000000d634e00000,0x000000d634f00000)]
  0x00000208ef339670 JavaThread "C1 CompilerThread0" daemon [_thread_blocked, id=5156, stack(0x000000d634f00000,0x000000d635000000)]
  0x00000208ef5def90 JavaThread "Sweeper thread" daemon [_thread_blocked, id=3540, stack(0x000000d635000000,0x000000d635100000)]
  0x00000208ef63a700 JavaThread "Common-Cleaner" daemon [_thread_blocked, id=6312, stack(0x000000d635100000,0x000000d635200000)]
  0x00000208ef7ee870 JavaThread "Notification Thread" daemon [_thread_blocked, id=13668, stack(0x000000d635200000,0x000000d635300000)]
  0x00000208f56868f0 JavaThread "Daemon health stats" [_thread_blocked, id=13880, stack(0x000000d635700000,0x000000d635800000)]
  0x00000208f5664eb0 JavaThread "Incoming local TCP Connector on port 52418" [_thread_in_native, id=3808, stack(0x000000d635800000,0x000000d635900000)]
  0x00000208f57b6800 JavaThread "Daemon periodic checks" [_thread_blocked, id=4848, stack(0x000000d635900000,0x000000d635a00000)]
  0x00000208f54ae100 JavaThread "Daemon" [_thread_blocked, id=2980, stack(0x000000d635a00000,0x000000d635b00000)]
  0x00000208f54c0010 JavaThread "Handler for socket connection from /127.0.0.1:52418 to /127.0.0.1:52419" [_thread_in_native, id=8832, stack(0x000000d635b00000,0x000000d635c00000)]
  0x00000208f5770aa0 JavaThread "Cancel handler" [_thread_blocked, id=7184, stack(0x000000d635c00000,0x000000d635d00000)]
  0x00000208f5771350 JavaThread "Daemon worker" [_thread_blocked, id=3748, stack(0x000000d635d00000,0x000000d635e00000)]
  0x00000208f575d420 JavaThread "Asynchronous log dispatcher for DefaultDaemonConnection: socket connection from /127.0.0.1:52418 to /127.0.0.1:52419" [_thread_blocked, id=14220, stack(0x000000d635e00000,0x000000d635f00000)]
  0x00000208f575cf10 JavaThread "Stdin handler" [_thread_blocked, id=6576, stack(0x000000d635f00000,0x000000d636000000)]
  0x00000208f575d930 JavaThread "Daemon client event forwarder" [_thread_blocked, id=2344, stack(0x000000d636000000,0x000000d636100000)]
  0x00000208f575a180 JavaThread "Cache worker for journal cache (C:\Users\Com\Downloads\gradle-8.10-bin\gradle-8.10\caches\journal-1)" [_thread_blocked, id=14468, stack(0x000000d636100000,0x000000d636200000)]
  0x00000208f575bad0 JavaThread "File lock request listener" [_thread_in_native, id=9716, stack(0x000000d636200000,0x000000d636300000)]
  0x00000208f575a690 JavaThread "Cache worker for file hash cache (C:\Users\Com\Downloads\gradle-8.10-bin\gradle-8.10\caches\8.7\fileHashes)" [_thread_blocked, id=10132, stack(0x000000d636300000,0x000000d636400000)]
  0x00000208f575b5c0 JavaThread "Cache worker for file hash cache (D:\DemoApi\.gradle\8.7\fileHashes)" [_thread_blocked, id=8260, stack(0x000000d636400000,0x000000d636500000)]
  0x00000208f575c4f0 JavaThread "File watcher server" daemon [_thread_blocked, id=14184, stack(0x000000d636500000,0x000000d636600000)]
  0x00000208f65003e0 JavaThread "File watcher consumer" daemon [_thread_blocked, id=15084, stack(0x000000d636600000,0x000000d636700000)]
  0x00000208f6501820 JavaThread "jar transforms" [_thread_blocked, id=9168, stack(0x000000d636700000,0x000000d636800000)]
  0x00000208f64ff4b0 JavaThread "jar transforms Thread 2" [_thread_blocked, id=5724, stack(0x000000d636800000,0x000000d636900000)]
  0x00000208f6502240 JavaThread "jar transforms Thread 3" [_thread_blocked, id=7280, stack(0x000000d636900000,0x000000d636a00000)]
  0x00000208f6503680 JavaThread "jar transforms Thread 4" [_thread_blocked, id=8920, stack(0x000000d636a00000,0x000000d636b00000)]
  0x00000208f65040a0 JavaThread "Cache worker for checksums cache (D:\DemoApi\.gradle\8.7\checksums)" [_thread_blocked, id=13672, stack(0x000000d636b00000,0x000000d636c00000)]
  0x00000208f65045b0 JavaThread "Cache worker for cache directory md-supplier (C:\Users\Com\Downloads\gradle-8.10-bin\gradle-8.10\caches\8.7\md-supplier)" [_thread_blocked, id=3608, stack(0x000000d636c00000,0x000000d636d00000)]
  0x00000208f6503b90 JavaThread "Cache worker for cache directory md-rule (C:\Users\Com\Downloads\gradle-8.10-bin\gradle-8.10\caches\8.7\md-rule)" [_thread_blocked, id=13644, stack(0x000000d636d00000,0x000000d636e00000)]
  0x00000208f6504ac0 JavaThread "Cache worker for file content cache (C:\Users\Com\Downloads\gradle-8.10-bin\gradle-8.10\caches\8.7\fileContent)" [_thread_blocked, id=6236, stack(0x000000d636e00000,0x000000d636f00000)]
  0x00000208f6502750 JavaThread "Unconstrained build operations" [_thread_blocked, id=11688, stack(0x000000d636f00000,0x000000d637000000)]
  0x00000208f65054e0 JavaThread "Unconstrained build operations Thread 2" [_thread_blocked, id=2140, stack(0x000000d637000000,0x000000d637100000)]
  0x00000208f6502c60 JavaThread "Unconstrained build operations Thread 3" [_thread_blocked, id=8272, stack(0x000000d637100000,0x000000d637200000)]
  0x00000208f64fe070 JavaThread "Unconstrained build operations Thread 4" [_thread_blocked, id=14916, stack(0x000000d637200000,0x000000d637300000)]
  0x00000208f6503170 JavaThread "Unconstrained build operations Thread 5" [_thread_blocked, id=7932, stack(0x000000d637300000,0x000000d637400000)]
  0x00000208f64fe580 JavaThread "Cache worker for Build Output Cleanup Cache (D:\DemoApi\.gradle\buildOutputCleanup)" [_thread_blocked, id=768, stack(0x000000d637400000,0x000000d637500000)]
  0x00000208f64fea90 JavaThread "Unconstrained build operations Thread 6" [_thread_blocked, id=8940, stack(0x000000d637500000,0x000000d637600000)]
  0x00000208f64ff9c0 JavaThread "Unconstrained build operations Thread 7" [_thread_blocked, id=8436, stack(0x000000d637600000,0x000000d637700000)]
  0x00000208f64ffed0 JavaThread "Unconstrained build operations Thread 8" [_thread_blocked, id=10484, stack(0x000000d637700000,0x000000d637800000)]
  0x00000208f6bf2760 JavaThread "Unconstrained build operations Thread 9" [_thread_blocked, id=840, stack(0x000000d637800000,0x000000d637900000)]
  0x00000208f6bf0e10 JavaThread "Unconstrained build operations Thread 10" [_thread_blocked, id=6484, stack(0x000000d637900000,0x000000d637a00000)]
  0x00000208f6bf40b0 JavaThread "Unconstrained build operations Thread 11" [_thread_blocked, id=13900, stack(0x000000d637a00000,0x000000d637b00000)]

Other Threads:
=>0x00000208ef28e510 VMThread "VM Thread" [stack: 0x000000d634700000,0x000000d634800000] [id=5332]
  0x00000208d5d30e30 WatcherThread [stack: 0x000000d635300000,0x000000d635400000] [id=9396]
  0x00000208d5d8c1a0 GCTaskThread "GC Thread#0" [stack: 0x000000d634200000,0x000000d634300000] [id=13484]
  0x00000208f426e230 GCTaskThread "GC Thread#1" [stack: 0x000000d635400000,0x000000d635500000] [id=13160]
  0x00000208f4019090 GCTaskThread "GC Thread#2" [stack: 0x000000d635500000,0x000000d635600000] [id=12020]
  0x00000208f48455b0 GCTaskThread "GC Thread#3" [stack: 0x000000d635600000,0x000000d635700000] [id=14540]
  0x00000208d5d9d000 ConcurrentGCThread "G1 Main Marker" [stack: 0x000000d634300000,0x000000d634400000] [id=11904]
  0x00000208d5d9d930 ConcurrentGCThread "G1 Conc#0" [stack: 0x000000d634400000,0x000000d634500000] [id=10136]
  0x00000208d5deb9f0 ConcurrentGCThread "G1 Refine#0" [stack: 0x000000d634500000,0x000000d634600000] [id=14608]
  0x00000208f74d64f0 ConcurrentGCThread "G1 Refine#1" [stack: 0x000000d637b00000,0x000000d637c00000] [id=4060]
  0x00000208f74d6200 ConcurrentGCThread "G1 Refine#2" [stack: 0x000000d637c00000,0x000000d637d00000] [id=11148]
  0x00000208f74d6dc0 ConcurrentGCThread "G1 Refine#3" [stack: 0x000000d637d00000,0x000000d637e00000] [id=11244]
  0x00000208d5dee750 ConcurrentGCThread "G1 Service" [stack: 0x000000d634600000,0x000000d634700000] [id=7716]

Threads with active compile tasks:
C2 CompilerThread0    21399 7364       4       org.jetbrains.kotlin.com.intellij.openapi.vfs.impl.ArchiveHandler::processEntry (225 bytes)

VM state: at safepoint (normal execution)

VM Mutex/Monitor currently owned by a thread:  ([mutex/lock_event])
[0x00000208d5d2c3e0] Threads_lock - owner thread: 0x00000208ef28e510
[0x00000208d5d2c230] Heap_lock - owner thread: 0x00000208f5771350

Heap address: 0x0000000080000000, size: 2048 MB, Compressed Oops mode: 32-bit

CDS archive(s) not mapped
Compressed class space mapped at: 0x0000000100000000-0x0000000140000000, reserved size: 1073741824
Narrow klass base: 0x0000000000000000, Narrow klass shift: 3, Narrow klass range: 0x140000000

GC Precious Log:
 CPUs: 4 total, 4 available
 Memory: 4009M
 Large Page Support: Disabled
 NUMA Support: Disabled
 Compressed Oops: Enabled (32-bit)
 Heap Region Size: 1M
 Heap Min Capacity: 8M
 Heap Initial Capacity: 64M
 Heap Max Capacity: 2G
 Pre-touch: Disabled
 Parallel Workers: 4
 Concurrent Workers: 1
 Concurrent Refinement Workers: 4
 Periodic GC: Disabled

Heap:
 garbage-first heap   total 162816K, used 94472K [0x0000000080000000, 0x0000000100000000)
  region size 1024K, 1 young (1024K), 1 survivors (1024K)
 Metaspace       used 80111K, committed 80960K, reserved 1179648K
  class space    used 11263K, committed 11648K, reserved 1048576K

Heap Regions: E=young(eden), S=young(survivor), O=old, HS=humongous(starts), HC=humongous(continues), CS=collection set, F=free, OA=open archive, CA=closed archive, TAMS=top-at-mark-start (previous, next)
|   0|0x0000000080000000, 0x0000000080100000, 0x0000000080100000|100%|HS|  |TAMS 0x0000000080100000, 0x0000000080000000| Complete 
|   1|0x0000000080100000, 0x0000000080200000, 0x0000000080200000|100%|HC|  |TAMS 0x0000000080200000, 0x0000000080100000| Complete 
|   2|0x0000000080200000, 0x0000000080300000, 0x0000000080300000|100%|HC|  |TAMS 0x0000000080300000, 0x0000000080200000| Complete 
|   3|0x0000000080300000, 0x0000000080400000, 0x0000000080400000|100%|HC|  |TAMS 0x0000000080400000, 0x0000000080300000| Complete 
|   4|0x0000000080400000, 0x0000000080500000, 0x0000000080500000|100%| O|  |TAMS 0x0000000080500000, 0x0000000080400000| Untracked 
|   5|0x0000000080500000, 0x0000000080600000, 0x0000000080600000|100%| O|  |TAMS 0x0000000080600000, 0x0000000080500000| Untracked 
|   6|0x0000000080600000, 0x0000000080700000, 0x0000000080700000|100%| O|  |TAMS 0x0000000080700000, 0x0000000080600000| Untracked 
|   7|0x0000000080700000, 0x0000000080800000, 0x0000000080800000|100%| O|  |TAMS 0x0000000080800000, 0x0000000080700000| Untracked 
|   8|0x0000000080800000, 0x0000000080900000, 0x0000000080900000|100%| O|  |TAMS 0x0000000080900000, 0x0000000080800000| Untracked 
|   9|0x0000000080900000, 0x0000000080a00000, 0x0000000080a00000|100%| O|  |TAMS 0x0000000080a00000, 0x0000000080900000| Untracked 
|  10|0x0000000080a00000, 0x0000000080b00000, 0x0000000080b00000|100%| O|  |TAMS 0x0000000080b00000, 0x0000000080a00000| Untracked 
|  11|0x0000000080b00000, 0x0000000080c00000, 0x0000000080c00000|100%| O|  |TAMS 0x0000000080c00000, 0x0000000080b00000| Untracked 
|  12|0x0000000080c00000, 0x0000000080d00000, 0x0000000080d00000|100%| O|  |TAMS 0x0000000080d00000, 0x0000000080c00000| Untracked 
|  13|0x0000000080d00000, 0x0000000080e00000, 0x0000000080e00000|100%| O|  |TAMS 0x0000000080e00000, 0x0000000080d00000| Untracked 
|  14|0x0000000080e00000, 0x0000000080f00000, 0x0000000080f00000|100%| O|  |TAMS 0x0000000080f00000, 0x0000000080e00000| Untracked 
|  15|0x0000000080f00000, 0x0000000081000000, 0x0000000081000000|100%| O|  |TAMS 0x0000000081000000, 0x0000000080f00000| Untracked 
|  16|0x0000000081000000, 0x0000000081100000, 0x0000000081100000|100%| O|  |TAMS 0x0000000081100000, 0x0000000081000000| Untracked 
|  17|0x0000000081100000, 0x0000000081200000, 0x0000000081200000|100%| O|  |TAMS 0x0000000081200000, 0x0000000081100000| Untracked 
|  18|0x0000000081200000, 0x0000000081300000, 0x0000000081300000|100%| O|  |TAMS 0x0000000081300000, 0x0000000081200000| Untracked 
|  19|0x0000000081300000, 0x0000000081400000, 0x0000000081400000|100%|HS|  |TAMS 0x0000000081400000, 0x0000000081300000| Complete 
|  20|0x0000000081400000, 0x0000000081500000, 0x0000000081500000|100%|HC|  |TAMS 0x0000000081500000, 0x0000000081400000| Complete 
|  21|0x0000000081500000, 0x0000000081600000, 0x0000000081600000|100%|HC|  |TAMS 0x0000000081600000, 0x0000000081500000| Complete 
|  22|0x0000000081600000, 0x0000000081700000, 0x0000000081700000|100%|HC|  |TAMS 0x0000000081700000, 0x0000000081600000| Complete 
|  23|0x0000000081700000, 0x0000000081800000, 0x0000000081800000|100%|HC|  |TAMS 0x0000000081800000, 0x0000000081700000| Complete 
|  24|0x0000000081800000, 0x0000000081900000, 0x0000000081900000|100%|HS|  |TAMS 0x0000000081900000, 0x0000000081800000| Complete 
|  25|0x0000000081900000, 0x0000000081a00000, 0x0000000081a00000|100%|HC|  |TAMS 0x0000000081a00000, 0x0000000081900000| Complete 
|  26|0x0000000081a00000, 0x0000000081b00000, 0x0000000081b00000|100%|HC|  |TAMS 0x0000000081b00000, 0x0000000081a00000| Complete 
|  27|0x0000000081b00000, 0x0000000081c00000, 0x0000000081c00000|100%| O|  |TAMS 0x0000000081c00000, 0x0000000081b00000| Untracked 
|  28|0x0000000081c00000, 0x0000000081d00000, 0x0000000081d00000|100%| O|  |TAMS 0x0000000081d00000, 0x0000000081c00000| Untracked 
|  29|0x0000000081d00000, 0x0000000081e00000, 0x0000000081e00000|100%| O|  |TAMS 0x0000000081e00000, 0x0000000081d00000| Untracked 
|  30|0x0000000081e00000, 0x0000000081f00000, 0x0000000081f00000|100%|HS|  |TAMS 0x0000000081f00000, 0x0000000081e00000| Complete 
|  31|0x0000000081f00000, 0x0000000082000000, 0x0000000082000000|100%|HC|  |TAMS 0x0000000082000000, 0x0000000081f00000| Complete 
|  32|0x0000000082000000, 0x0000000082100000, 0x0000000082100000|100%|HC|  |TAMS 0x0000000082100000, 0x0000000082000000| Complete 
|  33|0x0000000082100000, 0x0000000082200000, 0x0000000082200000|100%| O|  |TAMS 0x0000000082200000, 0x0000000082100000| Untracked 
|  34|0x0000000082200000, 0x0000000082300000, 0x0000000082300000|100%| O|  |TAMS 0x0000000082300000, 0x0000000082200000| Untracked 
|  35|0x0000000082300000, 0x0000000082400000, 0x0000000082400000|100%| O|  |TAMS 0x0000000082400000, 0x0000000082300000| Untracked 
|  36|0x0000000082400000, 0x0000000082500000, 0x0000000082500000|100%| O|  |TAMS 0x0000000082400000, 0x0000000082400000| Untracked 
|  37|0x0000000082500000, 0x0000000082600000, 0x0000000082600000|100%|HS|  |TAMS 0x0000000082600000, 0x0000000082500000| Complete 
|  38|0x0000000082600000, 0x0000000082700000, 0x0000000082700000|100%| O|  |TAMS 0x0000000082700000, 0x0000000082600000| Untracked 
|  39|0x0000000082700000, 0x0000000082700000, 0x0000000082800000|  0%| F|  |TAMS 0x0000000082700000, 0x0000000082700000| Untracked 
|  40|0x0000000082800000, 0x0000000082900000, 0x0000000082900000|100%| O|  |TAMS 0x0000000082900000, 0x0000000082800000| Untracked 
|  41|0x0000000082900000, 0x0000000082a00000, 0x0000000082a00000|100%| O|  |TAMS 0x0000000082a00000, 0x0000000082900000| Untracked 
|  42|0x0000000082a00000, 0x0000000082b00000, 0x0000000082b00000|100%| O|  |TAMS 0x0000000082b00000, 0x0000000082a00000| Untracked 
|  43|0x0000000082b00000, 0x0000000082c00000, 0x0000000082c00000|100%| O|  |TAMS 0x0000000082c00000, 0x0000000082b00000| Untracked 
|  44|0x0000000082c00000, 0x0000000082d00000, 0x0000000082d00000|100%|HS|  |TAMS 0x0000000082d00000, 0x0000000082c00000| Complete 
|  45|0x0000000082d00000, 0x0000000082e00000, 0x0000000082e00000|100%|HC|  |TAMS 0x0000000082e00000, 0x0000000082d00000| Complete 
|  46|0x0000000082e00000, 0x0000000082f00000, 0x0000000082f00000|100%|HC|  |TAMS 0x0000000082f00000, 0x0000000082e00000| Complete 
|  47|0x0000000082f00000, 0x0000000083000000, 0x0000000083000000|100%| O|  |TAMS 0x0000000083000000, 0x0000000082f00000| Untracked 
|  48|0x0000000083000000, 0x0000000083100000, 0x0000000083100000|100%| O|  |TAMS 0x0000000083100000, 0x0000000083000000| Untracked 
|  49|0x0000000083100000, 0x0000000083200000, 0x0000000083200000|100%| O|  |TAMS 0x0000000083200000, 0x0000000083100000| Untracked 
|  50|0x0000000083200000, 0x0000000083300000, 0x0000000083300000|100%| O|  |TAMS 0x0000000083300000, 0x0000000083200000| Untracked 
|  51|0x0000000083300000, 0x0000000083400000, 0x0000000083400000|100%|HS|  |TAMS 0x0000000083400000, 0x0000000083300000| Complete 
|  52|0x0000000083400000, 0x0000000083500000, 0x0000000083500000|100%|HC|  |TAMS 0x0000000083500000, 0x0000000083400000| Complete 
|  53|0x0000000083500000, 0x0000000083600000, 0x0000000083600000|100%|HC|  |TAMS 0x0000000083600000, 0x0000000083500000| Complete 
|  54|0x0000000083600000, 0x0000000083700000, 0x0000000083700000|100%|HC|  |TAMS 0x0000000083700000, 0x0000000083600000| Complete 
|  55|0x0000000083700000, 0x0000000083800000, 0x0000000083800000|100%|HC|  |TAMS 0x0000000083800000, 0x0000000083700000| Complete 
|  56|0x0000000083800000, 0x0000000083900000, 0x0000000083900000|100%| O|  |TAMS 0x0000000083900000, 0x0000000083800000| Untracked 
|  57|0x0000000083900000, 0x0000000083a00000, 0x0000000083a00000|100%| O|  |TAMS 0x0000000083a00000, 0x0000000083900000| Untracked 
|  58|0x0000000083a00000, 0x0000000083b00000, 0x0000000083b00000|100%|HS|  |TAMS 0x0000000083b00000, 0x0000000083a00000| Complete 
|  59|0x0000000083b00000, 0x0000000083c00000, 0x0000000083c00000|100%|HC|  |TAMS 0x0000000083c00000, 0x0000000083b00000| Complete 
|  60|0x0000000083c00000, 0x0000000083d00000, 0x0000000083d00000|100%|HC|  |TAMS 0x0000000083d00000, 0x0000000083c00000| Complete 
|  61|0x0000000083d00000, 0x0000000083e00000, 0x0000000083e00000|100%|HC|  |TAMS 0x0000000083e00000, 0x0000000083d00000| Complete 
|  62|0x0000000083e00000, 0x0000000083f00000, 0x0000000083f00000|100%|HC|  |TAMS 0x0000000083f00000, 0x0000000083e00000| Complete 
|  63|0x0000000083f00000, 0x0000000084000000, 0x0000000084000000|100%| O|  |TAMS 0x0000000084000000, 0x0000000083f00000| Untracked 
|  64|0x0000000084000000, 0x0000000084100000, 0x0000000084100000|100%| O|  |TAMS 0x0000000084100000, 0x0000000084000000| Untracked 
|  65|0x0000000084100000, 0x0000000084200000, 0x0000000084200000|100%| O|  |TAMS 0x0000000084200000, 0x0000000084100000| Untracked 
|  66|0x0000000084200000, 0x0000000084300000, 0x0000000084300000|100%| O|  |TAMS 0x0000000084300000, 0x0000000084200000| Untracked 
|  67|0x0000000084300000, 0x0000000084400000, 0x0000000084400000|100%| O|  |TAMS 0x0000000084400000, 0x0000000084300000| Untracked 
|  68|0x0000000084400000, 0x0000000084500000, 0x0000000084500000|100%| O|  |TAMS 0x0000000084500000, 0x0000000084400000| Untracked 
|  69|0x0000000084500000, 0x0000000084600000, 0x0000000084600000|100%| O|  |TAMS 0x0000000084600000, 0x0000000084500000| Untracked 
|  70|0x0000000084600000, 0x0000000084700000, 0x0000000084700000|100%| O|  |TAMS 0x0000000084700000, 0x0000000084600000| Untracked 
|  71|0x0000000084700000, 0x0000000084800000, 0x0000000084800000|100%| O|  |TAMS 0x0000000084800000, 0x0000000084700000| Untracked 
|  72|0x0000000084800000, 0x0000000084900000, 0x0000000084900000|100%| O|  |TAMS 0x0000000084900000, 0x0000000084800000| Untracked 
|  73|0x0000000084900000, 0x0000000084a00000, 0x0000000084a00000|100%| O|  |TAMS 0x0000000084a00000, 0x0000000084900000| Untracked 
|  74|0x0000000084a00000, 0x0000000084b00000, 0x0000000084b00000|100%| O|  |TAMS 0x0000000084b00000, 0x0000000084a00000| Untracked 
|  75|0x0000000084b00000, 0x0000000084c00000, 0x0000000084c00000|100%| O|  |TAMS 0x0000000084c00000, 0x0000000084b00000| Untracked 
|  76|0x0000000084c00000, 0x0000000084d00000, 0x0000000084d00000|100%| O|  |TAMS 0x0000000084d00000, 0x0000000084c00000| Untracked 
|  77|0x0000000084d00000, 0x0000000084e00000, 0x0000000084e00000|100%| O|  |TAMS 0x0000000084e00000, 0x0000000084d00000| Untracked 
|  78|0x0000000084e00000, 0x0000000084f00000, 0x0000000084f00000|100%| O|  |TAMS 0x0000000084f00000, 0x0000000084e00000| Untracked 
|  79|0x0000000084f00000, 0x0000000085000000, 0x0000000085000000|100%| O|  |TAMS 0x0000000084f95200, 0x0000000084f00000| Untracked 
|  80|0x0000000085000000, 0x0000000085100000, 0x0000000085100000|100%| O|  |TAMS 0x0000000085000000, 0x0000000085000000| Untracked 
|  81|0x0000000085100000, 0x0000000085200000, 0x0000000085200000|100%| O|  |TAMS 0x0000000085100000, 0x0000000085100000| Untracked 
|  82|0x0000000085200000, 0x0000000085300000, 0x0000000085300000|100%| O|  |TAMS 0x0000000085200000, 0x0000000085200000| Untracked 
|  83|0x0000000085300000, 0x0000000085400000, 0x0000000085400000|100%| O|  |TAMS 0x0000000085300000, 0x0000000085300000| Untracked 
|  84|0x0000000085400000, 0x0000000085500000, 0x0000000085500000|100%| O|  |TAMS 0x0000000085400000, 0x0000000085400000| Untracked 
|  85|0x0000000085500000, 0x0000000085543000, 0x0000000085600000| 26%| O|  |TAMS 0x0000000085500000, 0x0000000085500000| Untracked 
|  86|0x0000000085600000, 0x0000000085600000, 0x0000000085700000|  0%| F|  |TAMS 0x0000000085600000, 0x0000000085600000| Untracked 
|  87|0x0000000085700000, 0x0000000085700000, 0x0000000085800000|  0%| F|  |TAMS 0x0000000085700000, 0x0000000085700000| Untracked 
|  88|0x0000000085800000, 0x0000000085900000, 0x0000000085900000|100%| O|  |TAMS 0x0000000085800000, 0x0000000085800000| Untracked 
|  89|0x0000000085900000, 0x0000000085a00000, 0x0000000085a00000|100%| O|  |TAMS 0x0000000085900000, 0x0000000085900000| Untracked 
|  90|0x0000000085a00000, 0x0000000085b00000, 0x0000000085b00000|100%| O|  |TAMS 0x0000000085a00000, 0x0000000085a00000| Untracked 
|  91|0x0000000085b00000, 0x0000000085c00000, 0x0000000085c00000|100%| O|  |TAMS 0x0000000085b00000, 0x0000000085b00000| Untracked 
|  92|0x0000000085c00000, 0x0000000085d00000, 0x0000000085d00000|100%| O|  |TAMS 0x0000000085c00000, 0x0000000085c00000| Untracked 
|  93|0x0000000085d00000, 0x0000000085e00000, 0x0000000085e00000|100%| O|  |TAMS 0x0000000085d00000, 0x0000000085d00000| Untracked 
|  94|0x0000000085e00000, 0x0000000085f00000, 0x0000000085f00000|100%| O|  |TAMS 0x0000000085e00000, 0x0000000085e00000| Untracked 
|  95|0x0000000085f00000, 0x0000000085f00000, 0x0000000086000000|  0%| F|  |TAMS 0x0000000085f00000, 0x0000000085f00000| Untracked 
|  96|0x0000000086000000, 0x0000000086000000, 0x0000000086100000|  0%| F|  |TAMS 0x0000000086000000, 0x0000000086000000| Untracked 
|  97|0x0000000086100000, 0x0000000086100000, 0x0000000086200000|  0%| F|  |TAMS 0x0000000086100000, 0x0000000086100000| Untracked 
|  98|0x0000000086200000, 0x0000000086200000, 0x0000000086300000|  0%| F|  |TAMS 0x0000000086200000, 0x0000000086200000| Untracked 
|  99|0x0000000086300000, 0x0000000086300000, 0x0000000086400000|  0%| F|  |TAMS 0x0000000086300000, 0x0000000086300000| Untracked 
| 100|0x0000000086400000, 0x0000000086400000, 0x0000000086500000|  0%| F|  |TAMS 0x0000000086400000, 0x0000000086400000| Untracked 
| 101|0x0000000086500000, 0x0000000086500000, 0x0000000086600000|  0%| F|  |TAMS 0x0000000086500000, 0x0000000086500000| Untracked 
| 102|0x0000000086600000, 0x0000000086600000, 0x0000000086700000|  0%| F|  |TAMS 0x0000000086600000, 0x0000000086600000| Untracked 
| 103|0x0000000086700000, 0x0000000086700000, 0x0000000086800000|  0%| F|  |TAMS 0x0000000086700000, 0x0000000086700000| Untracked 
| 104|0x0000000086800000, 0x0000000086800000, 0x0000000086900000|  0%| F|  |TAMS 0x0000000086800000, 0x0000000086800000| Untracked 
| 105|0x0000000086900000, 0x0000000086900000, 0x0000000086a00000|  0%| F|  |TAMS 0x0000000086900000, 0x0000000086900000| Untracked 
| 106|0x0000000086a00000, 0x0000000086a00000, 0x0000000086b00000|  0%| F|  |TAMS 0x0000000086a00000, 0x0000000086a00000| Untracked 
| 107|0x0000000086b00000, 0x0000000086b00000, 0x0000000086c00000|  0%| F|  |TAMS 0x0000000086b00000, 0x0000000086b00000| Untracked 
| 108|0x0000000086c00000, 0x0000000086c00000, 0x0000000086d00000|  0%| F|  |TAMS 0x0000000086c00000, 0x0000000086c00000| Untracked 
| 109|0x0000000086d00000, 0x0000000086d00000, 0x0000000086e00000|  0%| F|  |TAMS 0x0000000086d00000, 0x0000000086d00000| Untracked 
| 110|0x0000000086e00000, 0x0000000086e00000, 0x0000000086f00000|  0%| F|  |TAMS 0x0000000086e00000, 0x0000000086e00000| Untracked 
| 111|0x0000000086f00000, 0x0000000086f00000, 0x0000000087000000|  0%| F|  |TAMS 0x0000000086f00000, 0x0000000086f00000| Untracked 
| 112|0x0000000087000000, 0x0000000087000000, 0x0000000087100000|  0%| F|  |TAMS 0x0000000087000000, 0x0000000087000000| Untracked 
| 113|0x0000000087100000, 0x0000000087100000, 0x0000000087200000|  0%| F|  |TAMS 0x0000000087100000, 0x0000000087100000| Untracked 
| 114|0x0000000087200000, 0x0000000087200000, 0x0000000087300000|  0%| F|  |TAMS 0x0000000087200000, 0x0000000087200000| Untracked 
| 115|0x0000000087300000, 0x0000000087300000, 0x0000000087400000|  0%| F|  |TAMS 0x0000000087300000, 0x0000000087300000| Untracked 
| 116|0x0000000087400000, 0x0000000087400000, 0x0000000087500000|  0%| F|  |TAMS 0x0000000087400000, 0x0000000087400000| Untracked 
| 117|0x0000000087500000, 0x0000000087500000, 0x0000000087600000|  0%| F|  |TAMS 0x0000000087500000, 0x0000000087500000| Untracked 
| 118|0x0000000087600000, 0x0000000087600000, 0x0000000087700000|  0%| F|  |TAMS 0x0000000087600000, 0x0000000087600000| Untracked 
| 119|0x0000000087700000, 0x0000000087700000, 0x0000000087800000|  0%| F|  |TAMS 0x0000000087700000, 0x0000000087700000| Untracked 
| 120|0x0000000087800000, 0x0000000087800000, 0x0000000087900000|  0%| F|  |TAMS 0x0000000087800000, 0x0000000087800000| Untracked 
| 121|0x0000000087900000, 0x0000000087900000, 0x0000000087a00000|  0%| F|  |TAMS 0x0000000087900000, 0x0000000087900000| Untracked 
| 122|0x0000000087a00000, 0x0000000087a00000, 0x0000000087b00000|  0%| F|  |TAMS 0x0000000087a00000, 0x0000000087a00000| Untracked 
| 123|0x0000000087b00000, 0x0000000087b00000, 0x0000000087c00000|  0%| F|  |TAMS 0x0000000087b00000, 0x0000000087b00000| Untracked 
| 124|0x0000000087c00000, 0x0000000087c00000, 0x0000000087d00000|  0%| F|  |TAMS 0x0000000087c00000, 0x0000000087c00000| Untracked 
| 125|0x0000000087d00000, 0x0000000087d00000, 0x0000000087e00000|  0%| F|  |TAMS 0x0000000087d00000, 0x0000000087d00000| Untracked 
| 126|0x0000000087e00000, 0x0000000087e00000, 0x0000000087f00000|  0%| F|  |TAMS 0x0000000087e00000, 0x0000000087e00000| Untracked 
| 127|0x0000000087f00000, 0x0000000087f00000, 0x0000000088000000|  0%| F|  |TAMS 0x0000000087f00000, 0x0000000087f00000| Untracked 
| 128|0x0000000088000000, 0x0000000088000000, 0x0000000088100000|  0%| F|  |TAMS 0x0000000088000000, 0x0000000088000000| Untracked 
| 129|0x0000000088100000, 0x0000000088100000, 0x0000000088200000|  0%| F|  |TAMS 0x0000000088100000, 0x0000000088100000| Untracked 
| 130|0x0000000088200000, 0x0000000088200000, 0x0000000088300000|  0%| F|  |TAMS 0x0000000088200000, 0x0000000088200000| Untracked 
| 131|0x0000000088300000, 0x0000000088300000, 0x0000000088400000|  0%| F|  |TAMS 0x0000000088300000, 0x0000000088300000| Untracked 
| 132|0x0000000088400000, 0x0000000088400000, 0x0000000088500000|  0%| F|  |TAMS 0x0000000088400000, 0x0000000088400000| Untracked 
| 133|0x0000000088500000, 0x0000000088500000, 0x0000000088600000|  0%| F|  |TAMS 0x0000000088500000, 0x0000000088500000| Untracked 
| 134|0x0000000088600000, 0x0000000088600000, 0x0000000088700000|  0%| F|  |TAMS 0x0000000088600000, 0x0000000088600000| Untracked 
| 135|0x0000000088700000, 0x0000000088700000, 0x0000000088800000|  0%| F|  |TAMS 0x0000000088700000, 0x0000000088700000| Untracked 
| 136|0x0000000088800000, 0x0000000088800000, 0x0000000088900000|  0%| F|  |TAMS 0x0000000088800000, 0x0000000088800000| Untracked 
| 137|0x0000000088900000, 0x0000000088900000, 0x0000000088a00000|  0%| F|  |TAMS 0x0000000088900000, 0x0000000088900000| Untracked 
| 138|0x0000000088a00000, 0x0000000088a00000, 0x0000000088b00000|  0%| F|  |TAMS 0x0000000088a00000, 0x0000000088a00000| Untracked 
| 139|0x0000000088b00000, 0x0000000088b00000, 0x0000000088c00000|  0%| F|  |TAMS 0x0000000088b00000, 0x0000000088b00000| Untracked 
| 140|0x0000000088c00000, 0x0000000088c00000, 0x0000000088d00000|  0%| F|  |TAMS 0x0000000088c00000, 0x0000000088c00000| Untracked 
| 141|0x0000000088d00000, 0x0000000088d00000, 0x0000000088e00000|  0%| F|  |TAMS 0x0000000088d00000, 0x0000000088d00000| Untracked 
| 142|0x0000000088e00000, 0x0000000088e00000, 0x0000000088f00000|  0%| F|  |TAMS 0x0000000088e00000, 0x0000000088e00000| Untracked 
| 143|0x0000000088f00000, 0x0000000088f00000, 0x0000000089000000|  0%| F|  |TAMS 0x0000000088f00000, 0x0000000088f00000| Untracked 
| 144|0x0000000089000000, 0x0000000089000000, 0x0000000089100000|  0%| F|  |TAMS 0x0000000089000000, 0x0000000089000000| Untracked 
| 145|0x0000000089100000, 0x0000000089100000, 0x0000000089200000|  0%| F|  |TAMS 0x0000000089100000, 0x0000000089100000| Untracked 
| 146|0x0000000089200000, 0x0000000089200000, 0x0000000089300000|  0%| F|  |TAMS 0x0000000089200000, 0x0000000089200000| Untracked 
| 147|0x0000000089300000, 0x0000000089300000, 0x0000000089400000|  0%| F|  |TAMS 0x0000000089300000, 0x0000000089300000| Untracked 
| 148|0x0000000089400000, 0x0000000089400000, 0x0000000089500000|  0%| F|  |TAMS 0x0000000089400000, 0x0000000089400000| Untracked 
| 149|0x0000000089500000, 0x0000000089500000, 0x0000000089600000|  0%| F|  |TAMS 0x0000000089500000, 0x0000000089500000| Untracked 
| 150|0x0000000089600000, 0x0000000089600000, 0x0000000089700000|  0%| F|  |TAMS 0x0000000089600000, 0x0000000089600000| Untracked 
| 151|0x0000000089700000, 0x0000000089700000, 0x0000000089800000|  0%| F|  |TAMS 0x0000000089700000, 0x0000000089700000| Untracked 
| 152|0x0000000089800000, 0x0000000089800000, 0x0000000089900000|  0%| F|  |TAMS 0x0000000089800000, 0x0000000089800000| Untracked 
| 153|0x0000000089900000, 0x0000000089900000, 0x0000000089a00000|  0%| F|  |TAMS 0x0000000089900000, 0x0000000089900000| Untracked 
| 154|0x0000000089a00000, 0x0000000089a00000, 0x0000000089b00000|  0%| F|  |TAMS 0x0000000089a00000, 0x0000000089a00000| Untracked 
| 155|0x0000000089b00000, 0x0000000089b00000, 0x0000000089c00000|  0%| F|  |TAMS 0x0000000089b00000, 0x0000000089b00000| Untracked 
| 156|0x0000000089c00000, 0x0000000089c00000, 0x0000000089d00000|  0%| F|  |TAMS 0x0000000089c00000, 0x0000000089c00000| Untracked 
| 157|0x0000000089d00000, 0x0000000089dff3c0, 0x0000000089e00000| 99%| S|CS|TAMS 0x0000000089d00000, 0x0000000089d00000| Complete 
| 158|0x0000000089e00000, 0x0000000089e00000, 0x0000000089f00000|  0%| F|  |TAMS 0x0000000089e00000, 0x0000000089e00000| Untracked 

Card table byte_map: [0x00000208e8610000,0x00000208e8a10000] _byte_map_base: 0x00000208e8210000

Marking Bits (Prev, Next): (CMBitMap*) 0x00000208d5d8c6d0, (CMBitMap*) 0x00000208d5d8c710
 Prev Bits: [0x00000208e8e10000, 0x00000208eae10000)
 Next Bits: [0x00000208eae10000, 0x00000208ece10000)

Polling page: 0x00000208d3c80000

Metaspace:

Usage:
  Non-class:     67.23 MB used.
      Class:     11.00 MB used.
       Both:     78.23 MB used.

Virtual space:
  Non-class space:      128.00 MB reserved,      67.69 MB ( 53%) committed,  2 nodes.
      Class space:        1.00 GB reserved,      11.38 MB (  1%) committed,  1 nodes.
             Both:        1.12 GB reserved,      79.06 MB (  7%) committed. 

Chunk freelists:
   Non-Class:  12.09 MB
       Class:  4.48 MB
        Both:  16.58 MB

MaxMetaspaceSize: unlimited
CompressedClassSpaceSize: 1.00 GB
Initial GC threshold: 21.00 MB
Current GC threshold: 131.56 MB
CDS: off
MetaspaceReclaimPolicy: balanced
 - commit_granule_bytes: 65536.
 - commit_granule_words: 8192.
 - virtual_space_node_default_size: 8388608.
 - enlarge_chunks_in_place: 1.
 - new_chunks_are_fully_committed: 0.
 - uncommit_free_chunks: 1.
 - use_allocation_guard: 0.
 - handle_deallocations: 1.


Internal statistics:

num_allocs_failed_limit: 3.
num_arena_births: 852.
num_arena_deaths: 0.
num_vsnodes_births: 3.
num_vsnodes_deaths: 0.
num_space_committed: 1263.
num_space_uncommitted: 0.
num_chunks_returned_to_freelist: 3.
num_chunks_taken_from_freelist: 3662.
num_chunk_merges: 3.
num_chunk_splits: 2530.
num_chunks_enlarged: 1826.
num_inconsistent_stats: 0.

CodeHeap 'non-profiled nmethods': size=120000Kb used=2848Kb max_used=3320Kb free=117151Kb
 bounds [0x00000208e0ce0000, 0x00000208e1020000, 0x00000208e8210000]
CodeHeap 'profiled nmethods': size=120000Kb used=11838Kb max_used=13479Kb free=108161Kb
 bounds [0x00000208d9210000, 0x00000208d9f40000, 0x00000208e0740000]
CodeHeap 'non-nmethods': size=5760Kb used=2374Kb max_used=2402Kb free=3385Kb
 bounds [0x00000208e0740000, 0x00000208e09b0000, 0x00000208e0ce0000]
 total_blobs=7497 nmethods=6593 adapters=816
 compilation: enabled
              stopped_count=0, restarted_count=0
 full_count=0

Compilation events (20 events):
Event: 21.234 Thread 0x00000208ef339670 7438       3       org.jetbrains.kotlin.com.intellij.openapi.vfs.impl.ZipEntryMap::get (82 bytes)
Event: 21.234 Thread 0x00000208ef339670 nmethod 7438 0x00000208d961f090 code [0x00000208d961f2c0, 0x00000208d961f968]
Event: 21.234 Thread 0x00000208ef339670 7440       3       org.jetbrains.kotlin.com.intellij.openapi.vfs.impl.ZipEntryMap::put (80 bytes)
Event: 21.235 Thread 0x00000208ef339670 nmethod 7440 0x00000208d9501210 code [0x00000208d9501440, 0x00000208d9501be8]
Event: 21.239 Thread 0x00000208ef339670 7442       3       org.jetbrains.kotlin.com.intellij.openapi.vfs.impl.ZipEntryMap::isTheOne (139 bytes)
Event: 21.240 Thread 0x00000208ef339670 nmethod 7442 0x00000208d9568710 code [0x00000208d9568960, 0x00000208d95692e8]
Event: 21.259 Thread 0x00000208ef339670 7444       2       org.jetbrains.kotlin.com.intellij.reference.SoftReference::dereference (13 bytes)
Event: 21.259 Thread 0x00000208ef339670 nmethod 7444 0x00000208d959f710 code [0x00000208d959f8a0, 0x00000208d959f9c8]
Event: 21.274 Thread 0x00000208ef339670 7446       2       org.jetbrains.kotlin.com.intellij.util.containers.hash.HashUtil::hash (27 bytes)
Event: 21.274 Thread 0x00000208ef339670 nmethod 7446 0x00000208d9dc2690 code [0x00000208d9dc2840, 0x00000208d9dc29d8]
Event: 21.274 Thread 0x00000208ef339670 7447       2       org.jetbrains.kotlin.com.intellij.util.io.FileAccessorCache::getHashCode (5 bytes)
Event: 21.274 Thread 0x00000208ef339670 nmethod 7447 0x00000208d95cf210 code [0x00000208d95cf3a0, 0x00000208d95cf4c8]
Event: 21.303 Thread 0x00000208ef339670 7448       2       java.lang.ref.SoftReference::get (29 bytes)
Event: 21.304 Thread 0x00000208ef339670 nmethod 7448 0x00000208d95ec390 code [0x00000208d95ec520, 0x00000208d95ec678]
Event: 21.310 Thread 0x00000208ef339670 7449       1       org.jetbrains.kotlin.com.intellij.util.containers.hash.LinkedHashMap$Entry::access$100 (5 bytes)
Event: 21.311 Thread 0x00000208ef339670 nmethod 7449 0x00000208e0d08990 code [0x00000208e0d08b20, 0x00000208e0d08bd8]
Event: 21.311 Thread 0x00000208ef339670 7450       1       org.jetbrains.kotlin.com.intellij.util.containers.hash.LinkedHashMap$Entry::access$000 (5 bytes)
Event: 21.311 Thread 0x00000208ef339670 nmethod 7450 0x00000208e0d82590 code [0x00000208e0d82720, 0x00000208e0d827d8]
Event: 21.315 Thread 0x00000208ef339670 7452       2       java.util.TreeMap::addEntryToEmptyMap (37 bytes)
Event: 21.316 Thread 0x00000208ef339670 nmethod 7452 0x00000208d9285790 code [0x00000208d9285960, 0x00000208d9285cd8]

GC Heap History (20 events):
Event: 16.129 GC heap after
{Heap after GC invocations=33 (full 0):
 garbage-first heap   total 122880K, used 72083K [0x0000000080000000, 0x0000000100000000)
  region size 1024K, 3 young (3072K), 3 survivors (3072K)
 Metaspace       used 59651K, committed 60224K, reserved 1114112K
  class space    used 8177K, committed 8448K, reserved 1048576K
}
Event: 17.353 GC heap before
{Heap before GC invocations=34 (full 0):
 garbage-first heap   total 126976K, used 94611K [0x0000000080000000, 0x0000000100000000)
  region size 1024K, 26 young (26624K), 3 survivors (3072K)
 Metaspace       used 61626K, committed 62272K, reserved 1114112K
  class space    used 8448K, committed 8768K, reserved 1048576K
}
Event: 17.365 GC heap after
{Heap after GC invocations=35 (full 0):
 garbage-first heap   total 126976K, used 74812K [0x0000000080000000, 0x0000000100000000)
  region size 1024K, 4 young (4096K), 4 survivors (4096K)
 Metaspace       used 61626K, committed 62272K, reserved 1114112K
  class space    used 8448K, committed 8768K, reserved 1048576K
}
Event: 18.189 GC heap before
{Heap before GC invocations=35 (full 0):
 garbage-first heap   total 126976K, used 99388K [0x0000000080000000, 0x0000000100000000)
  region size 1024K, 29 young (29696K), 4 survivors (4096K)
 Metaspace       used 62081K, committed 62720K, reserved 1114112K
  class space    used 8471K, committed 8768K, reserved 1048576K
}
Event: 18.203 GC heap after
{Heap after GC invocations=36 (full 0):
 garbage-first heap   total 152576K, used 78578K [0x0000000080000000, 0x0000000100000000)
  region size 1024K, 4 young (4096K), 4 survivors (4096K)
 Metaspace       used 62081K, committed 62720K, reserved 1114112K
  class space    used 8471K, committed 8768K, reserved 1048576K
}
Event: 19.109 GC heap before
{Heap before GC invocations=37 (full 0):
 garbage-first heap   total 152576K, used 117490K [0x0000000080000000, 0x0000000100000000)
  region size 1024K, 42 young (43008K), 4 survivors (4096K)
 Metaspace       used 67168K, committed 67840K, reserved 1114112K
  class space    used 9593K, committed 9920K, reserved 1048576K
}
Event: 19.120 GC heap after
{Heap after GC invocations=38 (full 0):
 garbage-first heap   total 152576K, used 80180K [0x0000000080000000, 0x0000000100000000)
  region size 1024K, 3 young (3072K), 3 survivors (3072K)
 Metaspace       used 67168K, committed 67840K, reserved 1114112K
  class space    used 9593K, committed 9920K, reserved 1048576K
}
Event: 19.180 GC heap before
{Heap before GC invocations=38 (full 0):
 garbage-first heap   total 152576K, used 83252K [0x0000000080000000, 0x0000000100000000)
  region size 1024K, 7 young (7168K), 3 survivors (3072K)
 Metaspace       used 67566K, committed 68224K, reserved 1114112K
  class space    used 9651K, committed 9920K, reserved 1048576K
}
Event: 19.186 GC heap after
{Heap after GC invocations=39 (full 0):
 garbage-first heap   total 152576K, used 79784K [0x0000000080000000, 0x0000000100000000)
  region size 1024K, 1 young (1024K), 1 survivors (1024K)
 Metaspace       used 67566K, committed 68224K, reserved 1114112K
  class space    used 9651K, committed 9920K, reserved 1048576K
}
Event: 19.807 GC heap before
{Heap before GC invocations=39 (full 0):
 garbage-first heap   total 152576K, used 118696K [0x0000000080000000, 0x0000000100000000)
  region size 1024K, 39 young (39936K), 1 survivors (1024K)
 Metaspace       used 72542K, committed 73216K, reserved 1114112K
  class space    used 10312K, committed 10624K, reserved 1048576K
}
Event: 19.811 GC heap after
{Heap after GC invocations=40 (full 0):
 garbage-first heap   total 152576K, used 80284K [0x0000000080000000, 0x0000000100000000)
  region size 1024K, 1 young (1024K), 1 survivors (1024K)
 Metaspace       used 72542K, committed 73216K, reserved 1114112K
  class space    used 10312K, committed 10624K, reserved 1048576K
}
Event: 20.670 GC heap before
{Heap before GC invocations=41 (full 0):
 garbage-first heap   total 152576K, used 121244K [0x0000000080000000, 0x0000000100000000)
  region size 1024K, 41 young (41984K), 1 survivors (1024K)
 Metaspace       used 78269K, committed 78912K, reserved 1179648K
  class space    used 11049K, committed 11328K, reserved 1048576K
}
Event: 20.676 GC heap after
{Heap after GC invocations=42 (full 0):
 garbage-first heap   total 152576K, used 81232K [0x0000000080000000, 0x0000000100000000)
  region size 1024K, 2 young (2048K), 2 survivors (2048K)
 Metaspace       used 78269K, committed 78912K, reserved 1179648K
  class space    used 11049K, committed 11328K, reserved 1048576K
}
Event: 20.758 GC heap before
{Heap before GC invocations=42 (full 0):
 garbage-first heap   total 152576K, used 86352K [0x0000000080000000, 0x0000000100000000)
  region size 1024K, 7 young (7168K), 2 survivors (2048K)
 Metaspace       used 79094K, committed 79744K, reserved 1179648K
  class space    used 11156K, committed 11456K, reserved 1048576K
}
Event: 20.762 GC heap after
{Heap after GC invocations=43 (full 0):
 garbage-first heap   total 152576K, used 80772K [0x0000000080000000, 0x0000000100000000)
  region size 1024K, 1 young (1024K), 1 survivors (1024K)
 Metaspace       used 79094K, committed 79744K, reserved 1179648K
  class space    used 11156K, committed 11456K, reserved 1048576K
}
Event: 20.842 GC heap before
{Heap before GC invocations=43 (full 0):
 garbage-first heap   total 152576K, used 84868K [0x0000000080000000, 0x0000000100000000)
  region size 1024K, 6 young (6144K), 1 survivors (1024K)
 Metaspace       used 79792K, committed 80512K, reserved 1179648K
  class space    used 11254K, committed 11584K, reserved 1048576K
}
Event: 20.844 GC heap after
{Heap after GC invocations=44 (full 0):
 garbage-first heap   total 152576K, used 80763K [0x0000000080000000, 0x0000000100000000)
  region size 1024K, 1 young (1024K), 1 survivors (1024K)
 Metaspace       used 79792K, committed 80512K, reserved 1179648K
  class space    used 11254K, committed 11584K, reserved 1048576K
}
Event: 21.275 GC heap before
{Heap before GC invocations=45 (full 0):
 garbage-first heap   total 162816K, used 136059K [0x0000000080000000, 0x0000000100000000)
  region size 1024K, 46 young (47104K), 1 survivors (1024K)
 Metaspace       used 80111K, committed 80960K, reserved 1179648K
  class space    used 11263K, committed 11648K, reserved 1048576K
}
Event: 21.298 GC heap after
{Heap after GC invocations=46 (full 0):
 garbage-first heap   total 162816K, used 93700K [0x0000000080000000, 0x0000000100000000)
  region size 1024K, 6 young (6144K), 6 survivors (6144K)
 Metaspace       used 80111K, committed 80960K, reserved 1179648K
  class space    used 11263K, committed 11648K, reserved 1048576K
}
Event: 21.320 GC heap before
{Heap before GC invocations=46 (full 0):
 garbage-first heap   total 162816K, used 93700K [0x0000000080000000, 0x0000000100000000)
  region size 1024K, 7 young (7168K), 6 survivors (6144K)
 Metaspace       used 80111K, committed 80960K, reserved 1179648K
  class space    used 11263K, committed 11648K, reserved 1048576K
}

Dll operation events (3 events):
Event: 0.083 Loaded shared library C:\Program Files\Android\Android Studio\jbr\bin\java.dll
Event: 0.919 Loaded shared library C:\Program Files\Android\Android Studio\jbr\bin\zip.dll
Event: 2.110 Loaded shared library C:\Program Files\Android\Android Studio\jbr\bin\verify.dll

Deoptimization events (20 events):
Event: 20.976 Thread 0x00000208f5771350 Uncommon trap: trap_request=0xffffff45 fr.pc=0x00000208e0d0a64c relative=0x000000000000084c
Event: 20.976 Thread 0x00000208f5771350 Uncommon trap: reason=unstable_if action=reinterpret pc=0x00000208e0d0a64c method=org.jetbrains.kotlin.com.intellij.openapi.vfs.impl.ZipEntryMap.get(Ljava/lang/Object;)Lorg/jetbrains/kotlin/com/intellij/openapi/vfs/impl/ArchiveHandler$EntryInfo; @ 61 c2
Event: 20.976 Thread 0x00000208f5771350 DEOPT PACKING pc=0x00000208e0d0a64c sp=0x000000d635df4280
Event: 20.976 Thread 0x00000208f5771350 DEOPT UNPACKING pc=0x00000208e07969a3 sp=0x000000d635df4258 mode 2
Event: 21.164 Thread 0x00000208f5771350 Uncommon trap: trap_request=0xffffff45 fr.pc=0x00000208e0d864f0 relative=0x0000000000002b10
Event: 21.164 Thread 0x00000208f5771350 Uncommon trap: reason=unstable_if action=reinterpret pc=0x00000208e0d864f0 method=org.jetbrains.kotlin.com.intellij.openapi.vfs.impl.ArchiveHandler.directoryEntry(Ljava/util/Map;Lorg/jetbrains/kotlin/com/intellij/openapi/diagnostic/Logger;Ljava/lang/Strin
Event: 21.164 Thread 0x00000208f5771350 DEOPT PACKING pc=0x00000208e0d864f0 sp=0x000000d635df4230
Event: 21.164 Thread 0x00000208f5771350 DEOPT UNPACKING pc=0x00000208e07969a3 sp=0x000000d635df4208 mode 2
Event: 21.234 Thread 0x00000208f5771350 Uncommon trap: trap_request=0xffffff45 fr.pc=0x00000208e0d3d3bc relative=0x000000000000083c
Event: 21.234 Thread 0x00000208f5771350 Uncommon trap: reason=unstable_if action=reinterpret pc=0x00000208e0d3d3bc method=org.jetbrains.kotlin.com.intellij.openapi.vfs.impl.ZipEntryMap.isTheOne(Lorg/jetbrains/kotlin/com/intellij/openapi/vfs/impl/ArchiveHandler$EntryInfo;Ljava/lang/CharSequence;
Event: 21.234 Thread 0x00000208f5771350 DEOPT PACKING pc=0x00000208e0d3d3bc sp=0x000000d635df41a0
Event: 21.234 Thread 0x00000208f5771350 DEOPT UNPACKING pc=0x00000208e07969a3 sp=0x000000d635df40f8 mode 2
Event: 21.234 Thread 0x00000208f5771350 Uncommon trap: trap_request=0xffffff45 fr.pc=0x00000208e100deec relative=0x000000000000096c
Event: 21.234 Thread 0x00000208f5771350 Uncommon trap: reason=unstable_if action=reinterpret pc=0x00000208e100deec method=org.jetbrains.kotlin.com.intellij.openapi.vfs.impl.ZipEntryMap.isTheOne(Lorg/jetbrains/kotlin/com/intellij/openapi/vfs/impl/ArchiveHandler$EntryInfo;Ljava/lang/CharSequence;
Event: 21.234 Thread 0x00000208f5771350 DEOPT PACKING pc=0x00000208e100deec sp=0x000000d635df4150
Event: 21.234 Thread 0x00000208f5771350 DEOPT UNPACKING pc=0x00000208e07969a3 sp=0x000000d635df40d8 mode 2
Event: 21.239 Thread 0x00000208f5771350 Uncommon trap: trap_request=0xffffff45 fr.pc=0x00000208e1009458 relative=0x0000000000000478
Event: 21.239 Thread 0x00000208f5771350 Uncommon trap: reason=unstable_if action=reinterpret pc=0x00000208e1009458 method=org.jetbrains.kotlin.com.intellij.openapi.vfs.impl.ZipEntryMap.isTheOne(Lorg/jetbrains/kotlin/com/intellij/openapi/vfs/impl/ArchiveHandler$EntryInfo;Ljava/lang/CharSequence;
Event: 21.239 Thread 0x00000208f5771350 DEOPT PACKING pc=0x00000208e1009458 sp=0x000000d635df4140
Event: 21.239 Thread 0x00000208f5771350 DEOPT UNPACKING pc=0x00000208e07969a3 sp=0x000000d635df4100 mode 2

Classes unloaded (0 events):
No events

Classes redefined (0 events):
No events

Internal exceptions (20 events):
Event: 16.780 Thread 0x00000208f5771350 Exception <a 'java/lang/NoSuchMethodError'{0x0000000086d15198}: 'void java.lang.invoke.DirectMethodHandle$Holder.invokeStatic(java.lang.Object, java.lang.Object, java.lang.Object, int, java.lang.Object)'> (0x0000000086d15198) 
thrown [s\src\hotspot\share\interpreter\linkResolver.cpp, line 771]
Event: 18.492 Thread 0x00000208f5771350 Exception <a 'java/lang/IncompatibleClassChangeError'{0x0000000088bcd7b0}: Found class java.lang.Object, but interface was expected> (0x0000000088bcd7b0) 
thrown [s\src\hotspot\share\interpreter\linkResolver.cpp, line 838]
Event: 18.514 Thread 0x00000208f5771350 Exception <a 'java/lang/NoSuchMethodError'{0x0000000088aadf30}: 'void java.lang.invoke.DirectMethodHandle$Holder.invokeVirtual(java.lang.Object, java.lang.Object)'> (0x0000000088aadf30) 
thrown [s\src\hotspot\share\interpreter\linkResolver.cpp, line 771]
Event: 18.567 Thread 0x00000208f5771350 Exception <a 'java/lang/NoSuchMethodError'{0x0000000088889968}: 'java.lang.Object java.lang.invoke.DirectMethodHandle$Holder.invokeStaticInit(java.lang.Object, int)'> (0x0000000088889968) 
thrown [s\src\hotspot\share\interpreter\linkResolver.cpp, line 771]
Event: 19.228 Thread 0x00000208f5771350 Implicit null exception at 0x00000208e0d28bf2 to 0x00000208e0d291c8
Event: 19.373 Thread 0x00000208f5771350 Implicit null exception at 0x00000208e0d361f2 to 0x00000208e0d367d8
Event: 19.576 Thread 0x00000208f5771350 Exception <a 'sun/nio/fs/WindowsException'{0x0000000087bcddc0}> (0x0000000087bcddc0) 
thrown [s\src\hotspot\share\prims\jni.cpp, line 531]
Event: 19.576 Thread 0x00000208f5771350 Exception <a 'sun/nio/fs/WindowsException'{0x0000000087bcfb78}> (0x0000000087bcfb78) 
thrown [s\src\hotspot\share\prims\jni.cpp, line 531]
Event: 19.763 Thread 0x00000208f5771350 Exception <a 'java/lang/NoSuchMethodError'{0x000000008708ea20}: 'long java.lang.invoke.DirectMethodHandle$Holder.invokeStatic(java.lang.Object)'> (0x000000008708ea20) 
thrown [s\src\hotspot\share\interpreter\linkResolver.cpp, line 771]
Event: 19.764 Thread 0x00000208f5771350 Exception <a 'java/lang/NoSuchMethodError'{0x00000000870938b0}: 'long java.lang.invoke.DirectMethodHandle$Holder.invokeStaticInit(java.lang.Object)'> (0x00000000870938b0) 
thrown [s\src\hotspot\share\interpreter\linkResolver.cpp, line 771]
Event: 19.862 Thread 0x00000208f5771350 Exception <a 'java/lang/NoSuchMethodError'{0x00000000892f23f0}: 'long java.lang.invoke.Invokers$Holder.invoke_MT(java.lang.Object, java.lang.Object, java.lang.Object, java.lang.Object)'> (0x00000000892f23f0) 
thrown [s\src\hotspot\share\interpreter\linkResolver.cpp, line 771]
Event: 19.863 Thread 0x00000208f5771350 Exception <a 'java/lang/NoSuchMethodError'{0x00000000892fba40}: 'int java.lang.invoke.Invokers$Holder.invoke_MT(java.lang.Object, java.lang.Object, java.lang.Object, java.lang.Object)'> (0x00000000892fba40) 
thrown [s\src\hotspot\share\interpreter\linkResolver.cpp, line 771]
Event: 19.865 Thread 0x00000208f5771350 Exception <a 'java/lang/NoSuchMethodError'{0x000000008910cb50}: 'void java.lang.invoke.DelegatingMethodHandle$Holder.reinvoke_L(java.lang.Object, java.lang.Object, java.lang.Object, long, java.lang.Object)'> (0x000000008910cb50) 
thrown [s\src\hotspot\share\interpreter\linkResolver.cpp, line 771]
Event: 19.868 Thread 0x00000208f5771350 Exception <a 'java/lang/NoSuchMethodError'{0x0000000089115728}: 'java.lang.Object java.lang.invoke.DirectMethodHandle$Holder.invokeSpecial(java.lang.Object, java.lang.Object, java.lang.Object, java.lang.Object, long)'> (0x0000000089115728) 
thrown [s\src\hotspot\share\interpreter\linkResolver.cpp, line 771]
Event: 19.870 Thread 0x00000208f5771350 Exception <a 'java/lang/NoSuchMethodError'{0x00000000891261a0}: 'int java.lang.invoke.DelegatingMethodHandle$Holder.reinvoke_L(java.lang.Object, java.lang.Object, java.lang.Object, long, java.lang.Object, java.lang.Object)'> (0x00000000891261a0) 
thrown [s\src\hotspot\share\interpreter\linkResolver.cpp, line 771]
Event: 19.871 Thread 0x00000208f5771350 Exception <a 'java/lang/NoSuchMethodError'{0x0000000089136518}: 'int java.lang.invoke.DelegatingMethodHandle$Holder.reinvoke_L(java.lang.Object, java.lang.Object, java.lang.Object, long, int, int)'> (0x0000000089136518) 
thrown [s\src\hotspot\share\interpreter\linkResolver.cpp, line 771]
Event: 19.873 Thread 0x00000208f5771350 Exception <a 'java/lang/NoSuchMethodError'{0x0000000089146638}: 'int java.lang.invoke.DelegatingMethodHandle$Holder.reinvoke_L(java.lang.Object, java.lang.Object, java.lang.Object, long, long, long)'> (0x0000000089146638) 
thrown [s\src\hotspot\share\interpreter\linkResolver.cpp, line 771]
Event: 19.874 Thread 0x00000208f5771350 Exception <a 'java/lang/NoSuchMethodError'{0x0000000089156438}: 'int java.lang.invoke.DelegatingMethodHandle$Holder.reinvoke_L(java.lang.Object, java.lang.Object, java.lang.Object, long, int)'> (0x0000000089156438) 
thrown [s\src\hotspot\share\interpreter\linkResolver.cpp, line 771]
Event: 20.770 Thread 0x00000208f5771350 Exception <a 'java/lang/NoSuchMethodError'{0x000000008944b968}: 'java.lang.Object java.lang.invoke.Invokers$Holder.invokeExact_MT(java.lang.Object, java.lang.Object, long, java.lang.Object)'> (0x000000008944b968) 
thrown [s\src\hotspot\share\interpreter\linkResolver.cpp, line 771]
Event: 20.815 Thread 0x00000208f5771350 Exception <a 'java/lang/NoSuchMethodError'{0x00000000892d45d0}: 'java.lang.Object java.lang.invoke.Invokers$Holder.invoke_MT(java.lang.Object, java.lang.Object, java.lang.Object)'> (0x00000000892d45d0) 
thrown [s\src\hotspot\share\interpreter\linkResolver.cpp, line 771]

VM Operations (20 events):
Event: 19.812 Executing VM operation: G1CollectForAllocation done
Event: 19.926 Executing VM operation: G1PauseRemark
Event: 19.932 Executing VM operation: G1PauseRemark done
Event: 19.995 Executing VM operation: G1PauseCleanup
Event: 19.996 Executing VM operation: G1PauseCleanup done
Event: 20.646 Executing VM operation: HandshakeAllThreads
Event: 20.646 Executing VM operation: HandshakeAllThreads done
Event: 20.670 Executing VM operation: G1CollectForAllocation
Event: 20.676 Executing VM operation: G1CollectForAllocation done
Event: 20.758 Executing VM operation: G1CollectForAllocation
Event: 20.762 Executing VM operation: G1CollectForAllocation done
Event: 20.841 Executing VM operation: G1TryInitiateConcMark
Event: 20.844 Executing VM operation: G1TryInitiateConcMark done
Event: 20.956 Executing VM operation: G1PauseRemark
Event: 20.961 Executing VM operation: G1PauseRemark done
Event: 21.019 Executing VM operation: G1PauseCleanup
Event: 21.019 Executing VM operation: G1PauseCleanup done
Event: 21.275 Executing VM operation: G1CollectForAllocation
Event: 21.299 Executing VM operation: G1CollectForAllocation done
Event: 21.320 Executing VM operation: G1CollectForAllocation

Events (20 events):
Event: 20.800 loading class jdk/internal/jrtfs/JrtFileSystemProvider$JrtFsLoader
Event: 20.800 loading class jdk/internal/jrtfs/JrtFileSystemProvider$JrtFsLoader done
Event: 20.807 loading class java/io/IOError
Event: 20.808 loading class java/io/IOError done
Event: 20.814 loading class java/nio/channels/FileChannel$MapMode
Event: 20.814 loading class java/nio/channels/FileChannel$MapMode done
Event: 20.814 loading class jdk/internal/misc/ExtendedMapMode
Event: 20.814 loading class jdk/internal/misc/ExtendedMapMode done
Event: 20.815 loading class sun/nio/ch/FileChannelImpl$DefaultUnmapper
Event: 20.816 loading class sun/nio/ch/FileChannelImpl$Unmapper
Event: 20.816 loading class jdk/internal/access/foreign/UnmapperProxy
Event: 20.816 loading class jdk/internal/access/foreign/UnmapperProxy done
Event: 20.816 loading class sun/nio/ch/FileChannelImpl$Unmapper done
Event: 20.816 loading class sun/nio/ch/FileChannelImpl$DefaultUnmapper done
Event: 20.816 loading class sun/nio/ch/Util$4
Event: 20.816 loading class sun/nio/ch/Util$4 done
Event: 20.816 loading class jdk/internal/access/foreign/MemorySegmentProxy
Event: 20.816 loading class jdk/internal/access/foreign/MemorySegmentProxy done
Event: 20.817 loading class java/io/UTFDataFormatException
Event: 20.818 loading class java/io/UTFDataFormatException done


Dynamic libraries:
0x00007ff6cb310000 - 0x00007ff6cb31a000 	C:\Program Files\Android\Android Studio\jbr\bin\java.exe
0x00007fffd4530000 - 0x00007fffd4728000 	C:\Windows\SYSTEM32\ntdll.dll
0x00007fffd2ca0000 - 0x00007fffd2d61000 	C:\Windows\System32\KERNEL32.DLL
0x00007fffd1be0000 - 0x00007fffd1edd000 	C:\Windows\System32\KERNELBASE.dll
0x00007fffd1ee0000 - 0x00007fffd1fe0000 	C:\Windows\System32\ucrtbase.dll
0x00007fffbc130000 - 0x00007fffbc14b000 	C:\Program Files\Android\Android Studio\jbr\bin\VCRUNTIME140.dll
0x00007fffc8f90000 - 0x00007fffc8fa7000 	C:\Program Files\Android\Android Studio\jbr\bin\jli.dll
0x00007fffd41f0000 - 0x00007fffd438d000 	C:\Windows\System32\USER32.dll
0x00007fffd1fe0000 - 0x00007fffd2002000 	C:\Windows\System32\win32u.dll
0x00007fffd2580000 - 0x00007fffd25ab000 	C:\Windows\System32\GDI32.dll
0x00007fffd2010000 - 0x00007fffd2127000 	C:\Windows\System32\gdi32full.dll
0x00007fffd2390000 - 0x00007fffd242d000 	C:\Windows\System32\msvcp_win.dll
0x00007fffc62b0000 - 0x00007fffc654a000 	C:\Windows\WinSxS\amd64_microsoft.windows.common-controls_6595b64144ccf1df_6.0.19041.4355_none_60b8b9eb71f62e16\COMCTL32.dll
0x00007fffd2d70000 - 0x00007fffd2e0e000 	C:\Windows\System32\msvcrt.dll
0x00007fffd2750000 - 0x00007fffd277f000 	C:\Windows\System32\IMM32.DLL
0x00007fffcc230000 - 0x00007fffcc23c000 	C:\Program Files\Android\Android Studio\jbr\bin\vcruntime140_1.dll
0x00007fffb19e0000 - 0x00007fffb1a6d000 	C:\Program Files\Android\Android Studio\jbr\bin\msvcp140.dll
0x00007fff919c0000 - 0x00007fff92643000 	C:\Program Files\Android\Android Studio\jbr\bin\server\jvm.dll
0x00007fffd2780000 - 0x00007fffd2830000 	C:\Windows\System32\ADVAPI32.dll
0x00007fffd2e10000 - 0x00007fffd2eb0000 	C:\Windows\System32\sechost.dll
0x00007fffd2620000 - 0x00007fffd2743000 	C:\Windows\System32\RPCRT4.dll
0x00007fffd24c0000 - 0x00007fffd24e7000 	C:\Windows\System32\bcrypt.dll
0x00007fffd1510000 - 0x00007fffd155b000 	C:\Windows\SYSTEM32\POWRPROF.dll
0x00007fffc1aa0000 - 0x00007fffc1aaa000 	C:\Windows\SYSTEM32\VERSION.dll
0x00007fffcc1d0000 - 0x00007fffcc1f7000 	C:\Windows\SYSTEM32\WINMM.dll
0x00007fffcc510000 - 0x00007fffcc519000 	C:\Windows\SYSTEM32\WSOCK32.dll
0x00007fffd4480000 - 0x00007fffd44eb000 	C:\Windows\System32\ws2_32.DLL
0x00007fffd14c0000 - 0x00007fffd14d2000 	C:\Windows\SYSTEM32\UMPDC.dll
0x00007fffcfa20000 - 0x00007fffcfa32000 	C:\Windows\SYSTEM32\kernel.appcore.dll
0x00007fffcabd0000 - 0x00007fffcabda000 	C:\Program Files\Android\Android Studio\jbr\bin\jimage.dll
0x00007fffba3f0000 - 0x00007fffba5d4000 	C:\Windows\SYSTEM32\DBGHELP.DLL
0x00007fffba3b0000 - 0x00007fffba3e4000 	C:\Windows\SYSTEM32\dbgcore.DLL
0x00007fffd2430000 - 0x00007fffd24b2000 	C:\Windows\System32\bcryptPrimitives.dll
0x00007fffc8fb0000 - 0x00007fffc8fbe000 	C:\Program Files\Android\Android Studio\jbr\bin\instrument.dll
0x00007fffbc100000 - 0x00007fffbc125000 	C:\Program Files\Android\Android Studio\jbr\bin\java.dll
0x00007fffbc0e0000 - 0x00007fffbc0f8000 	C:\Program Files\Android\Android Studio\jbr\bin\zip.dll
0x00007fffd3790000 - 0x00007fffd3eff000 	C:\Windows\System32\SHELL32.dll
0x00007fffcfc20000 - 0x00007fffd03c3000 	C:\Windows\SYSTEM32\windows.storage.dll
0x00007fffd2eb0000 - 0x00007fffd3203000 	C:\Windows\System32\combase.dll
0x00007fffd14e0000 - 0x00007fffd150e000 	C:\Windows\SYSTEM32\Wldp.dll
0x00007fffd3470000 - 0x00007fffd353d000 	C:\Windows\System32\OLEAUT32.dll
0x00007fffd3210000 - 0x00007fffd32bd000 	C:\Windows\System32\SHCORE.dll
0x00007fffd3550000 - 0x00007fffd35a5000 	C:\Windows\System32\shlwapi.dll
0x00007fffd1b10000 - 0x00007fffd1b34000 	C:\Windows\SYSTEM32\profapi.dll
0x00007fffbc0c0000 - 0x00007fffbc0d9000 	C:\Program Files\Android\Android Studio\jbr\bin\net.dll
0x00007fffc9ab0000 - 0x00007fffc9bbd000 	C:\Windows\SYSTEM32\WINHTTP.dll
0x00007fffd12a0000 - 0x00007fffd130a000 	C:\Windows\system32\mswsock.dll
0x00007fffbc0a0000 - 0x00007fffbc0b6000 	C:\Program Files\Android\Android Studio\jbr\bin\nio.dll
0x00007fffca4e0000 - 0x00007fffca4f0000 	C:\Program Files\Android\Android Studio\jbr\bin\verify.dll
0x00007fffca510000 - 0x00007fffca537000 	C:\Users\Com\Downloads\gradle-8.10-bin\gradle-8.10\native\c067742578af261105cb4f569cf0c3c89f3d7b1fecec35dd04571415982c5e48\windows-amd64\native-platform.dll
0x00007fff92790000 - 0x00007fff928d4000 	C:\Users\Com\Downloads\gradle-8.10-bin\gradle-8.10\native\38dada09dfb8b06ba9b0570ebf7e218e3eb74d4ef43ca46872605cf95ebc2f47\windows-amd64\native-platform-file-events.dll
0x00007fffcc530000 - 0x00007fffcc539000 	C:\Program Files\Android\Android Studio\jbr\bin\management.dll
0x00007fffcc520000 - 0x00007fffcc52b000 	C:\Program Files\Android\Android Studio\jbr\bin\management_ext.dll
0x00007fffd25b0000 - 0x00007fffd25b8000 	C:\Windows\System32\PSAPI.DLL
0x00007fffd1880000 - 0x00007fffd1898000 	C:\Windows\SYSTEM32\CRYPTSP.dll
0x00007fffd0b80000 - 0x00007fffd0bb4000 	C:\Windows\system32\rsaenh.dll
0x00007fffd1a90000 - 0x00007fffd1abe000 	C:\Windows\SYSTEM32\USERENV.dll
0x00007fffd1430000 - 0x00007fffd143c000 	C:\Windows\SYSTEM32\CRYPTBASE.dll
0x00007fffd0f40000 - 0x00007fffd0f7b000 	C:\Windows\SYSTEM32\IPHLPAPI.DLL
0x00007fffd3f00000 - 0x00007fffd3f08000 	C:\Windows\System32\NSI.dll
0x00007fffcb7e0000 - 0x00007fffcb7f7000 	C:\Windows\SYSTEM32\dhcpcsvc6.DLL
0x00007fffcb350000 - 0x00007fffcb36d000 	C:\Windows\SYSTEM32\dhcpcsvc.DLL
0x00007fffd0f80000 - 0x00007fffd104a000 	C:\Windows\SYSTEM32\DNSAPI.dll
0x00007fffcc540000 - 0x00007fffcc549000 	C:\Program Files\Android\Android Studio\jbr\bin\extnet.dll
0x00007fffc6ad0000 - 0x00007fffc6ad7000 	C:\Windows\system32\wshunix.dll

dbghelp: loaded successfully - version: 4.0.5 - missing functions: none
symbol engine: initialized successfully - sym options: 0x614 - pdb path: .;C:\Program Files\Android\Android Studio\jbr\bin;C:\Windows\SYSTEM32;C:\Windows\WinSxS\amd64_microsoft.windows.common-controls_6595b64144ccf1df_6.0.19041.4355_none_60b8b9eb71f62e16;C:\Program Files\Android\Android Studio\jbr\bin\server;C:\Users\Com\Downloads\gradle-8.10-bin\gradle-8.10\native\c067742578af261105cb4f569cf0c3c89f3d7b1fecec35dd04571415982c5e48\windows-amd64;C:\Users\Com\Downloads\gradle-8.10-bin\gradle-8.10\native\38dada09dfb8b06ba9b0570ebf7e218e3eb74d4ef43ca46872605cf95ebc2f47\windows-amd64

VM Arguments:
jvm_args: --add-opens=java.base/java.util=ALL-UNNAMED --add-opens=java.base/java.lang=ALL-UNNAMED --add-opens=java.base/java.lang.invoke=ALL-UNNAMED --add-opens=java.prefs/java.util.prefs=ALL-UNNAMED --add-opens=java.base/java.nio.charset=ALL-UNNAMED --add-opens=java.base/java.net=ALL-UNNAMED --add-opens=java.base/java.util.concurrent.atomic=ALL-UNNAMED -Xmx2048m -Dfile.encoding=UTF-8 -Duser.country=US -Duser.language=en -Duser.variant -javaagent:C:\Users\Com\Downloads\gradle-8.10-bin\gradle-8.10\wrapper\dists\gradle-8.7-bin\bhs2wmbdwecv87pi65oeuq5iu\gradle-8.7\lib\agents\gradle-instrumentation-agent-8.7.jar 
java_command: org.gradle.launcher.daemon.bootstrap.GradleDaemon 8.7
java_class_path (initial): C:\Users\Com\Downloads\gradle-8.10-bin\gradle-8.10\wrapper\dists\gradle-8.7-bin\bhs2wmbdwecv87pi65oeuq5iu\gradle-8.7\lib\gradle-launcher-8.7.jar
Launcher Type: SUN_STANDARD

[Global flags]
     intx CICompilerCount                          = 3                                         {product} {ergonomic}
     uint ConcGCThreads                            = 1                                         {product} {ergonomic}
     uint G1ConcRefinementThreads                  = 4                                         {product} {ergonomic}
   size_t G1HeapRegionSize                         = 1048576                                   {product} {ergonomic}
    uintx GCDrainStackTargetSize                   = 64                                        {product} {ergonomic}
   size_t InitialHeapSize                          = 67108864                                  {product} {ergonomic}
   size_t MarkStackSize                            = 4194304                                   {product} {ergonomic}
   size_t MaxHeapSize                              = 2147483648                                {product} {command line}
   size_t MaxNewSize                               = 1287651328                                {product} {ergonomic}
   size_t MinHeapDeltaBytes                        = 1048576                                   {product} {ergonomic}
   size_t MinHeapSize                              = 8388608                                   {product} {ergonomic}
    uintx NonNMethodCodeHeapSize                   = 5832780                                {pd product} {ergonomic}
    uintx NonProfiledCodeHeapSize                  = 122912730                              {pd product} {ergonomic}
    uintx ProfiledCodeHeapSize                     = 122912730                              {pd product} {ergonomic}
    uintx ReservedCodeCacheSize                    = 251658240                              {pd product} {ergonomic}
     bool SegmentedCodeCache                       = true                                      {product} {ergonomic}
   size_t SoftMaxHeapSize                          = 2147483648                             {manageable} {ergonomic}
     bool UseCompressedClassPointers               = true                           {product lp64_product} {ergonomic}
     bool UseCompressedOops                        = true                           {product lp64_product} {ergonomic}
     bool UseG1GC                                  = true                                      {product} {ergonomic}
     bool UseLargePagesIndividualAllocation        = false                                  {pd product} {ergonomic}

Logging:
Log output configuration:
 #0: stdout all=warning uptime,level,tags
 #1: stderr all=off uptime,level,tags

Environment Variables:
PATH=C:\Program Files\Common Files\Oracle\Java\javapath;C:\Windows\system32;C:\Windows;C:\Windows\System32\Wbem;C:\Windows\System32\WindowsPowerShell\v1.0\;C:\Windows\System32\OpenSSH\;C:\Program Files\Git\cmd;C:\Users\Com\AppData\Local\Microsoft\WindowsApps;C:\Users\Com\AppData\Local\Programs\Microsoft VS Code\bin;C:\Program Files\JetBrains\IntelliJ IDEA 2024.1.4\bin;
USERNAME=Com
OS=Windows_NT
PROCESSOR_IDENTIFIER=Intel64 Family 6 Model 60 Stepping 3, GenuineIntel
TMP=C:\Users\Com\AppData\Local\Temp
TEMP=C:\Users\Com\AppData\Local\Temp



Periodic native trim disabled

JNI global refs:
JNI global refs: 26, weak refs: 7

JNI global refs memory usage: 843, weak refs: 841

Process memory usage:
Resident Set Size: 343328K (8% of 4105324K total physical memory with 318184K free physical memory)

OOME stack traces (most recent first):
Classloader memory used:
Loader org.gradle.internal.classloader.VisitableURLClassLoader                         : 5994K
Loader bootstrap                                                                       : 2525K
Loader org.gradle.initialization.MixInLegacyTypesClassLoader                           : 1118K
Loader org.gradle.internal.classloader.VisitableURLClassLoader                         : 116K
Loader org.gradle.internal.classloader.VisitableURLClassLoader$InstrumentingVisitableURLClassLoader: 90830B
Loader jdk.internal.loader.ClassLoaders$PlatformClassLoader                            : 65863B
Loader jdk.internal.reflect.DelegatingClassLoader                                      : 36401B
Loader jdk.internal.loader.ClassLoaders$AppClassLoader                                 : 28721B
Loader jdk.internal.jrtfs.JrtFileSystemProvider$JrtFsLoader                            : 26773B
Loader org.gradle.groovy.scripts.internal.DefaultScriptCompilationHandler$ScriptClassLoader: 10702B
Loader org.codehaus.groovy.runtime.callsite.CallSiteClassLoader                        : 5853B

Classes loaded by more than one classloader:
Class org.gradle.internal.Cast                                                        : loaded 3 times (x 69B)
Class Program                                                                         : loaded 3 times (x 70B)
Class org.gradle.api.GradleException                                                  : loaded 3 times (x 80B)
Class org.gradle.internal.classpath.ClassPath                                         : loaded 2 times (x 68B)
Class org.gradle.api.internal.classpath.DefaultModuleRegistry                         : loaded 2 times (x 84B)
Class org.gradle.internal.exceptions.NonGradleCauseExceptionsHolder                   : loaded 2 times (x 68B)
Class Settings_gradle$1$1                                                             : loaded 2 times (x 72B)
Class jdk.internal.jimage.BasicImageReader$1                                          : loaded 2 times (x 75B)
Class org.gradle.api.Action                                                           : loaded 2 times (x 68B)
Class org.jetbrains.kotlin.idea.gradleTooling.model.samWithReceiver.SamWithReceiverModel: loaded 2 times (x 68B)
Class org.jetbrains.plugins.gradle.model.ExternalProject                              : loaded 2 times (x 68B)
Class org.jetbrains.plugins.gradle.model.IntelliJSettings                             : loaded 2 times (x 68B)
Class org.jetbrains.kotlin.idea.gradleTooling.KotlinMPPGradleModel                    : loaded 2 times (x 68B)
Class org.gradle.api.internal.DefaultClassPathProvider                                : loaded 2 times (x 74B)
Class org.gradle.internal.installation.GradleInstallation$1                           : loaded 2 times (x 73B)
Class jdk.internal.jrtfs.SystemImage$1                                                : loaded 2 times (x 76B)
Class jdk.internal.jrtfs.SystemImage$2                                                : loaded 2 times (x 74B)
Class org.gradle.internal.exceptions.DefaultMultiCauseException                       : loaded 2 times (x 93B)
Class org.gradle.tooling.model.UnsupportedMethodException                             : loaded 2 times (x 80B)
Class org.gradle.internal.time.MonotonicClock                                         : loaded 2 times (x 75B)
Class org.gradle.internal.classloader.FilteringClassLoader                            : loaded 2 times (x 103B)
Class jdk.internal.jimage.ImageReader$Resource                                        : loaded 2 times (x 82B)
Class jdk.internal.jrtfs.SystemImage                                                  : loaded 2 times (x 72B)
Class org.gradle.tooling.model.Model                                                  : loaded 2 times (x 68B)
Class org.gradle.internal.classpath.DefaultClassPath$ImmutableUniqueList$Builder      : loaded 2 times (x 73B)
Class org.jetbrains.kotlin.idea.gradleTooling.KotlinSourceSetContainer                : loaded 2 times (x 68B)
Class jdk.internal.jrtfs.JrtDirectoryStream$1                                         : loaded 2 times (x 81B)
Class org.gradle.internal.classloader.ClassLoaderVisitor                              : loaded 2 times (x 74B)
Class org.gradle.internal.time.DefaultCountdownTimer                                  : loaded 2 times (x 86B)
Class org.gradle.internal.service.DefaultServiceLocator                               : loaded 2 times (x 81B)
Class org.jetbrains.plugins.gradle.model.jar.JarTaskManifestConfiguration             : loaded 2 times (x 68B)
Class org.gradle.internal.service.UnknownServiceException                             : loaded 2 times (x 81B)
Class org.jetbrains.plugins.gradle.model.DependencyAccessorsModel                     : loaded 2 times (x 68B)
Class org.gradle.internal.classloader.DefaultClassLoaderFactory                       : loaded 2 times (x 80B)
Class jdk.internal.jimage.ImageReader$SharedImageReader                               : loaded 2 times (x 93B)
Class org.jetbrains.plugins.gradle.model.GradleExtensions                             : loaded 2 times (x 68B)
Class ijInit1_hlxn2fwbzuh880dv45wee00c                                                : loaded 2 times (x 177B)
Class org.jetbrains.plugins.gradle.model.VersionCatalogsModel                         : loaded 2 times (x 68B)
Class org.gradle.internal.classloader.VisitableURLClassLoader$Spec                    : loaded 2 times (x 72B)
Class org.gradle.tooling.model.ProjectModel                                           : loaded 2 times (x 68B)
Class org.jetbrains.plugins.gradle.model.MavenRepositoryModel                         : loaded 2 times (x 68B)
Class org.gradle.util.GradleVersion                                                   : loaded 2 times (x 81B)
Class org.gradle.api.internal.classpath.ModuleRegistry                                : loaded 2 times (x 68B)
Class org.jetbrains.plugins.gradle.model.RepositoriesModel                            : loaded 2 times (x 68B)
Class kotlin.jvm.internal.markers.KMappedMarker                                       : loaded 2 times (x 68B)
Class org.gradle.api.internal.ClassPathProvider                                       : loaded 2 times (x 68B)
Class org.gradle.internal.classloader.ClasspathUtil$1                                 : loaded 2 times (x 74B)
Class sync_studio_tooling1215_3es3ihz1f4ccntn4p93ysc0ps                               : loaded 2 times (x 177B)
Class org.gradle.internal.classloader.ClassLoaderFactory                              : loaded 2 times (x 68B)
Class jdk.internal.jimage.ImageHeader                                                 : loaded 2 times (x 69B)
Class org.gradle.api.internal.classpath.ManifestUtil                                  : loaded 2 times (x 69B)
Class org.gradle.api.specs.Spec                                                       : loaded 2 times (x 68B)
Class org.gradle.tooling.internal.gradle.GradleBuildIdentity                          : loaded 2 times (x 68B)
Class org.gradle.internal.IoActions                                                   : loaded 2 times (x 69B)
Class org.gradle.api.internal.classpath.EffectiveClassPath                            : loaded 2 times (x 88B)
Class kotlin.jvm.internal.DefaultConstructorMarker                                    : loaded 2 times (x 69B)
Class org.gradle.internal.exceptions.ResolutionProvider                               : loaded 2 times (x 68B)
Class org.jetbrains.kotlin.idea.gradleTooling.model.annotation.AnnotationBasedPluginModel: loaded 2 times (x 68B)
Class org.jetbrains.kotlin.idea.gradleTooling.model.assignment.AssignmentModel        : loaded 2 times (x 68B)
Class org.gradle.internal.installation.CurrentGradleInstallation                      : loaded 2 times (x 71B)
Class org.gradle.internal.agents.InstrumentingClassLoader                             : loaded 2 times (x 68B)
Class org.gradle.internal.installation.CurrentGradleInstallationLocator               : loaded 2 times (x 69B)
Class org.gradle.api.internal.classpath.Module                                        : loaded 2 times (x 68B)
Class org.gradle.internal.service.CachingServiceLocator                               : loaded 2 times (x 80B)
Class org.gradle.internal.time.Timer                                                  : loaded 2 times (x 68B)
Class org.jetbrains.plugins.gradle.model.tests.ExternalTestsModel                     : loaded 2 times (x 68B)
Class org.jetbrains.kotlin.idea.gradleTooling.KotlinDslScriptAdditionalTask           : loaded 2 times (x 68B)
Class org.gradle.internal.classpath.DefaultClassPath                                  : loaded 2 times (x 88B)
Class jdk.internal.jimage.BasicImageReader                                            : loaded 2 times (x 93B)
Class com.intellij.openapi.externalSystem.model.project.dependencies.ProjectDependencies: loaded 2 times (x 68B)
Class org.jetbrains.kotlin.idea.gradleTooling.PrepareKotlinIdeImportTaskModel         : loaded 2 times (x 68B)
Class org.gradle.internal.impldep.com.google.common.base.Preconditions                : loaded 2 times (x 69B)
Class kotlin.jvm.functions.Function1                                                  : loaded 2 times (x 68B)
Class jdk.internal.jimage.ImageReader$Node                                            : loaded 2 times (x 82B)
Class org.gradle.internal.time.Time                                                   : loaded 2 times (x 69B)
Class org.gradle.internal.time.TimeSource$1                                           : loaded 2 times (x 75B)
Class jdk.internal.jrtfs.JrtPath                                                      : loaded 2 times (x 116B)
Class jdk.internal.jimage.ImageStrings                                                : loaded 2 times (x 68B)
Class org.gradle.internal.classloader.SystemClassLoaderSpec                           : loaded 2 times (x 69B)
Class kotlin.Function                                                                 : loaded 2 times (x 68B)
Class org.gradle.api.UncheckedIOException                                             : loaded 2 times (x 80B)
Class org.gradle.tooling.internal.gradle.DefaultProjectIdentifier                     : loaded 2 times (x 84B)
Class jdk.internal.jimage.decompressor.Decompressor                                   : loaded 2 times (x 70B)
Class jdk.internal.jrtfs.JrtFileSystem                                                : loaded 2 times (x 100B)
Class org.gradle.tooling.internal.gradle.GradleProjectIdentity                        : loaded 2 times (x 68B)
Class jdk.internal.jrtfs.JrtFileSystemProvider                                        : loaded 2 times (x 97B)
Class org.gradle.internal.time.CountdownTimer                                         : loaded 2 times (x 68B)
Class org.gradle.internal.time.Clock                                                  : loaded 2 times (x 68B)
Class org.gradle.internal.classloader.ClasspathUtil                                   : loaded 2 times (x 69B)
Class jdk.internal.jrtfs.JrtDirectoryStream                                           : loaded 2 times (x 87B)
Class org.gradle.tooling.model.BuildIdentifier                                        : loaded 2 times (x 68B)
Class org.gradle.api.internal.DefaultClassPathRegistry                                : loaded 2 times (x 74B)
Class org.gradle.api.internal.classpath.DefaultModuleRegistry$DefaultModule           : loaded 2 times (x 84B)
Class org.gradle.internal.time.TimeSource                                             : loaded 2 times (x 68B)
Class org.jetbrains.kotlin.android.synthetic.idea.AndroidExtensionsGradleModel        : loaded 2 times (x 68B)
Class org.gradle.api.internal.classpath.UnknownModuleException                        : loaded 2 times (x 80B)
Class org.jetbrains.plugins.gradle.model.IntelliJProjectSettings                      : loaded 2 times (x 68B)
Class org.gradle.internal.service.ServiceLookupException                              : loaded 2 times (x 80B)
Class jdk.internal.jimage.ImageStringsReader                                          : loaded 2 times (x 78B)
Class org.gradle.cache.GlobalCache                                                    : loaded 2 times (x 68B)
Class org.jetbrains.kotlin.idea.gradleTooling.model.lombok.LombokModel                : loaded 2 times (x 68B)
Class org.gradle.tooling.model.ProjectIdentifier                                      : loaded 2 times (x 68B)
Class [Lorg.gradle.api.internal.ClassPathProvider;                                    : loaded 2 times (x 67B)
Class org.gradle.internal.operations.MultipleBuildOperationFailures                   : loaded 2 times (x 93B)
Class org.gradle.util.internal.GUtil                                                  : loaded 2 times (x 69B)
Class org.jetbrains.plugins.gradle.model.AnnotationProcessingModel                    : loaded 2 times (x 68B)
Class org.gradle.internal.classloader.ClassLoaderSpec                                 : loaded 2 times (x 69B)
Class sync_studio_tooling1215_3es3ihz1f4ccntn4p93ysc0ps$_run_closure1                 : loaded 2 times (x 137B)
Class org.gradle.internal.classloader.VisitableURLClassLoader                         : loaded 2 times (x 115B)
Class org.gradle.internal.installation.GradleInstallation                             : loaded 2 times (x 73B)
Class org.gradle.api.internal.ClassPathRegistry                                       : loaded 2 times (x 68B)
Class org.gradle.internal.classloader.VisitableURLClassLoader$InstrumentingVisitableURLClassLoader: loaded 2 times (x 121B)
Class org.gradle.internal.classloader.ClassLoaderHierarchy                            : loaded 2 times (x 68B)
Class org.gradle.internal.exceptions.MultiCauseException                              : loaded 2 times (x 68B)
Class jdk.internal.jimage.ImageReader                                                 : loaded 2 times (x 73B)
Class org.jetbrains.kotlin.idea.gradleTooling.model.parcelize.ParcelizeGradleModel    : loaded 2 times (x 68B)
Class org.gradle.internal.InternalTransformer                                         : loaded 2 times (x 68B)
Class org.jetbrains.kotlin.idea.gradleTooling.model.noarg.NoArgModel                  : loaded 2 times (x 68B)
Class org.jetbrains.kotlin.idea.gradleTooling.KotlinGradleModel                       : loaded 2 times (x 68B)
Class org.gradle.tooling.internal.gradle.DefaultBuildIdentifier                       : loaded 2 times (x 77B)
Class org.gradle.internal.service.ServiceLocator                                      : loaded 2 times (x 68B)
Class Settings_gradle$1                                                               : loaded 2 times (x 72B)
Class org.jetbrains.kotlin.idea.gradleTooling.model.allopen.AllOpenModel              : loaded 2 times (x 68B)
Class org.gradle.internal.classpath.DefaultClassPath$ImmutableUniqueList              : loaded 2 times (x 159B)
Class org.gradle.internal.time.DefaultTimer                                           : loaded 2 times (x 78B)
Class org.gradle.internal.classpath.TransformedClassPath                              : loaded 2 times (x 94B)
Class Settings_gradle                                                                 : loaded 2 times (x 126B)
Class jdk.internal.jimage.ImageReader$Directory                                       : loaded 2 times (x 82B)


---------------  S Y S T E M  ---------------

OS:
 Windows 10 , 64 bit Build 19041 (10.0.19041.4842)
OS uptime: 2 days 23:15 hours
Hyper-V role detected

CPU: total 4 (initial active 4) (2 cores per cpu, 2 threads per core) family 6 model 60 stepping 3 microcode 0x27, cx8, cmov, fxsr, ht, mmx, sse, sse2, sse3, ssse3, sse4.1, sse4.2, popcnt, lzcnt, tsc, tscinvbit, avx, avx2, aes, erms, clmul, bmi1, bmi2, fma, vzeroupper, clflush, hv
Processor Information for all 4 processors :
  Max Mhz: 2601, Current Mhz: 2600, Mhz Limit: 2574

Memory: 4k page, system-wide physical 4009M (310M free)
TotalPageFile size 12686M (AvailPageFile size 40M)
current process WorkingSet (physical memory assigned to process): 335M, peak: 335M
current process commit charge ("private bytes"): 391M, peak: 486M

vm_info: OpenJDK 64-Bit Server VM (17.0.11+0--11852314) for windows-amd64 JRE (17.0.11+0--11852314), built on May 16 2024 21:29:20 by "androidbuild" with MS VC++ 16.10 / 16.11 (VS2019)

END.
